[0.009s] Invoking command in '/home/amraj/Subbots/software-start-here/src/build/challenge': CMAKE_PREFIX_PATH=/opt/ros/foxy /usr/bin/cmake --build /home/amraj/Subbots/software-start-here/src/build/challenge -- -j8 -l8
[0.025s] -- Found ament_cmake: 0.9.11 (/opt/ros/foxy/share/ament_cmake/cmake)
[0.039s] -- Using PYTHON_EXECUTABLE: /usr/bin/python3
[0.152s] -- Found turtlesim: 1.2.6 (/opt/ros/foxy/share/turtlesim/cmake)
[0.172s] -- Using all available rosidl_typesupport_c: rosidl_typesupport_fastrtps_c;rosidl_typesupport_introspection_c
[0.177s] -- Found rosidl_adapter: 1.3.0 (/opt/ros/foxy/share/rosidl_adapter/cmake)
[0.225s] -- Found OpenSSL: /usr/lib/x86_64-linux-gnu/libcrypto.so (found version "1.1.1f")  
[0.245s] -- Found FastRTPS: /opt/ros/foxy/include  
[0.297s] -- Using all available rosidl_typesupport_cpp: rosidl_typesupport_fastrtps_cpp;rosidl_typesupport_introspection_cpp
[0.380s] -- Found geometry_msgs: 2.0.5 (/opt/ros/foxy/share/geometry_msgs/cmake)
[0.415s] -- Found rclcpp_action: 2.4.2 (/opt/ros/foxy/share/rclcpp_action/cmake)
[0.450s] -- Found rmw_implementation_cmake: 1.0.3 (/opt/ros/foxy/share/rmw_implementation_cmake/cmake)
[0.451s] -- Using RMW implementation 'rmw_fastrtps_cpp' as default
[0.452s] -- Looking for pthread.h
[0.523s] -- Looking for pthread.h - found
[0.524s] -- Performing Test CMAKE_HAVE_LIBC_PTHREAD
[0.576s] -- Performing Test CMAKE_HAVE_LIBC_PTHREAD - Failed
[0.576s] -- Looking for pthread_create in pthreads
[0.613s] -- Looking for pthread_create in pthreads - not found
[0.613s] -- Looking for pthread_create in pthread
[0.662s] -- Looking for pthread_create in pthread - found
[0.663s] -- Found Threads: TRUE  
[0.775s] -- Found ament_lint_auto: 0.9.7 (/opt/ros/foxy/share/ament_lint_auto/cmake)
[0.817s] -- Added test 'copyright' to check source files copyright and LICENSE
[0.818s] -- Added test 'cppcheck' to perform static code analysis on C / C++ code
[0.818s] -- Configured cppcheck include dirs: $<BUILD_INTERFACE:/home/amraj/Subbots/software-start-here/src/challenge/include>
[0.818s] -- Configured cppcheck exclude dirs and/or files: 
[0.818s] -- Added test 'cpplint' to check C / C++ code against the Google style
[0.818s] -- Configured cpplint exclude dirs and/or files: 
[0.819s] -- Added test 'lint_cmake' to check CMake code style
[0.819s] -- Added test 'uncrustify' to check C / C++ code style
[0.819s] -- Configured uncrustify additional arguments: 
[0.819s] -- Added test 'xmllint' to check XML markup files
[0.821s] -- Configuring done
[0.822s] CMake Error at CMakeLists.txt:26 (add_executable):
[0.822s]   Cannot find source file:
[0.822s] 
[0.822s]     solution.cpp
[0.822s] 
[0.822s]   Tried extensions .c .C .c++ .cc .cpp .cxx .cu .m .M .mm .h .hh .h++ .hm
[0.822s]   .hpp .hxx .in .txx
[0.822s] 
[0.822s] 
[0.823s] CMake Error at CMakeLists.txt:26 (add_executable):
[0.823s]   No SOURCES given to target: SineWave
[0.823s] 
[0.823s] 
[0.823s] CMake Generate step failed.  Build files cannot be regenerated correctly.
[0.827s] make: *** [Makefile:266: cmake_check_build_system] Error 1
[0.828s] Invoked command in '/home/amraj/Subbots/software-start-here/src/build/challenge' returned '2': CMAKE_PREFIX_PATH=/opt/ros/foxy /usr/bin/cmake --build /home/amraj/Subbots/software-start-here/src/build/challenge -- -j8 -l8
