[0.229s] Invoking command in '/home/software/Challenge/software-start-here/build/challenge': CMAKE_PREFIX_PATH=${CMAKE_PREFIX_PATH}:/opt/ros/foxy /usr/bin/cmake --build /home/software/Challenge/software-start-here/build/challenge -- -j16 -l16
[0.280s] [35m[1mScanning dependencies of target solution[0m
[0.312s] [ 50%] [32mBuilding CXX object CMakeFiles/solution.dir/src/solution.cpp.o[0m
[4.240s] [100%] [32m[1mLinking CXX executable solution[0m
[4.408s] [100%] Built target solution
[4.422s] Invoked command in '/home/software/Challenge/software-start-here/build/challenge' returned '0': CMAKE_PREFIX_PATH=${CMAKE_PREFIX_PATH}:/opt/ros/foxy /usr/bin/cmake --build /home/software/Challenge/software-start-here/build/challenge -- -j16 -l16
[4.463s] Invoking command in '/home/software/Challenge/software-start-here/build/challenge': CMAKE_PREFIX_PATH=${CMAKE_PREFIX_PATH}:/opt/ros/foxy /usr/bin/cmake --install /home/software/Challenge/software-start-here/build/challenge
[4.471s] -- Install configuration: ""
[4.472s] -- Installing: /home/software/Challenge/software-start-here/install/challenge/lib/challenge/solution
[4.473s] -- Set runtime path of "/home/software/Challenge/software-start-here/install/challenge/lib/challenge/solution" to ""
[4.473s] -- Up-to-date: /home/software/Challenge/software-start-here/install/challenge/share/ament_index/resource_index/package_run_dependencies/challenge
[4.474s] -- Up-to-date: /home/software/Challenge/software-start-here/install/challenge/share/ament_index/resource_index/parent_prefix_path/challenge
[4.474s] -- Up-to-date: /home/software/Challenge/software-start-here/install/challenge/share/challenge/environment/ament_prefix_path.sh
[4.474s] -- Up-to-date: /home/software/Challenge/software-start-here/install/challenge/share/challenge/environment/ament_prefix_path.dsv
[4.475s] -- Up-to-date: /home/software/Challenge/software-start-here/install/challenge/share/challenge/environment/path.sh
[4.475s] -- Up-to-date: /home/software/Challenge/software-start-here/install/challenge/share/challenge/environment/path.dsv
[4.475s] -- Up-to-date: /home/software/Challenge/software-start-here/install/challenge/share/challenge/local_setup.bash
[4.475s] -- Up-to-date: /home/software/Challenge/software-start-here/install/challenge/share/challenge/local_setup.sh
[4.476s] -- Up-to-date: /home/software/Challenge/software-start-here/install/challenge/share/challenge/local_setup.zsh
[4.476s] -- Up-to-date: /home/software/Challenge/software-start-here/install/challenge/share/challenge/local_setup.dsv
[4.476s] -- Installing: /home/software/Challenge/software-start-here/install/challenge/share/challenge/package.dsv
[4.476s] -- Up-to-date: /home/software/Challenge/software-start-here/install/challenge/share/ament_index/resource_index/packages/challenge
[4.476s] -- Up-to-date: /home/software/Challenge/software-start-here/install/challenge/share/challenge/cmake/challengeConfig.cmake
[4.477s] -- Up-to-date: /home/software/Challenge/software-start-here/install/challenge/share/challenge/cmake/challengeConfig-version.cmake
[4.478s] -- Up-to-date: /home/software/Challenge/software-start-here/install/challenge/share/challenge/package.xml
[4.479s] Invoked command in '/home/software/Challenge/software-start-here/build/challenge' returned '0': CMAKE_PREFIX_PATH=${CMAKE_PREFIX_PATH}:/opt/ros/foxy /usr/bin/cmake --install /home/software/Challenge/software-start-here/build/challenge
