[1.331s] DEBUG:colcon:Command line arguments: ['/usr/bin/colcon', 'build', '--packages-select', 'challenge']
[1.331s] DEBUG:colcon:Parsed command line arguments: Namespace(allow_overriding=[], ament_cmake_args=None, base_paths=['.'], build_base='build', catkin_cmake_args=None, catkin_skip_building_tests=False, cmake_args=None, cmake_clean_cache=False, cmake_clean_first=False, cmake_force_configure=False, cmake_target=None, cmake_target_skip_unavailable=False, continue_on_error=False, event_handlers=None, executor='parallel', ignore_user_meta=False, install_base='install', log_base=None, log_level=None, main=<bound method BuildVerb.main of <colcon_core.verb.build.BuildVerb object at 0x7f78e7944a30>>, merge_install=False, metas=['./colcon.meta'], packages_above=None, packages_above_and_dependencies=None, packages_above_depth=None, packages_end=None, packages_ignore=None, packages_ignore_regex=None, packages_select=['challenge'], packages_select_build_failed=False, packages_select_by_dep=None, packages_select_regex=None, packages_select_test_failures=False, packages_skip=None, packages_skip_build_finished=False, packages_skip_by_dep=None, packages_skip_regex=None, packages_skip_test_passed=False, packages_skip_up_to=None, packages_start=None, packages_up_to=None, packages_up_to_regex=None, parallel_workers=12, paths=None, symlink_install=False, test_result_base=None, verb_extension=<colcon_core.verb.build.BuildVerb object at 0x7f78e7944a30>, verb_name='build', verb_parser=<colcon_defaults.argument_parser.defaults.DefaultArgumentsDecorator object at 0x7f78e74f83a0>)
[1.396s] Level 1:colcon.colcon_core.package_discovery:discover_packages(colcon_meta) check parameters
[1.396s] Level 1:colcon.colcon_core.package_discovery:discover_packages(recursive) check parameters
[1.396s] Level 1:colcon.colcon_core.package_discovery:discover_packages(ignore) check parameters
[1.396s] Level 1:colcon.colcon_core.package_discovery:discover_packages(path) check parameters
[1.396s] Level 1:colcon.colcon_core.package_discovery:discover_packages(colcon_meta) discover
[1.396s] Level 1:colcon.colcon_core.package_discovery:discover_packages(recursive) discover
[1.396s] INFO:colcon.colcon_core.package_discovery:Crawling recursively for packages in '/home/strawberryshadow/Desktop/software-start-here/src'
[1.396s] Level 1:colcon.colcon_core.package_identification:_identify(.) by extensions ['ignore', 'ignore_ament_install']
[1.396s] Level 1:colcon.colcon_core.package_identification:_identify(.) by extension 'ignore'
[1.396s] Level 1:colcon.colcon_core.package_identification:_identify(.) by extension 'ignore_ament_install'
[1.396s] Level 1:colcon.colcon_core.package_identification:_identify(.) by extensions ['colcon_pkg']
[1.396s] Level 1:colcon.colcon_core.package_identification:_identify(.) by extension 'colcon_pkg'
[1.396s] Level 1:colcon.colcon_core.package_identification:_identify(.) by extensions ['colcon_meta']
[1.396s] Level 1:colcon.colcon_core.package_identification:_identify(.) by extension 'colcon_meta'
[1.396s] Level 1:colcon.colcon_core.package_identification:_identify(.) by extensions ['ros']
[1.396s] Level 1:colcon.colcon_core.package_identification:_identify(.) by extension 'ros'
[1.404s] Level 1:colcon.colcon_core.package_identification:_identify(.) by extensions ['cmake', 'python']
[1.404s] Level 1:colcon.colcon_core.package_identification:_identify(.) by extension 'cmake'
[1.404s] Level 1:colcon.colcon_core.package_identification:_identify(.) by extension 'python'
[1.404s] Level 1:colcon.colcon_core.package_identification:_identify(.) by extensions ['python_setup_py']
[1.404s] Level 1:colcon.colcon_core.package_identification:_identify(.) by extension 'python_setup_py'
[1.404s] Level 1:colcon.colcon_core.package_identification:_identify(build) by extensions ['ignore', 'ignore_ament_install']
[1.404s] Level 1:colcon.colcon_core.package_identification:_identify(build) by extension 'ignore'
[1.404s] Level 1:colcon.colcon_core.package_identification:_identify(build) ignored
[1.404s] Level 1:colcon.colcon_core.package_identification:_identify(challenge) by extensions ['ignore', 'ignore_ament_install']
[1.404s] Level 1:colcon.colcon_core.package_identification:_identify(challenge) by extension 'ignore'
[1.404s] Level 1:colcon.colcon_core.package_identification:_identify(challenge) by extension 'ignore_ament_install'
[1.404s] Level 1:colcon.colcon_core.package_identification:_identify(challenge) by extensions ['colcon_pkg']
[1.404s] Level 1:colcon.colcon_core.package_identification:_identify(challenge) by extension 'colcon_pkg'
[1.404s] Level 1:colcon.colcon_core.package_identification:_identify(challenge) by extensions ['colcon_meta']
[1.404s] Level 1:colcon.colcon_core.package_identification:_identify(challenge) by extension 'colcon_meta'
[1.404s] Level 1:colcon.colcon_core.package_identification:_identify(challenge) by extensions ['ros']
[1.404s] Level 1:colcon.colcon_core.package_identification:_identify(challenge) by extension 'ros'
[1.406s] DEBUG:colcon.colcon_core.package_identification:Package 'challenge' with type 'ros.ament_cmake' and name 'challenge'
[1.406s] Level 1:colcon.colcon_core.package_identification:_identify(install) by extensions ['ignore', 'ignore_ament_install']
[1.406s] Level 1:colcon.colcon_core.package_identification:_identify(install) by extension 'ignore'
[1.406s] Level 1:colcon.colcon_core.package_identification:_identify(install) ignored
[1.406s] Level 1:colcon.colcon_core.package_identification:_identify(log) by extensions ['ignore', 'ignore_ament_install']
[1.406s] Level 1:colcon.colcon_core.package_identification:_identify(log) by extension 'ignore'
[1.406s] Level 1:colcon.colcon_core.package_identification:_identify(log) ignored
[1.406s] Level 1:colcon.colcon_core.package_discovery:discover_packages(recursive) using defaults
[1.406s] Level 1:colcon.colcon_core.package_discovery:discover_packages(ignore) discover
[1.406s] Level 1:colcon.colcon_core.package_discovery:discover_packages(ignore) using defaults
[1.406s] Level 1:colcon.colcon_core.package_discovery:discover_packages(path) discover
[1.406s] Level 1:colcon.colcon_core.package_discovery:discover_packages(path) using defaults
[1.532s] Level 1:colcon.colcon_core.package_discovery:discover_packages(prefix_path) check parameters
[1.532s] Level 1:colcon.colcon_core.package_discovery:discover_packages(prefix_path) discover
[1.579s] DEBUG:colcon.colcon_installed_package_information.package_discovery:Found 11 installed packages in /home/strawberryshadow/Desktop/triton/install
[1.602s] DEBUG:colcon.colcon_installed_package_information.package_discovery:Found 129 installed packages in /opt/ros/rolling
[1.626s] DEBUG:colcon.colcon_installed_package_information.package_discovery:Found 263 installed packages in /opt/ros/foxy
[1.628s] Level 1:colcon.colcon_core.package_discovery:discover_packages(prefix_path) using defaults
[1.742s] Level 5:colcon.colcon_core.verb:set package 'challenge' build argument 'cmake_args' from command line to 'None'
[1.742s] Level 5:colcon.colcon_core.verb:set package 'challenge' build argument 'cmake_target' from command line to 'None'
[1.742s] Level 5:colcon.colcon_core.verb:set package 'challenge' build argument 'cmake_target_skip_unavailable' from command line to 'False'
[1.742s] Level 5:colcon.colcon_core.verb:set package 'challenge' build argument 'cmake_clean_cache' from command line to 'False'
[1.742s] Level 5:colcon.colcon_core.verb:set package 'challenge' build argument 'cmake_clean_first' from command line to 'False'
[1.742s] Level 5:colcon.colcon_core.verb:set package 'challenge' build argument 'cmake_force_configure' from command line to 'False'
[1.742s] Level 5:colcon.colcon_core.verb:set package 'challenge' build argument 'ament_cmake_args' from command line to 'None'
[1.742s] Level 5:colcon.colcon_core.verb:set package 'challenge' build argument 'catkin_cmake_args' from command line to 'None'
[1.742s] Level 5:colcon.colcon_core.verb:set package 'challenge' build argument 'catkin_skip_building_tests' from command line to 'False'
[1.742s] DEBUG:colcon.colcon_core.verb:Building package 'challenge' with the following arguments: {'ament_cmake_args': None, 'build_base': '/home/strawberryshadow/Desktop/software-start-here/src/build/challenge', 'catkin_cmake_args': None, 'catkin_skip_building_tests': False, 'cmake_args': None, 'cmake_clean_cache': False, 'cmake_clean_first': False, 'cmake_force_configure': False, 'cmake_target': None, 'cmake_target_skip_unavailable': False, 'install_base': '/home/strawberryshadow/Desktop/software-start-here/src/install/challenge', 'merge_install': False, 'path': '/home/strawberryshadow/Desktop/software-start-here/src/challenge', 'symlink_install': False, 'test_result_base': None}
[1.765s] INFO:colcon.colcon_core.executor:Executing jobs using 'parallel' executor
[1.789s] DEBUG:colcon.colcon_parallel_executor.executor.parallel:run_until_complete
[1.789s] INFO:colcon.colcon_ros.task.ament_cmake.build:Building ROS package in '/home/strawberryshadow/Desktop/software-start-here/src/challenge' with build type 'ament_cmake'
[1.789s] INFO:colcon.colcon_cmake.task.cmake.build:Building CMake package in '/home/strawberryshadow/Desktop/software-start-here/src/challenge'
[1.815s] INFO:colcon.colcon_core.plugin_system:Skipping extension 'colcon_core.shell.bat': Not used on non-Windows systems
[1.815s] INFO:colcon.colcon_core.shell:Skip shell extension 'powershell' for command environment: Not usable outside of PowerShell
[1.815s] DEBUG:colcon.colcon_core.shell:Skip shell extension 'dsv' for command environment
[1.924s] DEBUG:colcon.colcon_core.event_handler.log_command:Invoking command in '/home/strawberryshadow/Desktop/software-start-here/src/build/challenge': CMAKE_PREFIX_PATH=${CMAKE_PREFIX_PATH}:/home/strawberryshadow/Desktop/triton/install/triton_teleop:/home/strawberryshadow/Desktop/triton/install/triton_pipeline:/home/strawberryshadow/Desktop/triton/install/triton_bringup:/opt/ros/rolling:/opt/ros/foxy /usr/bin/cmake --build /home/strawberryshadow/Desktop/software-start-here/src/build/challenge -- -j12 -l12
[1.980s] DEBUG:colcon.colcon_core.event_handler.log_command:Invoked command in '/home/strawberryshadow/Desktop/software-start-here/src/build/challenge' returned '0': CMAKE_PREFIX_PATH=${CMAKE_PREFIX_PATH}:/home/strawberryshadow/Desktop/triton/install/triton_teleop:/home/strawberryshadow/Desktop/triton/install/triton_pipeline:/home/strawberryshadow/Desktop/triton/install/triton_bringup:/opt/ros/rolling:/opt/ros/foxy /usr/bin/cmake --build /home/strawberryshadow/Desktop/software-start-here/src/build/challenge -- -j12 -l12
[2.009s] DEBUG:colcon.colcon_core.event_handler.log_command:Invoking command in '/home/strawberryshadow/Desktop/software-start-here/src/build/challenge': CMAKE_PREFIX_PATH=${CMAKE_PREFIX_PATH}:/home/strawberryshadow/Desktop/triton/install/triton_teleop:/home/strawberryshadow/Desktop/triton/install/triton_pipeline:/home/strawberryshadow/Desktop/triton/install/triton_bringup:/opt/ros/rolling:/opt/ros/foxy /usr/bin/cmake --install /home/strawberryshadow/Desktop/software-start-here/src/build/challenge
[2.017s] Level 1:colcon.colcon_core.environment:create_environment_scripts_only(challenge)
[2.017s] DEBUG:colcon.colcon_core.event_handler.log_command:Invoked command in '/home/strawberryshadow/Desktop/software-start-here/src/build/challenge' returned '0': CMAKE_PREFIX_PATH=${CMAKE_PREFIX_PATH}:/home/strawberryshadow/Desktop/triton/install/triton_teleop:/home/strawberryshadow/Desktop/triton/install/triton_pipeline:/home/strawberryshadow/Desktop/triton/install/triton_bringup:/opt/ros/rolling:/opt/ros/foxy /usr/bin/cmake --install /home/strawberryshadow/Desktop/software-start-here/src/build/challenge
[2.052s] Level 1:colcon.colcon_core.environment:checking '/home/strawberryshadow/Desktop/software-start-here/src/install/challenge' for CMake module files
[2.052s] Level 1:colcon.colcon_core.environment:checking '/home/strawberryshadow/Desktop/software-start-here/src/install/challenge' for CMake config files
[2.052s] Level 1:colcon.colcon_core.shell:create_environment_hook('challenge', 'cmake_prefix_path')
[2.075s] INFO:colcon.colcon_core.shell:Creating environment hook '/home/strawberryshadow/Desktop/software-start-here/src/install/challenge/share/challenge/hook/cmake_prefix_path.ps1'
[2.075s] INFO:colcon.colcon_core.shell:Creating environment descriptor '/home/strawberryshadow/Desktop/software-start-here/src/install/challenge/share/challenge/hook/cmake_prefix_path.dsv'
[2.076s] INFO:colcon.colcon_core.shell:Creating environment hook '/home/strawberryshadow/Desktop/software-start-here/src/install/challenge/share/challenge/hook/cmake_prefix_path.sh'
[2.076s] Level 1:colcon.colcon_core.environment:checking '/home/strawberryshadow/Desktop/software-start-here/src/install/challenge/lib'
[2.076s] Level 1:colcon.colcon_core.environment:checking '/home/strawberryshadow/Desktop/software-start-here/src/install/challenge/bin'
[2.076s] Level 1:colcon.colcon_core.environment:checking '/home/strawberryshadow/Desktop/software-start-here/src/install/challenge/lib/pkgconfig/challenge.pc'
[2.077s] Level 1:colcon.colcon_core.environment:checking '/home/strawberryshadow/Desktop/software-start-here/src/install/challenge/lib/python3.8/site-packages'
[2.077s] Level 1:colcon.colcon_core.environment:checking '/home/strawberryshadow/Desktop/software-start-here/src/install/challenge/bin'
[2.100s] INFO:colcon.colcon_core.shell:Creating package script '/home/strawberryshadow/Desktop/software-start-here/src/install/challenge/share/challenge/package.ps1'
[2.100s] INFO:colcon.colcon_core.shell:Creating package descriptor '/home/strawberryshadow/Desktop/software-start-here/src/install/challenge/share/challenge/package.dsv'
[2.101s] INFO:colcon.colcon_core.shell:Creating package script '/home/strawberryshadow/Desktop/software-start-here/src/install/challenge/share/challenge/package.sh'
[2.101s] INFO:colcon.colcon_core.shell:Creating package script '/home/strawberryshadow/Desktop/software-start-here/src/install/challenge/share/challenge/package.bash'
[2.101s] INFO:colcon.colcon_core.shell:Creating package script '/home/strawberryshadow/Desktop/software-start-here/src/install/challenge/share/challenge/package.zsh'
[2.102s] Level 1:colcon.colcon_core.environment:create_file_with_runtime_dependencies(/home/strawberryshadow/Desktop/software-start-here/src/install/challenge/share/colcon-core/packages/challenge)
[2.148s] Level 1:colcon.colcon_core.environment:create_environment_scripts_only(challenge)
[2.170s] Level 1:colcon.colcon_core.environment:checking '/home/strawberryshadow/Desktop/software-start-here/src/install/challenge' for CMake module files
[2.171s] Level 1:colcon.colcon_core.environment:checking '/home/strawberryshadow/Desktop/software-start-here/src/install/challenge' for CMake config files
[2.171s] Level 1:colcon.colcon_core.shell:create_environment_hook('challenge', 'cmake_prefix_path')
[2.193s] INFO:colcon.colcon_core.shell:Creating environment hook '/home/strawberryshadow/Desktop/software-start-here/src/install/challenge/share/challenge/hook/cmake_prefix_path.ps1'
[2.194s] INFO:colcon.colcon_core.shell:Creating environment descriptor '/home/strawberryshadow/Desktop/software-start-here/src/install/challenge/share/challenge/hook/cmake_prefix_path.dsv'
[2.194s] INFO:colcon.colcon_core.shell:Creating environment hook '/home/strawberryshadow/Desktop/software-start-here/src/install/challenge/share/challenge/hook/cmake_prefix_path.sh'
[2.194s] Level 1:colcon.colcon_core.environment:checking '/home/strawberryshadow/Desktop/software-start-here/src/install/challenge/lib'
[2.194s] Level 1:colcon.colcon_core.environment:checking '/home/strawberryshadow/Desktop/software-start-here/src/install/challenge/bin'
[2.194s] Level 1:colcon.colcon_core.environment:checking '/home/strawberryshadow/Desktop/software-start-here/src/install/challenge/lib/pkgconfig/challenge.pc'
[2.195s] Level 1:colcon.colcon_core.environment:checking '/home/strawberryshadow/Desktop/software-start-here/src/install/challenge/lib/python3.8/site-packages'
[2.195s] Level 1:colcon.colcon_core.environment:checking '/home/strawberryshadow/Desktop/software-start-here/src/install/challenge/bin'
[2.217s] INFO:colcon.colcon_core.shell:Creating package script '/home/strawberryshadow/Desktop/software-start-here/src/install/challenge/share/challenge/package.ps1'
[2.218s] INFO:colcon.colcon_core.shell:Creating package descriptor '/home/strawberryshadow/Desktop/software-start-here/src/install/challenge/share/challenge/package.dsv'
[2.218s] INFO:colcon.colcon_core.shell:Creating package script '/home/strawberryshadow/Desktop/software-start-here/src/install/challenge/share/challenge/package.sh'
[2.218s] INFO:colcon.colcon_core.shell:Creating package script '/home/strawberryshadow/Desktop/software-start-here/src/install/challenge/share/challenge/package.bash'
[2.218s] INFO:colcon.colcon_core.shell:Creating package script '/home/strawberryshadow/Desktop/software-start-here/src/install/challenge/share/challenge/package.zsh'
[2.218s] Level 1:colcon.colcon_core.environment:create_file_with_runtime_dependencies(/home/strawberryshadow/Desktop/software-start-here/src/install/challenge/share/colcon-core/packages/challenge)
[2.218s] DEBUG:colcon.colcon_parallel_executor.executor.parallel:closing loop
[2.219s] DEBUG:colcon.colcon_parallel_executor.executor.parallel:loop closed
[2.219s] DEBUG:colcon.colcon_parallel_executor.executor.parallel:run_until_complete finished with '0'
[2.219s] DEBUG:colcon.colcon_core.event_reactor:joining thread
[2.247s] INFO:colcon.colcon_core.plugin_system:Skipping extension 'colcon_notification.desktop_notification.terminal_notifier': Not used on non-Darwin systems
[2.247s] INFO:colcon.colcon_core.plugin_system:Skipping extension 'colcon_notification.desktop_notification.win32': Not used on non-Windows systems
[2.247s] INFO:colcon.colcon_notification.desktop_notification:Sending desktop notification using 'notify2'
[2.267s] DEBUG:colcon.colcon_core.event_reactor:joined thread
[2.300s] INFO:colcon.colcon_core.shell:Creating prefix script '/home/strawberryshadow/Desktop/software-start-here/src/install/local_setup.ps1'
[2.300s] INFO:colcon.colcon_core.shell:Creating prefix util module '/home/strawberryshadow/Desktop/software-start-here/src/install/_local_setup_util_ps1.py'
[2.301s] INFO:colcon.colcon_core.shell:Creating prefix chain script '/home/strawberryshadow/Desktop/software-start-here/src/install/setup.ps1'
[2.326s] INFO:colcon.colcon_core.shell:Creating prefix script '/home/strawberryshadow/Desktop/software-start-here/src/install/local_setup.sh'
[2.327s] INFO:colcon.colcon_core.shell:Creating prefix util module '/home/strawberryshadow/Desktop/software-start-here/src/install/_local_setup_util_sh.py'
[2.327s] INFO:colcon.colcon_core.shell:Creating prefix chain script '/home/strawberryshadow/Desktop/software-start-here/src/install/setup.sh'
[2.352s] INFO:colcon.colcon_core.shell:Creating prefix script '/home/strawberryshadow/Desktop/software-start-here/src/install/local_setup.bash'
[2.352s] INFO:colcon.colcon_core.shell:Creating prefix chain script '/home/strawberryshadow/Desktop/software-start-here/src/install/setup.bash'
[2.379s] INFO:colcon.colcon_core.shell:Creating prefix script '/home/strawberryshadow/Desktop/software-start-here/src/install/local_setup.zsh'
[2.379s] INFO:colcon.colcon_core.shell:Creating prefix chain script '/home/strawberryshadow/Desktop/software-start-here/src/install/setup.zsh'
