[0.020s] Invoking command in '/home/navrajb/software/software-start-here/src/build/challenge': CMAKE_PREFIX_PATH=/opt/ros/foxy /usr/bin/cmake --build /home/navrajb/software/software-start-here/src/build/challenge -- -j8 -l8
[0.070s] [35m[1mScanning dependencies of target solution[0m
[0.106s] [ 50%] [32mBuilding CXX object CMakeFiles/solution.dir/src/solution.cpp.o[0m
[3.195s] [100%] [32m[1mLinking CXX executable solution[0m
[3.458s] [100%] Built target solution
[3.475s] Invoked command in '/home/navrajb/software/software-start-here/src/build/challenge' returned '0': CMAKE_PREFIX_PATH=/opt/ros/foxy /usr/bin/cmake --build /home/navrajb/software/software-start-here/src/build/challenge -- -j8 -l8
[3.520s] Invoking command in '/home/navrajb/software/software-start-here/src/build/challenge': CMAKE_PREFIX_PATH=/opt/ros/foxy /usr/bin/cmake --install /home/navrajb/software/software-start-here/src/build/challenge
[3.531s] -- Install configuration: ""
[3.531s] -- Installing: /home/navrajb/software/software-start-here/src/install/challenge/lib/challenge/solution
[3.533s] -- Set runtime path of "/home/navrajb/software/software-start-here/src/install/challenge/lib/challenge/solution" to ""
[3.533s] -- Installing: /home/navrajb/software/software-start-here/src/install/challenge/share/ament_index/resource_index/package_run_dependencies/challenge
[3.533s] -- Installing: /home/navrajb/software/software-start-here/src/install/challenge/share/ament_index/resource_index/parent_prefix_path/challenge
[3.533s] -- Installing: /home/navrajb/software/software-start-here/src/install/challenge/share/challenge/environment/ament_prefix_path.sh
[3.534s] -- Installing: /home/navrajb/software/software-start-here/src/install/challenge/share/challenge/environment/ament_prefix_path.dsv
[3.534s] -- Installing: /home/navrajb/software/software-start-here/src/install/challenge/share/challenge/environment/path.sh
[3.534s] -- Installing: /home/navrajb/software/software-start-here/src/install/challenge/share/challenge/environment/path.dsv
[3.534s] -- Installing: /home/navrajb/software/software-start-here/src/install/challenge/share/challenge/local_setup.bash
[3.534s] -- Installing: /home/navrajb/software/software-start-here/src/install/challenge/share/challenge/local_setup.sh
[3.535s] -- Installing: /home/navrajb/software/software-start-here/src/install/challenge/share/challenge/local_setup.zsh
[3.535s] -- Installing: /home/navrajb/software/software-start-here/src/install/challenge/share/challenge/local_setup.dsv
[3.535s] -- Installing: /home/navrajb/software/software-start-here/src/install/challenge/share/challenge/package.dsv
[3.535s] -- Installing: /home/navrajb/software/software-start-here/src/install/challenge/share/ament_index/resource_index/packages/challenge
[3.536s] -- Installing: /home/navrajb/software/software-start-here/src/install/challenge/share/challenge/cmake/challengeConfig.cmake
[3.536s] -- Installing: /home/navrajb/software/software-start-here/src/install/challenge/share/challenge/cmake/challengeConfig-version.cmake
[3.536s] -- Installing: /home/navrajb/software/software-start-here/src/install/challenge/share/challenge/package.xml
[3.541s] Invoked command in '/home/navrajb/software/software-start-here/src/build/challenge' returned '0': CMAKE_PREFIX_PATH=/opt/ros/foxy /usr/bin/cmake --install /home/navrajb/software/software-start-here/src/build/challenge
