[0.060s] Invoking command in '/home/straydogs/ros2_test/build/challenge': CMAKE_PREFIX_PATH=/opt/ros/foxy /usr/bin/cmake --build /home/straydogs/ros2_test/build/challenge -- -j20 -l20
[0.073s] -- Found ament_cmake: 0.9.12 (/opt/ros/foxy/share/ament_cmake/cmake)
[0.085s] -- Using PYTHON_EXECUTABLE: /usr/bin/python3
[0.209s] -- Found turtlesim: 1.2.6 (/opt/ros/foxy/share/turtlesim/cmake)
[0.225s] -- Using all available rosidl_typesupport_c: rosidl_typesupport_fastrtps_c;rosidl_typesupport_introspection_c
[0.228s] -- Found rosidl_adapter: 1.3.1 (/opt/ros/foxy/share/rosidl_adapter/cmake)
[0.267s] -- Found OpenSSL: /usr/lib/x86_64-linux-gnu/libcrypto.so (found version "1.1.1f")  
[0.282s] -- Found FastRTPS: /opt/ros/foxy/include  
[0.322s] -- Using all available rosidl_typesupport_cpp: rosidl_typesupport_fastrtps_cpp;rosidl_typesupport_introspection_cpp
[0.390s] -- Found rclcpp: 2.4.3 (/opt/ros/foxy/share/rclcpp/cmake)
[0.412s] -- Found rmw_implementation_cmake: 1.0.4 (/opt/ros/foxy/share/rmw_implementation_cmake/cmake)
[0.413s] -- Using RMW implementation 'rmw_fastrtps_cpp' as default
[0.414s] -- Looking for pthread.h
[0.536s] -- Looking for pthread.h - found
[0.536s] -- Performing Test CMAKE_HAVE_LIBC_PTHREAD
[0.576s] -- Performing Test CMAKE_HAVE_LIBC_PTHREAD - Failed
[0.576s] -- Looking for pthread_create in pthreads
[0.610s] -- Looking for pthread_create in pthreads - not found
[0.610s] -- Looking for pthread_create in pthread
[0.654s] -- Looking for pthread_create in pthread - found
[0.654s] -- Found Threads: TRUE  
[0.735s] -- Found geometry_msgs: 2.0.5 (/opt/ros/foxy/share/geometry_msgs/cmake)
[0.753s] -- Found ament_lint_auto: 0.9.8 (/opt/ros/foxy/share/ament_lint_auto/cmake)
[0.787s] -- Added test 'copyright' to check source files copyright and LICENSE
[0.789s] -- Added test 'cppcheck' to perform static code analysis on C / C++ code
[0.789s] -- Configured cppcheck include dirs: $<BUILD_INTERFACE:/home/straydogs/ros2_test/challenge/include>
[0.789s] -- Configured cppcheck exclude dirs and/or files: 
[0.791s] -- Added test 'cpplint' to check C / C++ code against the Google style
[0.792s] -- Configured cpplint exclude dirs and/or files: 
[0.792s] -- Added test 'flake8' to check Python code syntax and style conventions
[0.793s] -- Added test 'lint_cmake' to check CMake code style
[0.793s] -- Added test 'pep257' to check Python code against some of the style conventions in PEP 257
[0.795s] -- Added test 'uncrustify' to check C / C++ code style
[0.795s] -- Configured uncrustify additional arguments: 
[0.795s] -- Added test 'xmllint' to check XML markup files
[0.797s] -- Configuring done
[0.801s] -- Generating done
[0.802s] -- Build files have been written to: /home/straydogs/ros2_test/build/challenge
[0.817s] [35m[1mScanning dependencies of target solution[0m
[0.835s] [ 50%] [32mBuilding CXX object CMakeFiles/solution.dir/src/solution.cpp.o[0m
[3.334s] [100%] [32m[1mLinking CXX executable solution[0m
[3.485s] [100%] Built target solution
[3.491s] Invoked command in '/home/straydogs/ros2_test/build/challenge' returned '0': CMAKE_PREFIX_PATH=/opt/ros/foxy /usr/bin/cmake --build /home/straydogs/ros2_test/build/challenge -- -j20 -l20
[3.509s] Invoking command in '/home/straydogs/ros2_test/build/challenge': CMAKE_PREFIX_PATH=/opt/ros/foxy /usr/bin/cmake --install /home/straydogs/ros2_test/build/challenge
[3.513s] -- Install configuration: ""
[3.513s] -- Installing: /home/straydogs/ros2_test/install/challenge/lib/challenge/solution
[3.514s] -- Set runtime path of "/home/straydogs/ros2_test/install/challenge/lib/challenge/solution" to ""
[3.514s] -- Installing: /home/straydogs/ros2_test/install/challenge/share/ament_index/resource_index/package_run_dependencies/challenge
[3.514s] -- Up-to-date: /home/straydogs/ros2_test/install/challenge/share/ament_index/resource_index/parent_prefix_path/challenge
[3.514s] -- Up-to-date: /home/straydogs/ros2_test/install/challenge/share/challenge/environment/ament_prefix_path.sh
[3.514s] -- Installing: /home/straydogs/ros2_test/install/challenge/share/challenge/environment/ament_prefix_path.dsv
[3.514s] -- Up-to-date: /home/straydogs/ros2_test/install/challenge/share/challenge/environment/path.sh
[3.514s] -- Installing: /home/straydogs/ros2_test/install/challenge/share/challenge/environment/path.dsv
[3.514s] -- Up-to-date: /home/straydogs/ros2_test/install/challenge/share/challenge/local_setup.bash
[3.514s] -- Up-to-date: /home/straydogs/ros2_test/install/challenge/share/challenge/local_setup.sh
[3.514s] -- Up-to-date: /home/straydogs/ros2_test/install/challenge/share/challenge/local_setup.zsh
[3.514s] -- Installing: /home/straydogs/ros2_test/install/challenge/share/challenge/local_setup.dsv
[3.514s] -- Installing: /home/straydogs/ros2_test/install/challenge/share/challenge/package.dsv
[3.514s] -- Up-to-date: /home/straydogs/ros2_test/install/challenge/share/ament_index/resource_index/packages/challenge
[3.514s] -- Up-to-date: /home/straydogs/ros2_test/install/challenge/share/challenge/cmake/challengeConfig.cmake
[3.514s] -- Up-to-date: /home/straydogs/ros2_test/install/challenge/share/challenge/cmake/challengeConfig-version.cmake
[3.514s] -- Installing: /home/straydogs/ros2_test/install/challenge/share/challenge/package.xml
[3.515s] Invoked command in '/home/straydogs/ros2_test/build/challenge' returned '0': CMAKE_PREFIX_PATH=/opt/ros/foxy /usr/bin/cmake --install /home/straydogs/ros2_test/build/challenge
