[0.125s] Invoking command in '/home/strawberryshadow/Desktop/software-start-here/build/challenge': CMAKE_PREFIX_PATH=${CMAKE_PREFIX_PATH}:/home/strawberryshadow/Desktop/triton/install/triton_teleop:/home/strawberryshadow/Desktop/triton/install/triton_pipeline:/home/strawberryshadow/Desktop/triton/install/triton_bringup:/opt/ros/rolling:/opt/ros/foxy /usr/bin/cmake --build /home/strawberryshadow/Desktop/software-start-here/build/challenge -- -j12 -l12
[0.159s] [35m[1mScanning dependencies of target solution[0m
[0.176s] [ 50%] [32mBuilding CXX object CMakeFiles/solution.dir/src/solution.cpp.o[0m
[1.643s] In file included from [01m[K/opt/ros/rolling/include/rclcpp/client.hpp:43[m[K,
[1.644s]                  from [01m[K/opt/ros/rolling/include/rclcpp/callback_group.hpp:23[m[K,
[1.644s]                  from [01m[K/opt/ros/rolling/include/rclcpp/any_executable.hpp:20[m[K,
[1.644s]                  from [01m[K/opt/ros/rolling/include/rclcpp/memory_strategy.hpp:25[m[K,
[1.644s]                  from [01m[K/opt/ros/rolling/include/rclcpp/memory_strategies.hpp:18[m[K,
[1.644s]                  from [01m[K/opt/ros/rolling/include/rclcpp/executor_options.hpp:20[m[K,
[1.644s]                  from [01m[K/opt/ros/rolling/include/rclcpp/executor.hpp:37[m[K,
[1.644s]                  from [01m[K/opt/ros/rolling/include/rclcpp/executors/multi_threaded_executor.hpp:25[m[K,
[1.644s]                  from [01m[K/opt/ros/rolling/include/rclcpp/executors.hpp:21[m[K,
[1.644s]                  from [01m[K/opt/ros/rolling/include/rclcpp/rclcpp.hpp:155[m[K,
[1.644s]                  from [01m[K/home/strawberryshadow/Desktop/software-start-here/src/challenge/src/solution.cpp:8[m[K:
[1.644s] [01m[K/home/strawberryshadow/Desktop/software-start-here/src/challenge/src/solution.cpp:[m[K In member function ‘[01m[Kvoid Publisher::timer_callback()[m[K’:
[1.645s] [01m[K/home/strawberryshadow/Desktop/software-start-here/src/challenge/src/solution.cpp:40:39:[m[K [01;35m[Kwarning: [m[Kformat ‘[01m[K%d[m[K’ expects argument of type ‘[01m[Kint[m[K’, but argument 5 has type ‘[01m[Kgeometry_msgs::msg::Vector3_<std::allocator<void> >::_x_type[m[K’ {aka ‘[01m[Kdouble[m[K’} [[01;35m[K-Wformat=[m[K]
[1.645s]    40 |       RCLCPP_INFO(this->get_logger(), [01;35m[K"Publishing: '%d'"[m[K, [32m[Ktwist.linear.x[m[K);
[1.645s]       |                                       [01;35m[K^~~~~~~~~~~~~~~~~~[m[K  [32m[K~~~~~~~~~~~~~~[m[K
[1.645s]       |                                                                        [32m[K|[m[K
[1.645s]       |                                                                        [32m[Kgeometry_msgs::msg::Vector3_<std::allocator<void> >::_x_type {aka double}[m[K
[1.645s] [01m[K/home/strawberryshadow/Desktop/software-start-here/src/challenge/src/solution.cpp:40:54:[m[K [01;36m[Knote: [m[Kformat string is defined here
[1.645s]    40 |       RCLCPP_INFO(this->get_logger(), "Publishing: '[01;36m[K%d[m[K'", twist.linear.x);
[1.645s]       |                                                     [01;36m[K~^[m[K
[1.645s]       |                                                      [01;36m[K|[m[K
[1.645s]       |                                                      [01;36m[Kint[m[K
[1.645s]       |                                                     [32m[K%f[m[K
[2.929s] [100%] [32m[1mLinking CXX executable solution[0m
[3.053s] /usr/bin/ld: CMakeFiles/solution.dir/src/solution.cpp.o: in function `std::enable_if<rosidl_generator_traits::is_message<geometry_msgs::msg::Twist_<std::allocator<void> > >::value, rosidl_message_type_support_t const&>::type rclcpp::get_message_type_support_handle<geometry_msgs::msg::Twist_<std::allocator<void> > >()':
[3.054s] solution.cpp:(.text._ZN6rclcpp31get_message_type_support_handleIN13geometry_msgs3msg6Twist_ISaIvEEEEENSt9enable_ifIXsrN23rosidl_generator_traits10is_messageIT_EE5valueERK29rosidl_message_type_support_tE4typeEv[_ZN6rclcpp31get_message_type_support_handleIN13geometry_msgs3msg6Twist_ISaIvEEEEENSt9enable_ifIXsrN23rosidl_generator_traits10is_messageIT_EE5valueERK29rosidl_message_type_support_tE4typeEv]+0x10): undefined reference to `rosidl_message_type_support_t const* rosidl_typesupport_cpp::get_message_type_support_handle<geometry_msgs::msg::Twist_<std::allocator<void> > >()'
[3.054s] collect2: error: ld returned 1 exit status
[3.055s] make[2]: *** [CMakeFiles/solution.dir/build.make:139: solution] Error 1
[3.056s] make[1]: *** [CMakeFiles/Makefile2:78: CMakeFiles/solution.dir/all] Error 2
[3.056s] make: *** [Makefile:141: all] Error 2
[3.059s] Invoked command in '/home/strawberryshadow/Desktop/software-start-here/build/challenge' returned '2': CMAKE_PREFIX_PATH=${CMAKE_PREFIX_PATH}:/home/strawberryshadow/Desktop/triton/install/triton_teleop:/home/strawberryshadow/Desktop/triton/install/triton_pipeline:/home/strawberryshadow/Desktop/triton/install/triton_bringup:/opt/ros/rolling:/opt/ros/foxy /usr/bin/cmake --build /home/strawberryshadow/Desktop/software-start-here/build/challenge -- -j12 -l12
