[0.022s] Invoking command in '/home/krish/repos/software-start-here/build/challenge': CMAKE_PREFIX_PATH=${CMAKE_PREFIX_PATH}:/home/krish/repos/steelhead/install/triton_teleop:/home/krish/repos/steelhead/install/triton_pipeline:/home/krish/repos/steelhead/install/triton_bringup:/home/krish/ws/install/opencv_tests:/home/krish/ros2_ws/src/install/examples_rclpy_minimal_subscriber:/home/krish/ros2_ws/src/install/examples_rclpy_minimal_service:/home/krish/ros2_ws/src/install/examples_rclpy_minimal_publisher:/home/krish/ros2_ws/src/install/examples_rclpy_minimal_client:/home/krish/ros2_ws/src/install/examples_rclpy_minimal_action_server:/home/krish/ros2_ws/src/install/examples_rclpy_minimal_action_client:/home/krish/ros2_ws/src/install/examples_rclpy_executors:/opt/ros/foxy /usr/bin/cmake --build /home/krish/repos/software-start-here/build/challenge -- -j8 -l8
[0.143s] [35m[1mScanning dependencies of target solution[0m
[0.197s] [ 50%] [32mBuilding CXX object CMakeFiles/solution.dir/src/solution.cpp.o[0m
[3.336s] [100%] [32m[1mLinking CXX executable solution[0m
[3.564s] [100%] Built target solution
[3.577s] Invoked command in '/home/krish/repos/software-start-here/build/challenge' returned '0': CMAKE_PREFIX_PATH=${CMAKE_PREFIX_PATH}:/home/krish/repos/steelhead/install/triton_teleop:/home/krish/repos/steelhead/install/triton_pipeline:/home/krish/repos/steelhead/install/triton_bringup:/home/krish/ws/install/opencv_tests:/home/krish/ros2_ws/src/install/examples_rclpy_minimal_subscriber:/home/krish/ros2_ws/src/install/examples_rclpy_minimal_service:/home/krish/ros2_ws/src/install/examples_rclpy_minimal_publisher:/home/krish/ros2_ws/src/install/examples_rclpy_minimal_client:/home/krish/ros2_ws/src/install/examples_rclpy_minimal_action_server:/home/krish/ros2_ws/src/install/examples_rclpy_minimal_action_client:/home/krish/ros2_ws/src/install/examples_rclpy_executors:/opt/ros/foxy /usr/bin/cmake --build /home/krish/repos/software-start-here/build/challenge -- -j8 -l8
[3.592s] Invoking command in '/home/krish/repos/software-start-here/build/challenge': CMAKE_PREFIX_PATH=${CMAKE_PREFIX_PATH}:/home/krish/repos/steelhead/install/triton_teleop:/home/krish/repos/steelhead/install/triton_pipeline:/home/krish/repos/steelhead/install/triton_bringup:/home/krish/ws/install/opencv_tests:/home/krish/ros2_ws/src/install/examples_rclpy_minimal_subscriber:/home/krish/ros2_ws/src/install/examples_rclpy_minimal_service:/home/krish/ros2_ws/src/install/examples_rclpy_minimal_publisher:/home/krish/ros2_ws/src/install/examples_rclpy_minimal_client:/home/krish/ros2_ws/src/install/examples_rclpy_minimal_action_server:/home/krish/ros2_ws/src/install/examples_rclpy_minimal_action_client:/home/krish/ros2_ws/src/install/examples_rclpy_executors:/opt/ros/foxy /usr/bin/cmake --install /home/krish/repos/software-start-here/build/challenge
[3.601s] -- Install configuration: ""
[3.602s] -- Installing: /home/krish/repos/software-start-here/install/challenge/lib/challenge/solution
[3.603s] -- Set runtime path of "/home/krish/repos/software-start-here/install/challenge/lib/challenge/solution" to ""
[3.603s] -- Up-to-date: /home/krish/repos/software-start-here/install/challenge/share/ament_index/resource_index/package_run_dependencies/challenge
[3.603s] -- Up-to-date: /home/krish/repos/software-start-here/install/challenge/share/ament_index/resource_index/parent_prefix_path/challenge
[3.603s] -- Up-to-date: /home/krish/repos/software-start-here/install/challenge/share/challenge/environment/ament_prefix_path.sh
[3.603s] -- Up-to-date: /home/krish/repos/software-start-here/install/challenge/share/challenge/environment/ament_prefix_path.dsv
[3.603s] -- Up-to-date: /home/krish/repos/software-start-here/install/challenge/share/challenge/environment/path.sh
[3.603s] -- Up-to-date: /home/krish/repos/software-start-here/install/challenge/share/challenge/environment/path.dsv
[3.603s] -- Up-to-date: /home/krish/repos/software-start-here/install/challenge/share/challenge/local_setup.bash
[3.604s] -- Up-to-date: /home/krish/repos/software-start-here/install/challenge/share/challenge/local_setup.sh
[3.604s] -- Up-to-date: /home/krish/repos/software-start-here/install/challenge/share/challenge/local_setup.zsh
[3.604s] -- Up-to-date: /home/krish/repos/software-start-here/install/challenge/share/challenge/local_setup.dsv
[3.604s] -- Installing: /home/krish/repos/software-start-here/install/challenge/share/challenge/package.dsv
[3.604s] -- Up-to-date: /home/krish/repos/software-start-here/install/challenge/share/ament_index/resource_index/packages/challenge
[3.604s] -- Up-to-date: /home/krish/repos/software-start-here/install/challenge/share/challenge/cmake/challengeConfig.cmake
[3.604s] -- Up-to-date: /home/krish/repos/software-start-here/install/challenge/share/challenge/cmake/challengeConfig-version.cmake
[3.604s] -- Up-to-date: /home/krish/repos/software-start-here/install/challenge/share/challenge/package.xml
[3.606s] Invoked command in '/home/krish/repos/software-start-here/build/challenge' returned '0': CMAKE_PREFIX_PATH=${CMAKE_PREFIX_PATH}:/home/krish/repos/steelhead/install/triton_teleop:/home/krish/repos/steelhead/install/triton_pipeline:/home/krish/repos/steelhead/install/triton_bringup:/home/krish/ws/install/opencv_tests:/home/krish/ros2_ws/src/install/examples_rclpy_minimal_subscriber:/home/krish/ros2_ws/src/install/examples_rclpy_minimal_service:/home/krish/ros2_ws/src/install/examples_rclpy_minimal_publisher:/home/krish/ros2_ws/src/install/examples_rclpy_minimal_client:/home/krish/ros2_ws/src/install/examples_rclpy_minimal_action_server:/home/krish/ros2_ws/src/install/examples_rclpy_minimal_action_client:/home/krish/ros2_ws/src/install/examples_rclpy_executors:/opt/ros/foxy /usr/bin/cmake --install /home/krish/repos/software-start-here/build/challenge
