[0.019s] Invoking command in '/home/navrajb/software/software-start-here/build/challenge': CMAKE_PREFIX_PATH=${CMAKE_PREFIX_PATH}:/opt/ros/foxy /usr/bin/cmake --build /home/navrajb/software/software-start-here/build/challenge -- -j8 -l8
[0.050s] -- Found ament_cmake: 0.9.9 (/opt/ros/foxy/share/ament_cmake/cmake)
[0.072s] -- Using PYTHON_EXECUTABLE: /usr/bin/python3
[0.251s] -- Found geometry_msgs: 2.0.5 (/opt/ros/foxy/share/geometry_msgs/cmake)
[0.274s] -- Using all available rosidl_typesupport_c: rosidl_typesupport_fastrtps_c;rosidl_typesupport_introspection_c
[0.277s] -- Found rosidl_adapter: 1.2.1 (/opt/ros/foxy/share/rosidl_adapter/cmake)
[0.404s] -- Using all available rosidl_typesupport_cpp: rosidl_typesupport_fastrtps_cpp;rosidl_typesupport_introspection_cpp
[0.489s] -- Found rclcpp: 2.4.1 (/opt/ros/foxy/share/rclcpp/cmake)
[0.525s] -- Found rmw_implementation_cmake: 1.0.3 (/opt/ros/foxy/share/rmw_implementation_cmake/cmake)
[0.527s] -- Using RMW implementation 'rmw_fastrtps_cpp' as default
[0.667s] -- Found ament_lint_auto: 0.9.6 (/opt/ros/foxy/share/ament_lint_auto/cmake)
[0.731s] -- Added test 'copyright' to check source files copyright and LICENSE
[0.732s] -- Added test 'cppcheck' to perform static code analysis on C / C++ code
[0.732s] -- Configured cppcheck include dirs: $<BUILD_INTERFACE:/home/navrajb/software/software-start-here/src/challenge/include>
[0.732s] -- Configured cppcheck exclude dirs and/or files: 
[0.733s] -- Added test 'cpplint' to check C / C++ code against the Google style
[0.733s] -- Configured cpplint exclude dirs and/or files: 
[0.734s] -- Added test 'lint_cmake' to check CMake code style
[0.735s] -- Added test 'uncrustify' to check C / C++ code style
[0.735s] -- Configured uncrustify additional arguments: 
[0.735s] -- Added test 'xmllint' to check XML markup files
[0.738s] -- Configuring done
[0.747s] -- Generating done
[0.749s] -- Build files have been written to: /home/navrajb/software/software-start-here/build/challenge
[0.776s] [35m[1mScanning dependencies of target solution[0m
[0.788s] [ 50%] [32mBuilding CXX object CMakeFiles/solution.dir/src/solution.cpp.o[0m
[0.902s] [01m[K/home/navrajb/software/software-start-here/src/challenge/src/solution.cpp:9:10:[m[K [01;31m[Kfatal error: [m[Kgeometry_msgs: No such file or directory
[0.903s]     9 | #include [01;31m[K"geometry_msgs"[m[K
[0.903s]       |          [01;31m[K^~~~~~~~~~~~~~~[m[K
[0.903s] compilation terminated.
[0.907s] make[2]: *** [CMakeFiles/solution.dir/build.make:63: CMakeFiles/solution.dir/src/solution.cpp.o] Error 1
[0.907s] make[1]: *** [CMakeFiles/Makefile2:78: CMakeFiles/solution.dir/all] Error 2
[0.907s] make: *** [Makefile:141: all] Error 2
[0.910s] Invoked command in '/home/navrajb/software/software-start-here/build/challenge' returned '2': CMAKE_PREFIX_PATH=${CMAKE_PREFIX_PATH}:/opt/ros/foxy /usr/bin/cmake --build /home/navrajb/software/software-start-here/build/challenge -- -j8 -l8
