[0.093s] DEBUG:colcon:Command line arguments: ['/usr/bin/colcon', 'build']
[0.093s] DEBUG:colcon:Parsed command line arguments: Namespace(allow_overriding=[], ament_cmake_args=None, base_paths=['.'], build_base='build', catkin_cmake_args=None, catkin_skip_building_tests=False, cmake_args=None, cmake_clean_cache=False, cmake_clean_first=False, cmake_force_configure=False, cmake_target=None, cmake_target_skip_unavailable=False, continue_on_error=False, event_handlers=None, executor='parallel', ignore_user_meta=False, install_base='install', log_base=None, log_level=None, main=<bound method BuildVerb.main of <colcon_core.verb.build.BuildVerb object at 0x7ff78f4cef40>>, merge_install=False, metas=['./colcon.meta'], mixin=None, mixin_files=None, mixin_verb=('build',), packages_above=None, packages_above_and_dependencies=None, packages_above_depth=None, packages_end=None, packages_ignore=None, packages_ignore_regex=None, packages_select=None, packages_select_build_failed=False, packages_select_by_dep=None, packages_select_regex=None, packages_select_test_failures=False, packages_skip=None, packages_skip_build_finished=False, packages_skip_by_dep=None, packages_skip_regex=None, packages_skip_test_passed=False, packages_skip_up_to=None, packages_start=None, packages_up_to=None, packages_up_to_regex=None, parallel_workers=20, paths=None, symlink_install=False, test_result_base=None, verb_extension=<colcon_core.verb.build.BuildVerb object at 0x7ff78f4cef40>, verb_name='build', verb_parser=<colcon_mixin.mixin.mixin_argument.MixinArgumentDecorator object at 0x7ff78f4df580>)
[0.159s] Level 1:colcon.colcon_core.package_discovery:discover_packages(colcon_meta) check parameters
[0.159s] Level 1:colcon.colcon_core.package_discovery:discover_packages(recursive) check parameters
[0.159s] Level 1:colcon.colcon_core.package_discovery:discover_packages(ignore) check parameters
[0.159s] Level 1:colcon.colcon_core.package_discovery:discover_packages(path) check parameters
[0.159s] Level 1:colcon.colcon_core.package_discovery:discover_packages(colcon_meta) discover
[0.159s] Level 1:colcon.colcon_core.package_discovery:discover_packages(recursive) discover
[0.159s] INFO:colcon.colcon_core.package_discovery:Crawling recursively for packages in '/home/dorson/Documents/github/software-start-here'
[0.159s] Level 1:colcon.colcon_core.package_identification:_identify(.) by extensions ['ignore', 'ignore_ament_install']
[0.160s] Level 1:colcon.colcon_core.package_identification:_identify(.) by extension 'ignore'
[0.160s] Level 1:colcon.colcon_core.package_identification:_identify(.) by extension 'ignore_ament_install'
[0.160s] Level 1:colcon.colcon_core.package_identification:_identify(.) by extensions ['colcon_pkg']
[0.160s] Level 1:colcon.colcon_core.package_identification:_identify(.) by extension 'colcon_pkg'
[0.160s] Level 1:colcon.colcon_core.package_identification:_identify(.) by extensions ['colcon_meta']
[0.160s] Level 1:colcon.colcon_core.package_identification:_identify(.) by extension 'colcon_meta'
[0.160s] Level 1:colcon.colcon_core.package_identification:_identify(.) by extensions ['ros']
[0.160s] Level 1:colcon.colcon_core.package_identification:_identify(.) by extension 'ros'
[0.165s] Level 1:colcon.colcon_core.package_identification:_identify(.) by extensions ['cmake', 'python']
[0.165s] Level 1:colcon.colcon_core.package_identification:_identify(.) by extension 'cmake'
[0.165s] Level 1:colcon.colcon_core.package_identification:_identify(.) by extension 'python'
[0.165s] Level 1:colcon.colcon_core.package_identification:_identify(.) by extensions ['python_setup_py']
[0.165s] Level 1:colcon.colcon_core.package_identification:_identify(.) by extension 'python_setup_py'
[0.166s] Level 1:colcon.colcon_core.package_identification:_identify(build) by extensions ['ignore', 'ignore_ament_install']
[0.166s] Level 1:colcon.colcon_core.package_identification:_identify(build) by extension 'ignore'
[0.166s] Level 1:colcon.colcon_core.package_identification:_identify(build) ignored
[0.166s] Level 1:colcon.colcon_core.package_identification:_identify(challenge) by extensions ['ignore', 'ignore_ament_install']
[0.166s] Level 1:colcon.colcon_core.package_identification:_identify(challenge) by extension 'ignore'
[0.166s] Level 1:colcon.colcon_core.package_identification:_identify(challenge) by extension 'ignore_ament_install'
[0.166s] Level 1:colcon.colcon_core.package_identification:_identify(challenge) by extensions ['colcon_pkg']
[0.166s] Level 1:colcon.colcon_core.package_identification:_identify(challenge) by extension 'colcon_pkg'
[0.166s] Level 1:colcon.colcon_core.package_identification:_identify(challenge) by extensions ['colcon_meta']
[0.166s] Level 1:colcon.colcon_core.package_identification:_identify(challenge) by extension 'colcon_meta'
[0.166s] Level 1:colcon.colcon_core.package_identification:_identify(challenge) by extensions ['ros']
[0.166s] Level 1:colcon.colcon_core.package_identification:_identify(challenge) by extension 'ros'
[0.167s] DEBUG:colcon.colcon_core.package_identification:Package 'challenge' with type 'ros.ament_cmake' and name 'challenge'
[0.167s] Level 1:colcon.colcon_core.package_identification:_identify(install) by extensions ['ignore', 'ignore_ament_install']
[0.167s] Level 1:colcon.colcon_core.package_identification:_identify(install) by extension 'ignore'
[0.167s] Level 1:colcon.colcon_core.package_identification:_identify(install) ignored
[0.167s] Level 1:colcon.colcon_core.package_identification:_identify(log) by extensions ['ignore', 'ignore_ament_install']
[0.167s] Level 1:colcon.colcon_core.package_identification:_identify(log) by extension 'ignore'
[0.167s] Level 1:colcon.colcon_core.package_identification:_identify(log) ignored
[0.167s] Level 1:colcon.colcon_core.package_discovery:discover_packages(recursive) using defaults
[0.167s] Level 1:colcon.colcon_core.package_discovery:discover_packages(ignore) discover
[0.167s] Level 1:colcon.colcon_core.package_discovery:discover_packages(ignore) using defaults
[0.167s] Level 1:colcon.colcon_core.package_discovery:discover_packages(path) discover
[0.167s] Level 1:colcon.colcon_core.package_discovery:discover_packages(path) using defaults
[0.176s] Level 1:colcon.colcon_core.package_discovery:discover_packages(prefix_path) check parameters
[0.176s] Level 1:colcon.colcon_core.package_discovery:discover_packages(prefix_path) discover
[0.177s] DEBUG:colcon.colcon_installed_package_information.package_discovery:Found 1 installed packages in /home/dorson/Documents/github/software-start-here/install
[0.178s] DEBUG:colcon.colcon_installed_package_information.package_discovery:Found 270 installed packages in /opt/ros/foxy
[0.178s] Level 1:colcon.colcon_core.package_discovery:discover_packages(prefix_path) using defaults
[0.211s] Level 5:colcon.colcon_core.verb:set package 'challenge' build argument 'cmake_args' from command line to 'None'
[0.211s] Level 5:colcon.colcon_core.verb:set package 'challenge' build argument 'cmake_target' from command line to 'None'
[0.211s] Level 5:colcon.colcon_core.verb:set package 'challenge' build argument 'cmake_target_skip_unavailable' from command line to 'False'
[0.211s] Level 5:colcon.colcon_core.verb:set package 'challenge' build argument 'cmake_clean_cache' from command line to 'False'
[0.211s] Level 5:colcon.colcon_core.verb:set package 'challenge' build argument 'cmake_clean_first' from command line to 'False'
[0.211s] Level 5:colcon.colcon_core.verb:set package 'challenge' build argument 'cmake_force_configure' from command line to 'False'
[0.211s] Level 5:colcon.colcon_core.verb:set package 'challenge' build argument 'ament_cmake_args' from command line to 'None'
[0.211s] Level 5:colcon.colcon_core.verb:set package 'challenge' build argument 'catkin_cmake_args' from command line to 'None'
[0.211s] Level 5:colcon.colcon_core.verb:set package 'challenge' build argument 'catkin_skip_building_tests' from command line to 'False'
[0.211s] DEBUG:colcon.colcon_core.verb:Building package 'challenge' with the following arguments: {'ament_cmake_args': None, 'build_base': '/home/dorson/Documents/github/software-start-here/build/challenge', 'catkin_cmake_args': None, 'catkin_skip_building_tests': False, 'cmake_args': None, 'cmake_clean_cache': False, 'cmake_clean_first': False, 'cmake_force_configure': False, 'cmake_target': None, 'cmake_target_skip_unavailable': False, 'install_base': '/home/dorson/Documents/github/software-start-here/install/challenge', 'merge_install': False, 'path': '/home/dorson/Documents/github/software-start-here/challenge', 'symlink_install': False, 'test_result_base': None}
[0.211s] INFO:colcon.colcon_core.executor:Executing jobs using 'parallel' executor
[0.212s] DEBUG:colcon.colcon_parallel_executor.executor.parallel:run_until_complete
[0.212s] INFO:colcon.colcon_ros.task.ament_cmake.build:Building ROS package in '/home/dorson/Documents/github/software-start-here/challenge' with build type 'ament_cmake'
[0.212s] INFO:colcon.colcon_cmake.task.cmake.build:Building CMake package in '/home/dorson/Documents/github/software-start-here/challenge'
[0.213s] INFO:colcon.colcon_core.plugin_system:Skipping extension 'colcon_core.shell.bat': Not used on non-Windows systems
[0.213s] INFO:colcon.colcon_core.shell:Skip shell extension 'powershell' for command environment: Not usable outside of PowerShell
[0.213s] DEBUG:colcon.colcon_core.shell:Skip shell extension 'dsv' for command environment
[0.220s] DEBUG:colcon.colcon_core.event_handler.log_command:Invoking command in '/home/dorson/Documents/github/software-start-here/build/challenge': CMAKE_PREFIX_PATH=${CMAKE_PREFIX_PATH}:/opt/ros/foxy /usr/bin/cmake --build /home/dorson/Documents/github/software-start-here/build/challenge -- -j20 -l20
[1.811s] DEBUG:colcon.colcon_core.event_handler.log_command:Invoked command in '/home/dorson/Documents/github/software-start-here/build/challenge' returned '0': CMAKE_PREFIX_PATH=${CMAKE_PREFIX_PATH}:/opt/ros/foxy /usr/bin/cmake --build /home/dorson/Documents/github/software-start-here/build/challenge -- -j20 -l20
[1.830s] DEBUG:colcon.colcon_core.event_handler.log_command:Invoking command in '/home/dorson/Documents/github/software-start-here/build/challenge': CMAKE_PREFIX_PATH=${CMAKE_PREFIX_PATH}:/opt/ros/foxy /usr/bin/cmake --install /home/dorson/Documents/github/software-start-here/build/challenge
[1.838s] Level 1:colcon.colcon_core.environment:create_environment_scripts_only(challenge)
[1.839s] DEBUG:colcon.colcon_core.event_handler.log_command:Invoked command in '/home/dorson/Documents/github/software-start-here/build/challenge' returned '0': CMAKE_PREFIX_PATH=${CMAKE_PREFIX_PATH}:/opt/ros/foxy /usr/bin/cmake --install /home/dorson/Documents/github/software-start-here/build/challenge
[1.840s] Level 1:colcon.colcon_core.environment:checking '/home/dorson/Documents/github/software-start-here/install/challenge' for CMake module files
[1.841s] Level 1:colcon.colcon_core.environment:checking '/home/dorson/Documents/github/software-start-here/install/challenge' for CMake config files
[1.841s] Level 1:colcon.colcon_core.shell:create_environment_hook('challenge', 'cmake_prefix_path')
[1.841s] INFO:colcon.colcon_core.shell:Creating environment hook '/home/dorson/Documents/github/software-start-here/install/challenge/share/challenge/hook/cmake_prefix_path.ps1'
[1.841s] INFO:colcon.colcon_core.shell:Creating environment descriptor '/home/dorson/Documents/github/software-start-here/install/challenge/share/challenge/hook/cmake_prefix_path.dsv'
[1.842s] INFO:colcon.colcon_core.shell:Creating environment hook '/home/dorson/Documents/github/software-start-here/install/challenge/share/challenge/hook/cmake_prefix_path.sh'
[1.842s] Level 1:colcon.colcon_core.environment:checking '/home/dorson/Documents/github/software-start-here/install/challenge/lib'
[1.842s] Level 1:colcon.colcon_core.environment:checking '/home/dorson/Documents/github/software-start-here/install/challenge/bin'
[1.842s] Level 1:colcon.colcon_core.environment:checking '/home/dorson/Documents/github/software-start-here/install/challenge/lib/pkgconfig/challenge.pc'
[1.843s] Level 1:colcon.colcon_core.environment:checking '/home/dorson/Documents/github/software-start-here/install/challenge/lib/python3.8/site-packages'
[1.843s] Level 1:colcon.colcon_core.environment:checking '/home/dorson/Documents/github/software-start-here/install/challenge/bin'
[1.843s] INFO:colcon.colcon_core.shell:Creating package script '/home/dorson/Documents/github/software-start-here/install/challenge/share/challenge/package.ps1'
[1.843s] INFO:colcon.colcon_core.shell:Creating package descriptor '/home/dorson/Documents/github/software-start-here/install/challenge/share/challenge/package.dsv'
[1.843s] INFO:colcon.colcon_core.shell:Creating package script '/home/dorson/Documents/github/software-start-here/install/challenge/share/challenge/package.sh'
[1.844s] INFO:colcon.colcon_core.shell:Creating package script '/home/dorson/Documents/github/software-start-here/install/challenge/share/challenge/package.bash'
[1.844s] INFO:colcon.colcon_core.shell:Creating package script '/home/dorson/Documents/github/software-start-here/install/challenge/share/challenge/package.zsh'
[1.844s] Level 1:colcon.colcon_core.environment:create_file_with_runtime_dependencies(/home/dorson/Documents/github/software-start-here/install/challenge/share/colcon-core/packages/challenge)
[1.856s] Level 1:colcon.colcon_core.environment:create_environment_scripts_only(challenge)
[1.857s] Level 1:colcon.colcon_core.environment:checking '/home/dorson/Documents/github/software-start-here/install/challenge' for CMake module files
[1.857s] Level 1:colcon.colcon_core.environment:checking '/home/dorson/Documents/github/software-start-here/install/challenge' for CMake config files
[1.857s] Level 1:colcon.colcon_core.shell:create_environment_hook('challenge', 'cmake_prefix_path')
[1.857s] INFO:colcon.colcon_core.shell:Creating environment hook '/home/dorson/Documents/github/software-start-here/install/challenge/share/challenge/hook/cmake_prefix_path.ps1'
[1.857s] INFO:colcon.colcon_core.shell:Creating environment descriptor '/home/dorson/Documents/github/software-start-here/install/challenge/share/challenge/hook/cmake_prefix_path.dsv'
[1.858s] INFO:colcon.colcon_core.shell:Creating environment hook '/home/dorson/Documents/github/software-start-here/install/challenge/share/challenge/hook/cmake_prefix_path.sh'
[1.858s] Level 1:colcon.colcon_core.environment:checking '/home/dorson/Documents/github/software-start-here/install/challenge/lib'
[1.858s] Level 1:colcon.colcon_core.environment:checking '/home/dorson/Documents/github/software-start-here/install/challenge/bin'
[1.858s] Level 1:colcon.colcon_core.environment:checking '/home/dorson/Documents/github/software-start-here/install/challenge/lib/pkgconfig/challenge.pc'
[1.858s] Level 1:colcon.colcon_core.environment:checking '/home/dorson/Documents/github/software-start-here/install/challenge/lib/python3.8/site-packages'
[1.858s] Level 1:colcon.colcon_core.environment:checking '/home/dorson/Documents/github/software-start-here/install/challenge/bin'
[1.858s] INFO:colcon.colcon_core.shell:Creating package script '/home/dorson/Documents/github/software-start-here/install/challenge/share/challenge/package.ps1'
[1.859s] INFO:colcon.colcon_core.shell:Creating package descriptor '/home/dorson/Documents/github/software-start-here/install/challenge/share/challenge/package.dsv'
[1.859s] INFO:colcon.colcon_core.shell:Creating package script '/home/dorson/Documents/github/software-start-here/install/challenge/share/challenge/package.sh'
[1.859s] INFO:colcon.colcon_core.shell:Creating package script '/home/dorson/Documents/github/software-start-here/install/challenge/share/challenge/package.bash'
[1.859s] INFO:colcon.colcon_core.shell:Creating package script '/home/dorson/Documents/github/software-start-here/install/challenge/share/challenge/package.zsh'
[1.859s] Level 1:colcon.colcon_core.environment:create_file_with_runtime_dependencies(/home/dorson/Documents/github/software-start-here/install/challenge/share/colcon-core/packages/challenge)
[1.860s] DEBUG:colcon.colcon_parallel_executor.executor.parallel:closing loop
[1.860s] DEBUG:colcon.colcon_parallel_executor.executor.parallel:loop closed
[1.860s] DEBUG:colcon.colcon_parallel_executor.executor.parallel:run_until_complete finished with '0'
[1.860s] DEBUG:colcon.colcon_core.event_reactor:joining thread
[1.863s] INFO:colcon.colcon_core.plugin_system:Skipping extension 'colcon_notification.desktop_notification.terminal_notifier': Not used on non-Darwin systems
[1.863s] INFO:colcon.colcon_core.plugin_system:Skipping extension 'colcon_notification.desktop_notification.win32': Not used on non-Windows systems
[1.863s] INFO:colcon.colcon_notification.desktop_notification:Sending desktop notification using 'notify2'
[1.876s] DEBUG:colcon.colcon_core.event_reactor:joined thread
[1.876s] INFO:colcon.colcon_core.shell:Creating prefix script '/home/dorson/Documents/github/software-start-here/install/local_setup.ps1'
[1.877s] INFO:colcon.colcon_core.shell:Creating prefix util module '/home/dorson/Documents/github/software-start-here/install/_local_setup_util_ps1.py'
[1.878s] INFO:colcon.colcon_core.shell:Creating prefix chain script '/home/dorson/Documents/github/software-start-here/install/setup.ps1'
[1.878s] INFO:colcon.colcon_core.shell:Creating prefix script '/home/dorson/Documents/github/software-start-here/install/local_setup.sh'
[1.878s] INFO:colcon.colcon_core.shell:Creating prefix util module '/home/dorson/Documents/github/software-start-here/install/_local_setup_util_sh.py'
[1.879s] INFO:colcon.colcon_core.shell:Creating prefix chain script '/home/dorson/Documents/github/software-start-here/install/setup.sh'
[1.879s] INFO:colcon.colcon_core.shell:Creating prefix script '/home/dorson/Documents/github/software-start-here/install/local_setup.bash'
[1.880s] INFO:colcon.colcon_core.shell:Creating prefix chain script '/home/dorson/Documents/github/software-start-here/install/setup.bash'
[1.880s] INFO:colcon.colcon_core.shell:Creating prefix script '/home/dorson/Documents/github/software-start-here/install/local_setup.zsh'
[1.880s] INFO:colcon.colcon_core.shell:Creating prefix chain script '/home/dorson/Documents/github/software-start-here/install/setup.zsh'
