[0.018s] Invoking command in '/home/navrajb/software/software-start-here/build/challenge': CMAKE_PREFIX_PATH=/opt/ros/foxy /usr/bin/cmake --build /home/navrajb/software/software-start-here/build/challenge -- -j8 -l8
[0.069s] [35m[1mScanning dependencies of target solution[0m
[0.103s] [ 50%] [32mBuilding CXX object CMakeFiles/solution.dir/src/solution.cpp.o[0m
[3.174s] [100%] [32m[1mLinking CXX executable solution[0m
[3.407s] [100%] Built target solution
[3.421s] Invoked command in '/home/navrajb/software/software-start-here/build/challenge' returned '0': CMAKE_PREFIX_PATH=/opt/ros/foxy /usr/bin/cmake --build /home/navrajb/software/software-start-here/build/challenge -- -j8 -l8
[3.467s] Invoking command in '/home/navrajb/software/software-start-here/build/challenge': CMAKE_PREFIX_PATH=/opt/ros/foxy /usr/bin/cmake --install /home/navrajb/software/software-start-here/build/challenge
[3.482s] -- Install configuration: ""
[3.482s] -- Installing: /home/navrajb/software/software-start-here/install/challenge/lib/challenge/solution
[3.488s] -- Set runtime path of "/home/navrajb/software/software-start-here/install/challenge/lib/challenge/solution" to ""
[3.489s] -- Installing: /home/navrajb/software/software-start-here/install/challenge/share/ament_index/resource_index/package_run_dependencies/challenge
[3.490s] -- Installing: /home/navrajb/software/software-start-here/install/challenge/share/ament_index/resource_index/parent_prefix_path/challenge
[3.492s] -- Installing: /home/navrajb/software/software-start-here/install/challenge/share/challenge/environment/ament_prefix_path.sh
[3.493s] -- Installing: /home/navrajb/software/software-start-here/install/challenge/share/challenge/environment/ament_prefix_path.dsv
[3.494s] -- Installing: /home/navrajb/software/software-start-here/install/challenge/share/challenge/environment/path.sh
[3.495s] -- Installing: /home/navrajb/software/software-start-here/install/challenge/share/challenge/environment/path.dsv
[3.496s] -- Installing: /home/navrajb/software/software-start-here/install/challenge/share/challenge/local_setup.bash
[3.497s] -- Installing: /home/navrajb/software/software-start-here/install/challenge/share/challenge/local_setup.sh
[3.497s] -- Installing: /home/navrajb/software/software-start-here/install/challenge/share/challenge/local_setup.zsh
[3.498s] -- Installing: /home/navrajb/software/software-start-here/install/challenge/share/challenge/local_setup.dsv
[3.499s] -- Installing: /home/navrajb/software/software-start-here/install/challenge/share/challenge/package.dsv
[3.500s] -- Installing: /home/navrajb/software/software-start-here/install/challenge/share/ament_index/resource_index/packages/challenge
[3.500s] -- Installing: /home/navrajb/software/software-start-here/install/challenge/share/challenge/cmake/challengeConfig.cmake
[3.501s] -- Installing: /home/navrajb/software/software-start-here/install/challenge/share/challenge/cmake/challengeConfig-version.cmake
[3.502s] -- Installing: /home/navrajb/software/software-start-here/install/challenge/share/challenge/package.xml
[3.508s] Invoked command in '/home/navrajb/software/software-start-here/build/challenge' returned '0': CMAKE_PREFIX_PATH=/opt/ros/foxy /usr/bin/cmake --install /home/navrajb/software/software-start-here/build/challenge
