[0.298s] DEBUG:colcon:Command line arguments: ['/usr/bin/colcon', 'build', '--packages-select', 'challenge']
[0.298s] DEBUG:colcon:Parsed command line arguments: Namespace(ament_cmake_args=None, base_paths=['.'], build_base='build', catkin_cmake_args=None, catkin_skip_building_tests=False, cmake_args=None, cmake_clean_cache=False, cmake_clean_first=False, cmake_force_configure=False, cmake_target=None, cmake_target_skip_unavailable=False, continue_on_error=False, event_handlers=None, executor='parallel', ignore_user_meta=False, install_base='install', log_base=None, log_level=None, main=<bound method BuildVerb.main of <colcon_core.verb.build.BuildVerb object at 0x7fbc46157c10>>, merge_install=False, metas=['./colcon.meta'], packages_above=None, packages_above_and_dependencies=None, packages_above_depth=None, packages_end=None, packages_ignore=None, packages_ignore_regex=None, packages_select=['challenge'], packages_select_build_failed=False, packages_select_by_dep=None, packages_select_regex=None, packages_select_test_failures=False, packages_skip=None, packages_skip_build_finished=False, packages_skip_by_dep=None, packages_skip_regex=None, packages_skip_test_passed=False, packages_skip_up_to=None, packages_start=None, packages_up_to=None, packages_up_to_regex=None, parallel_workers=2, paths=None, symlink_install=False, test_result_base=None, verb_extension=<colcon_core.verb.build.BuildVerb object at 0x7fbc46157c10>, verb_name='build', verb_parser=<colcon_defaults.argument_parser.defaults.DefaultArgumentsDecorator object at 0x7fbc461631c0>)
[0.304s] Level 1:colcon.colcon_core.package_discovery:discover_packages(colcon_meta) check parameters
[0.304s] Level 1:colcon.colcon_core.package_discovery:discover_packages(recursive) check parameters
[0.304s] Level 1:colcon.colcon_core.package_discovery:discover_packages(ignore) check parameters
[0.304s] Level 1:colcon.colcon_core.package_discovery:discover_packages(path) check parameters
[0.304s] Level 1:colcon.colcon_core.package_discovery:discover_packages(colcon_meta) discover
[0.304s] Level 1:colcon.colcon_core.package_discovery:discover_packages(recursive) discover
[0.304s] INFO:colcon.colcon_core.package_discovery:Crawling recursively for packages in '/home/itaiboss/ros2_ws/src'
[0.304s] Level 1:colcon.colcon_core.package_identification:_identify(.) by extensions ['ignore', 'ignore_ament_install']
[0.304s] Level 1:colcon.colcon_core.package_identification:_identify(.) by extension 'ignore'
[0.305s] Level 1:colcon.colcon_core.package_identification:_identify(.) by extension 'ignore_ament_install'
[0.305s] Level 1:colcon.colcon_core.package_identification:_identify(.) by extensions ['colcon_pkg']
[0.305s] Level 1:colcon.colcon_core.package_identification:_identify(.) by extension 'colcon_pkg'
[0.305s] Level 1:colcon.colcon_core.package_identification:_identify(.) by extensions ['colcon_meta']
[0.305s] Level 1:colcon.colcon_core.package_identification:_identify(.) by extension 'colcon_meta'
[0.305s] Level 1:colcon.colcon_core.package_identification:_identify(.) by extensions ['ros']
[0.305s] Level 1:colcon.colcon_core.package_identification:_identify(.) by extension 'ros'
[0.319s] Level 1:colcon.colcon_core.package_identification:_identify(.) by extensions ['cmake', 'python']
[0.319s] Level 1:colcon.colcon_core.package_identification:_identify(.) by extension 'cmake'
[0.319s] Level 1:colcon.colcon_core.package_identification:_identify(.) by extension 'python'
[0.319s] Level 1:colcon.colcon_core.package_identification:_identify(.) by extensions ['python_setup_py']
[0.319s] Level 1:colcon.colcon_core.package_identification:_identify(.) by extension 'python_setup_py'
[0.320s] Level 1:colcon.colcon_core.package_identification:_identify(build) by extensions ['ignore', 'ignore_ament_install']
[0.320s] Level 1:colcon.colcon_core.package_identification:_identify(build) by extension 'ignore'
[0.320s] Level 1:colcon.colcon_core.package_identification:_identify(build) ignored
[0.320s] Level 1:colcon.colcon_core.package_identification:_identify(challenge) by extensions ['ignore', 'ignore_ament_install']
[0.320s] Level 1:colcon.colcon_core.package_identification:_identify(challenge) by extension 'ignore'
[0.320s] Level 1:colcon.colcon_core.package_identification:_identify(challenge) by extension 'ignore_ament_install'
[0.320s] Level 1:colcon.colcon_core.package_identification:_identify(challenge) by extensions ['colcon_pkg']
[0.320s] Level 1:colcon.colcon_core.package_identification:_identify(challenge) by extension 'colcon_pkg'
[0.320s] Level 1:colcon.colcon_core.package_identification:_identify(challenge) by extensions ['colcon_meta']
[0.320s] Level 1:colcon.colcon_core.package_identification:_identify(challenge) by extension 'colcon_meta'
[0.320s] Level 1:colcon.colcon_core.package_identification:_identify(challenge) by extensions ['ros']
[0.320s] Level 1:colcon.colcon_core.package_identification:_identify(challenge) by extension 'ros'
[0.324s] DEBUG:colcon.colcon_core.package_identification:Package 'challenge' with type 'ros.ament_cmake' and name 'challenge'
[0.324s] Level 1:colcon.colcon_core.package_identification:_identify(install) by extensions ['ignore', 'ignore_ament_install']
[0.324s] Level 1:colcon.colcon_core.package_identification:_identify(install) by extension 'ignore'
[0.324s] Level 1:colcon.colcon_core.package_identification:_identify(install) ignored
[0.324s] Level 1:colcon.colcon_core.package_identification:_identify(log) by extensions ['ignore', 'ignore_ament_install']
[0.324s] Level 1:colcon.colcon_core.package_identification:_identify(log) by extension 'ignore'
[0.324s] Level 1:colcon.colcon_core.package_identification:_identify(log) ignored
[0.324s] Level 1:colcon.colcon_core.package_discovery:discover_packages(recursive) using defaults
[0.324s] Level 1:colcon.colcon_core.package_discovery:discover_packages(ignore) discover
[0.324s] Level 1:colcon.colcon_core.package_discovery:discover_packages(ignore) using defaults
[0.324s] Level 1:colcon.colcon_core.package_discovery:discover_packages(path) discover
[0.325s] Level 1:colcon.colcon_core.package_discovery:discover_packages(path) using defaults
[0.345s] Level 5:colcon.colcon_core.verb:set package 'challenge' build argument 'cmake_args' from command line to 'None'
[0.345s] Level 5:colcon.colcon_core.verb:set package 'challenge' build argument 'cmake_target' from command line to 'None'
[0.345s] Level 5:colcon.colcon_core.verb:set package 'challenge' build argument 'cmake_target_skip_unavailable' from command line to 'False'
[0.345s] Level 5:colcon.colcon_core.verb:set package 'challenge' build argument 'cmake_clean_cache' from command line to 'False'
[0.345s] Level 5:colcon.colcon_core.verb:set package 'challenge' build argument 'cmake_clean_first' from command line to 'False'
[0.345s] Level 5:colcon.colcon_core.verb:set package 'challenge' build argument 'cmake_force_configure' from command line to 'False'
[0.346s] Level 5:colcon.colcon_core.verb:set package 'challenge' build argument 'ament_cmake_args' from command line to 'None'
[0.346s] Level 5:colcon.colcon_core.verb:set package 'challenge' build argument 'catkin_cmake_args' from command line to 'None'
[0.346s] Level 5:colcon.colcon_core.verb:set package 'challenge' build argument 'catkin_skip_building_tests' from command line to 'False'
[0.346s] DEBUG:colcon.colcon_core.verb:Building package 'challenge' with the following arguments: {'ament_cmake_args': None, 'build_base': '/home/itaiboss/ros2_ws/src/build/challenge', 'catkin_cmake_args': None, 'catkin_skip_building_tests': False, 'cmake_args': None, 'cmake_clean_cache': False, 'cmake_clean_first': False, 'cmake_force_configure': False, 'cmake_target': None, 'cmake_target_skip_unavailable': False, 'install_base': '/home/itaiboss/ros2_ws/src/install/challenge', 'merge_install': False, 'path': '/home/itaiboss/ros2_ws/src/challenge', 'symlink_install': False, 'test_result_base': None}
[0.346s] INFO:colcon.colcon_core.executor:Executing jobs using 'parallel' executor
[0.349s] DEBUG:colcon.colcon_parallel_executor.executor.parallel:run_until_complete
[0.350s] INFO:colcon.colcon_ros.task.ament_cmake.build:Building ROS package in '/home/itaiboss/ros2_ws/src/challenge' with build type 'ament_cmake'
[0.350s] INFO:colcon.colcon_cmake.task.cmake.build:Building CMake package in '/home/itaiboss/ros2_ws/src/challenge'
[0.355s] INFO:colcon.colcon_core.plugin_system:Skipping extension 'colcon_core.shell.bat': Not used on non-Windows systems
[0.355s] INFO:colcon.colcon_core.shell:Skip shell extension 'powershell' for command environment: Not usable outside of PowerShell
[0.355s] DEBUG:colcon.colcon_core.shell:Skip shell extension 'dsv' for command environment
[0.361s] DEBUG:colcon.colcon_core.shell:Ignoring prefix path '/opt/ros/foxy'
[0.391s] DEBUG:colcon.colcon_core.event_handler.log_command:Invoking command in '/home/itaiboss/ros2_ws/src/build/challenge': CMAKE_PREFIX_PATH=${CMAKE_PREFIX_PATH}:/opt/ros/foxy /usr/bin/cmake --build /home/itaiboss/ros2_ws/src/build/challenge -- -j2 -l2
[4.601s] DEBUG:colcon.colcon_core.event_handler.log_command:Invoked command in '/home/itaiboss/ros2_ws/src/build/challenge' returned '0': CMAKE_PREFIX_PATH=${CMAKE_PREFIX_PATH}:/opt/ros/foxy /usr/bin/cmake --build /home/itaiboss/ros2_ws/src/build/challenge -- -j2 -l2
[4.667s] DEBUG:colcon.colcon_core.event_handler.log_command:Invoking command in '/home/itaiboss/ros2_ws/src/build/challenge': CMAKE_PREFIX_PATH=${CMAKE_PREFIX_PATH}:/opt/ros/foxy /usr/bin/cmake --install /home/itaiboss/ros2_ws/src/build/challenge
[4.712s] Level 1:colcon.colcon_core.environment:create_environment_scripts_only(challenge)
[4.721s] Level 1:colcon.colcon_core.environment:checking '/home/itaiboss/ros2_ws/src/install/challenge' for CMake module files
[4.722s] Level 1:colcon.colcon_core.environment:checking '/home/itaiboss/ros2_ws/src/install/challenge' for CMake config files
[4.723s] DEBUG:colcon.colcon_core.event_handler.log_command:Invoked command in '/home/itaiboss/ros2_ws/src/build/challenge' returned '0': CMAKE_PREFIX_PATH=${CMAKE_PREFIX_PATH}:/opt/ros/foxy /usr/bin/cmake --install /home/itaiboss/ros2_ws/src/build/challenge
[4.723s] Level 1:colcon.colcon_core.shell:create_environment_hook('challenge', 'cmake_prefix_path')
[4.724s] INFO:colcon.colcon_core.shell:Creating environment hook '/home/itaiboss/ros2_ws/src/install/challenge/share/challenge/hook/cmake_prefix_path.ps1'
[4.726s] INFO:colcon.colcon_core.shell:Creating environment descriptor '/home/itaiboss/ros2_ws/src/install/challenge/share/challenge/hook/cmake_prefix_path.dsv'
[4.727s] INFO:colcon.colcon_core.shell:Creating environment hook '/home/itaiboss/ros2_ws/src/install/challenge/share/challenge/hook/cmake_prefix_path.sh'
[4.729s] Level 1:colcon.colcon_core.environment:checking '/home/itaiboss/ros2_ws/src/install/challenge/lib'
[4.729s] Level 1:colcon.colcon_core.environment:checking '/home/itaiboss/ros2_ws/src/install/challenge/bin'
[4.729s] Level 1:colcon.colcon_core.environment:checking '/home/itaiboss/ros2_ws/src/install/challenge/lib/pkgconfig/challenge.pc'
[4.729s] Level 1:colcon.colcon_core.environment:checking '/home/itaiboss/ros2_ws/src/install/challenge/lib/python3.8/site-packages'
[4.731s] INFO:colcon.colcon_core.shell:Creating package script '/home/itaiboss/ros2_ws/src/install/challenge/share/challenge/package.ps1'
[4.732s] INFO:colcon.colcon_core.shell:Creating package descriptor '/home/itaiboss/ros2_ws/src/install/challenge/share/challenge/package.dsv'
[4.733s] INFO:colcon.colcon_core.shell:Creating package script '/home/itaiboss/ros2_ws/src/install/challenge/share/challenge/package.sh'
[4.735s] INFO:colcon.colcon_core.shell:Creating package script '/home/itaiboss/ros2_ws/src/install/challenge/share/challenge/package.bash'
[4.736s] INFO:colcon.colcon_core.shell:Creating package script '/home/itaiboss/ros2_ws/src/install/challenge/share/challenge/package.zsh'
[4.738s] Level 1:colcon.colcon_core.environment:create_file_with_runtime_dependencies(/home/itaiboss/ros2_ws/src/install/challenge/share/colcon-core/packages/challenge)
[4.813s] Level 1:colcon.colcon_core.environment:create_environment_scripts_only(challenge)
[4.814s] Level 1:colcon.colcon_core.environment:checking '/home/itaiboss/ros2_ws/src/install/challenge' for CMake module files
[4.814s] Level 1:colcon.colcon_core.environment:checking '/home/itaiboss/ros2_ws/src/install/challenge' for CMake config files
[4.815s] Level 1:colcon.colcon_core.shell:create_environment_hook('challenge', 'cmake_prefix_path')
[4.815s] INFO:colcon.colcon_core.shell:Creating environment hook '/home/itaiboss/ros2_ws/src/install/challenge/share/challenge/hook/cmake_prefix_path.ps1'
[4.816s] INFO:colcon.colcon_core.shell:Creating environment descriptor '/home/itaiboss/ros2_ws/src/install/challenge/share/challenge/hook/cmake_prefix_path.dsv'
[4.816s] INFO:colcon.colcon_core.shell:Creating environment hook '/home/itaiboss/ros2_ws/src/install/challenge/share/challenge/hook/cmake_prefix_path.sh'
[4.817s] Level 1:colcon.colcon_core.environment:checking '/home/itaiboss/ros2_ws/src/install/challenge/lib'
[4.817s] Level 1:colcon.colcon_core.environment:checking '/home/itaiboss/ros2_ws/src/install/challenge/bin'
[4.817s] Level 1:colcon.colcon_core.environment:checking '/home/itaiboss/ros2_ws/src/install/challenge/lib/pkgconfig/challenge.pc'
[4.817s] Level 1:colcon.colcon_core.environment:checking '/home/itaiboss/ros2_ws/src/install/challenge/lib/python3.8/site-packages'
[4.818s] INFO:colcon.colcon_core.shell:Creating package script '/home/itaiboss/ros2_ws/src/install/challenge/share/challenge/package.ps1'
[4.819s] INFO:colcon.colcon_core.shell:Creating package descriptor '/home/itaiboss/ros2_ws/src/install/challenge/share/challenge/package.dsv'
[4.819s] INFO:colcon.colcon_core.shell:Creating package script '/home/itaiboss/ros2_ws/src/install/challenge/share/challenge/package.sh'
[4.820s] INFO:colcon.colcon_core.shell:Creating package script '/home/itaiboss/ros2_ws/src/install/challenge/share/challenge/package.bash'
[4.820s] INFO:colcon.colcon_core.shell:Creating package script '/home/itaiboss/ros2_ws/src/install/challenge/share/challenge/package.zsh'
[4.821s] Level 1:colcon.colcon_core.environment:create_file_with_runtime_dependencies(/home/itaiboss/ros2_ws/src/install/challenge/share/colcon-core/packages/challenge)
[4.822s] DEBUG:colcon.colcon_parallel_executor.executor.parallel:closing loop
[4.822s] DEBUG:colcon.colcon_parallel_executor.executor.parallel:loop closed
[4.822s] DEBUG:colcon.colcon_parallel_executor.executor.parallel:run_until_complete finished with '0'
[4.822s] DEBUG:colcon.colcon_core.event_reactor:joining thread
[4.840s] INFO:colcon.colcon_core.plugin_system:Skipping extension 'colcon_notification.desktop_notification.terminal_notifier': Not used on non-Darwin systems
[4.840s] INFO:colcon.colcon_core.plugin_system:Skipping extension 'colcon_notification.desktop_notification.win32': Not used on non-Windows systems
[4.840s] INFO:colcon.colcon_notification.desktop_notification:Sending desktop notification using 'notify2'
[4.882s] DEBUG:colcon.colcon_core.event_reactor:joined thread
[4.887s] INFO:colcon.colcon_core.shell:Creating prefix script '/home/itaiboss/ros2_ws/src/install/local_setup.ps1'
[4.888s] INFO:colcon.colcon_core.shell:Creating prefix util module '/home/itaiboss/ros2_ws/src/install/_local_setup_util_ps1.py'
[4.889s] INFO:colcon.colcon_core.shell:Creating prefix chain script '/home/itaiboss/ros2_ws/src/install/setup.ps1'
[4.892s] INFO:colcon.colcon_core.shell:Creating prefix script '/home/itaiboss/ros2_ws/src/install/local_setup.sh'
[4.893s] INFO:colcon.colcon_core.shell:Creating prefix util module '/home/itaiboss/ros2_ws/src/install/_local_setup_util_sh.py'
[4.893s] INFO:colcon.colcon_core.shell:Creating prefix chain script '/home/itaiboss/ros2_ws/src/install/setup.sh'
[4.897s] INFO:colcon.colcon_core.shell:Creating prefix script '/home/itaiboss/ros2_ws/src/install/local_setup.bash'
[4.898s] INFO:colcon.colcon_core.shell:Creating prefix chain script '/home/itaiboss/ros2_ws/src/install/setup.bash'
[4.900s] INFO:colcon.colcon_core.shell:Creating prefix script '/home/itaiboss/ros2_ws/src/install/local_setup.zsh'
[4.901s] INFO:colcon.colcon_core.shell:Creating prefix chain script '/home/itaiboss/ros2_ws/src/install/setup.zsh'
