[1.324s] DEBUG:colcon:Command line arguments: ['/usr/bin/colcon', 'build']
[1.324s] DEBUG:colcon:Parsed command line arguments: Namespace(allow_overriding=[], ament_cmake_args=None, base_paths=['.'], build_base='build', catkin_cmake_args=None, catkin_skip_building_tests=False, cmake_args=None, cmake_clean_cache=False, cmake_clean_first=False, cmake_force_configure=False, cmake_target=None, cmake_target_skip_unavailable=False, continue_on_error=False, event_handlers=None, executor='parallel', ignore_user_meta=False, install_base='install', log_base=None, log_level=None, main=<bound method BuildVerb.main of <colcon_core.verb.build.BuildVerb object at 0x7f489e997f40>>, merge_install=False, metas=['./colcon.meta'], packages_above=None, packages_above_and_dependencies=None, packages_above_depth=None, packages_end=None, packages_ignore=None, packages_ignore_regex=None, packages_select=None, packages_select_build_failed=False, packages_select_by_dep=None, packages_select_regex=None, packages_select_test_failures=False, packages_skip=None, packages_skip_build_finished=False, packages_skip_by_dep=None, packages_skip_regex=None, packages_skip_test_passed=False, packages_skip_up_to=None, packages_start=None, packages_up_to=None, packages_up_to_regex=None, parallel_workers=12, paths=None, symlink_install=False, test_result_base=None, verb_extension=<colcon_core.verb.build.BuildVerb object at 0x7f489e997f40>, verb_name='build', verb_parser=<colcon_defaults.argument_parser.defaults.DefaultArgumentsDecorator object at 0x7f489e7d6df0>)
[1.386s] Level 1:colcon.colcon_core.package_discovery:discover_packages(colcon_meta) check parameters
[1.386s] Level 1:colcon.colcon_core.package_discovery:discover_packages(recursive) check parameters
[1.386s] Level 1:colcon.colcon_core.package_discovery:discover_packages(ignore) check parameters
[1.386s] Level 1:colcon.colcon_core.package_discovery:discover_packages(path) check parameters
[1.386s] Level 1:colcon.colcon_core.package_discovery:discover_packages(colcon_meta) discover
[1.386s] Level 1:colcon.colcon_core.package_discovery:discover_packages(recursive) discover
[1.386s] INFO:colcon.colcon_core.package_discovery:Crawling recursively for packages in '/home/strawberryshadow/Desktop/software-start-here'
[1.387s] Level 1:colcon.colcon_core.package_identification:_identify(.) by extensions ['ignore', 'ignore_ament_install']
[1.387s] Level 1:colcon.colcon_core.package_identification:_identify(.) by extension 'ignore'
[1.387s] Level 1:colcon.colcon_core.package_identification:_identify(.) by extension 'ignore_ament_install'
[1.387s] Level 1:colcon.colcon_core.package_identification:_identify(.) by extensions ['colcon_pkg']
[1.387s] Level 1:colcon.colcon_core.package_identification:_identify(.) by extension 'colcon_pkg'
[1.387s] Level 1:colcon.colcon_core.package_identification:_identify(.) by extensions ['colcon_meta']
[1.387s] Level 1:colcon.colcon_core.package_identification:_identify(.) by extension 'colcon_meta'
[1.387s] Level 1:colcon.colcon_core.package_identification:_identify(.) by extensions ['ros']
[1.387s] Level 1:colcon.colcon_core.package_identification:_identify(.) by extension 'ros'
[1.394s] Level 1:colcon.colcon_core.package_identification:_identify(.) by extensions ['cmake', 'python']
[1.394s] Level 1:colcon.colcon_core.package_identification:_identify(.) by extension 'cmake'
[1.394s] Level 1:colcon.colcon_core.package_identification:_identify(.) by extension 'python'
[1.394s] Level 1:colcon.colcon_core.package_identification:_identify(.) by extensions ['python_setup_py']
[1.394s] Level 1:colcon.colcon_core.package_identification:_identify(.) by extension 'python_setup_py'
[1.394s] Level 1:colcon.colcon_core.package_identification:_identify(build) by extensions ['ignore', 'ignore_ament_install']
[1.395s] Level 1:colcon.colcon_core.package_identification:_identify(build) by extension 'ignore'
[1.395s] Level 1:colcon.colcon_core.package_identification:_identify(build) ignored
[1.395s] Level 1:colcon.colcon_core.package_identification:_identify(install) by extensions ['ignore', 'ignore_ament_install']
[1.395s] Level 1:colcon.colcon_core.package_identification:_identify(install) by extension 'ignore'
[1.395s] Level 1:colcon.colcon_core.package_identification:_identify(install) ignored
[1.395s] Level 1:colcon.colcon_core.package_identification:_identify(log) by extensions ['ignore', 'ignore_ament_install']
[1.395s] Level 1:colcon.colcon_core.package_identification:_identify(log) by extension 'ignore'
[1.395s] Level 1:colcon.colcon_core.package_identification:_identify(log) ignored
[1.395s] Level 1:colcon.colcon_core.package_identification:_identify(src) by extensions ['ignore', 'ignore_ament_install']
[1.395s] Level 1:colcon.colcon_core.package_identification:_identify(src) by extension 'ignore'
[1.395s] Level 1:colcon.colcon_core.package_identification:_identify(src) by extension 'ignore_ament_install'
[1.395s] Level 1:colcon.colcon_core.package_identification:_identify(src) by extensions ['colcon_pkg']
[1.395s] Level 1:colcon.colcon_core.package_identification:_identify(src) by extension 'colcon_pkg'
[1.395s] Level 1:colcon.colcon_core.package_identification:_identify(src) by extensions ['colcon_meta']
[1.395s] Level 1:colcon.colcon_core.package_identification:_identify(src) by extension 'colcon_meta'
[1.395s] Level 1:colcon.colcon_core.package_identification:_identify(src) by extensions ['ros']
[1.395s] Level 1:colcon.colcon_core.package_identification:_identify(src) by extension 'ros'
[1.395s] Level 1:colcon.colcon_core.package_identification:_identify(src) by extensions ['cmake', 'python']
[1.395s] Level 1:colcon.colcon_core.package_identification:_identify(src) by extension 'cmake'
[1.395s] Level 1:colcon.colcon_core.package_identification:_identify(src) by extension 'python'
[1.395s] Level 1:colcon.colcon_core.package_identification:_identify(src) by extensions ['python_setup_py']
[1.395s] Level 1:colcon.colcon_core.package_identification:_identify(src) by extension 'python_setup_py'
[1.396s] Level 1:colcon.colcon_core.package_identification:_identify(src/challenge) by extensions ['ignore', 'ignore_ament_install']
[1.396s] Level 1:colcon.colcon_core.package_identification:_identify(src/challenge) by extension 'ignore'
[1.396s] Level 1:colcon.colcon_core.package_identification:_identify(src/challenge) by extension 'ignore_ament_install'
[1.396s] Level 1:colcon.colcon_core.package_identification:_identify(src/challenge) by extensions ['colcon_pkg']
[1.396s] Level 1:colcon.colcon_core.package_identification:_identify(src/challenge) by extension 'colcon_pkg'
[1.396s] Level 1:colcon.colcon_core.package_identification:_identify(src/challenge) by extensions ['colcon_meta']
[1.396s] Level 1:colcon.colcon_core.package_identification:_identify(src/challenge) by extension 'colcon_meta'
[1.396s] Level 1:colcon.colcon_core.package_identification:_identify(src/challenge) by extensions ['ros']
[1.396s] Level 1:colcon.colcon_core.package_identification:_identify(src/challenge) by extension 'ros'
[1.397s] DEBUG:colcon.colcon_core.package_identification:Package 'src/challenge' with type 'ros.ament_cmake' and name 'challenge'
[1.397s] Level 1:colcon.colcon_core.package_discovery:discover_packages(recursive) using defaults
[1.397s] Level 1:colcon.colcon_core.package_discovery:discover_packages(ignore) discover
[1.397s] Level 1:colcon.colcon_core.package_discovery:discover_packages(ignore) using defaults
[1.397s] Level 1:colcon.colcon_core.package_discovery:discover_packages(path) discover
[1.397s] Level 1:colcon.colcon_core.package_discovery:discover_packages(path) using defaults
[1.522s] Level 1:colcon.colcon_core.package_discovery:discover_packages(prefix_path) check parameters
[1.522s] Level 1:colcon.colcon_core.package_discovery:discover_packages(prefix_path) discover
[1.569s] DEBUG:colcon.colcon_installed_package_information.package_discovery:Found 11 installed packages in /home/strawberryshadow/Desktop/triton/install
[1.592s] DEBUG:colcon.colcon_installed_package_information.package_discovery:Found 129 installed packages in /opt/ros/rolling
[1.615s] DEBUG:colcon.colcon_installed_package_information.package_discovery:Found 263 installed packages in /opt/ros/foxy
[1.617s] Level 1:colcon.colcon_core.package_discovery:discover_packages(prefix_path) using defaults
[1.730s] Level 5:colcon.colcon_core.verb:set package 'challenge' build argument 'cmake_args' from command line to 'None'
[1.730s] Level 5:colcon.colcon_core.verb:set package 'challenge' build argument 'cmake_target' from command line to 'None'
[1.730s] Level 5:colcon.colcon_core.verb:set package 'challenge' build argument 'cmake_target_skip_unavailable' from command line to 'False'
[1.730s] Level 5:colcon.colcon_core.verb:set package 'challenge' build argument 'cmake_clean_cache' from command line to 'False'
[1.730s] Level 5:colcon.colcon_core.verb:set package 'challenge' build argument 'cmake_clean_first' from command line to 'False'
[1.730s] Level 5:colcon.colcon_core.verb:set package 'challenge' build argument 'cmake_force_configure' from command line to 'False'
[1.730s] Level 5:colcon.colcon_core.verb:set package 'challenge' build argument 'ament_cmake_args' from command line to 'None'
[1.730s] Level 5:colcon.colcon_core.verb:set package 'challenge' build argument 'catkin_cmake_args' from command line to 'None'
[1.730s] Level 5:colcon.colcon_core.verb:set package 'challenge' build argument 'catkin_skip_building_tests' from command line to 'False'
[1.730s] DEBUG:colcon.colcon_core.verb:Building package 'challenge' with the following arguments: {'ament_cmake_args': None, 'build_base': '/home/strawberryshadow/Desktop/software-start-here/build/challenge', 'catkin_cmake_args': None, 'catkin_skip_building_tests': False, 'cmake_args': None, 'cmake_clean_cache': False, 'cmake_clean_first': False, 'cmake_force_configure': False, 'cmake_target': None, 'cmake_target_skip_unavailable': False, 'install_base': '/home/strawberryshadow/Desktop/software-start-here/install/challenge', 'merge_install': False, 'path': '/home/strawberryshadow/Desktop/software-start-here/src/challenge', 'symlink_install': False, 'test_result_base': None}
[1.752s] INFO:colcon.colcon_core.executor:Executing jobs using 'parallel' executor
[1.776s] DEBUG:colcon.colcon_parallel_executor.executor.parallel:run_until_complete
[1.777s] INFO:colcon.colcon_ros.task.ament_cmake.build:Building ROS package in '/home/strawberryshadow/Desktop/software-start-here/src/challenge' with build type 'ament_cmake'
[1.777s] INFO:colcon.colcon_cmake.task.cmake.build:Building CMake package in '/home/strawberryshadow/Desktop/software-start-here/src/challenge'
[1.802s] INFO:colcon.colcon_core.plugin_system:Skipping extension 'colcon_core.shell.bat': Not used on non-Windows systems
[1.803s] INFO:colcon.colcon_core.shell:Skip shell extension 'powershell' for command environment: Not usable outside of PowerShell
[1.803s] DEBUG:colcon.colcon_core.shell:Skip shell extension 'dsv' for command environment
[1.923s] DEBUG:colcon.colcon_core.event_handler.log_command:Invoking command in '/home/strawberryshadow/Desktop/software-start-here/build/challenge': CMAKE_PREFIX_PATH=${CMAKE_PREFIX_PATH}:/home/strawberryshadow/Desktop/triton/install/triton_teleop:/home/strawberryshadow/Desktop/triton/install/triton_pipeline:/home/strawberryshadow/Desktop/triton/install/triton_bringup:/opt/ros/rolling:/opt/ros/foxy /usr/bin/cmake --build /home/strawberryshadow/Desktop/software-start-here/build/challenge -- -j12 -l12
[1.985s] DEBUG:colcon.colcon_core.event_handler.log_command:Invoked command in '/home/strawberryshadow/Desktop/software-start-here/build/challenge' returned '0': CMAKE_PREFIX_PATH=${CMAKE_PREFIX_PATH}:/home/strawberryshadow/Desktop/triton/install/triton_teleop:/home/strawberryshadow/Desktop/triton/install/triton_pipeline:/home/strawberryshadow/Desktop/triton/install/triton_bringup:/opt/ros/rolling:/opt/ros/foxy /usr/bin/cmake --build /home/strawberryshadow/Desktop/software-start-here/build/challenge -- -j12 -l12
[2.018s] DEBUG:colcon.colcon_core.event_handler.log_command:Invoking command in '/home/strawberryshadow/Desktop/software-start-here/build/challenge': CMAKE_PREFIX_PATH=${CMAKE_PREFIX_PATH}:/home/strawberryshadow/Desktop/triton/install/triton_teleop:/home/strawberryshadow/Desktop/triton/install/triton_pipeline:/home/strawberryshadow/Desktop/triton/install/triton_bringup:/opt/ros/rolling:/opt/ros/foxy /usr/bin/cmake --install /home/strawberryshadow/Desktop/software-start-here/build/challenge
[2.028s] Level 1:colcon.colcon_core.environment:create_environment_scripts_only(challenge)
[2.029s] DEBUG:colcon.colcon_core.event_handler.log_command:Invoked command in '/home/strawberryshadow/Desktop/software-start-here/build/challenge' returned '0': CMAKE_PREFIX_PATH=${CMAKE_PREFIX_PATH}:/home/strawberryshadow/Desktop/triton/install/triton_teleop:/home/strawberryshadow/Desktop/triton/install/triton_pipeline:/home/strawberryshadow/Desktop/triton/install/triton_bringup:/opt/ros/rolling:/opt/ros/foxy /usr/bin/cmake --install /home/strawberryshadow/Desktop/software-start-here/build/challenge
[2.057s] Level 1:colcon.colcon_core.environment:checking '/home/strawberryshadow/Desktop/software-start-here/install/challenge' for CMake module files
[2.057s] Level 1:colcon.colcon_core.environment:checking '/home/strawberryshadow/Desktop/software-start-here/install/challenge' for CMake config files
[2.058s] Level 1:colcon.colcon_core.shell:create_environment_hook('challenge', 'cmake_prefix_path')
[2.083s] INFO:colcon.colcon_core.shell:Creating environment hook '/home/strawberryshadow/Desktop/software-start-here/install/challenge/share/challenge/hook/cmake_prefix_path.ps1'
[2.083s] INFO:colcon.colcon_core.shell:Creating environment descriptor '/home/strawberryshadow/Desktop/software-start-here/install/challenge/share/challenge/hook/cmake_prefix_path.dsv'
[2.084s] INFO:colcon.colcon_core.shell:Creating environment hook '/home/strawberryshadow/Desktop/software-start-here/install/challenge/share/challenge/hook/cmake_prefix_path.sh'
[2.084s] Level 1:colcon.colcon_core.environment:checking '/home/strawberryshadow/Desktop/software-start-here/install/challenge/lib'
[2.084s] Level 1:colcon.colcon_core.environment:checking '/home/strawberryshadow/Desktop/software-start-here/install/challenge/bin'
[2.084s] Level 1:colcon.colcon_core.environment:checking '/home/strawberryshadow/Desktop/software-start-here/install/challenge/lib/pkgconfig/challenge.pc'
[2.085s] Level 1:colcon.colcon_core.environment:checking '/home/strawberryshadow/Desktop/software-start-here/install/challenge/lib/python3.8/site-packages'
[2.085s] Level 1:colcon.colcon_core.environment:checking '/home/strawberryshadow/Desktop/software-start-here/install/challenge/bin'
[2.108s] INFO:colcon.colcon_core.shell:Creating package script '/home/strawberryshadow/Desktop/software-start-here/install/challenge/share/challenge/package.ps1'
[2.109s] INFO:colcon.colcon_core.shell:Creating package descriptor '/home/strawberryshadow/Desktop/software-start-here/install/challenge/share/challenge/package.dsv'
[2.109s] INFO:colcon.colcon_core.shell:Creating package script '/home/strawberryshadow/Desktop/software-start-here/install/challenge/share/challenge/package.sh'
[2.109s] INFO:colcon.colcon_core.shell:Creating package script '/home/strawberryshadow/Desktop/software-start-here/install/challenge/share/challenge/package.bash'
[2.110s] INFO:colcon.colcon_core.shell:Creating package script '/home/strawberryshadow/Desktop/software-start-here/install/challenge/share/challenge/package.zsh'
[2.110s] Level 1:colcon.colcon_core.environment:create_file_with_runtime_dependencies(/home/strawberryshadow/Desktop/software-start-here/install/challenge/share/colcon-core/packages/challenge)
[2.153s] Level 1:colcon.colcon_core.environment:create_environment_scripts_only(challenge)
[2.179s] Level 1:colcon.colcon_core.environment:checking '/home/strawberryshadow/Desktop/software-start-here/install/challenge' for CMake module files
[2.179s] Level 1:colcon.colcon_core.environment:checking '/home/strawberryshadow/Desktop/software-start-here/install/challenge' for CMake config files
[2.179s] Level 1:colcon.colcon_core.shell:create_environment_hook('challenge', 'cmake_prefix_path')
[2.204s] INFO:colcon.colcon_core.shell:Creating environment hook '/home/strawberryshadow/Desktop/software-start-here/install/challenge/share/challenge/hook/cmake_prefix_path.ps1'
[2.205s] INFO:colcon.colcon_core.shell:Creating environment descriptor '/home/strawberryshadow/Desktop/software-start-here/install/challenge/share/challenge/hook/cmake_prefix_path.dsv'
[2.205s] INFO:colcon.colcon_core.shell:Creating environment hook '/home/strawberryshadow/Desktop/software-start-here/install/challenge/share/challenge/hook/cmake_prefix_path.sh'
[2.206s] Level 1:colcon.colcon_core.environment:checking '/home/strawberryshadow/Desktop/software-start-here/install/challenge/lib'
[2.206s] Level 1:colcon.colcon_core.environment:checking '/home/strawberryshadow/Desktop/software-start-here/install/challenge/bin'
[2.206s] Level 1:colcon.colcon_core.environment:checking '/home/strawberryshadow/Desktop/software-start-here/install/challenge/lib/pkgconfig/challenge.pc'
[2.206s] Level 1:colcon.colcon_core.environment:checking '/home/strawberryshadow/Desktop/software-start-here/install/challenge/lib/python3.8/site-packages'
[2.206s] Level 1:colcon.colcon_core.environment:checking '/home/strawberryshadow/Desktop/software-start-here/install/challenge/bin'
[2.232s] INFO:colcon.colcon_core.shell:Creating package script '/home/strawberryshadow/Desktop/software-start-here/install/challenge/share/challenge/package.ps1'
[2.232s] INFO:colcon.colcon_core.shell:Creating package descriptor '/home/strawberryshadow/Desktop/software-start-here/install/challenge/share/challenge/package.dsv'
[2.233s] INFO:colcon.colcon_core.shell:Creating package script '/home/strawberryshadow/Desktop/software-start-here/install/challenge/share/challenge/package.sh'
[2.233s] INFO:colcon.colcon_core.shell:Creating package script '/home/strawberryshadow/Desktop/software-start-here/install/challenge/share/challenge/package.bash'
[2.233s] INFO:colcon.colcon_core.shell:Creating package script '/home/strawberryshadow/Desktop/software-start-here/install/challenge/share/challenge/package.zsh'
[2.233s] Level 1:colcon.colcon_core.environment:create_file_with_runtime_dependencies(/home/strawberryshadow/Desktop/software-start-here/install/challenge/share/colcon-core/packages/challenge)
[2.234s] DEBUG:colcon.colcon_parallel_executor.executor.parallel:closing loop
[2.234s] DEBUG:colcon.colcon_parallel_executor.executor.parallel:loop closed
[2.234s] DEBUG:colcon.colcon_parallel_executor.executor.parallel:run_until_complete finished with '0'
[2.234s] DEBUG:colcon.colcon_core.event_reactor:joining thread
[2.275s] INFO:colcon.colcon_core.plugin_system:Skipping extension 'colcon_notification.desktop_notification.terminal_notifier': Not used on non-Darwin systems
[2.275s] INFO:colcon.colcon_core.plugin_system:Skipping extension 'colcon_notification.desktop_notification.win32': Not used on non-Windows systems
[2.275s] INFO:colcon.colcon_notification.desktop_notification:Sending desktop notification using 'notify2'
[2.291s] DEBUG:colcon.colcon_core.event_reactor:joined thread
[2.344s] INFO:colcon.colcon_core.shell:Creating prefix script '/home/strawberryshadow/Desktop/software-start-here/install/local_setup.ps1'
[2.345s] INFO:colcon.colcon_core.shell:Creating prefix util module '/home/strawberryshadow/Desktop/software-start-here/install/_local_setup_util_ps1.py'
[2.346s] INFO:colcon.colcon_core.shell:Creating prefix chain script '/home/strawberryshadow/Desktop/software-start-here/install/setup.ps1'
[2.373s] INFO:colcon.colcon_core.shell:Creating prefix script '/home/strawberryshadow/Desktop/software-start-here/install/local_setup.sh'
[2.374s] INFO:colcon.colcon_core.shell:Creating prefix util module '/home/strawberryshadow/Desktop/software-start-here/install/_local_setup_util_sh.py'
[2.374s] INFO:colcon.colcon_core.shell:Creating prefix chain script '/home/strawberryshadow/Desktop/software-start-here/install/setup.sh'
[2.401s] INFO:colcon.colcon_core.shell:Creating prefix script '/home/strawberryshadow/Desktop/software-start-here/install/local_setup.bash'
[2.401s] INFO:colcon.colcon_core.shell:Creating prefix chain script '/home/strawberryshadow/Desktop/software-start-here/install/setup.bash'
[2.428s] INFO:colcon.colcon_core.shell:Creating prefix script '/home/strawberryshadow/Desktop/software-start-here/install/local_setup.zsh'
[2.428s] INFO:colcon.colcon_core.shell:Creating prefix chain script '/home/strawberryshadow/Desktop/software-start-here/install/setup.zsh'
