make: Warning: File 'Makefile' has modification time 22717 s in the future
make[1]: Warning: File 'CMakeFiles/Makefile2' has modification time 22717 s in the future
make[2]: Warning: File 'CMakeFiles/solution.dir/flags.make' has modification time 22717 s in the future
make[2]: warning:  Clock skew detected.  Your build may be incomplete.
make[2]: Warning: File 'CMakeFiles/solution.dir/flags.make' has modification time 22717 s in the future
make[2]: warning:  Clock skew detected.  Your build may be incomplete.
[100%] Built target solution
make[1]: warning:  Clock skew detected.  Your build may be incomplete.
make: warning:  Clock skew detected.  Your build may be incomplete.
-- Install configuration: ""
-- Up-to-date: /home/software/Challenge/software-start-here/install/challenge/lib/challenge/solution
-- Up-to-date: /home/software/Challenge/software-start-here/install/challenge/share/ament_index/resource_index/package_run_dependencies/challenge
-- Up-to-date: /home/software/Challenge/software-start-here/install/challenge/share/ament_index/resource_index/parent_prefix_path/challenge
-- Up-to-date: /home/software/Challenge/software-start-here/install/challenge/share/challenge/environment/ament_prefix_path.sh
-- Up-to-date: /home/software/Challenge/software-start-here/install/challenge/share/challenge/environment/ament_prefix_path.dsv
-- Up-to-date: /home/software/Challenge/software-start-here/install/challenge/share/challenge/environment/path.sh
-- Up-to-date: /home/software/Challenge/software-start-here/install/challenge/share/challenge/environment/path.dsv
-- Up-to-date: /home/software/Challenge/software-start-here/install/challenge/share/challenge/local_setup.bash
-- Up-to-date: /home/software/Challenge/software-start-here/install/challenge/share/challenge/local_setup.sh
-- Up-to-date: /home/software/Challenge/software-start-here/install/challenge/share/challenge/local_setup.zsh
-- Up-to-date: /home/software/Challenge/software-start-here/install/challenge/share/challenge/local_setup.dsv
-- Installing: /home/software/Challenge/software-start-here/install/challenge/share/challenge/package.dsv
-- Up-to-date: /home/software/Challenge/software-start-here/install/challenge/share/ament_index/resource_index/packages/challenge
-- Up-to-date: /home/software/Challenge/software-start-here/install/challenge/share/challenge/cmake/challengeConfig.cmake
-- Up-to-date: /home/software/Challenge/software-start-here/install/challenge/share/challenge/cmake/challengeConfig-version.cmake
-- Up-to-date: /home/software/Challenge/software-start-here/install/challenge/share/challenge/package.xml
