-- Found ament_cmake: 1.1.4 (/opt/ros/rolling/share/ament_cmake/cmake)
-- Using PYTHON_EXECUTABLE: /usr/bin/python3
-- Found turtlesim: 1.3.2 (/opt/ros/rolling/share/turtlesim/cmake)
-- Using all available rosidl_typesupport_c: rosidl_typesupport_introspection_c;rosidl_typesupport_fastrtps_c
-- Found rosidl_adapter: 2.5.0 (/opt/ros/rolling/share/rosidl_adapter/cmake)
-- Using all available rosidl_typesupport_cpp: rosidl_typesupport_introspection_cpp;rosidl_typesupport_fastrtps_cpp
-- Found geometry_msgs: 3.0.0 (/opt/ros/rolling/share/geometry_msgs/cmake)
-- Found rclcpp: 13.0.0 (/opt/ros/rolling/share/rclcpp/cmake)
-- Found rmw_implementation_cmake: 4.0.0 (/opt/ros/rolling/share/rmw_implementation_cmake/cmake)
-- Found rmw_cyclonedds_cpp: 0.23.1 (/opt/ros/rolling/share/rmw_cyclonedds_cpp/cmake)
-- Using RMW implementation 'rmw_cyclonedds_cpp' as default
-- Found rclcpp_action: 13.0.0 (/opt/ros/rolling/share/rclcpp_action/cmake)
-- Found ament_lint_auto: 0.9.6 (/opt/ros/foxy/share/ament_lint_auto/cmake)
-- Added test 'copyright' to check source files copyright and LICENSE
-- Added test 'cppcheck' to perform static code analysis on C / C++ code
-- Configured cppcheck include dirs: $<BUILD_INTERFACE:/home/krithik/software-start-here/src/challenge/include>
-- Configured cppcheck exclude dirs and/or files: 
-- Added test 'cpplint' to check C / C++ code against the Google style
-- Configured cpplint exclude dirs and/or files: 
-- Added test 'flake8' to check Python code syntax and style conventions
-- Added test 'lint_cmake' to check CMake code style
-- Added test 'pep257' to check Python code against some of the style conventions in PEP 257
-- Added test 'uncrustify' to check C / C++ code style
-- Configured uncrustify additional arguments: 
-- Added test 'xmllint' to check XML markup files
-- Configuring done
-- Generating done
-- Build files have been written to: /home/krithik/software-start-here/src/build/challenge
[100%] Built target solution
-- Install configuration: ""
-- Up-to-date: /home/krithik/software-start-here/src/install/challenge/lib/challenge/solution
-- Installing: /home/krithik/software-start-here/src/install/challenge/share/challenge//launch
-- Installing: /home/krithik/software-start-here/src/install/challenge/share/challenge//launch/__pycache__
-- Installing: /home/krithik/software-start-here/src/install/challenge/share/challenge//launch/__pycache__/launch_challenge.cpython-38.pyc
-- Installing: /home/krithik/software-start-here/src/install/challenge/share/challenge//launch/launch_challenge.py
-- Up-to-date: /home/krithik/software-start-here/src/install/challenge/share/ament_index/resource_index/package_run_dependencies/challenge
-- Up-to-date: /home/krithik/software-start-here/src/install/challenge/share/ament_index/resource_index/parent_prefix_path/challenge
-- Up-to-date: /home/krithik/software-start-here/src/install/challenge/share/challenge/environment/ament_prefix_path.sh
-- Installing: /home/krithik/software-start-here/src/install/challenge/share/challenge/environment/ament_prefix_path.dsv
-- Up-to-date: /home/krithik/software-start-here/src/install/challenge/share/challenge/environment/path.sh
-- Installing: /home/krithik/software-start-here/src/install/challenge/share/challenge/environment/path.dsv
-- Up-to-date: /home/krithik/software-start-here/src/install/challenge/share/challenge/local_setup.bash
-- Up-to-date: /home/krithik/software-start-here/src/install/challenge/share/challenge/local_setup.sh
-- Up-to-date: /home/krithik/software-start-here/src/install/challenge/share/challenge/local_setup.zsh
-- Installing: /home/krithik/software-start-here/src/install/challenge/share/challenge/local_setup.dsv
-- Installing: /home/krithik/software-start-here/src/install/challenge/share/challenge/package.dsv
-- Up-to-date: /home/krithik/software-start-here/src/install/challenge/share/ament_index/resource_index/packages/challenge
-- Up-to-date: /home/krithik/software-start-here/src/install/challenge/share/challenge/cmake/challengeConfig.cmake
-- Up-to-date: /home/krithik/software-start-here/src/install/challenge/share/challenge/cmake/challengeConfig-version.cmake
-- Up-to-date: /home/krithik/software-start-here/src/install/challenge/share/challenge/package.xml
