[0.009s] Invoking command in '/home/krithik/software-start-here/src/build/challenge': CMAKE_PREFIX_PATH=/opt/ros/rolling:/opt/ros/foxy /usr/bin/cmake --build /home/krithik/software-start-here/src/build/challenge -- -j8 -l8
[0.029s] -- Found ament_cmake: 1.1.4 (/opt/ros/rolling/share/ament_cmake/cmake)
[0.044s] -- Using PYTHON_EXECUTABLE: /usr/bin/python3
[0.089s] -- Found turtlesim: 1.3.2 (/opt/ros/rolling/share/turtlesim/cmake)
[0.107s] -- Using all available rosidl_typesupport_c: rosidl_typesupport_introspection_c;rosidl_typesupport_fastrtps_c
[0.110s] -- Found rosidl_adapter: 2.5.0 (/opt/ros/rolling/share/rosidl_adapter/cmake)
[0.193s] -- Using all available rosidl_typesupport_cpp: rosidl_typesupport_introspection_cpp;rosidl_typesupport_fastrtps_cpp
[0.276s] -- Found geometry_msgs: 3.0.0 (/opt/ros/rolling/share/geometry_msgs/cmake)
[0.314s] -- Found rclcpp: 13.0.0 (/opt/ros/rolling/share/rclcpp/cmake)
[0.346s] -- Found rmw_implementation_cmake: 4.0.0 (/opt/ros/rolling/share/rmw_implementation_cmake/cmake)
[0.348s] -- Found rmw_cyclonedds_cpp: 0.23.1 (/opt/ros/rolling/share/rmw_cyclonedds_cpp/cmake)
[0.360s] -- Using RMW implementation 'rmw_cyclonedds_cpp' as default
[0.447s] -- Found rclcpp_action: 13.0.0 (/opt/ros/rolling/share/rclcpp_action/cmake)
[0.469s] -- Found ament_lint_auto: 0.9.6 (/opt/ros/foxy/share/ament_lint_auto/cmake)
[0.512s] -- Added test 'copyright' to check source files copyright and LICENSE
[0.513s] -- Added test 'cppcheck' to perform static code analysis on C / C++ code
[0.513s] -- Configured cppcheck include dirs: $<BUILD_INTERFACE:/home/krithik/software-start-here/src/challenge/include>
[0.513s] -- Configured cppcheck exclude dirs and/or files: 
[0.514s] -- Added test 'cpplint' to check C / C++ code against the Google style
[0.514s] -- Configured cpplint exclude dirs and/or files: 
[0.514s] -- Added test 'flake8' to check Python code syntax and style conventions
[0.515s] -- Added test 'lint_cmake' to check CMake code style
[0.515s] -- Added test 'pep257' to check Python code against some of the style conventions in PEP 257
[0.516s] -- Added test 'uncrustify' to check C / C++ code style
[0.516s] -- Configured uncrustify additional arguments: 
[0.516s] -- Added test 'xmllint' to check XML markup files
[0.518s] -- Configuring done
[0.527s] -- Generating done
[0.528s] -- Build files have been written to: /home/krithik/software-start-here/src/build/challenge
[0.562s] [100%] Built target solution
[0.572s] Invoked command in '/home/krithik/software-start-here/src/build/challenge' returned '0': CMAKE_PREFIX_PATH=/opt/ros/rolling:/opt/ros/foxy /usr/bin/cmake --build /home/krithik/software-start-here/src/build/challenge -- -j8 -l8
[0.611s] Invoking command in '/home/krithik/software-start-here/src/build/challenge': CMAKE_PREFIX_PATH=/opt/ros/rolling:/opt/ros/foxy /usr/bin/cmake --install /home/krithik/software-start-here/src/build/challenge
[0.615s] -- Install configuration: ""
[0.616s] -- Up-to-date: /home/krithik/software-start-here/src/install/challenge/lib/challenge/solution
[0.616s] -- Installing: /home/krithik/software-start-here/src/install/challenge/share/challenge//launch
[0.616s] -- Installing: /home/krithik/software-start-here/src/install/challenge/share/challenge//launch/__pycache__
[0.616s] -- Installing: /home/krithik/software-start-here/src/install/challenge/share/challenge//launch/__pycache__/launch_challenge.cpython-38.pyc
[0.616s] -- Installing: /home/krithik/software-start-here/src/install/challenge/share/challenge//launch/launch_challenge.py
[0.616s] -- Up-to-date: /home/krithik/software-start-here/src/install/challenge/share/ament_index/resource_index/package_run_dependencies/challenge
[0.616s] -- Up-to-date: /home/krithik/software-start-here/src/install/challenge/share/ament_index/resource_index/parent_prefix_path/challenge
[0.616s] -- Up-to-date: /home/krithik/software-start-here/src/install/challenge/share/challenge/environment/ament_prefix_path.sh
[0.616s] -- Installing: /home/krithik/software-start-here/src/install/challenge/share/challenge/environment/ament_prefix_path.dsv
[0.616s] -- Up-to-date: /home/krithik/software-start-here/src/install/challenge/share/challenge/environment/path.sh
[0.616s] -- Installing: /home/krithik/software-start-here/src/install/challenge/share/challenge/environment/path.dsv
[0.616s] -- Up-to-date: /home/krithik/software-start-here/src/install/challenge/share/challenge/local_setup.bash
[0.616s] -- Up-to-date: /home/krithik/software-start-here/src/install/challenge/share/challenge/local_setup.sh
[0.616s] -- Up-to-date: /home/krithik/software-start-here/src/install/challenge/share/challenge/local_setup.zsh
[0.616s] -- Installing: /home/krithik/software-start-here/src/install/challenge/share/challenge/local_setup.dsv
[0.616s] -- Installing: /home/krithik/software-start-here/src/install/challenge/share/challenge/package.dsv
[0.616s] -- Up-to-date: /home/krithik/software-start-here/src/install/challenge/share/ament_index/resource_index/packages/challenge
[0.616s] -- Up-to-date: /home/krithik/software-start-here/src/install/challenge/share/challenge/cmake/challengeConfig.cmake
[0.617s] -- Up-to-date: /home/krithik/software-start-here/src/install/challenge/share/challenge/cmake/challengeConfig-version.cmake
[0.617s] -- Up-to-date: /home/krithik/software-start-here/src/install/challenge/share/challenge/package.xml
[0.618s] Invoked command in '/home/krithik/software-start-here/src/build/challenge' returned '0': CMAKE_PREFIX_PATH=/opt/ros/rolling:/opt/ros/foxy /usr/bin/cmake --install /home/krithik/software-start-here/src/build/challenge
