[0.018s] Invoking command in '/home/krish/repos/software-start-here/build/challenge': CMAKE_PREFIX_PATH=${CMAKE_PREFIX_PATH}:/home/krish/repos/steelhead/install/triton_teleop:/home/krish/repos/steelhead/install/triton_pipeline:/home/krish/repos/steelhead/install/triton_bringup:/home/krish/ws/install/opencv_tests:/home/krish/ros2_ws/src/install/examples_rclpy_minimal_subscriber:/home/krish/ros2_ws/src/install/examples_rclpy_minimal_service:/home/krish/ros2_ws/src/install/examples_rclpy_minimal_publisher:/home/krish/ros2_ws/src/install/examples_rclpy_minimal_client:/home/krish/ros2_ws/src/install/examples_rclpy_minimal_action_server:/home/krish/ros2_ws/src/install/examples_rclpy_minimal_action_client:/home/krish/ros2_ws/src/install/examples_rclpy_executors:/opt/ros/foxy /usr/bin/cmake --build /home/krish/repos/software-start-here/build/challenge -- -j8 -l8
[0.107s] [35m[1mScanning dependencies of target solution[0m
[0.140s] [ 50%] [32mBuilding CXX object CMakeFiles/solution.dir/src/solution.cpp.o[0m
[3.011s] [100%] [32m[1mLinking CXX executable solution[0m
[3.246s] [100%] Built target solution
[3.260s] Invoked command in '/home/krish/repos/software-start-here/build/challenge' returned '0': CMAKE_PREFIX_PATH=${CMAKE_PREFIX_PATH}:/home/krish/repos/steelhead/install/triton_teleop:/home/krish/repos/steelhead/install/triton_pipeline:/home/krish/repos/steelhead/install/triton_bringup:/home/krish/ws/install/opencv_tests:/home/krish/ros2_ws/src/install/examples_rclpy_minimal_subscriber:/home/krish/ros2_ws/src/install/examples_rclpy_minimal_service:/home/krish/ros2_ws/src/install/examples_rclpy_minimal_publisher:/home/krish/ros2_ws/src/install/examples_rclpy_minimal_client:/home/krish/ros2_ws/src/install/examples_rclpy_minimal_action_server:/home/krish/ros2_ws/src/install/examples_rclpy_minimal_action_client:/home/krish/ros2_ws/src/install/examples_rclpy_executors:/opt/ros/foxy /usr/bin/cmake --build /home/krish/repos/software-start-here/build/challenge -- -j8 -l8
[3.275s] Invoking command in '/home/krish/repos/software-start-here/build/challenge': CMAKE_PREFIX_PATH=${CMAKE_PREFIX_PATH}:/home/krish/repos/steelhead/install/triton_teleop:/home/krish/repos/steelhead/install/triton_pipeline:/home/krish/repos/steelhead/install/triton_bringup:/home/krish/ws/install/opencv_tests:/home/krish/ros2_ws/src/install/examples_rclpy_minimal_subscriber:/home/krish/ros2_ws/src/install/examples_rclpy_minimal_service:/home/krish/ros2_ws/src/install/examples_rclpy_minimal_publisher:/home/krish/ros2_ws/src/install/examples_rclpy_minimal_client:/home/krish/ros2_ws/src/install/examples_rclpy_minimal_action_server:/home/krish/ros2_ws/src/install/examples_rclpy_minimal_action_client:/home/krish/ros2_ws/src/install/examples_rclpy_executors:/opt/ros/foxy /usr/bin/cmake --install /home/krish/repos/software-start-here/build/challenge
[3.285s] -- Install configuration: ""
[3.286s] -- Installing: /home/krish/repos/software-start-here/install/challenge/lib/challenge/solution
[3.287s] -- Set runtime path of "/home/krish/repos/software-start-here/install/challenge/lib/challenge/solution" to ""
[3.288s] -- Up-to-date: /home/krish/repos/software-start-here/install/challenge/share/ament_index/resource_index/package_run_dependencies/challenge
[3.288s] -- Up-to-date: /home/krish/repos/software-start-here/install/challenge/share/ament_index/resource_index/parent_prefix_path/challenge
[3.288s] -- Up-to-date: /home/krish/repos/software-start-here/install/challenge/share/challenge/environment/ament_prefix_path.sh
[3.288s] -- Up-to-date: /home/krish/repos/software-start-here/install/challenge/share/challenge/environment/ament_prefix_path.dsv
[3.288s] -- Up-to-date: /home/krish/repos/software-start-here/install/challenge/share/challenge/environment/path.sh
[3.288s] -- Up-to-date: /home/krish/repos/software-start-here/install/challenge/share/challenge/environment/path.dsv
[3.288s] -- Up-to-date: /home/krish/repos/software-start-here/install/challenge/share/challenge/local_setup.bash
[3.288s] -- Up-to-date: /home/krish/repos/software-start-here/install/challenge/share/challenge/local_setup.sh
[3.289s] -- Up-to-date: /home/krish/repos/software-start-here/install/challenge/share/challenge/local_setup.zsh
[3.289s] -- Up-to-date: /home/krish/repos/software-start-here/install/challenge/share/challenge/local_setup.dsv
[3.289s] -- Installing: /home/krish/repos/software-start-here/install/challenge/share/challenge/package.dsv
[3.289s] -- Up-to-date: /home/krish/repos/software-start-here/install/challenge/share/ament_index/resource_index/packages/challenge
[3.289s] -- Up-to-date: /home/krish/repos/software-start-here/install/challenge/share/challenge/cmake/challengeConfig.cmake
[3.289s] -- Up-to-date: /home/krish/repos/software-start-here/install/challenge/share/challenge/cmake/challengeConfig-version.cmake
[3.289s] -- Up-to-date: /home/krish/repos/software-start-here/install/challenge/share/challenge/package.xml
[3.291s] Invoked command in '/home/krish/repos/software-start-here/build/challenge' returned '0': CMAKE_PREFIX_PATH=${CMAKE_PREFIX_PATH}:/home/krish/repos/steelhead/install/triton_teleop:/home/krish/repos/steelhead/install/triton_pipeline:/home/krish/repos/steelhead/install/triton_bringup:/home/krish/ws/install/opencv_tests:/home/krish/ros2_ws/src/install/examples_rclpy_minimal_subscriber:/home/krish/ros2_ws/src/install/examples_rclpy_minimal_service:/home/krish/ros2_ws/src/install/examples_rclpy_minimal_publisher:/home/krish/ros2_ws/src/install/examples_rclpy_minimal_client:/home/krish/ros2_ws/src/install/examples_rclpy_minimal_action_server:/home/krish/ros2_ws/src/install/examples_rclpy_minimal_action_client:/home/krish/ros2_ws/src/install/examples_rclpy_executors:/opt/ros/foxy /usr/bin/cmake --install /home/krish/repos/software-start-here/build/challenge
