[0.215s] Invoking command in '/home/software/Challenge/software-start-here/build/challenge': CMAKE_PREFIX_PATH=${CMAKE_PREFIX_PATH}:/opt/ros/foxy /usr/bin/cmake --build /home/software/Challenge/software-start-here/build/challenge -- -j16 -l16
[0.265s] [35m[1mScanning dependencies of target solution[0m
[0.295s] [ 50%] [32mBuilding CXX object CMakeFiles/solution.dir/src/solution.cpp.o[0m
[3.924s] [100%] [32m[1mLinking CXX executable solution[0m
[4.091s] [100%] Built target solution
[4.104s] Invoked command in '/home/software/Challenge/software-start-here/build/challenge' returned '0': CMAKE_PREFIX_PATH=${CMAKE_PREFIX_PATH}:/opt/ros/foxy /usr/bin/cmake --build /home/software/Challenge/software-start-here/build/challenge -- -j16 -l16
[4.143s] Invoking command in '/home/software/Challenge/software-start-here/build/challenge': CMAKE_PREFIX_PATH=${CMAKE_PREFIX_PATH}:/opt/ros/foxy /usr/bin/cmake --install /home/software/Challenge/software-start-here/build/challenge
[4.151s] -- Install configuration: ""
[4.152s] -- Installing: /home/software/Challenge/software-start-here/install/challenge/lib/challenge/solution
[4.153s] -- Set runtime path of "/home/software/Challenge/software-start-here/install/challenge/lib/challenge/solution" to ""
[4.154s] -- Up-to-date: /home/software/Challenge/software-start-here/install/challenge/share/ament_index/resource_index/package_run_dependencies/challenge
[4.154s] -- Up-to-date: /home/software/Challenge/software-start-here/install/challenge/share/ament_index/resource_index/parent_prefix_path/challenge
[4.154s] -- Up-to-date: /home/software/Challenge/software-start-here/install/challenge/share/challenge/environment/ament_prefix_path.sh
[4.155s] -- Up-to-date: /home/software/Challenge/software-start-here/install/challenge/share/challenge/environment/ament_prefix_path.dsv
[4.155s] -- Up-to-date: /home/software/Challenge/software-start-here/install/challenge/share/challenge/environment/path.sh
[4.155s] -- Up-to-date: /home/software/Challenge/software-start-here/install/challenge/share/challenge/environment/path.dsv
[4.155s] -- Up-to-date: /home/software/Challenge/software-start-here/install/challenge/share/challenge/local_setup.bash
[4.156s] -- Up-to-date: /home/software/Challenge/software-start-here/install/challenge/share/challenge/local_setup.sh
[4.156s] -- Up-to-date: /home/software/Challenge/software-start-here/install/challenge/share/challenge/local_setup.zsh
[4.156s] -- Up-to-date: /home/software/Challenge/software-start-here/install/challenge/share/challenge/local_setup.dsv
[4.156s] -- Installing: /home/software/Challenge/software-start-here/install/challenge/share/challenge/package.dsv
[4.156s] -- Up-to-date: /home/software/Challenge/software-start-here/install/challenge/share/ament_index/resource_index/packages/challenge
[4.157s] -- Up-to-date: /home/software/Challenge/software-start-here/install/challenge/share/challenge/cmake/challengeConfig.cmake
[4.157s] -- Up-to-date: /home/software/Challenge/software-start-here/install/challenge/share/challenge/cmake/challengeConfig-version.cmake
[4.157s] -- Up-to-date: /home/software/Challenge/software-start-here/install/challenge/share/challenge/package.xml
[4.159s] Invoked command in '/home/software/Challenge/software-start-here/build/challenge' returned '0': CMAKE_PREFIX_PATH=${CMAKE_PREFIX_PATH}:/opt/ros/foxy /usr/bin/cmake --install /home/software/Challenge/software-start-here/build/challenge
