[0.011s] Invoking command in '/home/amraj/Subbots/software-start-here/src/build/challenge': CMAKE_PREFIX_PATH=${CMAKE_PREFIX_PATH}:/opt/ros/foxy /usr/bin/cmake --build /home/amraj/Subbots/software-start-here/src/build/challenge -- -j8 -l8
[0.028s] -- Found ament_cmake: 0.9.11 (/opt/ros/foxy/share/ament_cmake/cmake)
[0.043s] -- Using PYTHON_EXECUTABLE: /usr/bin/python3
[0.146s] -- Found turtlesim: 1.2.6 (/opt/ros/foxy/share/turtlesim/cmake)
[0.158s] -- Using all available rosidl_typesupport_c: rosidl_typesupport_fastrtps_c;rosidl_typesupport_introspection_c
[0.160s] -- Found rosidl_adapter: 1.3.0 (/opt/ros/foxy/share/rosidl_adapter/cmake)
[0.232s] -- Using all available rosidl_typesupport_cpp: rosidl_typesupport_fastrtps_cpp;rosidl_typesupport_introspection_cpp
[0.303s] -- Found geometry_msgs: 2.0.5 (/opt/ros/foxy/share/geometry_msgs/cmake)
[0.336s] -- Found rclcpp_action: 2.4.2 (/opt/ros/foxy/share/rclcpp_action/cmake)
[0.362s] -- Found rmw_implementation_cmake: 1.0.3 (/opt/ros/foxy/share/rmw_implementation_cmake/cmake)
[0.363s] -- Using RMW implementation 'rmw_fastrtps_cpp' as default
[0.467s] -- Found ament_lint_auto: 0.9.7 (/opt/ros/foxy/share/ament_lint_auto/cmake)
[0.505s] -- Added test 'copyright' to check source files copyright and LICENSE
[0.506s] -- Added test 'cppcheck' to perform static code analysis on C / C++ code
[0.506s] -- Configured cppcheck include dirs: $<BUILD_INTERFACE:/home/amraj/Subbots/software-start-here/src/challenge/include>
[0.506s] -- Configured cppcheck exclude dirs and/or files: 
[0.506s] -- Added test 'cpplint' to check C / C++ code against the Google style
[0.506s] -- Configured cpplint exclude dirs and/or files: 
[0.507s] -- Added test 'flake8' to check Python code syntax and style conventions
[0.507s] -- Added test 'lint_cmake' to check CMake code style
[0.507s] -- Added test 'pep257' to check Python code against some of the style conventions in PEP 257
[0.508s] -- Added test 'uncrustify' to check C / C++ code style
[0.508s] -- Configured uncrustify additional arguments: 
[0.508s] -- Added test 'xmllint' to check XML markup files
[0.509s] -- Configuring done
[0.516s] -- Generating done
[0.517s] -- Build files have been written to: /home/amraj/Subbots/software-start-here/src/build/challenge
[0.547s] [100%] Built target SineWave
[0.554s] Invoked command in '/home/amraj/Subbots/software-start-here/src/build/challenge' returned '0': CMAKE_PREFIX_PATH=${CMAKE_PREFIX_PATH}:/opt/ros/foxy /usr/bin/cmake --build /home/amraj/Subbots/software-start-here/src/build/challenge -- -j8 -l8
[0.578s] Invoking command in '/home/amraj/Subbots/software-start-here/src/build/challenge': CMAKE_PREFIX_PATH=${CMAKE_PREFIX_PATH}:/opt/ros/foxy /usr/bin/cmake --install /home/amraj/Subbots/software-start-here/src/build/challenge
[0.583s] -- Install configuration: ""
[0.583s] -- Up-to-date: /home/amraj/Subbots/software-start-here/src/install/challenge/lib/challenge/SineWave
[0.583s] -- Up-to-date: /home/amraj/Subbots/software-start-here/src/install/challenge/share/ament_index/resource_index/package_run_dependencies/challenge
[0.584s] -- Installing: /home/amraj/Subbots/software-start-here/src/install/challenge/share/ament_index/resource_index/parent_prefix_path/challenge
[0.584s] -- Up-to-date: /home/amraj/Subbots/software-start-here/src/install/challenge/share/challenge/environment/ament_prefix_path.sh
[0.584s] -- Installing: /home/amraj/Subbots/software-start-here/src/install/challenge/share/challenge/environment/ament_prefix_path.dsv
[0.584s] -- Up-to-date: /home/amraj/Subbots/software-start-here/src/install/challenge/share/challenge/environment/path.sh
[0.584s] -- Installing: /home/amraj/Subbots/software-start-here/src/install/challenge/share/challenge/environment/path.dsv
[0.584s] -- Up-to-date: /home/amraj/Subbots/software-start-here/src/install/challenge/share/challenge/local_setup.bash
[0.584s] -- Up-to-date: /home/amraj/Subbots/software-start-here/src/install/challenge/share/challenge/local_setup.sh
[0.584s] -- Up-to-date: /home/amraj/Subbots/software-start-here/src/install/challenge/share/challenge/local_setup.zsh
[0.584s] -- Installing: /home/amraj/Subbots/software-start-here/src/install/challenge/share/challenge/local_setup.dsv
[0.584s] -- Installing: /home/amraj/Subbots/software-start-here/src/install/challenge/share/challenge/package.dsv
[0.584s] -- Up-to-date: /home/amraj/Subbots/software-start-here/src/install/challenge/share/ament_index/resource_index/packages/challenge
[0.584s] -- Up-to-date: /home/amraj/Subbots/software-start-here/src/install/challenge/share/challenge/cmake/challengeConfig.cmake
[0.584s] -- Up-to-date: /home/amraj/Subbots/software-start-here/src/install/challenge/share/challenge/cmake/challengeConfig-version.cmake
[0.585s] -- Up-to-date: /home/amraj/Subbots/software-start-here/src/install/challenge/share/challenge/package.xml
[0.586s] Invoked command in '/home/amraj/Subbots/software-start-here/src/build/challenge' returned '0': CMAKE_PREFIX_PATH=${CMAKE_PREFIX_PATH}:/opt/ros/foxy /usr/bin/cmake --install /home/amraj/Subbots/software-start-here/src/build/challenge
