Performing C SOURCE FILE Test CMAKE_HAVE_LIBC_PTHREAD failed with the following output:
Change Dir: /home/software/software-start-here/build/challenge/CMakeFiles/CMakeTmp

Run Build Command(s):/usr/bin/make cmTC_523a6/fast && make[1]: Entering directory '/home/software/software-start-here/build/challenge/CMakeFiles/CMakeTmp'
/usr/bin/make -f CMakeFiles/cmTC_523a6.dir/build.make CMakeFiles/cmTC_523a6.dir/build
make[2]: Entering directory '/home/software/software-start-here/build/challenge/CMakeFiles/CMakeTmp'
Building C object CMakeFiles/cmTC_523a6.dir/src.c.o
/usr/bin/cc   -DCMAKE_HAVE_LIBC_PTHREAD   -o CMakeFiles/cmTC_523a6.dir/src.c.o   -c /home/software/software-start-here/build/challenge/CMakeFiles/CMakeTmp/src.c
Linking C executable cmTC_523a6
/usr/bin/cmake -E cmake_link_script CMakeFiles/cmTC_523a6.dir/link.txt --verbose=1
/usr/bin/cc  -DCMAKE_HAVE_LIBC_PTHREAD    CMakeFiles/cmTC_523a6.dir/src.c.o  -o cmTC_523a6 
/usr/bin/ld: CMakeFiles/cmTC_523a6.dir/src.c.o: in function `main':
src.c:(.text+0x46): undefined reference to `pthread_create'
/usr/bin/ld: src.c:(.text+0x52): undefined reference to `pthread_detach'
/usr/bin/ld: src.c:(.text+0x63): undefined reference to `pthread_join'
collect2: error: ld returned 1 exit status
make[2]: *** [CMakeFiles/cmTC_523a6.dir/build.make:87: cmTC_523a6] Error 1
make[2]: Leaving directory '/home/software/software-start-here/build/challenge/CMakeFiles/CMakeTmp'
make[1]: *** [Makefile:121: cmTC_523a6/fast] Error 2
make[1]: Leaving directory '/home/software/software-start-here/build/challenge/CMakeFiles/CMakeTmp'


Source file was:
#include <pthread.h>

void* test_func(void* data)
{
  return data;
}

int main(void)
{
  pthread_t thread;
  pthread_create(&thread, NULL, test_func, NULL);
  pthread_detach(thread);
  pthread_join(thread, NULL);
  pthread_atfork(NULL, NULL, NULL);
  pthread_exit(NULL);

  return 0;
}

Determining if the function pthread_create exists in the pthreads failed with the following output:
Change Dir: /home/software/software-start-here/build/challenge/CMakeFiles/CMakeTmp

Run Build Command(s):/usr/bin/make cmTC_5fa72/fast && make[1]: Entering directory '/home/software/software-start-here/build/challenge/CMakeFiles/CMakeTmp'
/usr/bin/make -f CMakeFiles/cmTC_5fa72.dir/build.make CMakeFiles/cmTC_5fa72.dir/build
make[2]: Entering directory '/home/software/software-start-here/build/challenge/CMakeFiles/CMakeTmp'
Building C object CMakeFiles/cmTC_5fa72.dir/CheckFunctionExists.c.o
/usr/bin/cc   -DCHECK_FUNCTION_EXISTS=pthread_create   -o CMakeFiles/cmTC_5fa72.dir/CheckFunctionExists.c.o   -c /usr/share/cmake-3.16/Modules/CheckFunctionExists.c
Linking C executable cmTC_5fa72
/usr/bin/cmake -E cmake_link_script CMakeFiles/cmTC_5fa72.dir/link.txt --verbose=1
/usr/bin/cc  -DCHECK_FUNCTION_EXISTS=pthread_create    CMakeFiles/cmTC_5fa72.dir/CheckFunctionExists.c.o  -o cmTC_5fa72  -lpthreads 
/usr/bin/ld: cannot find -lpthreads
collect2: error: ld returned 1 exit status
make[2]: *** [CMakeFiles/cmTC_5fa72.dir/build.make:87: cmTC_5fa72] Error 1
make[2]: Leaving directory '/home/software/software-start-here/build/challenge/CMakeFiles/CMakeTmp'
make[1]: *** [Makefile:121: cmTC_5fa72/fast] Error 2
make[1]: Leaving directory '/home/software/software-start-here/build/challenge/CMakeFiles/CMakeTmp'



