[0.300s] DEBUG:colcon:Command line arguments: ['/usr/bin/colcon', 'build']
[0.300s] DEBUG:colcon:Parsed command line arguments: Namespace(allow_overriding=[], ament_cmake_args=None, base_paths=['.'], build_base='build', catkin_cmake_args=None, catkin_skip_building_tests=False, cmake_args=None, cmake_clean_cache=False, cmake_clean_first=False, cmake_force_configure=False, cmake_target=None, cmake_target_skip_unavailable=False, continue_on_error=False, event_handlers=None, executor='parallel', ignore_user_meta=False, install_base='install', log_base=None, log_level=None, main=<bound method BuildVerb.main of <colcon_core.verb.build.BuildVerb object at 0x7f1c2e75ab20>>, merge_install=False, metas=['./colcon.meta'], mixin=None, mixin_files=None, mixin_verb=('build',), packages_above=None, packages_above_and_dependencies=None, packages_above_depth=None, packages_end=None, packages_ignore=None, packages_ignore_regex=None, packages_select=None, packages_select_build_failed=False, packages_select_by_dep=None, packages_select_regex=None, packages_select_test_failures=False, packages_skip=None, packages_skip_build_finished=False, packages_skip_by_dep=None, packages_skip_regex=None, packages_skip_test_passed=False, packages_skip_up_to=None, packages_start=None, packages_up_to=None, packages_up_to_regex=None, parallel_workers=4, paths=None, symlink_install=False, test_result_base=None, verb_extension=<colcon_core.verb.build.BuildVerb object at 0x7f1c2e75ab20>, verb_name='build', verb_parser=<colcon_mixin.mixin.mixin_argument.MixinArgumentDecorator object at 0x7f1c2e7683d0>)
[0.548s] Level 1:colcon.colcon_core.package_discovery:discover_packages(colcon_meta) check parameters
[0.548s] Level 1:colcon.colcon_core.package_discovery:discover_packages(recursive) check parameters
[0.548s] Level 1:colcon.colcon_core.package_discovery:discover_packages(ignore) check parameters
[0.548s] Level 1:colcon.colcon_core.package_discovery:discover_packages(path) check parameters
[0.548s] Level 1:colcon.colcon_core.package_discovery:discover_packages(colcon_meta) discover
[0.548s] Level 1:colcon.colcon_core.package_discovery:discover_packages(recursive) discover
[0.548s] INFO:colcon.colcon_core.package_discovery:Crawling recursively for packages in '/home/joel/Documents/code/software-start-here'
[0.548s] Level 1:colcon.colcon_core.package_identification:_identify(.) by extensions ['ignore', 'ignore_ament_install']
[0.549s] Level 1:colcon.colcon_core.package_identification:_identify(.) by extension 'ignore'
[0.549s] Level 1:colcon.colcon_core.package_identification:_identify(.) by extension 'ignore_ament_install'
[0.549s] Level 1:colcon.colcon_core.package_identification:_identify(.) by extensions ['colcon_pkg']
[0.549s] Level 1:colcon.colcon_core.package_identification:_identify(.) by extension 'colcon_pkg'
[0.549s] Level 1:colcon.colcon_core.package_identification:_identify(.) by extensions ['colcon_meta']
[0.549s] Level 1:colcon.colcon_core.package_identification:_identify(.) by extension 'colcon_meta'
[0.550s] Level 1:colcon.colcon_core.package_identification:_identify(.) by extensions ['ros']
[0.550s] Level 1:colcon.colcon_core.package_identification:_identify(.) by extension 'ros'
[0.570s] Level 1:colcon.colcon_core.package_identification:_identify(.) by extensions ['cmake', 'python']
[0.570s] Level 1:colcon.colcon_core.package_identification:_identify(.) by extension 'cmake'
[0.570s] Level 1:colcon.colcon_core.package_identification:_identify(.) by extension 'python'
[0.570s] Level 1:colcon.colcon_core.package_identification:_identify(.) by extensions ['python_setup_py']
[0.570s] Level 1:colcon.colcon_core.package_identification:_identify(.) by extension 'python_setup_py'
[0.570s] Level 1:colcon.colcon_core.package_identification:_identify(build) by extensions ['ignore', 'ignore_ament_install']
[0.570s] Level 1:colcon.colcon_core.package_identification:_identify(build) by extension 'ignore'
[0.571s] Level 1:colcon.colcon_core.package_identification:_identify(build) ignored
[0.571s] Level 1:colcon.colcon_core.package_identification:_identify(install) by extensions ['ignore', 'ignore_ament_install']
[0.571s] Level 1:colcon.colcon_core.package_identification:_identify(install) by extension 'ignore'
[0.571s] Level 1:colcon.colcon_core.package_identification:_identify(install) ignored
[0.571s] Level 1:colcon.colcon_core.package_identification:_identify(log) by extensions ['ignore', 'ignore_ament_install']
[0.571s] Level 1:colcon.colcon_core.package_identification:_identify(log) by extension 'ignore'
[0.572s] Level 1:colcon.colcon_core.package_identification:_identify(log) ignored
[0.572s] Level 1:colcon.colcon_core.package_identification:_identify(src) by extensions ['ignore', 'ignore_ament_install']
[0.572s] Level 1:colcon.colcon_core.package_identification:_identify(src) by extension 'ignore'
[0.572s] Level 1:colcon.colcon_core.package_identification:_identify(src) by extension 'ignore_ament_install'
[0.572s] Level 1:colcon.colcon_core.package_identification:_identify(src) by extensions ['colcon_pkg']
[0.572s] Level 1:colcon.colcon_core.package_identification:_identify(src) by extension 'colcon_pkg'
[0.572s] Level 1:colcon.colcon_core.package_identification:_identify(src) by extensions ['colcon_meta']
[0.572s] Level 1:colcon.colcon_core.package_identification:_identify(src) by extension 'colcon_meta'
[0.572s] Level 1:colcon.colcon_core.package_identification:_identify(src) by extensions ['ros']
[0.572s] Level 1:colcon.colcon_core.package_identification:_identify(src) by extension 'ros'
[0.572s] Level 1:colcon.colcon_core.package_identification:_identify(src) by extensions ['cmake', 'python']
[0.572s] Level 1:colcon.colcon_core.package_identification:_identify(src) by extension 'cmake'
[0.572s] Level 1:colcon.colcon_core.package_identification:_identify(src) by extension 'python'
[0.573s] Level 1:colcon.colcon_core.package_identification:_identify(src) by extensions ['python_setup_py']
[0.573s] Level 1:colcon.colcon_core.package_identification:_identify(src) by extension 'python_setup_py'
[0.573s] Level 1:colcon.colcon_core.package_identification:_identify(src/challenge) by extensions ['ignore', 'ignore_ament_install']
[0.573s] Level 1:colcon.colcon_core.package_identification:_identify(src/challenge) by extension 'ignore'
[0.573s] Level 1:colcon.colcon_core.package_identification:_identify(src/challenge) by extension 'ignore_ament_install'
[0.573s] Level 1:colcon.colcon_core.package_identification:_identify(src/challenge) by extensions ['colcon_pkg']
[0.573s] Level 1:colcon.colcon_core.package_identification:_identify(src/challenge) by extension 'colcon_pkg'
[0.573s] Level 1:colcon.colcon_core.package_identification:_identify(src/challenge) by extensions ['colcon_meta']
[0.573s] Level 1:colcon.colcon_core.package_identification:_identify(src/challenge) by extension 'colcon_meta'
[0.573s] Level 1:colcon.colcon_core.package_identification:_identify(src/challenge) by extensions ['ros']
[0.573s] Level 1:colcon.colcon_core.package_identification:_identify(src/challenge) by extension 'ros'
[0.580s] DEBUG:colcon.colcon_core.package_identification:Package 'src/challenge' with type 'ros.ament_cmake' and name 'challenge'
[0.580s] Level 1:colcon.colcon_core.package_discovery:discover_packages(recursive) using defaults
[0.581s] Level 1:colcon.colcon_core.package_discovery:discover_packages(ignore) discover
[0.581s] Level 1:colcon.colcon_core.package_discovery:discover_packages(ignore) using defaults
[0.581s] Level 1:colcon.colcon_core.package_discovery:discover_packages(path) discover
[0.581s] Level 1:colcon.colcon_core.package_discovery:discover_packages(path) using defaults
[0.608s] Level 1:colcon.colcon_core.package_discovery:discover_packages(prefix_path) check parameters
[0.608s] Level 1:colcon.colcon_core.package_discovery:discover_packages(prefix_path) discover
[0.613s] DEBUG:colcon.colcon_installed_package_information.package_discovery:Found 256 installed packages in /opt/ros/foxy
[0.616s] Level 1:colcon.colcon_core.package_discovery:discover_packages(prefix_path) using defaults
[0.720s] Level 5:colcon.colcon_core.verb:set package 'challenge' build argument 'cmake_args' from command line to 'None'
[0.721s] Level 5:colcon.colcon_core.verb:set package 'challenge' build argument 'cmake_target' from command line to 'None'
[0.721s] Level 5:colcon.colcon_core.verb:set package 'challenge' build argument 'cmake_target_skip_unavailable' from command line to 'False'
[0.721s] Level 5:colcon.colcon_core.verb:set package 'challenge' build argument 'cmake_clean_cache' from command line to 'False'
[0.721s] Level 5:colcon.colcon_core.verb:set package 'challenge' build argument 'cmake_clean_first' from command line to 'False'
[0.721s] Level 5:colcon.colcon_core.verb:set package 'challenge' build argument 'cmake_force_configure' from command line to 'False'
[0.721s] Level 5:colcon.colcon_core.verb:set package 'challenge' build argument 'ament_cmake_args' from command line to 'None'
[0.721s] Level 5:colcon.colcon_core.verb:set package 'challenge' build argument 'catkin_cmake_args' from command line to 'None'
[0.721s] Level 5:colcon.colcon_core.verb:set package 'challenge' build argument 'catkin_skip_building_tests' from command line to 'False'
[0.721s] DEBUG:colcon.colcon_core.verb:Building package 'challenge' with the following arguments: {'ament_cmake_args': None, 'build_base': '/home/joel/Documents/code/software-start-here/build/challenge', 'catkin_cmake_args': None, 'catkin_skip_building_tests': False, 'cmake_args': None, 'cmake_clean_cache': False, 'cmake_clean_first': False, 'cmake_force_configure': False, 'cmake_target': None, 'cmake_target_skip_unavailable': False, 'install_base': '/home/joel/Documents/code/software-start-here/install/challenge', 'merge_install': False, 'path': '/home/joel/Documents/code/software-start-here/src/challenge', 'symlink_install': False, 'test_result_base': None}
[0.721s] INFO:colcon.colcon_core.executor:Executing jobs using 'parallel' executor
[0.723s] DEBUG:colcon.colcon_parallel_executor.executor.parallel:run_until_complete
[0.724s] INFO:colcon.colcon_ros.task.ament_cmake.build:Building ROS package in '/home/joel/Documents/code/software-start-here/src/challenge' with build type 'ament_cmake'
[0.724s] INFO:colcon.colcon_cmake.task.cmake.build:Building CMake package in '/home/joel/Documents/code/software-start-here/src/challenge'
[0.730s] INFO:colcon.colcon_core.plugin_system:Skipping extension 'colcon_core.shell.bat': Not used on non-Windows systems
[0.732s] INFO:colcon.colcon_core.shell:Skip shell extension 'powershell' for command environment: Not usable outside of PowerShell
[0.732s] DEBUG:colcon.colcon_core.shell:Skip shell extension 'dsv' for command environment
[0.771s] DEBUG:colcon.colcon_core.event_handler.log_command:Invoking command in '/home/joel/Documents/code/software-start-here/build/challenge': CMAKE_PREFIX_PATH=/opt/ros/foxy /usr/bin/cmake --build /home/joel/Documents/code/software-start-here/build/challenge -- -j4 -l4
[10.332s] DEBUG:colcon.colcon_core.event_handler.log_command:Invoked command in '/home/joel/Documents/code/software-start-here/build/challenge' returned '0': CMAKE_PREFIX_PATH=/opt/ros/foxy /usr/bin/cmake --build /home/joel/Documents/code/software-start-here/build/challenge -- -j4 -l4
[10.478s] DEBUG:colcon.colcon_core.event_handler.log_command:Invoking command in '/home/joel/Documents/code/software-start-here/build/challenge': CMAKE_PREFIX_PATH=/opt/ros/foxy /usr/bin/cmake --install /home/joel/Documents/code/software-start-here/build/challenge
[10.520s] Level 1:colcon.colcon_core.environment:create_environment_scripts_only(challenge)
[10.526s] DEBUG:colcon.colcon_core.event_handler.log_command:Invoked command in '/home/joel/Documents/code/software-start-here/build/challenge' returned '0': CMAKE_PREFIX_PATH=/opt/ros/foxy /usr/bin/cmake --install /home/joel/Documents/code/software-start-here/build/challenge
[10.547s] Level 1:colcon.colcon_core.environment:checking '/home/joel/Documents/code/software-start-here/install/challenge' for CMake module files
[10.549s] Level 1:colcon.colcon_core.environment:checking '/home/joel/Documents/code/software-start-here/install/challenge' for CMake config files
[10.550s] Level 1:colcon.colcon_core.shell:create_environment_hook('challenge', 'cmake_prefix_path')
[10.551s] INFO:colcon.colcon_core.shell:Creating environment hook '/home/joel/Documents/code/software-start-here/install/challenge/share/challenge/hook/cmake_prefix_path.ps1'
[10.554s] INFO:colcon.colcon_core.shell:Creating environment descriptor '/home/joel/Documents/code/software-start-here/install/challenge/share/challenge/hook/cmake_prefix_path.dsv'
[10.558s] INFO:colcon.colcon_core.shell:Creating environment hook '/home/joel/Documents/code/software-start-here/install/challenge/share/challenge/hook/cmake_prefix_path.sh'
[10.563s] Level 1:colcon.colcon_core.environment:checking '/home/joel/Documents/code/software-start-here/install/challenge/lib'
[10.568s] Level 1:colcon.colcon_core.environment:checking '/home/joel/Documents/code/software-start-here/install/challenge/bin'
[10.568s] Level 1:colcon.colcon_core.environment:checking '/home/joel/Documents/code/software-start-here/install/challenge/lib/pkgconfig/challenge.pc'
[10.570s] Level 1:colcon.colcon_core.environment:checking '/home/joel/Documents/code/software-start-here/install/challenge/lib/python3.8/site-packages'
[10.571s] Level 1:colcon.colcon_core.environment:checking '/home/joel/Documents/code/software-start-here/install/challenge/bin'
[10.572s] INFO:colcon.colcon_core.shell:Creating package script '/home/joel/Documents/code/software-start-here/install/challenge/share/challenge/package.ps1'
[10.578s] INFO:colcon.colcon_core.shell:Creating package descriptor '/home/joel/Documents/code/software-start-here/install/challenge/share/challenge/package.dsv'
[10.580s] INFO:colcon.colcon_core.shell:Creating package script '/home/joel/Documents/code/software-start-here/install/challenge/share/challenge/package.sh'
[10.583s] INFO:colcon.colcon_core.shell:Creating package script '/home/joel/Documents/code/software-start-here/install/challenge/share/challenge/package.bash'
[10.586s] INFO:colcon.colcon_core.shell:Creating package script '/home/joel/Documents/code/software-start-here/install/challenge/share/challenge/package.zsh'
[10.588s] Level 1:colcon.colcon_core.environment:create_file_with_runtime_dependencies(/home/joel/Documents/code/software-start-here/install/challenge/share/colcon-core/packages/challenge)
[10.689s] Level 1:colcon.colcon_core.environment:create_environment_scripts_only(challenge)
[10.690s] Level 1:colcon.colcon_core.environment:checking '/home/joel/Documents/code/software-start-here/install/challenge' for CMake module files
[10.692s] Level 1:colcon.colcon_core.environment:checking '/home/joel/Documents/code/software-start-here/install/challenge' for CMake config files
[10.693s] Level 1:colcon.colcon_core.shell:create_environment_hook('challenge', 'cmake_prefix_path')
[10.694s] INFO:colcon.colcon_core.shell:Creating environment hook '/home/joel/Documents/code/software-start-here/install/challenge/share/challenge/hook/cmake_prefix_path.ps1'
[10.696s] INFO:colcon.colcon_core.shell:Creating environment descriptor '/home/joel/Documents/code/software-start-here/install/challenge/share/challenge/hook/cmake_prefix_path.dsv'
[10.697s] INFO:colcon.colcon_core.shell:Creating environment hook '/home/joel/Documents/code/software-start-here/install/challenge/share/challenge/hook/cmake_prefix_path.sh'
[10.698s] Level 1:colcon.colcon_core.environment:checking '/home/joel/Documents/code/software-start-here/install/challenge/lib'
[10.699s] Level 1:colcon.colcon_core.environment:checking '/home/joel/Documents/code/software-start-here/install/challenge/bin'
[10.699s] Level 1:colcon.colcon_core.environment:checking '/home/joel/Documents/code/software-start-here/install/challenge/lib/pkgconfig/challenge.pc'
[10.700s] Level 1:colcon.colcon_core.environment:checking '/home/joel/Documents/code/software-start-here/install/challenge/lib/python3.8/site-packages'
[10.700s] Level 1:colcon.colcon_core.environment:checking '/home/joel/Documents/code/software-start-here/install/challenge/bin'
[10.701s] INFO:colcon.colcon_core.shell:Creating package script '/home/joel/Documents/code/software-start-here/install/challenge/share/challenge/package.ps1'
[10.703s] INFO:colcon.colcon_core.shell:Creating package descriptor '/home/joel/Documents/code/software-start-here/install/challenge/share/challenge/package.dsv'
[10.705s] INFO:colcon.colcon_core.shell:Creating package script '/home/joel/Documents/code/software-start-here/install/challenge/share/challenge/package.sh'
[10.710s] INFO:colcon.colcon_core.shell:Creating package script '/home/joel/Documents/code/software-start-here/install/challenge/share/challenge/package.bash'
[10.713s] INFO:colcon.colcon_core.shell:Creating package script '/home/joel/Documents/code/software-start-here/install/challenge/share/challenge/package.zsh'
[10.716s] Level 1:colcon.colcon_core.environment:create_file_with_runtime_dependencies(/home/joel/Documents/code/software-start-here/install/challenge/share/colcon-core/packages/challenge)
[10.719s] DEBUG:colcon.colcon_parallel_executor.executor.parallel:closing loop
[10.720s] DEBUG:colcon.colcon_parallel_executor.executor.parallel:loop closed
[10.720s] DEBUG:colcon.colcon_parallel_executor.executor.parallel:run_until_complete finished with '0'
[10.720s] DEBUG:colcon.colcon_core.event_reactor:joining thread
[10.747s] INFO:colcon.colcon_core.plugin_system:Skipping extension 'colcon_notification.desktop_notification.terminal_notifier': Not used on non-Darwin systems
[10.748s] INFO:colcon.colcon_core.plugin_system:Skipping extension 'colcon_notification.desktop_notification.win32': Not used on non-Windows systems
[10.748s] INFO:colcon.colcon_notification.desktop_notification:Sending desktop notification using 'notify2'
[10.797s] DEBUG:colcon.colcon_core.event_reactor:joined thread
[10.798s] INFO:colcon.colcon_core.shell:Creating prefix script '/home/joel/Documents/code/software-start-here/install/local_setup.ps1'
[10.802s] INFO:colcon.colcon_core.shell:Creating prefix util module '/home/joel/Documents/code/software-start-here/install/_local_setup_util_ps1.py'
[10.806s] INFO:colcon.colcon_core.shell:Creating prefix chain script '/home/joel/Documents/code/software-start-here/install/setup.ps1'
[10.810s] INFO:colcon.colcon_core.shell:Creating prefix script '/home/joel/Documents/code/software-start-here/install/local_setup.sh'
[10.812s] INFO:colcon.colcon_core.shell:Creating prefix util module '/home/joel/Documents/code/software-start-here/install/_local_setup_util_sh.py'
[10.816s] INFO:colcon.colcon_core.shell:Creating prefix chain script '/home/joel/Documents/code/software-start-here/install/setup.sh'
[10.819s] INFO:colcon.colcon_core.shell:Creating prefix script '/home/joel/Documents/code/software-start-here/install/local_setup.bash'
[10.821s] INFO:colcon.colcon_core.shell:Creating prefix chain script '/home/joel/Documents/code/software-start-here/install/setup.bash'
[10.824s] INFO:colcon.colcon_core.shell:Creating prefix script '/home/joel/Documents/code/software-start-here/install/local_setup.zsh'
[10.828s] INFO:colcon.colcon_core.shell:Creating prefix chain script '/home/joel/Documents/code/software-start-here/install/setup.zsh'
