[0.007s] Invoking command in '/home/dorson/Documents/github/software-start-here/build/challenge': CMAKE_PREFIX_PATH=${CMAKE_PREFIX_PATH}:/opt/ros/foxy /usr/bin/cmake --build /home/dorson/Documents/github/software-start-here/build/challenge -- -j20 -l20
[0.040s] [100%] Built target solution
[0.045s] Invoked command in '/home/dorson/Documents/github/software-start-here/build/challenge' returned '0': CMAKE_PREFIX_PATH=${CMAKE_PREFIX_PATH}:/opt/ros/foxy /usr/bin/cmake --build /home/dorson/Documents/github/software-start-here/build/challenge -- -j20 -l20
[0.074s] Invoking command in '/home/dorson/Documents/github/software-start-here/build/challenge': CMAKE_PREFIX_PATH=${CMAKE_PREFIX_PATH}:/opt/ros/foxy /usr/bin/cmake --install /home/dorson/Documents/github/software-start-here/build/challenge
[0.081s] -- Install configuration: ""
[0.082s] -- Up-to-date: /home/dorson/Documents/github/software-start-here/install/challenge/lib/challenge/solution
[0.082s] -- Up-to-date: /home/dorson/Documents/github/software-start-here/install/challenge/share/ament_index/resource_index/package_run_dependencies/challenge
[0.082s] -- Up-to-date: /home/dorson/Documents/github/software-start-here/install/challenge/share/ament_index/resource_index/parent_prefix_path/challenge
[0.082s] -- Up-to-date: /home/dorson/Documents/github/software-start-here/install/challenge/share/challenge/environment/ament_prefix_path.sh
[0.082s] -- Up-to-date: /home/dorson/Documents/github/software-start-here/install/challenge/share/challenge/environment/ament_prefix_path.dsv
[0.082s] -- Up-to-date: /home/dorson/Documents/github/software-start-here/install/challenge/share/challenge/environment/path.sh
[0.082s] -- Up-to-date: /home/dorson/Documents/github/software-start-here/install/challenge/share/challenge/environment/path.dsv
[0.082s] -- Up-to-date: /home/dorson/Documents/github/software-start-here/install/challenge/share/challenge/local_setup.bash
[0.082s] -- Up-to-date: /home/dorson/Documents/github/software-start-here/install/challenge/share/challenge/local_setup.sh
[0.082s] -- Up-to-date: /home/dorson/Documents/github/software-start-here/install/challenge/share/challenge/local_setup.zsh
[0.082s] -- Up-to-date: /home/dorson/Documents/github/software-start-here/install/challenge/share/challenge/local_setup.dsv
[0.082s] -- Installing: /home/dorson/Documents/github/software-start-here/install/challenge/share/challenge/package.dsv
[0.082s] -- Up-to-date: /home/dorson/Documents/github/software-start-here/install/challenge/share/ament_index/resource_index/packages/challenge
[0.082s] -- Up-to-date: /home/dorson/Documents/github/software-start-here/install/challenge/share/challenge/cmake/challengeConfig.cmake
[0.082s] -- Up-to-date: /home/dorson/Documents/github/software-start-here/install/challenge/share/challenge/cmake/challengeConfig-version.cmake
[0.082s] -- Up-to-date: /home/dorson/Documents/github/software-start-here/install/challenge/share/challenge/package.xml
[0.083s] Invoked command in '/home/dorson/Documents/github/software-start-here/build/challenge' returned '0': CMAKE_PREFIX_PATH=${CMAKE_PREFIX_PATH}:/opt/ros/foxy /usr/bin/cmake --install /home/dorson/Documents/github/software-start-here/build/challenge
