[0.025s] Invoking command in '/home/mark/coding/software-start-here/build/challenge': CMAKE_PREFIX_PATH=/opt/ros/foxy /usr/bin/cmake /home/mark/coding/software-start-here/src/challenge -DCMAKE_INSTALL_PREFIX=/home/mark/coding/software-start-here/install/challenge
[0.054s] -- Found ament_cmake: 0.9.9 (/opt/ros/foxy/share/ament_cmake/cmake)
[0.099s] -- Using PYTHON_EXECUTABLE: /usr/bin/python3
[0.515s] -- Found rclcpp: 2.4.1 (/opt/ros/foxy/share/rclcpp/cmake)
[0.594s] -- Using all available rosidl_typesupport_c: rosidl_typesupport_fastrtps_c;rosidl_typesupport_introspection_c
[0.602s] -- Found rosidl_adapter: 1.2.1 (/opt/ros/foxy/share/rosidl_adapter/cmake)
[0.878s] -- Using all available rosidl_typesupport_cpp: rosidl_typesupport_fastrtps_cpp;rosidl_typesupport_introspection_cpp
[1.009s] -- Found rmw_implementation_cmake: 1.0.3 (/opt/ros/foxy/share/rmw_implementation_cmake/cmake)
[1.012s] -- Using RMW implementation 'rmw_fastrtps_cpp' as default
[1.390s] -- Found geometry_msgs: 2.0.5 (/opt/ros/foxy/share/geometry_msgs/cmake)
[1.644s] -- Configuring done
[1.670s] -- Generating done
[1.673s] -- Build files have been written to: /home/mark/coding/software-start-here/build/challenge
[1.691s] Invoked command in '/home/mark/coding/software-start-here/build/challenge' returned '0': CMAKE_PREFIX_PATH=/opt/ros/foxy /usr/bin/cmake /home/mark/coding/software-start-here/src/challenge -DCMAKE_INSTALL_PREFIX=/home/mark/coding/software-start-here/install/challenge
[1.693s] Invoking command in '/home/mark/coding/software-start-here/build/challenge': CMAKE_PREFIX_PATH=/opt/ros/foxy /usr/bin/cmake --build /home/mark/coding/software-start-here/build/challenge -- -j12 -l12
[1.791s] [35m[1mScanning dependencies of target listener[0m
[1.791s] [35m[1mScanning dependencies of target solution[0m
[1.883s] [ 25%] [32mBuilding CXX object CMakeFiles/listener.dir/src/subscriber_member_function.cpp.o[0m
[1.884s] [ 50%] [32mBuilding CXX object CMakeFiles/solution.dir/src/publisher_member_function.cpp.o[0m
[10.779s] [ 75%] [32m[1mLinking CXX executable solution[0m
[11.193s] [ 75%] Built target solution
[15.541s] [100%] [32m[1mLinking CXX executable listener[0m
[16.103s] [100%] Built target listener
[16.132s] Invoked command in '/home/mark/coding/software-start-here/build/challenge' returned '0': CMAKE_PREFIX_PATH=/opt/ros/foxy /usr/bin/cmake --build /home/mark/coding/software-start-here/build/challenge -- -j12 -l12
[16.224s] Invoking command in '/home/mark/coding/software-start-here/build/challenge': CMAKE_PREFIX_PATH=/opt/ros/foxy /usr/bin/cmake --install /home/mark/coding/software-start-here/build/challenge
[16.245s] -- Install configuration: ""
[16.245s] -- Installing: /home/mark/coding/software-start-here/install/challenge/lib/challenge/solution
[16.248s] -- Set runtime path of "/home/mark/coding/software-start-here/install/challenge/lib/challenge/solution" to ""
[16.248s] -- Installing: /home/mark/coding/software-start-here/install/challenge/lib/challenge/listener
[16.253s] -- Set runtime path of "/home/mark/coding/software-start-here/install/challenge/lib/challenge/listener" to ""
[16.254s] -- Installing: /home/mark/coding/software-start-here/install/challenge/share/ament_index/resource_index/package_run_dependencies/challenge
[16.254s] -- Installing: /home/mark/coding/software-start-here/install/challenge/share/ament_index/resource_index/parent_prefix_path/challenge
[16.255s] -- Installing: /home/mark/coding/software-start-here/install/challenge/share/challenge/environment/ament_prefix_path.sh
[16.255s] -- Installing: /home/mark/coding/software-start-here/install/challenge/share/challenge/environment/ament_prefix_path.dsv
[16.256s] -- Installing: /home/mark/coding/software-start-here/install/challenge/share/challenge/environment/path.sh
[16.256s] -- Installing: /home/mark/coding/software-start-here/install/challenge/share/challenge/environment/path.dsv
[16.256s] -- Installing: /home/mark/coding/software-start-here/install/challenge/share/challenge/local_setup.bash
[16.257s] -- Installing: /home/mark/coding/software-start-here/install/challenge/share/challenge/local_setup.sh
[16.257s] -- Installing: /home/mark/coding/software-start-here/install/challenge/share/challenge/local_setup.zsh
[16.258s] -- Installing: /home/mark/coding/software-start-here/install/challenge/share/challenge/local_setup.dsv
[16.258s] -- Installing: /home/mark/coding/software-start-here/install/challenge/share/challenge/package.dsv
[16.258s] -- Installing: /home/mark/coding/software-start-here/install/challenge/share/ament_index/resource_index/packages/challenge
[16.259s] -- Installing: /home/mark/coding/software-start-here/install/challenge/share/challenge/cmake/challengeConfig.cmake
[16.259s] -- Installing: /home/mark/coding/software-start-here/install/challenge/share/challenge/cmake/challengeConfig-version.cmake
[16.259s] -- Installing: /home/mark/coding/software-start-here/install/challenge/share/challenge/package.xml
[16.264s] Invoked command in '/home/mark/coding/software-start-here/build/challenge' returned '0': CMAKE_PREFIX_PATH=/opt/ros/foxy /usr/bin/cmake --install /home/mark/coding/software-start-here/build/challenge
