[0.011s] Invoking command in '/home/krithik/software-start-here/src/build/challenge': CMAKE_PREFIX_PATH=/opt/ros/rolling:/opt/ros/foxy /usr/bin/cmake --build /home/krithik/software-start-here/src/build/challenge -- -j8 -l8
[0.109s] [100%] Built target solution
[0.124s] Invoked command in '/home/krithik/software-start-here/src/build/challenge' returned '0': CMAKE_PREFIX_PATH=/opt/ros/rolling:/opt/ros/foxy /usr/bin/cmake --build /home/krithik/software-start-here/src/build/challenge -- -j8 -l8
[0.170s] Invoking command in '/home/krithik/software-start-here/src/build/challenge': CMAKE_PREFIX_PATH=/opt/ros/rolling:/opt/ros/foxy /usr/bin/cmake --install /home/krithik/software-start-here/src/build/challenge
[0.176s] -- Install configuration: ""
[0.177s] -- Up-to-date: /home/krithik/software-start-here/src/install/challenge/lib/challenge/solution
[0.177s] -- Up-to-date: /home/krithik/software-start-here/src/install/challenge/share/ament_index/resource_index/package_run_dependencies/challenge
[0.177s] -- Up-to-date: /home/krithik/software-start-here/src/install/challenge/share/ament_index/resource_index/parent_prefix_path/challenge
[0.177s] -- Up-to-date: /home/krithik/software-start-here/src/install/challenge/share/challenge/environment/ament_prefix_path.sh
[0.177s] -- Up-to-date: /home/krithik/software-start-here/src/install/challenge/share/challenge/environment/ament_prefix_path.dsv
[0.177s] -- Up-to-date: /home/krithik/software-start-here/src/install/challenge/share/challenge/environment/path.sh
[0.177s] -- Up-to-date: /home/krithik/software-start-here/src/install/challenge/share/challenge/environment/path.dsv
[0.177s] -- Up-to-date: /home/krithik/software-start-here/src/install/challenge/share/challenge/local_setup.bash
[0.177s] -- Up-to-date: /home/krithik/software-start-here/src/install/challenge/share/challenge/local_setup.sh
[0.177s] -- Up-to-date: /home/krithik/software-start-here/src/install/challenge/share/challenge/local_setup.zsh
[0.178s] -- Up-to-date: /home/krithik/software-start-here/src/install/challenge/share/challenge/local_setup.dsv
[0.178s] -- Installing: /home/krithik/software-start-here/src/install/challenge/share/challenge/package.dsv
[0.178s] -- Up-to-date: /home/krithik/software-start-here/src/install/challenge/share/ament_index/resource_index/packages/challenge
[0.178s] -- Up-to-date: /home/krithik/software-start-here/src/install/challenge/share/challenge/cmake/challengeConfig.cmake
[0.178s] -- Up-to-date: /home/krithik/software-start-here/src/install/challenge/share/challenge/cmake/challengeConfig-version.cmake
[0.178s] -- Up-to-date: /home/krithik/software-start-here/src/install/challenge/share/challenge/package.xml
[0.179s] Invoked command in '/home/krithik/software-start-here/src/build/challenge' returned '0': CMAKE_PREFIX_PATH=/opt/ros/rolling:/opt/ros/foxy /usr/bin/cmake --install /home/krithik/software-start-here/src/build/challenge
