[0.012s] Invoking command in '/home/sav/Desktop/software-start-here/build/challenge': CMAKE_PREFIX_PATH=/opt/ros/foxy /usr/bin/cmake --build /home/sav/Desktop/software-start-here/build/challenge -- -j8 -l8
[0.046s] [35m[1mScanning dependencies of target solution[0m
[0.068s] [ 50%] [32mBuilding CXX object CMakeFiles/solution.dir/src/solution.cpp.o[0m
[2.686s] [100%] [32m[1mLinking CXX executable solution[0m
[2.831s] [100%] Built target solution
[2.842s] Invoked command in '/home/sav/Desktop/software-start-here/build/challenge' returned '0': CMAKE_PREFIX_PATH=/opt/ros/foxy /usr/bin/cmake --build /home/sav/Desktop/software-start-here/build/challenge -- -j8 -l8
[2.878s] Invoking command in '/home/sav/Desktop/software-start-here/build/challenge': CMAKE_PREFIX_PATH=/opt/ros/foxy /usr/bin/cmake --install /home/sav/Desktop/software-start-here/build/challenge
[2.885s] -- Install configuration: ""
[2.885s] -- Installing: /home/sav/Desktop/software-start-here/install/challenge/lib/challenge/solution
[2.886s] -- Set runtime path of "/home/sav/Desktop/software-start-here/install/challenge/lib/challenge/solution" to ""
[2.886s] -- Up-to-date: /home/sav/Desktop/software-start-here/install/challenge/share/ament_index/resource_index/package_run_dependencies/challenge
[2.886s] -- Up-to-date: /home/sav/Desktop/software-start-here/install/challenge/share/ament_index/resource_index/parent_prefix_path/challenge
[2.886s] -- Up-to-date: /home/sav/Desktop/software-start-here/install/challenge/share/challenge/environment/ament_prefix_path.sh
[2.886s] -- Up-to-date: /home/sav/Desktop/software-start-here/install/challenge/share/challenge/environment/ament_prefix_path.dsv
[2.886s] -- Up-to-date: /home/sav/Desktop/software-start-here/install/challenge/share/challenge/environment/path.sh
[2.886s] -- Up-to-date: /home/sav/Desktop/software-start-here/install/challenge/share/challenge/environment/path.dsv
[2.887s] -- Up-to-date: /home/sav/Desktop/software-start-here/install/challenge/share/challenge/local_setup.bash
[2.887s] -- Up-to-date: /home/sav/Desktop/software-start-here/install/challenge/share/challenge/local_setup.sh
[2.887s] -- Up-to-date: /home/sav/Desktop/software-start-here/install/challenge/share/challenge/local_setup.zsh
[2.887s] -- Up-to-date: /home/sav/Desktop/software-start-here/install/challenge/share/challenge/local_setup.dsv
[2.887s] -- Installing: /home/sav/Desktop/software-start-here/install/challenge/share/challenge/package.dsv
[2.887s] -- Up-to-date: /home/sav/Desktop/software-start-here/install/challenge/share/ament_index/resource_index/packages/challenge
[2.887s] -- Up-to-date: /home/sav/Desktop/software-start-here/install/challenge/share/challenge/cmake/challengeConfig.cmake
[2.887s] -- Up-to-date: /home/sav/Desktop/software-start-here/install/challenge/share/challenge/cmake/challengeConfig-version.cmake
[2.887s] -- Up-to-date: /home/sav/Desktop/software-start-here/install/challenge/share/challenge/package.xml
[2.889s] Invoked command in '/home/sav/Desktop/software-start-here/build/challenge' returned '0': CMAKE_PREFIX_PATH=/opt/ros/foxy /usr/bin/cmake --install /home/sav/Desktop/software-start-here/build/challenge
