[0.044s] Invoking command in '/home/joseph/software-start-here/src/build/challenge': CMAKE_PREFIX_PATH=${CMAKE_PREFIX_PATH}:/home/joseph/steelhead/install/steelhead_teleop:/home/joseph/steelhead/install/steelhead_pipeline:/home/joseph/steelhead/install/steelhead_bringup:/opt/ros/foxy /usr/bin/cmake --build /home/joseph/software-start-here/src/build/challenge -- -j16 -l16
[0.224s] -- Found ament_cmake: 0.9.12 (/opt/ros/foxy/share/ament_cmake/cmake)
[0.281s] -- Using PYTHON_EXECUTABLE: /usr/bin/python3
[0.801s] -- Found rclcpp: 2.4.3 (/opt/ros/foxy/share/rclcpp/cmake)
[1.297s] -- Using all available rosidl_typesupport_c: rosidl_typesupport_fastrtps_c;rosidl_typesupport_introspection_c
[1.310s] -- Found rosidl_adapter: 1.3.1 (/opt/ros/foxy/share/rosidl_adapter/cmake)
[11.781s] -- Using all available rosidl_typesupport_cpp: rosidl_typesupport_fastrtps_cpp;rosidl_typesupport_introspection_cpp
[11.903s] -- Found rmw_implementation_cmake: 1.0.4 (/opt/ros/foxy/share/rmw_implementation_cmake/cmake)
[11.915s] -- Using RMW implementation 'rmw_fastrtps_cpp' as default
[12.216s] -- Found geometry_msgs: 2.0.5 (/opt/ros/foxy/share/geometry_msgs/cmake)
[12.284s] -- Found ament_lint_auto: 0.9.8 (/opt/ros/foxy/share/ament_lint_auto/cmake)
[12.451s] -- Added test 'copyright' to check source files copyright and LICENSE
[12.456s] -- Added test 'cppcheck' to perform static code analysis on C / C++ code
[12.456s] -- Configured cppcheck include dirs: $<BUILD_INTERFACE:/home/joseph/software-start-here/src/challenge/include>
[12.456s] -- Configured cppcheck exclude dirs and/or files: 
[12.459s] -- Added test 'cpplint' to check C / C++ code against the Google style
[12.459s] -- Configured cpplint exclude dirs and/or files: 
[12.461s] -- Added test 'lint_cmake' to check CMake code style
[12.465s] -- Added test 'uncrustify' to check C / C++ code style
[12.465s] -- Configured uncrustify additional arguments: 
[12.466s] -- Added test 'xmllint' to check XML markup files
[12.476s] -- Configuring done
[12.506s] -- Generating done
[12.517s] -- Build files have been written to: /home/joseph/software-start-here/src/build/challenge
[12.605s] [35m[1mScanning dependencies of target solution[0m
[12.640s] [ 50%] [32mBuilding CXX object CMakeFiles/solution.dir/src/solution.cpp.o[0m
[18.972s] [100%] [32m[1mLinking CXX executable solution[0m
[19.734s] [100%] Built target solution
[19.785s] Invoked command in '/home/joseph/software-start-here/src/build/challenge' returned '0': CMAKE_PREFIX_PATH=${CMAKE_PREFIX_PATH}:/home/joseph/steelhead/install/steelhead_teleop:/home/joseph/steelhead/install/steelhead_pipeline:/home/joseph/steelhead/install/steelhead_bringup:/opt/ros/foxy /usr/bin/cmake --build /home/joseph/software-start-here/src/build/challenge -- -j16 -l16
[19.822s] Invoking command in '/home/joseph/software-start-here/src/build/challenge': CMAKE_PREFIX_PATH=${CMAKE_PREFIX_PATH}:/home/joseph/steelhead/install/steelhead_teleop:/home/joseph/steelhead/install/steelhead_pipeline:/home/joseph/steelhead/install/steelhead_bringup:/opt/ros/foxy /usr/bin/cmake --install /home/joseph/software-start-here/src/build/challenge
[19.847s] -- Install configuration: ""
[19.849s] -- Installing: /home/joseph/software-start-here/src/install/challenge/lib/challenge/solution
[19.852s] -- Set runtime path of "/home/joseph/software-start-here/src/install/challenge/lib/challenge/solution" to ""
[19.852s] -- Installing: /home/joseph/software-start-here/src/install/challenge/share/ament_index/resource_index/package_run_dependencies/challenge
[19.854s] -- Installing: /home/joseph/software-start-here/src/install/challenge/share/ament_index/resource_index/parent_prefix_path/challenge
[19.855s] -- Up-to-date: /home/joseph/software-start-here/src/install/challenge/share/challenge/environment/ament_prefix_path.sh
[19.855s] -- Installing: /home/joseph/software-start-here/src/install/challenge/share/challenge/environment/ament_prefix_path.dsv
[19.856s] -- Up-to-date: /home/joseph/software-start-here/src/install/challenge/share/challenge/environment/path.sh
[19.857s] -- Installing: /home/joseph/software-start-here/src/install/challenge/share/challenge/environment/path.dsv
[19.857s] -- Up-to-date: /home/joseph/software-start-here/src/install/challenge/share/challenge/local_setup.bash
[19.858s] -- Up-to-date: /home/joseph/software-start-here/src/install/challenge/share/challenge/local_setup.sh
[19.858s] -- Up-to-date: /home/joseph/software-start-here/src/install/challenge/share/challenge/local_setup.zsh
[19.858s] -- Installing: /home/joseph/software-start-here/src/install/challenge/share/challenge/local_setup.dsv
[19.859s] -- Installing: /home/joseph/software-start-here/src/install/challenge/share/challenge/package.dsv
[19.860s] -- Up-to-date: /home/joseph/software-start-here/src/install/challenge/share/ament_index/resource_index/packages/challenge
[19.860s] -- Up-to-date: /home/joseph/software-start-here/src/install/challenge/share/challenge/cmake/challengeConfig.cmake
[19.860s] -- Up-to-date: /home/joseph/software-start-here/src/install/challenge/share/challenge/cmake/challengeConfig-version.cmake
[19.860s] -- Installing: /home/joseph/software-start-here/src/install/challenge/share/challenge/package.xml
[19.868s] Invoked command in '/home/joseph/software-start-here/src/build/challenge' returned '0': CMAKE_PREFIX_PATH=${CMAKE_PREFIX_PATH}:/home/joseph/steelhead/install/steelhead_teleop:/home/joseph/steelhead/install/steelhead_pipeline:/home/joseph/steelhead/install/steelhead_bringup:/opt/ros/foxy /usr/bin/cmake --install /home/joseph/software-start-here/src/build/challenge
