[0.009s] Invoking command in '/home/sav/Desktop/software-start-here/build/challenge': /usr/bin/cmake --build /home/sav/Desktop/software-start-here/build/challenge -- -j8 -l8
[0.027s] -- Found ament_cmake: 0.9.9 (/opt/ros/foxy/share/ament_cmake/cmake)
[0.044s] -- Using PYTHON_EXECUTABLE: /usr/bin/python3
[0.188s] Traceback (most recent call last):
[0.188s]   File "/opt/ros/foxy/share/ament_cmake_core/cmake/package_templates/templates_2_cmake.py", line 21, in <module>
[0.188s]     from ament_package.templates import get_environment_hook_template_path
[0.188s] ModuleNotFoundError: No module named 'ament_package'
[0.204s] CMake Error at /opt/ros/foxy/share/ament_cmake_core/cmake/ament_cmake_package_templates-extras.cmake:41 (message):
[0.204s]   execute_process(/usr/bin/python3
[0.204s]   /opt/ros/foxy/share/ament_cmake_core/cmake/package_templates/templates_2_cmake.py
[0.204s]   /home/sav/Desktop/software-start-here/build/challenge/ament_cmake_package_templates/templates.cmake)
[0.205s]   returned error code 1
[0.205s] Call Stack (most recent call first):
[0.205s]   /opt/ros/foxy/share/ament_cmake_core/cmake/ament_cmake_coreConfig.cmake:41 (include)
[0.205s]   /opt/ros/foxy/share/ament_cmake/cmake/ament_cmake_export_dependencies-extras.cmake:15 (find_package)
[0.205s]   /opt/ros/foxy/share/ament_cmake/cmake/ament_cmakeConfig.cmake:41 (include)
[0.205s]   CMakeLists.txt:19 (find_package)
[0.205s] 
[0.205s] 
[0.205s] -- Configuring incomplete, errors occurred!
[0.205s] See also "/home/sav/Desktop/software-start-here/build/challenge/CMakeFiles/CMakeOutput.log".
[0.206s] make: *** [Makefile:266: cmake_check_build_system] Error 1
[0.208s] Invoked command in '/home/sav/Desktop/software-start-here/build/challenge' returned '2': /usr/bin/cmake --build /home/sav/Desktop/software-start-here/build/challenge -- -j8 -l8
