[0.257s] DEBUG:colcon:Command line arguments: ['/usr/bin/colcon', 'build', '--packages-select', 'challenge']
[0.257s] DEBUG:colcon:Parsed command line arguments: Namespace(allow_overriding=[], ament_cmake_args=None, base_paths=['.'], build_base='build', catkin_cmake_args=None, catkin_skip_building_tests=False, cmake_args=None, cmake_clean_cache=False, cmake_clean_first=False, cmake_force_configure=False, cmake_target=None, cmake_target_skip_unavailable=False, continue_on_error=False, event_handlers=None, executor='parallel', ignore_user_meta=False, install_base='install', log_base=None, log_level=None, main=<bound method BuildVerb.main of <colcon_core.verb.build.BuildVerb object at 0x7f2c75a84100>>, merge_install=False, metas=['./colcon.meta'], packages_above=None, packages_above_and_dependencies=None, packages_above_depth=None, packages_end=None, packages_ignore=None, packages_ignore_regex=None, packages_select=['challenge'], packages_select_build_failed=False, packages_select_by_dep=None, packages_select_regex=None, packages_select_test_failures=False, packages_skip=None, packages_skip_build_finished=False, packages_skip_by_dep=None, packages_skip_regex=None, packages_skip_test_passed=False, packages_skip_up_to=None, packages_start=None, packages_up_to=None, packages_up_to_regex=None, parallel_workers=12, paths=None, symlink_install=False, test_result_base=None, verb_extension=<colcon_core.verb.build.BuildVerb object at 0x7f2c75a84100>, verb_name='build', verb_parser=<colcon_defaults.argument_parser.defaults.DefaultArgumentsDecorator object at 0x7f2c75a84580>)
[0.312s] Level 1:colcon.colcon_core.package_discovery:discover_packages(colcon_meta) check parameters
[0.312s] Level 1:colcon.colcon_core.package_discovery:discover_packages(recursive) check parameters
[0.312s] Level 1:colcon.colcon_core.package_discovery:discover_packages(ignore) check parameters
[0.313s] Level 1:colcon.colcon_core.package_discovery:discover_packages(path) check parameters
[0.313s] Level 1:colcon.colcon_core.package_discovery:discover_packages(colcon_meta) discover
[0.313s] Level 1:colcon.colcon_core.package_discovery:discover_packages(recursive) discover
[0.313s] INFO:colcon.colcon_core.package_discovery:Crawling recursively for packages in '/home/mark/coding/software-start-here'
[0.313s] Level 1:colcon.colcon_core.package_identification:_identify(.) by extensions ['ignore', 'ignore_ament_install']
[0.313s] Level 1:colcon.colcon_core.package_identification:_identify(.) by extension 'ignore'
[0.314s] Level 1:colcon.colcon_core.package_identification:_identify(.) by extension 'ignore_ament_install'
[0.314s] Level 1:colcon.colcon_core.package_identification:_identify(.) by extensions ['colcon_pkg']
[0.314s] Level 1:colcon.colcon_core.package_identification:_identify(.) by extension 'colcon_pkg'
[0.314s] Level 1:colcon.colcon_core.package_identification:_identify(.) by extensions ['colcon_meta']
[0.314s] Level 1:colcon.colcon_core.package_identification:_identify(.) by extension 'colcon_meta'
[0.314s] Level 1:colcon.colcon_core.package_identification:_identify(.) by extensions ['ros']
[0.314s] Level 1:colcon.colcon_core.package_identification:_identify(.) by extension 'ros'
[0.339s] Level 1:colcon.colcon_core.package_identification:_identify(.) by extensions ['cmake', 'python']
[0.339s] Level 1:colcon.colcon_core.package_identification:_identify(.) by extension 'cmake'
[0.339s] Level 1:colcon.colcon_core.package_identification:_identify(.) by extension 'python'
[0.339s] Level 1:colcon.colcon_core.package_identification:_identify(.) by extensions ['python_setup_py']
[0.339s] Level 1:colcon.colcon_core.package_identification:_identify(.) by extension 'python_setup_py'
[0.340s] Level 1:colcon.colcon_core.package_identification:_identify(build) by extensions ['ignore', 'ignore_ament_install']
[0.340s] Level 1:colcon.colcon_core.package_identification:_identify(build) by extension 'ignore'
[0.340s] Level 1:colcon.colcon_core.package_identification:_identify(build) ignored
[0.340s] Level 1:colcon.colcon_core.package_identification:_identify(install) by extensions ['ignore', 'ignore_ament_install']
[0.341s] Level 1:colcon.colcon_core.package_identification:_identify(install) by extension 'ignore'
[0.341s] Level 1:colcon.colcon_core.package_identification:_identify(install) ignored
[0.341s] Level 1:colcon.colcon_core.package_identification:_identify(log) by extensions ['ignore', 'ignore_ament_install']
[0.341s] Level 1:colcon.colcon_core.package_identification:_identify(log) by extension 'ignore'
[0.341s] Level 1:colcon.colcon_core.package_identification:_identify(log) ignored
[0.342s] Level 1:colcon.colcon_core.package_identification:_identify(src) by extensions ['ignore', 'ignore_ament_install']
[0.342s] Level 1:colcon.colcon_core.package_identification:_identify(src) by extension 'ignore'
[0.342s] Level 1:colcon.colcon_core.package_identification:_identify(src) by extension 'ignore_ament_install'
[0.342s] Level 1:colcon.colcon_core.package_identification:_identify(src) by extensions ['colcon_pkg']
[0.342s] Level 1:colcon.colcon_core.package_identification:_identify(src) by extension 'colcon_pkg'
[0.342s] Level 1:colcon.colcon_core.package_identification:_identify(src) by extensions ['colcon_meta']
[0.343s] Level 1:colcon.colcon_core.package_identification:_identify(src) by extension 'colcon_meta'
[0.343s] Level 1:colcon.colcon_core.package_identification:_identify(src) by extensions ['ros']
[0.343s] Level 1:colcon.colcon_core.package_identification:_identify(src) by extension 'ros'
[0.343s] Level 1:colcon.colcon_core.package_identification:_identify(src) by extensions ['cmake', 'python']
[0.343s] Level 1:colcon.colcon_core.package_identification:_identify(src) by extension 'cmake'
[0.343s] Level 1:colcon.colcon_core.package_identification:_identify(src) by extension 'python'
[0.343s] Level 1:colcon.colcon_core.package_identification:_identify(src) by extensions ['python_setup_py']
[0.343s] Level 1:colcon.colcon_core.package_identification:_identify(src) by extension 'python_setup_py'
[0.344s] Level 1:colcon.colcon_core.package_identification:_identify(src/build) by extensions ['ignore', 'ignore_ament_install']
[0.344s] Level 1:colcon.colcon_core.package_identification:_identify(src/build) by extension 'ignore'
[0.344s] Level 1:colcon.colcon_core.package_identification:_identify(src/build) ignored
[0.344s] Level 1:colcon.colcon_core.package_identification:_identify(src/challenge) by extensions ['ignore', 'ignore_ament_install']
[0.345s] Level 1:colcon.colcon_core.package_identification:_identify(src/challenge) by extension 'ignore'
[0.345s] Level 1:colcon.colcon_core.package_identification:_identify(src/challenge) by extension 'ignore_ament_install'
[0.345s] Level 1:colcon.colcon_core.package_identification:_identify(src/challenge) by extensions ['colcon_pkg']
[0.345s] Level 1:colcon.colcon_core.package_identification:_identify(src/challenge) by extension 'colcon_pkg'
[0.345s] Level 1:colcon.colcon_core.package_identification:_identify(src/challenge) by extensions ['colcon_meta']
[0.345s] Level 1:colcon.colcon_core.package_identification:_identify(src/challenge) by extension 'colcon_meta'
[0.345s] Level 1:colcon.colcon_core.package_identification:_identify(src/challenge) by extensions ['ros']
[0.345s] Level 1:colcon.colcon_core.package_identification:_identify(src/challenge) by extension 'ros'
[0.352s] DEBUG:colcon.colcon_core.package_identification:Package 'src/challenge' with type 'ros.ament_cmake' and name 'challenge'
[0.353s] Level 1:colcon.colcon_core.package_identification:_identify(src/install) by extensions ['ignore', 'ignore_ament_install']
[0.353s] Level 1:colcon.colcon_core.package_identification:_identify(src/install) by extension 'ignore'
[0.353s] Level 1:colcon.colcon_core.package_identification:_identify(src/install) ignored
[0.353s] Level 1:colcon.colcon_core.package_identification:_identify(src/log) by extensions ['ignore', 'ignore_ament_install']
[0.354s] Level 1:colcon.colcon_core.package_identification:_identify(src/log) by extension 'ignore'
[0.354s] Level 1:colcon.colcon_core.package_identification:_identify(src/log) ignored
[0.354s] Level 1:colcon.colcon_core.package_discovery:discover_packages(recursive) using defaults
[0.354s] Level 1:colcon.colcon_core.package_discovery:discover_packages(ignore) discover
[0.354s] Level 1:colcon.colcon_core.package_discovery:discover_packages(ignore) using defaults
[0.354s] Level 1:colcon.colcon_core.package_discovery:discover_packages(path) discover
[0.354s] Level 1:colcon.colcon_core.package_discovery:discover_packages(path) using defaults
[0.394s] Level 1:colcon.colcon_core.package_discovery:discover_packages(prefix_path) check parameters
[0.394s] Level 1:colcon.colcon_core.package_discovery:discover_packages(prefix_path) discover
[0.400s] DEBUG:colcon.colcon_installed_package_information.package_discovery:Found 263 installed packages in /opt/ros/foxy
[0.404s] Level 1:colcon.colcon_core.package_discovery:discover_packages(prefix_path) using defaults
[0.561s] Level 5:colcon.colcon_core.verb:set package 'challenge' build argument 'cmake_args' from command line to 'None'
[0.561s] Level 5:colcon.colcon_core.verb:set package 'challenge' build argument 'cmake_target' from command line to 'None'
[0.561s] Level 5:colcon.colcon_core.verb:set package 'challenge' build argument 'cmake_target_skip_unavailable' from command line to 'False'
[0.561s] Level 5:colcon.colcon_core.verb:set package 'challenge' build argument 'cmake_clean_cache' from command line to 'False'
[0.561s] Level 5:colcon.colcon_core.verb:set package 'challenge' build argument 'cmake_clean_first' from command line to 'False'
[0.561s] Level 5:colcon.colcon_core.verb:set package 'challenge' build argument 'cmake_force_configure' from command line to 'False'
[0.561s] Level 5:colcon.colcon_core.verb:set package 'challenge' build argument 'ament_cmake_args' from command line to 'None'
[0.561s] Level 5:colcon.colcon_core.verb:set package 'challenge' build argument 'catkin_cmake_args' from command line to 'None'
[0.561s] Level 5:colcon.colcon_core.verb:set package 'challenge' build argument 'catkin_skip_building_tests' from command line to 'False'
[0.562s] DEBUG:colcon.colcon_core.verb:Building package 'challenge' with the following arguments: {'ament_cmake_args': None, 'build_base': '/home/mark/coding/software-start-here/build/challenge', 'catkin_cmake_args': None, 'catkin_skip_building_tests': False, 'cmake_args': None, 'cmake_clean_cache': False, 'cmake_clean_first': False, 'cmake_force_configure': False, 'cmake_target': None, 'cmake_target_skip_unavailable': False, 'install_base': '/home/mark/coding/software-start-here/install/challenge', 'merge_install': False, 'path': '/home/mark/coding/software-start-here/src/challenge', 'symlink_install': False, 'test_result_base': None}
[0.562s] INFO:colcon.colcon_core.executor:Executing jobs using 'parallel' executor
[0.566s] DEBUG:colcon.colcon_parallel_executor.executor.parallel:run_until_complete
[0.566s] INFO:colcon.colcon_ros.task.ament_cmake.build:Building ROS package in '/home/mark/coding/software-start-here/src/challenge' with build type 'ament_cmake'
[0.566s] INFO:colcon.colcon_cmake.task.cmake.build:Building CMake package in '/home/mark/coding/software-start-here/src/challenge'
[0.572s] INFO:colcon.colcon_core.plugin_system:Skipping extension 'colcon_core.shell.bat': Not used on non-Windows systems
[0.573s] INFO:colcon.colcon_core.shell:Skip shell extension 'powershell' for command environment: Not usable outside of PowerShell
[0.573s] DEBUG:colcon.colcon_core.shell:Skip shell extension 'dsv' for command environment
[0.593s] DEBUG:colcon.colcon_core.event_handler.log_command:Invoking command in '/home/mark/coding/software-start-here/build/challenge': CMAKE_PREFIX_PATH=/opt/ros/foxy /usr/bin/cmake /home/mark/coding/software-start-here/src/challenge -DCMAKE_INSTALL_PREFIX=/home/mark/coding/software-start-here/install/challenge
[2.259s] DEBUG:colcon.colcon_core.event_handler.log_command:Invoked command in '/home/mark/coding/software-start-here/build/challenge' returned '0': CMAKE_PREFIX_PATH=/opt/ros/foxy /usr/bin/cmake /home/mark/coding/software-start-here/src/challenge -DCMAKE_INSTALL_PREFIX=/home/mark/coding/software-start-here/install/challenge
[2.261s] DEBUG:colcon.colcon_core.event_handler.log_command:Invoking command in '/home/mark/coding/software-start-here/build/challenge': CMAKE_PREFIX_PATH=/opt/ros/foxy /usr/bin/cmake --build /home/mark/coding/software-start-here/build/challenge -- -j12 -l12
[16.699s] DEBUG:colcon.colcon_core.event_handler.log_command:Invoked command in '/home/mark/coding/software-start-here/build/challenge' returned '0': CMAKE_PREFIX_PATH=/opt/ros/foxy /usr/bin/cmake --build /home/mark/coding/software-start-here/build/challenge -- -j12 -l12
[16.793s] DEBUG:colcon.colcon_core.event_handler.log_command:Invoking command in '/home/mark/coding/software-start-here/build/challenge': CMAKE_PREFIX_PATH=/opt/ros/foxy /usr/bin/cmake --install /home/mark/coding/software-start-here/build/challenge
[16.829s] Level 1:colcon.colcon_core.environment:create_environment_scripts_only(challenge)
[16.831s] DEBUG:colcon.colcon_core.event_handler.log_command:Invoked command in '/home/mark/coding/software-start-here/build/challenge' returned '0': CMAKE_PREFIX_PATH=/opt/ros/foxy /usr/bin/cmake --install /home/mark/coding/software-start-here/build/challenge
[16.841s] Level 1:colcon.colcon_core.environment:checking '/home/mark/coding/software-start-here/install/challenge' for CMake module files
[16.842s] Level 1:colcon.colcon_core.environment:checking '/home/mark/coding/software-start-here/install/challenge' for CMake config files
[16.843s] Level 1:colcon.colcon_core.shell:create_environment_hook('challenge', 'cmake_prefix_path')
[16.845s] INFO:colcon.colcon_core.shell:Creating environment hook '/home/mark/coding/software-start-here/install/challenge/share/challenge/hook/cmake_prefix_path.ps1'
[16.847s] INFO:colcon.colcon_core.shell:Creating environment descriptor '/home/mark/coding/software-start-here/install/challenge/share/challenge/hook/cmake_prefix_path.dsv'
[16.848s] INFO:colcon.colcon_core.shell:Creating environment hook '/home/mark/coding/software-start-here/install/challenge/share/challenge/hook/cmake_prefix_path.sh'
[16.851s] Level 1:colcon.colcon_core.environment:checking '/home/mark/coding/software-start-here/install/challenge/lib'
[16.851s] Level 1:colcon.colcon_core.environment:checking '/home/mark/coding/software-start-here/install/challenge/bin'
[16.852s] Level 1:colcon.colcon_core.environment:checking '/home/mark/coding/software-start-here/install/challenge/lib/pkgconfig/challenge.pc'
[16.852s] Level 1:colcon.colcon_core.environment:checking '/home/mark/coding/software-start-here/install/challenge/lib/python3.8/site-packages'
[16.853s] Level 1:colcon.colcon_core.environment:checking '/home/mark/coding/software-start-here/install/challenge/bin'
[16.854s] INFO:colcon.colcon_core.shell:Creating package script '/home/mark/coding/software-start-here/install/challenge/share/challenge/package.ps1'
[16.857s] INFO:colcon.colcon_core.shell:Creating package descriptor '/home/mark/coding/software-start-here/install/challenge/share/challenge/package.dsv'
[16.858s] INFO:colcon.colcon_core.shell:Creating package script '/home/mark/coding/software-start-here/install/challenge/share/challenge/package.sh'
[16.860s] INFO:colcon.colcon_core.shell:Creating package script '/home/mark/coding/software-start-here/install/challenge/share/challenge/package.bash'
[16.862s] INFO:colcon.colcon_core.shell:Creating package script '/home/mark/coding/software-start-here/install/challenge/share/challenge/package.zsh'
[16.864s] Level 1:colcon.colcon_core.environment:create_file_with_runtime_dependencies(/home/mark/coding/software-start-here/install/challenge/share/colcon-core/packages/challenge)
[16.927s] Level 1:colcon.colcon_core.environment:create_environment_scripts_only(challenge)
[16.930s] Level 1:colcon.colcon_core.environment:checking '/home/mark/coding/software-start-here/install/challenge' for CMake module files
[16.931s] Level 1:colcon.colcon_core.environment:checking '/home/mark/coding/software-start-here/install/challenge' for CMake config files
[16.932s] Level 1:colcon.colcon_core.shell:create_environment_hook('challenge', 'cmake_prefix_path')
[16.933s] INFO:colcon.colcon_core.shell:Creating environment hook '/home/mark/coding/software-start-here/install/challenge/share/challenge/hook/cmake_prefix_path.ps1'
[16.935s] INFO:colcon.colcon_core.shell:Creating environment descriptor '/home/mark/coding/software-start-here/install/challenge/share/challenge/hook/cmake_prefix_path.dsv'
[16.936s] INFO:colcon.colcon_core.shell:Creating environment hook '/home/mark/coding/software-start-here/install/challenge/share/challenge/hook/cmake_prefix_path.sh'
[16.937s] Level 1:colcon.colcon_core.environment:checking '/home/mark/coding/software-start-here/install/challenge/lib'
[16.938s] Level 1:colcon.colcon_core.environment:checking '/home/mark/coding/software-start-here/install/challenge/bin'
[16.938s] Level 1:colcon.colcon_core.environment:checking '/home/mark/coding/software-start-here/install/challenge/lib/pkgconfig/challenge.pc'
[16.939s] Level 1:colcon.colcon_core.environment:checking '/home/mark/coding/software-start-here/install/challenge/lib/python3.8/site-packages'
[16.939s] Level 1:colcon.colcon_core.environment:checking '/home/mark/coding/software-start-here/install/challenge/bin'
[16.941s] INFO:colcon.colcon_core.shell:Creating package script '/home/mark/coding/software-start-here/install/challenge/share/challenge/package.ps1'
[16.942s] INFO:colcon.colcon_core.shell:Creating package descriptor '/home/mark/coding/software-start-here/install/challenge/share/challenge/package.dsv'
[16.944s] INFO:colcon.colcon_core.shell:Creating package script '/home/mark/coding/software-start-here/install/challenge/share/challenge/package.sh'
[16.945s] INFO:colcon.colcon_core.shell:Creating package script '/home/mark/coding/software-start-here/install/challenge/share/challenge/package.bash'
[16.946s] INFO:colcon.colcon_core.shell:Creating package script '/home/mark/coding/software-start-here/install/challenge/share/challenge/package.zsh'
[16.947s] Level 1:colcon.colcon_core.environment:create_file_with_runtime_dependencies(/home/mark/coding/software-start-here/install/challenge/share/colcon-core/packages/challenge)
[16.948s] DEBUG:colcon.colcon_parallel_executor.executor.parallel:closing loop
[16.948s] DEBUG:colcon.colcon_parallel_executor.executor.parallel:loop closed
[16.949s] DEBUG:colcon.colcon_parallel_executor.executor.parallel:run_until_complete finished with '0'
[16.949s] DEBUG:colcon.colcon_core.event_reactor:joining thread
[16.968s] INFO:colcon.colcon_core.plugin_system:Skipping extension 'colcon_notification.desktop_notification.terminal_notifier': Not used on non-Darwin systems
[16.968s] INFO:colcon.colcon_core.plugin_system:Skipping extension 'colcon_notification.desktop_notification.win32': Not used on non-Windows systems
[16.968s] INFO:colcon.colcon_notification.desktop_notification:Sending desktop notification using 'notify2'
[17.010s] DEBUG:colcon.colcon_core.event_reactor:joined thread
[17.012s] INFO:colcon.colcon_core.shell:Creating prefix script '/home/mark/coding/software-start-here/install/local_setup.ps1'
[17.015s] INFO:colcon.colcon_core.shell:Creating prefix util module '/home/mark/coding/software-start-here/install/_local_setup_util_ps1.py'
[17.019s] INFO:colcon.colcon_core.shell:Creating prefix chain script '/home/mark/coding/software-start-here/install/setup.ps1'
[17.022s] INFO:colcon.colcon_core.shell:Creating prefix script '/home/mark/coding/software-start-here/install/local_setup.sh'
[17.024s] INFO:colcon.colcon_core.shell:Creating prefix util module '/home/mark/coding/software-start-here/install/_local_setup_util_sh.py'
[17.025s] INFO:colcon.colcon_core.shell:Creating prefix chain script '/home/mark/coding/software-start-here/install/setup.sh'
[17.029s] INFO:colcon.colcon_core.shell:Creating prefix script '/home/mark/coding/software-start-here/install/local_setup.bash'
[17.030s] INFO:colcon.colcon_core.shell:Creating prefix chain script '/home/mark/coding/software-start-here/install/setup.bash'
[17.033s] INFO:colcon.colcon_core.shell:Creating prefix script '/home/mark/coding/software-start-here/install/local_setup.zsh'
[17.034s] INFO:colcon.colcon_core.shell:Creating prefix chain script '/home/mark/coding/software-start-here/install/setup.zsh'
