-- Found ament_cmake: 0.9.11 (/opt/ros/foxy/share/ament_cmake/cmake)
-- Using PYTHON_EXECUTABLE: /usr/bin/python3
-- Found turtlesim: 1.2.6 (/opt/ros/foxy/share/turtlesim/cmake)
-- Using all available rosidl_typesupport_c: rosidl_typesupport_fastrtps_c;rosidl_typesupport_introspection_c
-- Found rosidl_adapter: 1.3.0 (/opt/ros/foxy/share/rosidl_adapter/cmake)
-- Using all available rosidl_typesupport_cpp: rosidl_typesupport_fastrtps_cpp;rosidl_typesupport_introspection_cpp
-- Found geometry_msgs: 2.0.5 (/opt/ros/foxy/share/geometry_msgs/cmake)
-- Found rclcpp_action: 2.4.2 (/opt/ros/foxy/share/rclcpp_action/cmake)
-- Found rmw_implementation_cmake: 1.0.3 (/opt/ros/foxy/share/rmw_implementation_cmake/cmake)
-- Using RMW implementation 'rmw_fastrtps_cpp' as default
-- Found ament_lint_auto: 0.9.7 (/opt/ros/foxy/share/ament_lint_auto/cmake)
-- Added test 'copyright' to check source files copyright and LICENSE
-- Added test 'cppcheck' to perform static code analysis on C / C++ code
-- Configured cppcheck include dirs: $<BUILD_INTERFACE:/home/amraj/Subbots/software-start-here/src/challenge/include>
-- Configured cppcheck exclude dirs and/or files: 
-- Added test 'cpplint' to check C / C++ code against the Google style
-- Configured cpplint exclude dirs and/or files: 
-- Added test 'flake8' to check Python code syntax and style conventions
-- Added test 'lint_cmake' to check CMake code style
-- Added test 'pep257' to check Python code against some of the style conventions in PEP 257
-- Added test 'uncrustify' to check C / C++ code style
-- Configured uncrustify additional arguments: 
-- Added test 'xmllint' to check XML markup files
-- Configuring done
-- Generating done
-- Build files have been written to: /home/amraj/Subbots/software-start-here/src/build/challenge
[100%] Built target SineWave
-- Install configuration: ""
-- Up-to-date: /home/amraj/Subbots/software-start-here/src/install/challenge/lib/challenge/SineWave
-- Up-to-date: /home/amraj/Subbots/software-start-here/src/install/challenge/share/challenge//launch
-- Installing: /home/amraj/Subbots/software-start-here/src/install/challenge/share/challenge//launch/_launch.py
-- Up-to-date: /home/amraj/Subbots/software-start-here/src/install/challenge/share/ament_index/resource_index/package_run_dependencies/challenge
-- Up-to-date: /home/amraj/Subbots/software-start-here/src/install/challenge/share/ament_index/resource_index/parent_prefix_path/challenge
-- Up-to-date: /home/amraj/Subbots/software-start-here/src/install/challenge/share/challenge/environment/ament_prefix_path.sh
-- Installing: /home/amraj/Subbots/software-start-here/src/install/challenge/share/challenge/environment/ament_prefix_path.dsv
-- Up-to-date: /home/amraj/Subbots/software-start-here/src/install/challenge/share/challenge/environment/path.sh
-- Installing: /home/amraj/Subbots/software-start-here/src/install/challenge/share/challenge/environment/path.dsv
-- Up-to-date: /home/amraj/Subbots/software-start-here/src/install/challenge/share/challenge/local_setup.bash
-- Up-to-date: /home/amraj/Subbots/software-start-here/src/install/challenge/share/challenge/local_setup.sh
-- Up-to-date: /home/amraj/Subbots/software-start-here/src/install/challenge/share/challenge/local_setup.zsh
-- Installing: /home/amraj/Subbots/software-start-here/src/install/challenge/share/challenge/local_setup.dsv
-- Installing: /home/amraj/Subbots/software-start-here/src/install/challenge/share/challenge/package.dsv
-- Up-to-date: /home/amraj/Subbots/software-start-here/src/install/challenge/share/ament_index/resource_index/packages/challenge
-- Up-to-date: /home/amraj/Subbots/software-start-here/src/install/challenge/share/challenge/cmake/challengeConfig.cmake
-- Up-to-date: /home/amraj/Subbots/software-start-here/src/install/challenge/share/challenge/cmake/challengeConfig-version.cmake
-- Up-to-date: /home/amraj/Subbots/software-start-here/src/install/challenge/share/challenge/package.xml
