[0.053s] Invoking command in '/home/straydogs/ros2_test/build/challenge': CMAKE_PREFIX_PATH=/opt/ros/foxy /usr/bin/cmake /home/straydogs/ros2_test/challenge -DCMAKE_INSTALL_PREFIX=/home/straydogs/ros2_test/install/challenge
[0.085s] -- The C compiler identification is GNU 9.4.0
[0.119s] -- The CXX compiler identification is GNU 9.4.0
[0.121s] -- Check for working C compiler: /usr/bin/cc
[0.160s] -- Check for working C compiler: /usr/bin/cc -- works
[0.160s] -- Detecting C compiler ABI info
[0.199s] -- Detecting C compiler ABI info - done
[0.205s] -- Detecting C compile features
[0.205s] -- Detecting C compile features - done
[0.206s] -- Check for working CXX compiler: /usr/bin/c++
[0.251s] -- Check for working CXX compiler: /usr/bin/c++ -- works
[0.252s] -- Detecting CXX compiler ABI info
[0.296s] -- Detecting CXX compiler ABI info - done
[0.303s] -- Detecting CXX compile features
[0.303s] -- Detecting CXX compile features - done
[0.304s] -- Found ament_cmake: 0.9.12 (/opt/ros/foxy/share/ament_cmake/cmake)
[0.317s] -- Found PythonInterp: /usr/bin/python3 (found suitable version "3.8.10", minimum required is "3") 
[0.317s] -- Using PYTHON_EXECUTABLE: /usr/bin/python3
[0.409s] -- Found ament_lint_auto: 0.9.8 (/opt/ros/foxy/share/ament_lint_auto/cmake)
[0.447s] -- Added test 'copyright' to check source files copyright and LICENSE
[0.448s] -- Added test 'cppcheck' to perform static code analysis on C / C++ code
[0.448s] -- Configured cppcheck include dirs: $<BUILD_INTERFACE:/home/straydogs/ros2_test/challenge/include>
[0.448s] -- Configured cppcheck exclude dirs and/or files: 
[0.448s] -- Added test 'cpplint' to check C / C++ code against the Google style
[0.448s] -- Configured cpplint exclude dirs and/or files: 
[0.448s] -- Added test 'lint_cmake' to check CMake code style
[0.449s] -- Added test 'uncrustify' to check C / C++ code style
[0.449s] -- Configured uncrustify additional arguments: 
[0.449s] -- Added test 'xmllint' to check XML markup files
[0.450s] -- Configuring done
[0.451s] -- Generating done
[0.452s] -- Build files have been written to: /home/straydogs/ros2_test/build/challenge
[0.454s] Invoked command in '/home/straydogs/ros2_test/build/challenge' returned '0': CMAKE_PREFIX_PATH=/opt/ros/foxy /usr/bin/cmake /home/straydogs/ros2_test/challenge -DCMAKE_INSTALL_PREFIX=/home/straydogs/ros2_test/install/challenge
[0.456s] Invoking command in '/home/straydogs/ros2_test/build/challenge': CMAKE_PREFIX_PATH=/opt/ros/foxy /usr/bin/cmake --build /home/straydogs/ros2_test/build/challenge -- -j20 -l20
[0.475s] [35m[1mScanning dependencies of target solution[0m
[0.481s] [ 50%] [32mBuilding CXX object CMakeFiles/solution.dir/src/solution.cpp.o[0m
[0.497s] [100%] [32m[1mLinking CXX executable solution[0m
[0.521s] [100%] Built target solution
[0.528s] Invoked command in '/home/straydogs/ros2_test/build/challenge' returned '0': CMAKE_PREFIX_PATH=/opt/ros/foxy /usr/bin/cmake --build /home/straydogs/ros2_test/build/challenge -- -j20 -l20
[0.546s] Invoking command in '/home/straydogs/ros2_test/build/challenge': CMAKE_PREFIX_PATH=/opt/ros/foxy /usr/bin/cmake --install /home/straydogs/ros2_test/build/challenge
[0.550s] -- Install configuration: ""
[0.550s] -- Installing: /home/straydogs/ros2_test/install/challenge/lib/challenge/solution
[0.551s] -- Installing: /home/straydogs/ros2_test/install/challenge/share/ament_index/resource_index/package_run_dependencies/challenge
[0.551s] -- Installing: /home/straydogs/ros2_test/install/challenge/share/ament_index/resource_index/parent_prefix_path/challenge
[0.551s] -- Installing: /home/straydogs/ros2_test/install/challenge/share/challenge/environment/ament_prefix_path.sh
[0.551s] -- Installing: /home/straydogs/ros2_test/install/challenge/share/challenge/environment/ament_prefix_path.dsv
[0.551s] -- Installing: /home/straydogs/ros2_test/install/challenge/share/challenge/environment/path.sh
[0.551s] -- Installing: /home/straydogs/ros2_test/install/challenge/share/challenge/environment/path.dsv
[0.551s] -- Installing: /home/straydogs/ros2_test/install/challenge/share/challenge/local_setup.bash
[0.551s] -- Installing: /home/straydogs/ros2_test/install/challenge/share/challenge/local_setup.sh
[0.552s] -- Installing: /home/straydogs/ros2_test/install/challenge/share/challenge/local_setup.zsh
[0.552s] -- Installing: /home/straydogs/ros2_test/install/challenge/share/challenge/local_setup.dsv
[0.552s] -- Installing: /home/straydogs/ros2_test/install/challenge/share/challenge/package.dsv
[0.552s] -- Installing: /home/straydogs/ros2_test/install/challenge/share/ament_index/resource_index/packages/challenge
[0.552s] -- Installing: /home/straydogs/ros2_test/install/challenge/share/challenge/cmake/challengeConfig.cmake
[0.552s] -- Installing: /home/straydogs/ros2_test/install/challenge/share/challenge/cmake/challengeConfig-version.cmake
[0.552s] -- Installing: /home/straydogs/ros2_test/install/challenge/share/challenge/package.xml
[0.553s] Invoked command in '/home/straydogs/ros2_test/build/challenge' returned '0': CMAKE_PREFIX_PATH=/opt/ros/foxy /usr/bin/cmake --install /home/straydogs/ros2_test/build/challenge
