[0.026s] Invoking command in '/home/joseph/software-start-here/src/build/challenge': CMAKE_PREFIX_PATH=${CMAKE_PREFIX_PATH}:/home/joseph/steelhead/install/steelhead_teleop:/home/joseph/steelhead/install/steelhead_pipeline:/home/joseph/steelhead/install/steelhead_bringup:/opt/ros/foxy /usr/bin/cmake --build /home/joseph/software-start-here/src/build/challenge -- -j16 -l16
[0.112s] [35m[1mScanning dependencies of target solution[0m
[0.151s] [ 50%] [32mBuilding CXX object CMakeFiles/solution.dir/src/solution.cpp.o[0m
[3.529s] [100%] [32m[1mLinking CXX executable solution[0m
[3.876s] [100%] Built target solution
[3.898s] Invoked command in '/home/joseph/software-start-here/src/build/challenge' returned '0': CMAKE_PREFIX_PATH=${CMAKE_PREFIX_PATH}:/home/joseph/steelhead/install/steelhead_teleop:/home/joseph/steelhead/install/steelhead_pipeline:/home/joseph/steelhead/install/steelhead_bringup:/opt/ros/foxy /usr/bin/cmake --build /home/joseph/software-start-here/src/build/challenge -- -j16 -l16
[3.923s] Invoking command in '/home/joseph/software-start-here/src/build/challenge': CMAKE_PREFIX_PATH=${CMAKE_PREFIX_PATH}:/home/joseph/steelhead/install/steelhead_teleop:/home/joseph/steelhead/install/steelhead_pipeline:/home/joseph/steelhead/install/steelhead_bringup:/opt/ros/foxy /usr/bin/cmake --install /home/joseph/software-start-here/src/build/challenge
[3.937s] -- Install configuration: ""
[3.938s] -- Installing: /home/joseph/software-start-here/src/install/challenge/lib/challenge/solution
[3.940s] -- Set runtime path of "/home/joseph/software-start-here/src/install/challenge/lib/challenge/solution" to ""
[3.940s] -- Up-to-date: /home/joseph/software-start-here/src/install/challenge/share/ament_index/resource_index/package_run_dependencies/challenge
[3.940s] -- Up-to-date: /home/joseph/software-start-here/src/install/challenge/share/ament_index/resource_index/parent_prefix_path/challenge
[3.940s] -- Up-to-date: /home/joseph/software-start-here/src/install/challenge/share/challenge/environment/ament_prefix_path.sh
[3.940s] -- Up-to-date: /home/joseph/software-start-here/src/install/challenge/share/challenge/environment/ament_prefix_path.dsv
[3.941s] -- Up-to-date: /home/joseph/software-start-here/src/install/challenge/share/challenge/environment/path.sh
[3.941s] -- Up-to-date: /home/joseph/software-start-here/src/install/challenge/share/challenge/environment/path.dsv
[3.942s] -- Up-to-date: /home/joseph/software-start-here/src/install/challenge/share/challenge/local_setup.bash
[3.942s] -- Up-to-date: /home/joseph/software-start-here/src/install/challenge/share/challenge/local_setup.sh
[3.942s] -- Up-to-date: /home/joseph/software-start-here/src/install/challenge/share/challenge/local_setup.zsh
[3.942s] -- Up-to-date: /home/joseph/software-start-here/src/install/challenge/share/challenge/local_setup.dsv
[3.942s] -- Installing: /home/joseph/software-start-here/src/install/challenge/share/challenge/package.dsv
[3.942s] -- Up-to-date: /home/joseph/software-start-here/src/install/challenge/share/ament_index/resource_index/packages/challenge
[3.942s] -- Up-to-date: /home/joseph/software-start-here/src/install/challenge/share/challenge/cmake/challengeConfig.cmake
[3.942s] -- Up-to-date: /home/joseph/software-start-here/src/install/challenge/share/challenge/cmake/challengeConfig-version.cmake
[3.942s] -- Up-to-date: /home/joseph/software-start-here/src/install/challenge/share/challenge/package.xml
[3.948s] Invoked command in '/home/joseph/software-start-here/src/build/challenge' returned '0': CMAKE_PREFIX_PATH=${CMAKE_PREFIX_PATH}:/home/joseph/steelhead/install/steelhead_teleop:/home/joseph/steelhead/install/steelhead_pipeline:/home/joseph/steelhead/install/steelhead_bringup:/opt/ros/foxy /usr/bin/cmake --install /home/joseph/software-start-here/src/build/challenge
