[0.037s] Invoking command in '/home/itaiboss/ros2_ws/src/build/challenge': CMAKE_PREFIX_PATH=${CMAKE_PREFIX_PATH}:/opt/ros/foxy /usr/bin/cmake --build /home/itaiboss/ros2_ws/src/build/challenge -- -j2 -l2
[0.138s] [100%] Built target solution
[0.174s] Invoked command in '/home/itaiboss/ros2_ws/src/build/challenge' returned '0': CMAKE_PREFIX_PATH=${CMAKE_PREFIX_PATH}:/opt/ros/foxy /usr/bin/cmake --build /home/itaiboss/ros2_ws/src/build/challenge -- -j2 -l2
[0.259s] Invoking command in '/home/itaiboss/ros2_ws/src/build/challenge': CMAKE_PREFIX_PATH=${CMAKE_PREFIX_PATH}:/opt/ros/foxy /usr/bin/cmake --install /home/itaiboss/ros2_ws/src/build/challenge
[0.276s] -- Install configuration: ""
[0.276s] -- Up-to-date: /home/itaiboss/ros2_ws/src/install/challenge/lib/challenge/solution
[0.276s] -- Up-to-date: /home/itaiboss/ros2_ws/src/install/challenge/share/ament_index/resource_index/package_run_dependencies/challenge
[0.277s] -- Up-to-date: /home/itaiboss/ros2_ws/src/install/challenge/share/ament_index/resource_index/parent_prefix_path/challenge
[0.277s] -- Up-to-date: /home/itaiboss/ros2_ws/src/install/challenge/share/challenge/environment/ament_prefix_path.sh
[0.277s] -- Up-to-date: /home/itaiboss/ros2_ws/src/install/challenge/share/challenge/environment/ament_prefix_path.dsv
[0.277s] -- Up-to-date: /home/itaiboss/ros2_ws/src/install/challenge/share/challenge/environment/path.sh
[0.277s] -- Up-to-date: /home/itaiboss/ros2_ws/src/install/challenge/share/challenge/environment/path.dsv
[0.277s] -- Up-to-date: /home/itaiboss/ros2_ws/src/install/challenge/share/challenge/local_setup.bash
[0.277s] -- Up-to-date: /home/itaiboss/ros2_ws/src/install/challenge/share/challenge/local_setup.sh
[0.278s] -- Up-to-date: /home/itaiboss/ros2_ws/src/install/challenge/share/challenge/local_setup.zsh
[0.278s] -- Up-to-date: /home/itaiboss/ros2_ws/src/install/challenge/share/challenge/local_setup.dsv
[0.278s] -- Installing: /home/itaiboss/ros2_ws/src/install/challenge/share/challenge/package.dsv
[0.278s] -- Up-to-date: /home/itaiboss/ros2_ws/src/install/challenge/share/ament_index/resource_index/packages/challenge
[0.278s] -- Up-to-date: /home/itaiboss/ros2_ws/src/install/challenge/share/challenge/cmake/challengeConfig.cmake
[0.278s] -- Up-to-date: /home/itaiboss/ros2_ws/src/install/challenge/share/challenge/cmake/challengeConfig-version.cmake
[0.279s] -- Up-to-date: /home/itaiboss/ros2_ws/src/install/challenge/share/challenge/package.xml
[0.283s] Invoked command in '/home/itaiboss/ros2_ws/src/build/challenge' returned '0': CMAKE_PREFIX_PATH=${CMAKE_PREFIX_PATH}:/opt/ros/foxy /usr/bin/cmake --install /home/itaiboss/ros2_ws/src/build/challenge
