[0.442s] DEBUG:colcon:Command line arguments: ['/usr/bin/colcon', 'build']
[0.442s] DEBUG:colcon:Parsed command line arguments: Namespace(allow_overriding=[], ament_cmake_args=None, base_paths=['.'], build_base='build', catkin_cmake_args=None, catkin_skip_building_tests=False, cmake_args=None, cmake_clean_cache=False, cmake_clean_first=False, cmake_force_configure=False, cmake_target=None, cmake_target_skip_unavailable=False, continue_on_error=False, event_handlers=None, executor='parallel', ignore_user_meta=False, install_base='install', log_base=None, log_level=None, main=<bound method BuildVerb.main of <colcon_core.verb.build.BuildVerb object at 0x7f8a985f8040>>, merge_install=False, metas=['./colcon.meta'], packages_above=None, packages_above_and_dependencies=None, packages_above_depth=None, packages_end=None, packages_ignore=None, packages_ignore_regex=None, packages_select=None, packages_select_build_failed=False, packages_select_by_dep=None, packages_select_regex=None, packages_select_test_failures=False, packages_skip=None, packages_skip_build_finished=False, packages_skip_by_dep=None, packages_skip_regex=None, packages_skip_test_passed=False, packages_skip_up_to=None, packages_start=None, packages_up_to=None, packages_up_to_regex=None, parallel_workers=12, paths=None, symlink_install=False, test_result_base=None, verb_extension=<colcon_core.verb.build.BuildVerb object at 0x7f8a985f8040>, verb_name='build', verb_parser=<colcon_defaults.argument_parser.defaults.DefaultArgumentsDecorator object at 0x7f8a985f85b0>)
[0.529s] Level 1:colcon.colcon_core.package_discovery:discover_packages(colcon_meta) check parameters
[0.529s] Level 1:colcon.colcon_core.package_discovery:discover_packages(recursive) check parameters
[0.529s] Level 1:colcon.colcon_core.package_discovery:discover_packages(ignore) check parameters
[0.529s] Level 1:colcon.colcon_core.package_discovery:discover_packages(path) check parameters
[0.529s] Level 1:colcon.colcon_core.package_discovery:discover_packages(colcon_meta) discover
[0.530s] Level 1:colcon.colcon_core.package_discovery:discover_packages(recursive) discover
[0.530s] INFO:colcon.colcon_core.package_discovery:Crawling recursively for packages in '/home/mark/coding/software-start-here/src'
[0.530s] Level 1:colcon.colcon_core.package_identification:_identify(.) by extensions ['ignore', 'ignore_ament_install']
[0.530s] Level 1:colcon.colcon_core.package_identification:_identify(.) by extension 'ignore'
[0.531s] Level 1:colcon.colcon_core.package_identification:_identify(.) by extension 'ignore_ament_install'
[0.531s] Level 1:colcon.colcon_core.package_identification:_identify(.) by extensions ['colcon_pkg']
[0.531s] Level 1:colcon.colcon_core.package_identification:_identify(.) by extension 'colcon_pkg'
[0.531s] Level 1:colcon.colcon_core.package_identification:_identify(.) by extensions ['colcon_meta']
[0.531s] Level 1:colcon.colcon_core.package_identification:_identify(.) by extension 'colcon_meta'
[0.531s] Level 1:colcon.colcon_core.package_identification:_identify(.) by extensions ['ros']
[0.531s] Level 1:colcon.colcon_core.package_identification:_identify(.) by extension 'ros'
[0.565s] Level 1:colcon.colcon_core.package_identification:_identify(.) by extensions ['cmake', 'python']
[0.565s] Level 1:colcon.colcon_core.package_identification:_identify(.) by extension 'cmake'
[0.565s] Level 1:colcon.colcon_core.package_identification:_identify(.) by extension 'python'
[0.565s] Level 1:colcon.colcon_core.package_identification:_identify(.) by extensions ['python_setup_py']
[0.565s] Level 1:colcon.colcon_core.package_identification:_identify(.) by extension 'python_setup_py'
[0.566s] Level 1:colcon.colcon_core.package_identification:_identify(build) by extensions ['ignore', 'ignore_ament_install']
[0.566s] Level 1:colcon.colcon_core.package_identification:_identify(build) by extension 'ignore'
[0.566s] Level 1:colcon.colcon_core.package_identification:_identify(build) ignored
[0.567s] Level 1:colcon.colcon_core.package_identification:_identify(challenge) by extensions ['ignore', 'ignore_ament_install']
[0.567s] Level 1:colcon.colcon_core.package_identification:_identify(challenge) by extension 'ignore'
[0.567s] Level 1:colcon.colcon_core.package_identification:_identify(challenge) by extension 'ignore_ament_install'
[0.568s] Level 1:colcon.colcon_core.package_identification:_identify(challenge) by extensions ['colcon_pkg']
[0.568s] Level 1:colcon.colcon_core.package_identification:_identify(challenge) by extension 'colcon_pkg'
[0.568s] Level 1:colcon.colcon_core.package_identification:_identify(challenge) by extensions ['colcon_meta']
[0.568s] Level 1:colcon.colcon_core.package_identification:_identify(challenge) by extension 'colcon_meta'
[0.568s] Level 1:colcon.colcon_core.package_identification:_identify(challenge) by extensions ['ros']
[0.568s] Level 1:colcon.colcon_core.package_identification:_identify(challenge) by extension 'ros'
[0.578s] DEBUG:colcon.colcon_core.package_identification:Package 'challenge' with type 'ros.ament_cmake' and name 'challenge'
[0.578s] Level 1:colcon.colcon_core.package_identification:_identify(install) by extensions ['ignore', 'ignore_ament_install']
[0.579s] Level 1:colcon.colcon_core.package_identification:_identify(install) by extension 'ignore'
[0.579s] Level 1:colcon.colcon_core.package_identification:_identify(install) ignored
[0.579s] Level 1:colcon.colcon_core.package_identification:_identify(log) by extensions ['ignore', 'ignore_ament_install']
[0.579s] Level 1:colcon.colcon_core.package_identification:_identify(log) by extension 'ignore'
[0.580s] Level 1:colcon.colcon_core.package_identification:_identify(log) ignored
[0.580s] Level 1:colcon.colcon_core.package_discovery:discover_packages(recursive) using defaults
[0.580s] Level 1:colcon.colcon_core.package_discovery:discover_packages(ignore) discover
[0.580s] Level 1:colcon.colcon_core.package_discovery:discover_packages(ignore) using defaults
[0.580s] Level 1:colcon.colcon_core.package_discovery:discover_packages(path) discover
[0.580s] Level 1:colcon.colcon_core.package_discovery:discover_packages(path) using defaults
[0.638s] Level 1:colcon.colcon_core.package_discovery:discover_packages(prefix_path) check parameters
[0.639s] Level 1:colcon.colcon_core.package_discovery:discover_packages(prefix_path) discover
[0.648s] DEBUG:colcon.colcon_installed_package_information.package_discovery:Found 263 installed packages in /opt/ros/foxy
[0.653s] Level 1:colcon.colcon_core.package_discovery:discover_packages(prefix_path) using defaults
[0.903s] Level 5:colcon.colcon_core.verb:set package 'challenge' build argument 'cmake_args' from command line to 'None'
[0.903s] Level 5:colcon.colcon_core.verb:set package 'challenge' build argument 'cmake_target' from command line to 'None'
[0.903s] Level 5:colcon.colcon_core.verb:set package 'challenge' build argument 'cmake_target_skip_unavailable' from command line to 'False'
[0.903s] Level 5:colcon.colcon_core.verb:set package 'challenge' build argument 'cmake_clean_cache' from command line to 'False'
[0.904s] Level 5:colcon.colcon_core.verb:set package 'challenge' build argument 'cmake_clean_first' from command line to 'False'
[0.904s] Level 5:colcon.colcon_core.verb:set package 'challenge' build argument 'cmake_force_configure' from command line to 'False'
[0.904s] Level 5:colcon.colcon_core.verb:set package 'challenge' build argument 'ament_cmake_args' from command line to 'None'
[0.904s] Level 5:colcon.colcon_core.verb:set package 'challenge' build argument 'catkin_cmake_args' from command line to 'None'
[0.904s] Level 5:colcon.colcon_core.verb:set package 'challenge' build argument 'catkin_skip_building_tests' from command line to 'False'
[0.904s] DEBUG:colcon.colcon_core.verb:Building package 'challenge' with the following arguments: {'ament_cmake_args': None, 'build_base': '/home/mark/coding/software-start-here/src/build/challenge', 'catkin_cmake_args': None, 'catkin_skip_building_tests': False, 'cmake_args': None, 'cmake_clean_cache': False, 'cmake_clean_first': False, 'cmake_force_configure': False, 'cmake_target': None, 'cmake_target_skip_unavailable': False, 'install_base': '/home/mark/coding/software-start-here/src/install/challenge', 'merge_install': False, 'path': '/home/mark/coding/software-start-here/src/challenge', 'symlink_install': False, 'test_result_base': None}
[0.905s] INFO:colcon.colcon_core.executor:Executing jobs using 'parallel' executor
[0.910s] DEBUG:colcon.colcon_parallel_executor.executor.parallel:run_until_complete
[0.911s] INFO:colcon.colcon_ros.task.ament_cmake.build:Building ROS package in '/home/mark/coding/software-start-here/src/challenge' with build type 'ament_cmake'
[0.911s] INFO:colcon.colcon_cmake.task.cmake.build:Building CMake package in '/home/mark/coding/software-start-here/src/challenge'
[0.925s] INFO:colcon.colcon_core.plugin_system:Skipping extension 'colcon_core.shell.bat': Not used on non-Windows systems
[0.925s] INFO:colcon.colcon_core.shell:Skip shell extension 'powershell' for command environment: Not usable outside of PowerShell
[0.925s] DEBUG:colcon.colcon_core.shell:Skip shell extension 'dsv' for command environment
[0.946s] DEBUG:colcon.colcon_core.event_handler.log_command:Invoking command in '/home/mark/coding/software-start-here/src/build/challenge': CMAKE_PREFIX_PATH=/opt/ros/foxy /usr/bin/cmake /home/mark/coding/software-start-here/src/challenge -DCMAKE_INSTALL_PREFIX=/home/mark/coding/software-start-here/src/install/challenge
[3.096s] DEBUG:colcon.colcon_core.event_handler.log_command:Invoked command in '/home/mark/coding/software-start-here/src/build/challenge' returned '0': CMAKE_PREFIX_PATH=/opt/ros/foxy /usr/bin/cmake /home/mark/coding/software-start-here/src/challenge -DCMAKE_INSTALL_PREFIX=/home/mark/coding/software-start-here/src/install/challenge
[3.103s] DEBUG:colcon.colcon_core.event_handler.log_command:Invoking command in '/home/mark/coding/software-start-here/src/build/challenge': CMAKE_PREFIX_PATH=/opt/ros/foxy /usr/bin/cmake --build /home/mark/coding/software-start-here/src/build/challenge -- -j12 -l12
[3.427s] DEBUG:colcon.colcon_core.event_handler.log_command:Invoked command in '/home/mark/coding/software-start-here/src/build/challenge' returned '0': CMAKE_PREFIX_PATH=/opt/ros/foxy /usr/bin/cmake --build /home/mark/coding/software-start-here/src/build/challenge -- -j12 -l12
[3.512s] DEBUG:colcon.colcon_core.event_handler.log_command:Invoking command in '/home/mark/coding/software-start-here/src/build/challenge': CMAKE_PREFIX_PATH=/opt/ros/foxy /usr/bin/cmake --install /home/mark/coding/software-start-here/src/build/challenge
[3.544s] Level 1:colcon.colcon_core.environment:create_environment_scripts_only(challenge)
[3.546s] DEBUG:colcon.colcon_core.event_handler.log_command:Invoked command in '/home/mark/coding/software-start-here/src/build/challenge' returned '0': CMAKE_PREFIX_PATH=/opt/ros/foxy /usr/bin/cmake --install /home/mark/coding/software-start-here/src/build/challenge
[3.560s] Level 1:colcon.colcon_core.environment:checking '/home/mark/coding/software-start-here/src/install/challenge' for CMake module files
[3.562s] Level 1:colcon.colcon_core.environment:checking '/home/mark/coding/software-start-here/src/install/challenge' for CMake config files
[3.563s] Level 1:colcon.colcon_core.shell:create_environment_hook('challenge', 'cmake_prefix_path')
[3.564s] INFO:colcon.colcon_core.shell:Creating environment hook '/home/mark/coding/software-start-here/src/install/challenge/share/challenge/hook/cmake_prefix_path.ps1'
[3.566s] INFO:colcon.colcon_core.shell:Creating environment descriptor '/home/mark/coding/software-start-here/src/install/challenge/share/challenge/hook/cmake_prefix_path.dsv'
[3.567s] INFO:colcon.colcon_core.shell:Creating environment hook '/home/mark/coding/software-start-here/src/install/challenge/share/challenge/hook/cmake_prefix_path.sh'
[3.570s] Level 1:colcon.colcon_core.environment:checking '/home/mark/coding/software-start-here/src/install/challenge/lib'
[3.571s] Level 1:colcon.colcon_core.environment:checking '/home/mark/coding/software-start-here/src/install/challenge/bin'
[3.571s] Level 1:colcon.colcon_core.environment:checking '/home/mark/coding/software-start-here/src/install/challenge/lib/pkgconfig/challenge.pc'
[3.571s] Level 1:colcon.colcon_core.environment:checking '/home/mark/coding/software-start-here/src/install/challenge/lib/python3.8/site-packages'
[3.572s] Level 1:colcon.colcon_core.environment:checking '/home/mark/coding/software-start-here/src/install/challenge/bin'
[3.574s] INFO:colcon.colcon_core.shell:Creating package script '/home/mark/coding/software-start-here/src/install/challenge/share/challenge/package.ps1'
[3.576s] INFO:colcon.colcon_core.shell:Creating package descriptor '/home/mark/coding/software-start-here/src/install/challenge/share/challenge/package.dsv'
[3.578s] INFO:colcon.colcon_core.shell:Creating package script '/home/mark/coding/software-start-here/src/install/challenge/share/challenge/package.sh'
[3.580s] INFO:colcon.colcon_core.shell:Creating package script '/home/mark/coding/software-start-here/src/install/challenge/share/challenge/package.bash'
[3.582s] INFO:colcon.colcon_core.shell:Creating package script '/home/mark/coding/software-start-here/src/install/challenge/share/challenge/package.zsh'
[3.584s] Level 1:colcon.colcon_core.environment:create_file_with_runtime_dependencies(/home/mark/coding/software-start-here/src/install/challenge/share/colcon-core/packages/challenge)
[3.640s] Level 1:colcon.colcon_core.environment:create_environment_scripts_only(challenge)
[3.642s] Level 1:colcon.colcon_core.environment:checking '/home/mark/coding/software-start-here/src/install/challenge' for CMake module files
[3.644s] Level 1:colcon.colcon_core.environment:checking '/home/mark/coding/software-start-here/src/install/challenge' for CMake config files
[3.644s] Level 1:colcon.colcon_core.shell:create_environment_hook('challenge', 'cmake_prefix_path')
[3.645s] INFO:colcon.colcon_core.shell:Creating environment hook '/home/mark/coding/software-start-here/src/install/challenge/share/challenge/hook/cmake_prefix_path.ps1'
[3.647s] INFO:colcon.colcon_core.shell:Creating environment descriptor '/home/mark/coding/software-start-here/src/install/challenge/share/challenge/hook/cmake_prefix_path.dsv'
[3.648s] INFO:colcon.colcon_core.shell:Creating environment hook '/home/mark/coding/software-start-here/src/install/challenge/share/challenge/hook/cmake_prefix_path.sh'
[3.649s] Level 1:colcon.colcon_core.environment:checking '/home/mark/coding/software-start-here/src/install/challenge/lib'
[3.649s] Level 1:colcon.colcon_core.environment:checking '/home/mark/coding/software-start-here/src/install/challenge/bin'
[3.650s] Level 1:colcon.colcon_core.environment:checking '/home/mark/coding/software-start-here/src/install/challenge/lib/pkgconfig/challenge.pc'
[3.650s] Level 1:colcon.colcon_core.environment:checking '/home/mark/coding/software-start-here/src/install/challenge/lib/python3.8/site-packages'
[3.651s] Level 1:colcon.colcon_core.environment:checking '/home/mark/coding/software-start-here/src/install/challenge/bin'
[3.652s] INFO:colcon.colcon_core.shell:Creating package script '/home/mark/coding/software-start-here/src/install/challenge/share/challenge/package.ps1'
[3.653s] INFO:colcon.colcon_core.shell:Creating package descriptor '/home/mark/coding/software-start-here/src/install/challenge/share/challenge/package.dsv'
[3.655s] INFO:colcon.colcon_core.shell:Creating package script '/home/mark/coding/software-start-here/src/install/challenge/share/challenge/package.sh'
[3.656s] INFO:colcon.colcon_core.shell:Creating package script '/home/mark/coding/software-start-here/src/install/challenge/share/challenge/package.bash'
[3.657s] INFO:colcon.colcon_core.shell:Creating package script '/home/mark/coding/software-start-here/src/install/challenge/share/challenge/package.zsh'
[3.658s] Level 1:colcon.colcon_core.environment:create_file_with_runtime_dependencies(/home/mark/coding/software-start-here/src/install/challenge/share/colcon-core/packages/challenge)
[3.658s] DEBUG:colcon.colcon_parallel_executor.executor.parallel:closing loop
[3.659s] DEBUG:colcon.colcon_parallel_executor.executor.parallel:loop closed
[3.659s] DEBUG:colcon.colcon_parallel_executor.executor.parallel:run_until_complete finished with '0'
[3.660s] DEBUG:colcon.colcon_core.event_reactor:joining thread
[3.675s] INFO:colcon.colcon_core.plugin_system:Skipping extension 'colcon_notification.desktop_notification.terminal_notifier': Not used on non-Darwin systems
[3.675s] INFO:colcon.colcon_core.plugin_system:Skipping extension 'colcon_notification.desktop_notification.win32': Not used on non-Windows systems
[3.675s] INFO:colcon.colcon_notification.desktop_notification:Sending desktop notification using 'notify2'
[3.727s] DEBUG:colcon.colcon_core.event_reactor:joined thread
[3.728s] INFO:colcon.colcon_core.shell:Creating prefix script '/home/mark/coding/software-start-here/src/install/local_setup.ps1'
[3.731s] INFO:colcon.colcon_core.shell:Creating prefix util module '/home/mark/coding/software-start-here/src/install/_local_setup_util_ps1.py'
[3.735s] INFO:colcon.colcon_core.shell:Creating prefix chain script '/home/mark/coding/software-start-here/src/install/setup.ps1'
[3.737s] INFO:colcon.colcon_core.shell:Creating prefix script '/home/mark/coding/software-start-here/src/install/local_setup.sh'
[3.739s] INFO:colcon.colcon_core.shell:Creating prefix util module '/home/mark/coding/software-start-here/src/install/_local_setup_util_sh.py'
[3.740s] INFO:colcon.colcon_core.shell:Creating prefix chain script '/home/mark/coding/software-start-here/src/install/setup.sh'
[3.743s] INFO:colcon.colcon_core.shell:Creating prefix script '/home/mark/coding/software-start-here/src/install/local_setup.bash'
[3.745s] INFO:colcon.colcon_core.shell:Creating prefix chain script '/home/mark/coding/software-start-here/src/install/setup.bash'
[3.748s] INFO:colcon.colcon_core.shell:Creating prefix script '/home/mark/coding/software-start-here/src/install/local_setup.zsh'
[3.749s] INFO:colcon.colcon_core.shell:Creating prefix chain script '/home/mark/coding/software-start-here/src/install/setup.zsh'
