[0.454s] DEBUG:colcon:Command line arguments: ['/usr/bin/colcon', 'build']
[0.454s] DEBUG:colcon:Parsed command line arguments: Namespace(allow_overriding=[], ament_cmake_args=None, base_paths=['.'], build_base='build', catkin_cmake_args=None, catkin_skip_building_tests=False, cmake_args=None, cmake_clean_cache=False, cmake_clean_first=False, cmake_force_configure=False, cmake_target=None, cmake_target_skip_unavailable=False, continue_on_error=False, event_handlers=None, executor='parallel', ignore_user_meta=False, install_base='install', log_base=None, log_level=None, main=<bound method BuildVerb.main of <colcon_core.verb.build.BuildVerb object at 0x7fa6bbb94e20>>, merge_install=False, metas=['./colcon.meta'], packages_above=None, packages_above_and_dependencies=None, packages_above_depth=None, packages_end=None, packages_ignore=None, packages_ignore_regex=None, packages_select=None, packages_select_build_failed=False, packages_select_by_dep=None, packages_select_regex=None, packages_select_test_failures=False, packages_skip=None, packages_skip_build_finished=False, packages_skip_by_dep=None, packages_skip_regex=None, packages_skip_test_passed=False, packages_skip_up_to=None, packages_start=None, packages_up_to=None, packages_up_to_regex=None, parallel_workers=1, paths=None, symlink_install=False, test_result_base=None, verb_extension=<colcon_core.verb.build.BuildVerb object at 0x7fa6bbb94e20>, verb_name='build', verb_parser=<colcon_defaults.argument_parser.defaults.DefaultArgumentsDecorator object at 0x7fa6bbb973d0>)
[0.568s] Level 1:colcon.colcon_core.package_discovery:discover_packages(colcon_meta) check parameters
[0.568s] Level 1:colcon.colcon_core.package_discovery:discover_packages(recursive) check parameters
[0.569s] Level 1:colcon.colcon_core.package_discovery:discover_packages(ignore) check parameters
[0.569s] Level 1:colcon.colcon_core.package_discovery:discover_packages(path) check parameters
[0.569s] Level 1:colcon.colcon_core.package_discovery:discover_packages(colcon_meta) discover
[0.569s] Level 1:colcon.colcon_core.package_discovery:discover_packages(recursive) discover
[0.569s] INFO:colcon.colcon_core.package_discovery:Crawling recursively for packages in '/home/subbots/software-start-here'
[0.569s] Level 1:colcon.colcon_core.package_identification:_identify(.) by extensions ['ignore', 'ignore_ament_install']
[0.569s] Level 1:colcon.colcon_core.package_identification:_identify(.) by extension 'ignore'
[0.569s] Level 1:colcon.colcon_core.package_identification:_identify(.) by extension 'ignore_ament_install'
[0.569s] Level 1:colcon.colcon_core.package_identification:_identify(.) by extensions ['colcon_pkg']
[0.569s] Level 1:colcon.colcon_core.package_identification:_identify(.) by extension 'colcon_pkg'
[0.570s] Level 1:colcon.colcon_core.package_identification:_identify(.) by extensions ['colcon_meta']
[0.570s] Level 1:colcon.colcon_core.package_identification:_identify(.) by extension 'colcon_meta'
[0.570s] Level 1:colcon.colcon_core.package_identification:_identify(.) by extensions ['ros']
[0.570s] Level 1:colcon.colcon_core.package_identification:_identify(.) by extension 'ros'
[0.581s] Level 1:colcon.colcon_core.package_identification:_identify(.) by extensions ['cmake', 'python']
[0.581s] Level 1:colcon.colcon_core.package_identification:_identify(.) by extension 'cmake'
[0.581s] Level 1:colcon.colcon_core.package_identification:_identify(.) by extension 'python'
[0.581s] Level 1:colcon.colcon_core.package_identification:_identify(.) by extensions ['python_setup_py']
[0.581s] Level 1:colcon.colcon_core.package_identification:_identify(.) by extension 'python_setup_py'
[0.581s] Level 1:colcon.colcon_core.package_identification:_identify(build) by extensions ['ignore', 'ignore_ament_install']
[0.581s] Level 1:colcon.colcon_core.package_identification:_identify(build) by extension 'ignore'
[0.582s] Level 1:colcon.colcon_core.package_identification:_identify(build) ignored
[0.582s] Level 1:colcon.colcon_core.package_identification:_identify(install) by extensions ['ignore', 'ignore_ament_install']
[0.582s] Level 1:colcon.colcon_core.package_identification:_identify(install) by extension 'ignore'
[0.582s] Level 1:colcon.colcon_core.package_identification:_identify(install) ignored
[0.582s] Level 1:colcon.colcon_core.package_identification:_identify(log) by extensions ['ignore', 'ignore_ament_install']
[0.582s] Level 1:colcon.colcon_core.package_identification:_identify(log) by extension 'ignore'
[0.582s] Level 1:colcon.colcon_core.package_identification:_identify(log) ignored
[0.582s] Level 1:colcon.colcon_core.package_identification:_identify(src) by extensions ['ignore', 'ignore_ament_install']
[0.583s] Level 1:colcon.colcon_core.package_identification:_identify(src) by extension 'ignore'
[0.583s] Level 1:colcon.colcon_core.package_identification:_identify(src) by extension 'ignore_ament_install'
[0.583s] Level 1:colcon.colcon_core.package_identification:_identify(src) by extensions ['colcon_pkg']
[0.583s] Level 1:colcon.colcon_core.package_identification:_identify(src) by extension 'colcon_pkg'
[0.583s] Level 1:colcon.colcon_core.package_identification:_identify(src) by extensions ['colcon_meta']
[0.583s] Level 1:colcon.colcon_core.package_identification:_identify(src) by extension 'colcon_meta'
[0.583s] Level 1:colcon.colcon_core.package_identification:_identify(src) by extensions ['ros']
[0.583s] Level 1:colcon.colcon_core.package_identification:_identify(src) by extension 'ros'
[0.583s] Level 1:colcon.colcon_core.package_identification:_identify(src) by extensions ['cmake', 'python']
[0.583s] Level 1:colcon.colcon_core.package_identification:_identify(src) by extension 'cmake'
[0.583s] Level 1:colcon.colcon_core.package_identification:_identify(src) by extension 'python'
[0.583s] Level 1:colcon.colcon_core.package_identification:_identify(src) by extensions ['python_setup_py']
[0.583s] Level 1:colcon.colcon_core.package_identification:_identify(src) by extension 'python_setup_py'
[0.583s] Level 1:colcon.colcon_core.package_identification:_identify(src/challenge) by extensions ['ignore', 'ignore_ament_install']
[0.584s] Level 1:colcon.colcon_core.package_identification:_identify(src/challenge) by extension 'ignore'
[0.584s] Level 1:colcon.colcon_core.package_identification:_identify(src/challenge) by extension 'ignore_ament_install'
[0.584s] Level 1:colcon.colcon_core.package_identification:_identify(src/challenge) by extensions ['colcon_pkg']
[0.584s] Level 1:colcon.colcon_core.package_identification:_identify(src/challenge) by extension 'colcon_pkg'
[0.584s] Level 1:colcon.colcon_core.package_identification:_identify(src/challenge) by extensions ['colcon_meta']
[0.584s] Level 1:colcon.colcon_core.package_identification:_identify(src/challenge) by extension 'colcon_meta'
[0.584s] Level 1:colcon.colcon_core.package_identification:_identify(src/challenge) by extensions ['ros']
[0.584s] Level 1:colcon.colcon_core.package_identification:_identify(src/challenge) by extension 'ros'
[0.590s] DEBUG:colcon.colcon_core.package_identification:Package 'src/challenge' with type 'ros.ament_cmake' and name 'challenge'
[0.590s] Level 1:colcon.colcon_core.package_discovery:discover_packages(recursive) using defaults
[0.590s] Level 1:colcon.colcon_core.package_discovery:discover_packages(ignore) discover
[0.590s] Level 1:colcon.colcon_core.package_discovery:discover_packages(ignore) using defaults
[0.590s] Level 1:colcon.colcon_core.package_discovery:discover_packages(path) discover
[0.590s] Level 1:colcon.colcon_core.package_discovery:discover_packages(path) using defaults
[0.631s] Level 1:colcon.colcon_core.package_discovery:discover_packages(prefix_path) check parameters
[0.632s] Level 1:colcon.colcon_core.package_discovery:discover_packages(prefix_path) discover
[0.639s] DEBUG:colcon.colcon_installed_package_information.package_discovery:Found 263 installed packages in /opt/ros/foxy
[0.640s] Level 1:colcon.colcon_core.package_discovery:discover_packages(prefix_path) using defaults
[0.800s] Level 5:colcon.colcon_core.verb:set package 'challenge' build argument 'cmake_args' from command line to 'None'
[0.800s] Level 5:colcon.colcon_core.verb:set package 'challenge' build argument 'cmake_target' from command line to 'None'
[0.800s] Level 5:colcon.colcon_core.verb:set package 'challenge' build argument 'cmake_target_skip_unavailable' from command line to 'False'
[0.800s] Level 5:colcon.colcon_core.verb:set package 'challenge' build argument 'cmake_clean_cache' from command line to 'False'
[0.800s] Level 5:colcon.colcon_core.verb:set package 'challenge' build argument 'cmake_clean_first' from command line to 'False'
[0.800s] Level 5:colcon.colcon_core.verb:set package 'challenge' build argument 'cmake_force_configure' from command line to 'False'
[0.800s] Level 5:colcon.colcon_core.verb:set package 'challenge' build argument 'ament_cmake_args' from command line to 'None'
[0.801s] Level 5:colcon.colcon_core.verb:set package 'challenge' build argument 'catkin_cmake_args' from command line to 'None'
[0.801s] Level 5:colcon.colcon_core.verb:set package 'challenge' build argument 'catkin_skip_building_tests' from command line to 'False'
[0.801s] DEBUG:colcon.colcon_core.verb:Building package 'challenge' with the following arguments: {'ament_cmake_args': None, 'build_base': '/home/subbots/software-start-here/build/challenge', 'catkin_cmake_args': None, 'catkin_skip_building_tests': False, 'cmake_args': None, 'cmake_clean_cache': False, 'cmake_clean_first': False, 'cmake_force_configure': False, 'cmake_target': None, 'cmake_target_skip_unavailable': False, 'install_base': '/home/subbots/software-start-here/install/challenge', 'merge_install': False, 'path': '/home/subbots/software-start-here/src/challenge', 'symlink_install': False, 'test_result_base': None}
[0.801s] INFO:colcon.colcon_core.executor:Executing jobs using 'parallel' executor
[0.803s] DEBUG:colcon.colcon_parallel_executor.executor.parallel:run_until_complete
[0.803s] INFO:colcon.colcon_ros.task.ament_cmake.build:Building ROS package in '/home/subbots/software-start-here/src/challenge' with build type 'ament_cmake'
[0.803s] INFO:colcon.colcon_cmake.task.cmake.build:Building CMake package in '/home/subbots/software-start-here/src/challenge'
[0.824s] INFO:colcon.colcon_core.plugin_system:Skipping extension 'colcon_core.shell.bat': Not used on non-Windows systems
[0.825s] INFO:colcon.colcon_core.shell:Skip shell extension 'powershell' for command environment: Not usable outside of PowerShell
[0.825s] DEBUG:colcon.colcon_core.shell:Skip shell extension 'dsv' for command environment
[0.838s] DEBUG:colcon.colcon_core.event_handler.log_command:Invoking command in '/home/subbots/software-start-here/build/challenge': CMAKE_PREFIX_PATH=/opt/ros/foxy /usr/bin/cmake /home/subbots/software-start-here/src/challenge -DCMAKE_INSTALL_PREFIX=/home/subbots/software-start-here/install/challenge
[2.463s] DEBUG:colcon.colcon_core.event_handler.log_command:Invoked command in '/home/subbots/software-start-here/build/challenge' returned '0': CMAKE_PREFIX_PATH=/opt/ros/foxy /usr/bin/cmake /home/subbots/software-start-here/src/challenge -DCMAKE_INSTALL_PREFIX=/home/subbots/software-start-here/install/challenge
[2.464s] DEBUG:colcon.colcon_core.event_handler.log_command:Invoking command in '/home/subbots/software-start-here/build/challenge': CMAKE_PREFIX_PATH=/opt/ros/foxy /usr/bin/cmake --build /home/subbots/software-start-here/build/challenge -- -j1 -l1
[2.753s] DEBUG:colcon.colcon_core.event_handler.log_command:Invoked command in '/home/subbots/software-start-here/build/challenge' returned '0': CMAKE_PREFIX_PATH=/opt/ros/foxy /usr/bin/cmake --build /home/subbots/software-start-here/build/challenge -- -j1 -l1
[2.799s] DEBUG:colcon.colcon_core.event_handler.log_command:Invoking command in '/home/subbots/software-start-here/build/challenge': CMAKE_PREFIX_PATH=/opt/ros/foxy /usr/bin/cmake --install /home/subbots/software-start-here/build/challenge
[2.825s] Level 1:colcon.colcon_core.environment:create_environment_scripts_only(challenge)
[2.827s] DEBUG:colcon.colcon_core.event_handler.log_command:Invoked command in '/home/subbots/software-start-here/build/challenge' returned '0': CMAKE_PREFIX_PATH=/opt/ros/foxy /usr/bin/cmake --install /home/subbots/software-start-here/build/challenge
[2.855s] Level 1:colcon.colcon_core.environment:checking '/home/subbots/software-start-here/install/challenge' for CMake module files
[2.857s] Level 1:colcon.colcon_core.environment:checking '/home/subbots/software-start-here/install/challenge' for CMake config files
[2.858s] Level 1:colcon.colcon_core.shell:create_environment_hook('challenge', 'cmake_prefix_path')
[2.860s] INFO:colcon.colcon_core.shell:Creating environment hook '/home/subbots/software-start-here/install/challenge/share/challenge/hook/cmake_prefix_path.ps1'
[2.862s] INFO:colcon.colcon_core.shell:Creating environment descriptor '/home/subbots/software-start-here/install/challenge/share/challenge/hook/cmake_prefix_path.dsv'
[2.863s] INFO:colcon.colcon_core.shell:Creating environment hook '/home/subbots/software-start-here/install/challenge/share/challenge/hook/cmake_prefix_path.sh'
[2.865s] Level 1:colcon.colcon_core.environment:checking '/home/subbots/software-start-here/install/challenge/lib'
[2.865s] Level 1:colcon.colcon_core.environment:checking '/home/subbots/software-start-here/install/challenge/bin'
[2.865s] Level 1:colcon.colcon_core.environment:checking '/home/subbots/software-start-here/install/challenge/lib/pkgconfig/challenge.pc'
[2.866s] Level 1:colcon.colcon_core.environment:checking '/home/subbots/software-start-here/install/challenge/lib/python3.8/site-packages'
[2.866s] Level 1:colcon.colcon_core.environment:checking '/home/subbots/software-start-here/install/challenge/bin'
[2.867s] INFO:colcon.colcon_core.shell:Creating package script '/home/subbots/software-start-here/install/challenge/share/challenge/package.ps1'
[2.869s] INFO:colcon.colcon_core.shell:Creating package descriptor '/home/subbots/software-start-here/install/challenge/share/challenge/package.dsv'
[2.870s] INFO:colcon.colcon_core.shell:Creating package script '/home/subbots/software-start-here/install/challenge/share/challenge/package.sh'
[2.872s] INFO:colcon.colcon_core.shell:Creating package script '/home/subbots/software-start-here/install/challenge/share/challenge/package.bash'
[2.875s] INFO:colcon.colcon_core.shell:Creating package script '/home/subbots/software-start-here/install/challenge/share/challenge/package.zsh'
[2.878s] Level 1:colcon.colcon_core.environment:create_file_with_runtime_dependencies(/home/subbots/software-start-here/install/challenge/share/colcon-core/packages/challenge)
[2.910s] Level 1:colcon.colcon_core.environment:create_environment_scripts_only(challenge)
[2.912s] Level 1:colcon.colcon_core.environment:checking '/home/subbots/software-start-here/install/challenge' for CMake module files
[2.913s] Level 1:colcon.colcon_core.environment:checking '/home/subbots/software-start-here/install/challenge' for CMake config files
[2.914s] Level 1:colcon.colcon_core.shell:create_environment_hook('challenge', 'cmake_prefix_path')
[2.914s] INFO:colcon.colcon_core.shell:Creating environment hook '/home/subbots/software-start-here/install/challenge/share/challenge/hook/cmake_prefix_path.ps1'
[2.915s] INFO:colcon.colcon_core.shell:Creating environment descriptor '/home/subbots/software-start-here/install/challenge/share/challenge/hook/cmake_prefix_path.dsv'
[2.915s] INFO:colcon.colcon_core.shell:Creating environment hook '/home/subbots/software-start-here/install/challenge/share/challenge/hook/cmake_prefix_path.sh'
[2.916s] Level 1:colcon.colcon_core.environment:checking '/home/subbots/software-start-here/install/challenge/lib'
[2.916s] Level 1:colcon.colcon_core.environment:checking '/home/subbots/software-start-here/install/challenge/bin'
[2.916s] Level 1:colcon.colcon_core.environment:checking '/home/subbots/software-start-here/install/challenge/lib/pkgconfig/challenge.pc'
[2.917s] Level 1:colcon.colcon_core.environment:checking '/home/subbots/software-start-here/install/challenge/lib/python3.8/site-packages'
[2.917s] Level 1:colcon.colcon_core.environment:checking '/home/subbots/software-start-here/install/challenge/bin'
[2.917s] INFO:colcon.colcon_core.shell:Creating package script '/home/subbots/software-start-here/install/challenge/share/challenge/package.ps1'
[2.919s] INFO:colcon.colcon_core.shell:Creating package descriptor '/home/subbots/software-start-here/install/challenge/share/challenge/package.dsv'
[2.920s] INFO:colcon.colcon_core.shell:Creating package script '/home/subbots/software-start-here/install/challenge/share/challenge/package.sh'
[2.920s] INFO:colcon.colcon_core.shell:Creating package script '/home/subbots/software-start-here/install/challenge/share/challenge/package.bash'
[2.921s] INFO:colcon.colcon_core.shell:Creating package script '/home/subbots/software-start-here/install/challenge/share/challenge/package.zsh'
[2.922s] Level 1:colcon.colcon_core.environment:create_file_with_runtime_dependencies(/home/subbots/software-start-here/install/challenge/share/colcon-core/packages/challenge)
[2.924s] DEBUG:colcon.colcon_parallel_executor.executor.parallel:closing loop
[2.924s] DEBUG:colcon.colcon_parallel_executor.executor.parallel:loop closed
[2.924s] DEBUG:colcon.colcon_parallel_executor.executor.parallel:run_until_complete finished with '0'
[2.924s] DEBUG:colcon.colcon_core.event_reactor:joining thread
[2.954s] INFO:colcon.colcon_core.plugin_system:Skipping extension 'colcon_notification.desktop_notification.terminal_notifier': Not used on non-Darwin systems
[2.955s] INFO:colcon.colcon_core.plugin_system:Skipping extension 'colcon_notification.desktop_notification.win32': Not used on non-Windows systems
[2.956s] INFO:colcon.colcon_notification.desktop_notification:Sending desktop notification using 'notify2'
[2.991s] DEBUG:colcon.colcon_core.event_reactor:joined thread
[2.992s] INFO:colcon.colcon_core.shell:Creating prefix script '/home/subbots/software-start-here/install/local_setup.ps1'
[2.994s] INFO:colcon.colcon_core.shell:Creating prefix util module '/home/subbots/software-start-here/install/_local_setup_util_ps1.py'
[2.997s] INFO:colcon.colcon_core.shell:Creating prefix chain script '/home/subbots/software-start-here/install/setup.ps1'
[3.001s] INFO:colcon.colcon_core.shell:Creating prefix script '/home/subbots/software-start-here/install/local_setup.sh'
[3.003s] INFO:colcon.colcon_core.shell:Creating prefix util module '/home/subbots/software-start-here/install/_local_setup_util_sh.py'
[3.004s] INFO:colcon.colcon_core.shell:Creating prefix chain script '/home/subbots/software-start-here/install/setup.sh'
[3.008s] INFO:colcon.colcon_core.shell:Creating prefix script '/home/subbots/software-start-here/install/local_setup.bash'
[3.010s] INFO:colcon.colcon_core.shell:Creating prefix chain script '/home/subbots/software-start-here/install/setup.bash'
[3.011s] INFO:colcon.colcon_core.shell:Creating prefix script '/home/subbots/software-start-here/install/local_setup.zsh'
[3.012s] INFO:colcon.colcon_core.shell:Creating prefix chain script '/home/subbots/software-start-here/install/setup.zsh'
