[0.155s] DEBUG:colcon:Command line arguments: ['/usr/bin/colcon', 'build']
[0.155s] DEBUG:colcon:Parsed command line arguments: Namespace(allow_overriding=[], ament_cmake_args=None, base_paths=['.'], build_base='build', catkin_cmake_args=None, catkin_skip_building_tests=False, cmake_args=None, cmake_clean_cache=False, cmake_clean_first=False, cmake_force_configure=False, cmake_target=None, cmake_target_skip_unavailable=False, continue_on_error=False, event_handlers=None, executor='parallel', ignore_user_meta=False, install_base='install', log_base=None, log_level=None, main=<bound method BuildVerb.main of <colcon_core.verb.build.BuildVerb object at 0x7fcfd63c1100>>, merge_install=False, metas=['./colcon.meta'], packages_above=None, packages_above_and_dependencies=None, packages_above_depth=None, packages_end=None, packages_ignore=None, packages_ignore_regex=None, packages_select=None, packages_select_build_failed=False, packages_select_by_dep=None, packages_select_regex=None, packages_select_test_failures=False, packages_skip=None, packages_skip_build_finished=False, packages_skip_by_dep=None, packages_skip_regex=None, packages_skip_test_passed=False, packages_skip_up_to=None, packages_start=None, packages_up_to=None, packages_up_to_regex=None, parallel_workers=8, paths=None, symlink_install=False, test_result_base=None, verb_extension=<colcon_core.verb.build.BuildVerb object at 0x7fcfd63c1100>, verb_name='build', verb_parser=<colcon_defaults.argument_parser.defaults.DefaultArgumentsDecorator object at 0x7fcfd63c1580>)
[0.182s] Level 1:colcon.colcon_core.package_discovery:discover_packages(colcon_meta) check parameters
[0.182s] Level 1:colcon.colcon_core.package_discovery:discover_packages(recursive) check parameters
[0.182s] Level 1:colcon.colcon_core.package_discovery:discover_packages(ignore) check parameters
[0.182s] Level 1:colcon.colcon_core.package_discovery:discover_packages(path) check parameters
[0.182s] Level 1:colcon.colcon_core.package_discovery:discover_packages(colcon_meta) discover
[0.182s] Level 1:colcon.colcon_core.package_discovery:discover_packages(recursive) discover
[0.182s] INFO:colcon.colcon_core.package_discovery:Crawling recursively for packages in '/home/navrajb/software/software-start-here/src'
[0.182s] Level 1:colcon.colcon_core.package_identification:_identify(.) by extensions ['ignore', 'ignore_ament_install']
[0.183s] Level 1:colcon.colcon_core.package_identification:_identify(.) by extension 'ignore'
[0.183s] Level 1:colcon.colcon_core.package_identification:_identify(.) by extension 'ignore_ament_install'
[0.183s] Level 1:colcon.colcon_core.package_identification:_identify(.) by extensions ['colcon_pkg']
[0.183s] Level 1:colcon.colcon_core.package_identification:_identify(.) by extension 'colcon_pkg'
[0.183s] Level 1:colcon.colcon_core.package_identification:_identify(.) by extensions ['colcon_meta']
[0.183s] Level 1:colcon.colcon_core.package_identification:_identify(.) by extension 'colcon_meta'
[0.183s] Level 1:colcon.colcon_core.package_identification:_identify(.) by extensions ['ros']
[0.183s] Level 1:colcon.colcon_core.package_identification:_identify(.) by extension 'ros'
[0.195s] Level 1:colcon.colcon_core.package_identification:_identify(.) by extensions ['cmake', 'python']
[0.195s] Level 1:colcon.colcon_core.package_identification:_identify(.) by extension 'cmake'
[0.195s] Level 1:colcon.colcon_core.package_identification:_identify(.) by extension 'python'
[0.195s] Level 1:colcon.colcon_core.package_identification:_identify(.) by extensions ['python_setup_py']
[0.195s] Level 1:colcon.colcon_core.package_identification:_identify(.) by extension 'python_setup_py'
[0.195s] Level 1:colcon.colcon_core.package_identification:_identify(build) by extensions ['ignore', 'ignore_ament_install']
[0.195s] Level 1:colcon.colcon_core.package_identification:_identify(build) by extension 'ignore'
[0.195s] Level 1:colcon.colcon_core.package_identification:_identify(build) ignored
[0.195s] Level 1:colcon.colcon_core.package_identification:_identify(challenge) by extensions ['ignore', 'ignore_ament_install']
[0.195s] Level 1:colcon.colcon_core.package_identification:_identify(challenge) by extension 'ignore'
[0.195s] Level 1:colcon.colcon_core.package_identification:_identify(challenge) by extension 'ignore_ament_install'
[0.195s] Level 1:colcon.colcon_core.package_identification:_identify(challenge) by extensions ['colcon_pkg']
[0.196s] Level 1:colcon.colcon_core.package_identification:_identify(challenge) by extension 'colcon_pkg'
[0.196s] Level 1:colcon.colcon_core.package_identification:_identify(challenge) by extensions ['colcon_meta']
[0.196s] Level 1:colcon.colcon_core.package_identification:_identify(challenge) by extension 'colcon_meta'
[0.196s] Level 1:colcon.colcon_core.package_identification:_identify(challenge) by extensions ['ros']
[0.196s] Level 1:colcon.colcon_core.package_identification:_identify(challenge) by extension 'ros'
[0.198s] DEBUG:colcon.colcon_core.package_identification:Package 'challenge' with type 'ros.ament_cmake' and name 'challenge'
[0.198s] Level 1:colcon.colcon_core.package_identification:_identify(install) by extensions ['ignore', 'ignore_ament_install']
[0.198s] Level 1:colcon.colcon_core.package_identification:_identify(install) by extension 'ignore'
[0.198s] Level 1:colcon.colcon_core.package_identification:_identify(install) ignored
[0.199s] Level 1:colcon.colcon_core.package_identification:_identify(log) by extensions ['ignore', 'ignore_ament_install']
[0.199s] Level 1:colcon.colcon_core.package_identification:_identify(log) by extension 'ignore'
[0.199s] Level 1:colcon.colcon_core.package_identification:_identify(log) ignored
[0.199s] Level 1:colcon.colcon_core.package_discovery:discover_packages(recursive) using defaults
[0.199s] Level 1:colcon.colcon_core.package_discovery:discover_packages(ignore) discover
[0.199s] Level 1:colcon.colcon_core.package_discovery:discover_packages(ignore) using defaults
[0.199s] Level 1:colcon.colcon_core.package_discovery:discover_packages(path) discover
[0.199s] Level 1:colcon.colcon_core.package_discovery:discover_packages(path) using defaults
[0.231s] Level 1:colcon.colcon_core.package_discovery:discover_packages(prefix_path) check parameters
[0.231s] Level 1:colcon.colcon_core.package_discovery:discover_packages(prefix_path) discover
[0.232s] Level 1:colcon.colcon_core.package_discovery:discover_packages(prefix_path) using defaults
[0.234s] Level 5:colcon.colcon_core.verb:set package 'challenge' build argument 'cmake_args' from command line to 'None'
[0.234s] Level 5:colcon.colcon_core.verb:set package 'challenge' build argument 'cmake_target' from command line to 'None'
[0.234s] Level 5:colcon.colcon_core.verb:set package 'challenge' build argument 'cmake_target_skip_unavailable' from command line to 'False'
[0.234s] Level 5:colcon.colcon_core.verb:set package 'challenge' build argument 'cmake_clean_cache' from command line to 'False'
[0.234s] Level 5:colcon.colcon_core.verb:set package 'challenge' build argument 'cmake_clean_first' from command line to 'False'
[0.234s] Level 5:colcon.colcon_core.verb:set package 'challenge' build argument 'cmake_force_configure' from command line to 'False'
[0.234s] Level 5:colcon.colcon_core.verb:set package 'challenge' build argument 'ament_cmake_args' from command line to 'None'
[0.234s] Level 5:colcon.colcon_core.verb:set package 'challenge' build argument 'catkin_cmake_args' from command line to 'None'
[0.234s] Level 5:colcon.colcon_core.verb:set package 'challenge' build argument 'catkin_skip_building_tests' from command line to 'False'
[0.235s] DEBUG:colcon.colcon_core.verb:Building package 'challenge' with the following arguments: {'ament_cmake_args': None, 'build_base': '/home/navrajb/software/software-start-here/src/build/challenge', 'catkin_cmake_args': None, 'catkin_skip_building_tests': False, 'cmake_args': None, 'cmake_clean_cache': False, 'cmake_clean_first': False, 'cmake_force_configure': False, 'cmake_target': None, 'cmake_target_skip_unavailable': False, 'install_base': '/home/navrajb/software/software-start-here/src/install/challenge', 'merge_install': False, 'path': '/home/navrajb/software/software-start-here/src/challenge', 'symlink_install': False, 'test_result_base': None}
[0.235s] INFO:colcon.colcon_core.executor:Executing jobs using 'parallel' executor
[0.240s] DEBUG:colcon.colcon_parallel_executor.executor.parallel:run_until_complete
[0.240s] INFO:colcon.colcon_ros.task.ament_cmake.build:Building ROS package in '/home/navrajb/software/software-start-here/src/challenge' with build type 'ament_cmake'
[0.240s] INFO:colcon.colcon_cmake.task.cmake.build:Building CMake package in '/home/navrajb/software/software-start-here/src/challenge'
[0.245s] INFO:colcon.colcon_core.plugin_system:Skipping extension 'colcon_core.shell.bat': Not used on non-Windows systems
[0.245s] INFO:colcon.colcon_core.shell:Skip shell extension 'powershell' for command environment: Not usable outside of PowerShell
[0.245s] DEBUG:colcon.colcon_core.shell:Skip shell extension 'dsv' for command environment
[0.256s] DEBUG:colcon.colcon_core.event_handler.log_command:Invoking command in '/home/navrajb/software/software-start-here/src/build/challenge': /usr/bin/cmake --build /home/navrajb/software/software-start-here/src/build/challenge -- -j8 -l8
[3.676s] DEBUG:colcon.colcon_core.event_handler.log_command:Invoked command in '/home/navrajb/software/software-start-here/src/build/challenge' returned '0': /usr/bin/cmake --build /home/navrajb/software/software-start-here/src/build/challenge -- -j8 -l8
[3.717s] DEBUG:colcon.colcon_core.event_handler.log_command:Invoking command in '/home/navrajb/software/software-start-here/src/build/challenge': /usr/bin/cmake --install /home/navrajb/software/software-start-here/src/build/challenge
[3.732s] Level 1:colcon.colcon_core.environment:create_environment_scripts_only(challenge)
[3.733s] DEBUG:colcon.colcon_core.event_handler.log_command:Invoked command in '/home/navrajb/software/software-start-here/src/build/challenge' returned '0': /usr/bin/cmake --install /home/navrajb/software/software-start-here/src/build/challenge
[3.739s] Level 1:colcon.colcon_core.environment:checking '/home/navrajb/software/software-start-here/src/install/challenge' for CMake module files
[3.740s] Level 1:colcon.colcon_core.environment:checking '/home/navrajb/software/software-start-here/src/install/challenge' for CMake config files
[3.740s] Level 1:colcon.colcon_core.shell:create_environment_hook('challenge', 'cmake_prefix_path')
[3.741s] INFO:colcon.colcon_core.shell:Creating environment hook '/home/navrajb/software/software-start-here/src/install/challenge/share/challenge/hook/cmake_prefix_path.ps1'
[3.742s] INFO:colcon.colcon_core.shell:Creating environment descriptor '/home/navrajb/software/software-start-here/src/install/challenge/share/challenge/hook/cmake_prefix_path.dsv'
[3.742s] INFO:colcon.colcon_core.shell:Creating environment hook '/home/navrajb/software/software-start-here/src/install/challenge/share/challenge/hook/cmake_prefix_path.sh'
[3.744s] Level 1:colcon.colcon_core.environment:checking '/home/navrajb/software/software-start-here/src/install/challenge/lib'
[3.744s] Level 1:colcon.colcon_core.environment:checking '/home/navrajb/software/software-start-here/src/install/challenge/bin'
[3.744s] Level 1:colcon.colcon_core.environment:checking '/home/navrajb/software/software-start-here/src/install/challenge/lib/pkgconfig/challenge.pc'
[3.745s] Level 1:colcon.colcon_core.environment:checking '/home/navrajb/software/software-start-here/src/install/challenge/lib/python3.8/site-packages'
[3.745s] Level 1:colcon.colcon_core.environment:checking '/home/navrajb/software/software-start-here/src/install/challenge/bin'
[3.746s] INFO:colcon.colcon_core.shell:Creating package script '/home/navrajb/software/software-start-here/src/install/challenge/share/challenge/package.ps1'
[3.747s] INFO:colcon.colcon_core.shell:Creating package descriptor '/home/navrajb/software/software-start-here/src/install/challenge/share/challenge/package.dsv'
[3.748s] INFO:colcon.colcon_core.shell:Creating package script '/home/navrajb/software/software-start-here/src/install/challenge/share/challenge/package.sh'
[3.748s] INFO:colcon.colcon_core.shell:Creating package script '/home/navrajb/software/software-start-here/src/install/challenge/share/challenge/package.bash'
[3.749s] INFO:colcon.colcon_core.shell:Creating package script '/home/navrajb/software/software-start-here/src/install/challenge/share/challenge/package.zsh'
[3.750s] Level 1:colcon.colcon_core.environment:create_file_with_runtime_dependencies(/home/navrajb/software/software-start-here/src/install/challenge/share/colcon-core/packages/challenge)
[3.776s] Level 1:colcon.colcon_core.environment:create_environment_scripts_only(challenge)
[3.778s] Level 1:colcon.colcon_core.environment:checking '/home/navrajb/software/software-start-here/src/install/challenge' for CMake module files
[3.779s] Level 1:colcon.colcon_core.environment:checking '/home/navrajb/software/software-start-here/src/install/challenge' for CMake config files
[3.779s] Level 1:colcon.colcon_core.shell:create_environment_hook('challenge', 'cmake_prefix_path')
[3.780s] INFO:colcon.colcon_core.shell:Creating environment hook '/home/navrajb/software/software-start-here/src/install/challenge/share/challenge/hook/cmake_prefix_path.ps1'
[3.781s] INFO:colcon.colcon_core.shell:Creating environment descriptor '/home/navrajb/software/software-start-here/src/install/challenge/share/challenge/hook/cmake_prefix_path.dsv'
[3.781s] INFO:colcon.colcon_core.shell:Creating environment hook '/home/navrajb/software/software-start-here/src/install/challenge/share/challenge/hook/cmake_prefix_path.sh'
[3.782s] Level 1:colcon.colcon_core.environment:checking '/home/navrajb/software/software-start-here/src/install/challenge/lib'
[3.782s] Level 1:colcon.colcon_core.environment:checking '/home/navrajb/software/software-start-here/src/install/challenge/bin'
[3.782s] Level 1:colcon.colcon_core.environment:checking '/home/navrajb/software/software-start-here/src/install/challenge/lib/pkgconfig/challenge.pc'
[3.782s] Level 1:colcon.colcon_core.environment:checking '/home/navrajb/software/software-start-here/src/install/challenge/lib/python3.8/site-packages'
[3.783s] Level 1:colcon.colcon_core.environment:checking '/home/navrajb/software/software-start-here/src/install/challenge/bin'
[3.784s] INFO:colcon.colcon_core.shell:Creating package script '/home/navrajb/software/software-start-here/src/install/challenge/share/challenge/package.ps1'
[3.785s] INFO:colcon.colcon_core.shell:Creating package descriptor '/home/navrajb/software/software-start-here/src/install/challenge/share/challenge/package.dsv'
[3.785s] INFO:colcon.colcon_core.shell:Creating package script '/home/navrajb/software/software-start-here/src/install/challenge/share/challenge/package.sh'
[3.786s] INFO:colcon.colcon_core.shell:Creating package script '/home/navrajb/software/software-start-here/src/install/challenge/share/challenge/package.bash'
[3.786s] INFO:colcon.colcon_core.shell:Creating package script '/home/navrajb/software/software-start-here/src/install/challenge/share/challenge/package.zsh'
[3.786s] Level 1:colcon.colcon_core.environment:create_file_with_runtime_dependencies(/home/navrajb/software/software-start-here/src/install/challenge/share/colcon-core/packages/challenge)
[3.787s] DEBUG:colcon.colcon_parallel_executor.executor.parallel:closing loop
[3.787s] DEBUG:colcon.colcon_parallel_executor.executor.parallel:loop closed
[3.787s] DEBUG:colcon.colcon_parallel_executor.executor.parallel:run_until_complete finished with '0'
[3.787s] DEBUG:colcon.colcon_core.event_reactor:joining thread
[3.795s] INFO:colcon.colcon_core.plugin_system:Skipping extension 'colcon_notification.desktop_notification.terminal_notifier': Not used on non-Darwin systems
[3.795s] INFO:colcon.colcon_core.plugin_system:Skipping extension 'colcon_notification.desktop_notification.win32': Not used on non-Windows systems
[3.795s] INFO:colcon.colcon_notification.desktop_notification:Sending desktop notification using 'notify2'
[3.813s] DEBUG:colcon.colcon_core.event_reactor:joined thread
[3.815s] INFO:colcon.colcon_core.shell:Creating prefix script '/home/navrajb/software/software-start-here/src/install/local_setup.ps1'
[3.816s] INFO:colcon.colcon_core.shell:Creating prefix util module '/home/navrajb/software/software-start-here/src/install/_local_setup_util_ps1.py'
[3.818s] INFO:colcon.colcon_core.shell:Creating prefix chain script '/home/navrajb/software/software-start-here/src/install/setup.ps1'
[3.819s] INFO:colcon.colcon_core.shell:Creating prefix script '/home/navrajb/software/software-start-here/src/install/local_setup.sh'
[3.820s] INFO:colcon.colcon_core.shell:Creating prefix util module '/home/navrajb/software/software-start-here/src/install/_local_setup_util_sh.py'
[3.820s] INFO:colcon.colcon_core.shell:Creating prefix chain script '/home/navrajb/software/software-start-here/src/install/setup.sh'
[3.822s] INFO:colcon.colcon_core.shell:Creating prefix script '/home/navrajb/software/software-start-here/src/install/local_setup.bash'
[3.822s] INFO:colcon.colcon_core.shell:Creating prefix chain script '/home/navrajb/software/software-start-here/src/install/setup.bash'
[3.823s] INFO:colcon.colcon_core.shell:Creating prefix script '/home/navrajb/software/software-start-here/src/install/local_setup.zsh'
[3.824s] INFO:colcon.colcon_core.shell:Creating prefix chain script '/home/navrajb/software/software-start-here/src/install/setup.zsh'
