-- Found ament_cmake: 0.9.12 (/opt/ros/foxy/share/ament_cmake/cmake)
-- Using PYTHON_EXECUTABLE: /usr/bin/python3
-- Found rclcpp: 2.4.3 (/opt/ros/foxy/share/rclcpp/cmake)
-- Using all available rosidl_typesupport_c: rosidl_typesupport_fastrtps_c;rosidl_typesupport_introspection_c
-- Found rosidl_adapter: 1.3.1 (/opt/ros/foxy/share/rosidl_adapter/cmake)
-- Found OpenSSL: /usr/lib/x86_64-linux-gnu/libcrypto.so (found version "1.1.1f")
-- Found FastRTPS: /opt/ros/foxy/include
-- Using all available rosidl_typesupport_cpp: rosidl_typesupport_fastrtps_cpp;rosidl_typesupport_introspection_cpp
-- Found rmw_implementation_cmake: 1.0.4 (/opt/ros/foxy/share/rmw_implementation_cmake/cmake)
-- Using RMW implementation 'rmw_fastrtps_cpp' as default
-- Performing Test CMAKE_HAVE_LIBC_PTHREAD
-- Performing Test CMAKE_HAVE_LIBC_PTHREAD - Failed
-- Looking for pthread_create in pthreads
-- Looking for pthread_create in pthreads - not found
-- Looking for pthread_create in pthread
-- Looking for pthread_create in pthread - found
-- Found Threads: TRUE
-- Found geometry_msgs: 2.0.5 (/opt/ros/foxy/share/geometry_msgs/cmake)
-- Configuring done (3.5s)
-- Generating done (0.0s)
-- Build files have been written to: /home/krish/projects/software-start-here/build/challenge
[ 50%] [32mBuilding CXX object CMakeFiles/solution.dir/src/solution.cpp.o[0m
[100%] [32m[1mLinking CXX executable solution[0m
[100%] Built target solution
-- Install configuration: ""
-- Installing: /home/krish/projects/software-start-here/install/challenge/lib/challenge/solution
-- Set non-toolchain portion of runtime path of "/home/krish/projects/software-start-here/install/challenge/lib/challenge/solution" to ""
-- Installing: /home/krish/projects/software-start-here/install/challenge/share/ament_index/resource_index/package_run_dependencies/challenge
-- Installing: /home/krish/projects/software-start-here/install/challenge/share/ament_index/resource_index/parent_prefix_path/challenge
-- Installing: /home/krish/projects/software-start-here/install/challenge/share/challenge/environment/ament_prefix_path.sh
-- Installing: /home/krish/projects/software-start-here/install/challenge/share/challenge/environment/ament_prefix_path.dsv
-- Installing: /home/krish/projects/software-start-here/install/challenge/share/challenge/environment/path.sh
-- Installing: /home/krish/projects/software-start-here/install/challenge/share/challenge/environment/path.dsv
-- Installing: /home/krish/projects/software-start-here/install/challenge/share/challenge/local_setup.bash
-- Installing: /home/krish/projects/software-start-here/install/challenge/share/challenge/local_setup.sh
-- Installing: /home/krish/projects/software-start-here/install/challenge/share/challenge/local_setup.zsh
-- Installing: /home/krish/projects/software-start-here/install/challenge/share/challenge/local_setup.dsv
-- Installing: /home/krish/projects/software-start-here/install/challenge/share/challenge/package.dsv
-- Installing: /home/krish/projects/software-start-here/install/challenge/share/ament_index/resource_index/packages/challenge
-- Installing: /home/krish/projects/software-start-here/install/challenge/share/challenge/cmake/challengeConfig.cmake
-- Installing: /home/krish/projects/software-start-here/install/challenge/share/challenge/cmake/challengeConfig-version.cmake
-- Installing: /home/krish/projects/software-start-here/install/challenge/share/challenge/package.xml
