[0.022s] Invoking command in '/home/krish/projects/software-start-here/build/challenge': CMAKE_PREFIX_PATH=/opt/ros/foxy /usr/bin/cmake --build /home/krish/projects/software-start-here/build/challenge -- -j8 -l8
[0.038s] -- Found ament_cmake: 0.9.12 (/opt/ros/foxy/share/ament_cmake/cmake)
[0.039s] [33mCMake Warning (dev) at /opt/ros/foxy/share/ament_cmake_core/cmake/core/python.cmake:22 (find_package):
[0.039s]   Policy CMP0148 is not set: The FindPythonInterp and FindPythonLibs modules
[0.039s]   are removed.  Run "cmake --help-policy CMP0148" for policy details.  Use
[0.039s]   the cmake_policy command to set the policy and suppress this warning.
[0.039s] 
[0.039s] Call Stack (most recent call first):
[0.039s]   /opt/ros/foxy/share/ament_cmake_core/cmake/core/all.cmake:53 (include)
[0.039s]   /opt/ros/foxy/share/ament_cmake_core/cmake/ament_cmake_core-extras.cmake:17 (include)
[0.039s]   /opt/ros/foxy/share/ament_cmake_core/cmake/ament_cmake_coreConfig.cmake:41 (include)
[0.039s]   /opt/ros/foxy/share/ament_cmake/cmake/ament_cmake_export_dependencies-extras.cmake:15 (find_package)
[0.039s]   /opt/ros/foxy/share/ament_cmake/cmake/ament_cmakeConfig.cmake:41 (include)
[0.039s]   CMakeLists.txt:10 (find_package)
[0.039s] This warning is for project developers.  Use -Wno-dev to suppress it.
[0.040s] [0m
[0.053s] -- Using PYTHON_EXECUTABLE: /usr/bin/python3
[0.172s] -- Found rclcpp: 2.4.3 (/opt/ros/foxy/share/rclcpp/cmake)
[0.287s] -- Using all available rosidl_typesupport_c: rosidl_typesupport_fastrtps_c;rosidl_typesupport_introspection_c
[0.292s] -- Found rosidl_adapter: 1.3.1 (/opt/ros/foxy/share/rosidl_adapter/cmake)
[0.937s] -- Found OpenSSL: /usr/lib/x86_64-linux-gnu/libcrypto.so (found version "1.1.1f")
[1.674s] -- Found FastRTPS: /opt/ros/foxy/include
[2.969s] -- Using all available rosidl_typesupport_cpp: rosidl_typesupport_fastrtps_cpp;rosidl_typesupport_introspection_cpp
[3.004s] -- Found rmw_implementation_cmake: 1.0.4 (/opt/ros/foxy/share/rmw_implementation_cmake/cmake)
[3.005s] -- Using RMW implementation 'rmw_fastrtps_cpp' as default
[3.005s] -- Performing Test CMAKE_HAVE_LIBC_PTHREAD
[3.160s] -- Performing Test CMAKE_HAVE_LIBC_PTHREAD - Failed
[3.160s] -- Looking for pthread_create in pthreads
[3.238s] -- Looking for pthread_create in pthreads - not found
[3.238s] -- Looking for pthread_create in pthread
[3.329s] -- Looking for pthread_create in pthread - found
[3.330s] -- Found Threads: TRUE
[3.426s] -- Found geometry_msgs: 2.0.5 (/opt/ros/foxy/share/geometry_msgs/cmake)
[3.500s] -- Configuring done (3.5s)
[3.510s] -- Generating done (0.0s)
[3.511s] -- Build files have been written to: /home/krish/projects/software-start-here/build/challenge
[3.524s] [ 50%] [32mBuilding CXX object CMakeFiles/solution.dir/src/solution.cpp.o[0m
[5.697s] [100%] [32m[1mLinking CXX executable solution[0m
[5.855s] [100%] Built target solution
[5.862s] Invoked command in '/home/krish/projects/software-start-here/build/challenge' returned '0': CMAKE_PREFIX_PATH=/opt/ros/foxy /usr/bin/cmake --build /home/krish/projects/software-start-here/build/challenge -- -j8 -l8
[5.879s] Invoking command in '/home/krish/projects/software-start-here/build/challenge': CMAKE_PREFIX_PATH=/opt/ros/foxy /usr/bin/cmake --install /home/krish/projects/software-start-here/build/challenge
[5.881s] -- Install configuration: ""
[5.882s] -- Installing: /home/krish/projects/software-start-here/install/challenge/lib/challenge/solution
[5.882s] -- Set non-toolchain portion of runtime path of "/home/krish/projects/software-start-here/install/challenge/lib/challenge/solution" to ""
[5.882s] -- Installing: /home/krish/projects/software-start-here/install/challenge/share/ament_index/resource_index/package_run_dependencies/challenge
[5.883s] -- Installing: /home/krish/projects/software-start-here/install/challenge/share/ament_index/resource_index/parent_prefix_path/challenge
[5.883s] -- Installing: /home/krish/projects/software-start-here/install/challenge/share/challenge/environment/ament_prefix_path.sh
[5.884s] -- Installing: /home/krish/projects/software-start-here/install/challenge/share/challenge/environment/ament_prefix_path.dsv
[5.884s] -- Installing: /home/krish/projects/software-start-here/install/challenge/share/challenge/environment/path.sh
[5.884s] -- Installing: /home/krish/projects/software-start-here/install/challenge/share/challenge/environment/path.dsv
[5.884s] -- Installing: /home/krish/projects/software-start-here/install/challenge/share/challenge/local_setup.bash
[5.884s] -- Installing: /home/krish/projects/software-start-here/install/challenge/share/challenge/local_setup.sh
[5.884s] -- Installing: /home/krish/projects/software-start-here/install/challenge/share/challenge/local_setup.zsh
[5.884s] -- Installing: /home/krish/projects/software-start-here/install/challenge/share/challenge/local_setup.dsv
[5.884s] -- Installing: /home/krish/projects/software-start-here/install/challenge/share/challenge/package.dsv
[5.884s] -- Installing: /home/krish/projects/software-start-here/install/challenge/share/ament_index/resource_index/packages/challenge
[5.885s] -- Installing: /home/krish/projects/software-start-here/install/challenge/share/challenge/cmake/challengeConfig.cmake
[5.885s] -- Installing: /home/krish/projects/software-start-here/install/challenge/share/challenge/cmake/challengeConfig-version.cmake
[5.885s] -- Installing: /home/krish/projects/software-start-here/install/challenge/share/challenge/package.xml
[5.887s] Invoked command in '/home/krish/projects/software-start-here/build/challenge' returned '0': CMAKE_PREFIX_PATH=/opt/ros/foxy /usr/bin/cmake --install /home/krish/projects/software-start-here/build/challenge
