[ 50%] [32mBuilding CXX object CMakeFiles/solution.dir/src/solution.cpp.o[0m
[100%] [32m[1mLinking CXX executable solution[0m
[100%] Built target solution
-- Install configuration: ""
-- Installing: /home/joel/Documents/code/software-start-here/install/challenge/lib/challenge/solution
-- Set runtime path of "/home/joel/Documents/code/software-start-here/install/challenge/lib/challenge/solution" to ""
-- Up-to-date: /home/joel/Documents/code/software-start-here/install/challenge/share/ament_index/resource_index/package_run_dependencies/challenge
-- Up-to-date: /home/joel/Documents/code/software-start-here/install/challenge/share/ament_index/resource_index/parent_prefix_path/challenge
-- Up-to-date: /home/joel/Documents/code/software-start-here/install/challenge/share/challenge/environment/ament_prefix_path.sh
-- Up-to-date: /home/joel/Documents/code/software-start-here/install/challenge/share/challenge/environment/ament_prefix_path.dsv
-- Up-to-date: /home/joel/Documents/code/software-start-here/install/challenge/share/challenge/environment/path.sh
-- Up-to-date: /home/joel/Documents/code/software-start-here/install/challenge/share/challenge/environment/path.dsv
-- Up-to-date: /home/joel/Documents/code/software-start-here/install/challenge/share/challenge/local_setup.bash
-- Up-to-date: /home/joel/Documents/code/software-start-here/install/challenge/share/challenge/local_setup.sh
-- Up-to-date: /home/joel/Documents/code/software-start-here/install/challenge/share/challenge/local_setup.zsh
-- Up-to-date: /home/joel/Documents/code/software-start-here/install/challenge/share/challenge/local_setup.dsv
-- Installing: /home/joel/Documents/code/software-start-here/install/challenge/share/challenge/package.dsv
-- Up-to-date: /home/joel/Documents/code/software-start-here/install/challenge/share/ament_index/resource_index/packages/challenge
-- Up-to-date: /home/joel/Documents/code/software-start-here/install/challenge/share/challenge/cmake/challengeConfig.cmake
-- Up-to-date: /home/joel/Documents/code/software-start-here/install/challenge/share/challenge/cmake/challengeConfig-version.cmake
-- Up-to-date: /home/joel/Documents/code/software-start-here/install/challenge/share/challenge/package.xml
