[0.022s] Invoking command in '/home/navrajb/software/software-start-here/build/challenge': CMAKE_PREFIX_PATH=/opt/ros/foxy /usr/bin/cmake --build /home/navrajb/software/software-start-here/build/challenge -- -j8 -l8
[0.071s] [35m[1mScanning dependencies of target solution[0m
[0.107s] [ 50%] [32mBuilding CXX object CMakeFiles/solution.dir/src/solution.cpp.o[0m
[1.412s] [01m[K/home/navrajb/software/software-start-here/src/challenge/src/solution.cpp:[m[K In member function ‘[01m[Kvoid MinimalPublisher::timer_callback()[m[K’:
[1.412s] [01m[K/home/navrajb/software/software-start-here/src/challenge/src/solution.cpp:34:9:[m[K [01;35m[Kwarning: [m[Kunused variable ‘[01m[Ktime_passed[m[K’ [[01;35m[K-Wunused-variable[m[K]
[1.412s]    34 |     int [01;35m[Ktime_passed[m[K = time(0)/1000;
[1.412s]       |         [01;35m[K^~~~~~~~~~~[m[K
[3.087s] [100%] [32m[1mLinking CXX executable solution[0m
[3.286s] [100%] Built target solution
[3.300s] Invoked command in '/home/navrajb/software/software-start-here/build/challenge' returned '0': CMAKE_PREFIX_PATH=/opt/ros/foxy /usr/bin/cmake --build /home/navrajb/software/software-start-here/build/challenge -- -j8 -l8
[3.349s] Invoking command in '/home/navrajb/software/software-start-here/build/challenge': CMAKE_PREFIX_PATH=/opt/ros/foxy /usr/bin/cmake --install /home/navrajb/software/software-start-here/build/challenge
[3.359s] -- Install configuration: ""
[3.360s] -- Installing: /home/navrajb/software/software-start-here/install/challenge/lib/challenge/solution
[3.361s] -- Set runtime path of "/home/navrajb/software/software-start-here/install/challenge/lib/challenge/solution" to ""
[3.361s] -- Up-to-date: /home/navrajb/software/software-start-here/install/challenge/share/ament_index/resource_index/package_run_dependencies/challenge
[3.362s] -- Up-to-date: /home/navrajb/software/software-start-here/install/challenge/share/ament_index/resource_index/parent_prefix_path/challenge
[3.362s] -- Up-to-date: /home/navrajb/software/software-start-here/install/challenge/share/challenge/environment/ament_prefix_path.sh
[3.362s] -- Up-to-date: /home/navrajb/software/software-start-here/install/challenge/share/challenge/environment/ament_prefix_path.dsv
[3.362s] -- Up-to-date: /home/navrajb/software/software-start-here/install/challenge/share/challenge/environment/path.sh
[3.362s] -- Up-to-date: /home/navrajb/software/software-start-here/install/challenge/share/challenge/environment/path.dsv
[3.362s] -- Up-to-date: /home/navrajb/software/software-start-here/install/challenge/share/challenge/local_setup.bash
[3.362s] -- Up-to-date: /home/navrajb/software/software-start-here/install/challenge/share/challenge/local_setup.sh
[3.363s] -- Up-to-date: /home/navrajb/software/software-start-here/install/challenge/share/challenge/local_setup.zsh
[3.363s] -- Up-to-date: /home/navrajb/software/software-start-here/install/challenge/share/challenge/local_setup.dsv
[3.363s] -- Installing: /home/navrajb/software/software-start-here/install/challenge/share/challenge/package.dsv
[3.363s] -- Up-to-date: /home/navrajb/software/software-start-here/install/challenge/share/ament_index/resource_index/packages/challenge
[3.363s] -- Up-to-date: /home/navrajb/software/software-start-here/install/challenge/share/challenge/cmake/challengeConfig.cmake
[3.363s] -- Up-to-date: /home/navrajb/software/software-start-here/install/challenge/share/challenge/cmake/challengeConfig-version.cmake
[3.363s] -- Up-to-date: /home/navrajb/software/software-start-here/install/challenge/share/challenge/package.xml
[3.365s] Invoked command in '/home/navrajb/software/software-start-here/build/challenge' returned '0': CMAKE_PREFIX_PATH=/opt/ros/foxy /usr/bin/cmake --install /home/navrajb/software/software-start-here/build/challenge
