[0.360s] DEBUG:colcon:Command line arguments: ['/usr/bin/colcon', 'build', '--packages-select', 'challenge']
[0.360s] DEBUG:colcon:Parsed command line arguments: Namespace(allow_overriding=[], ament_cmake_args=None, base_paths=['.'], build_base='build', catkin_cmake_args=None, catkin_skip_building_tests=False, cmake_args=None, cmake_clean_cache=False, cmake_clean_first=False, cmake_force_configure=False, cmake_target=None, cmake_target_skip_unavailable=False, continue_on_error=False, event_handlers=None, executor='parallel', ignore_user_meta=False, install_base='install', log_base=None, log_level=None, main=<bound method BuildVerb.main of <colcon_core.verb.build.BuildVerb object at 0x71e04271a250>>, merge_install=False, metas=['./colcon.meta'], mixin=None, mixin_files=None, mixin_verb=('build',), packages_above=None, packages_above_and_dependencies=None, packages_above_depth=None, packages_end=None, packages_ignore=None, packages_ignore_regex=None, packages_select=['challenge'], packages_select_build_failed=False, packages_select_by_dep=None, packages_select_regex=None, packages_select_test_failures=False, packages_skip=None, packages_skip_build_finished=False, packages_skip_by_dep=None, packages_skip_regex=None, packages_skip_test_passed=False, packages_skip_up_to=None, packages_start=None, packages_up_to=None, packages_up_to_regex=None, parallel_workers=8, paths=None, symlink_install=False, test_result_base=None, verb_extension=<colcon_core.verb.build.BuildVerb object at 0x71e04271a250>, verb_name='build', verb_parser=<colcon_mixin.mixin.mixin_argument.MixinArgumentDecorator object at 0x71e042671820>)
[0.510s] Level 1:colcon.colcon_core.package_discovery:discover_packages(colcon_meta) check parameters
[0.510s] Level 1:colcon.colcon_core.package_discovery:discover_packages(recursive) check parameters
[0.510s] Level 1:colcon.colcon_core.package_discovery:discover_packages(ignore) check parameters
[0.510s] Level 1:colcon.colcon_core.package_discovery:discover_packages(path) check parameters
[0.510s] Level 1:colcon.colcon_core.package_discovery:discover_packages(colcon_meta) discover
[0.510s] Level 1:colcon.colcon_core.package_discovery:discover_packages(recursive) discover
[0.510s] INFO:colcon.colcon_core.package_discovery:Crawling recursively for packages in '/home/krish/repos/software-start-here'
[0.510s] Level 1:colcon.colcon_core.package_identification:_identify(.) by extensions ['ignore', 'ignore_ament_install']
[0.510s] Level 1:colcon.colcon_core.package_identification:_identify(.) by extension 'ignore'
[0.510s] Level 1:colcon.colcon_core.package_identification:_identify(.) by extension 'ignore_ament_install'
[0.510s] Level 1:colcon.colcon_core.package_identification:_identify(.) by extensions ['colcon_pkg']
[0.510s] Level 1:colcon.colcon_core.package_identification:_identify(.) by extension 'colcon_pkg'
[0.510s] Level 1:colcon.colcon_core.package_identification:_identify(.) by extensions ['colcon_meta']
[0.510s] Level 1:colcon.colcon_core.package_identification:_identify(.) by extension 'colcon_meta'
[0.510s] Level 1:colcon.colcon_core.package_identification:_identify(.) by extensions ['ros']
[0.510s] Level 1:colcon.colcon_core.package_identification:_identify(.) by extension 'ros'
[0.522s] Level 1:colcon.colcon_core.package_identification:_identify(.) by extensions ['cmake', 'python']
[0.522s] Level 1:colcon.colcon_core.package_identification:_identify(.) by extension 'cmake'
[0.522s] Level 1:colcon.colcon_core.package_identification:_identify(.) by extension 'python'
[0.522s] Level 1:colcon.colcon_core.package_identification:_identify(.) by extensions ['python_setup_py']
[0.522s] Level 1:colcon.colcon_core.package_identification:_identify(.) by extension 'python_setup_py'
[0.522s] Level 1:colcon.colcon_core.package_identification:_identify(build) by extensions ['ignore', 'ignore_ament_install']
[0.522s] Level 1:colcon.colcon_core.package_identification:_identify(build) by extension 'ignore'
[0.522s] Level 1:colcon.colcon_core.package_identification:_identify(build) ignored
[0.522s] Level 1:colcon.colcon_core.package_identification:_identify(install) by extensions ['ignore', 'ignore_ament_install']
[0.522s] Level 1:colcon.colcon_core.package_identification:_identify(install) by extension 'ignore'
[0.522s] Level 1:colcon.colcon_core.package_identification:_identify(install) ignored
[0.523s] Level 1:colcon.colcon_core.package_identification:_identify(log) by extensions ['ignore', 'ignore_ament_install']
[0.523s] Level 1:colcon.colcon_core.package_identification:_identify(log) by extension 'ignore'
[0.523s] Level 1:colcon.colcon_core.package_identification:_identify(log) ignored
[0.523s] Level 1:colcon.colcon_core.package_identification:_identify(src) by extensions ['ignore', 'ignore_ament_install']
[0.523s] Level 1:colcon.colcon_core.package_identification:_identify(src) by extension 'ignore'
[0.523s] Level 1:colcon.colcon_core.package_identification:_identify(src) by extension 'ignore_ament_install'
[0.523s] Level 1:colcon.colcon_core.package_identification:_identify(src) by extensions ['colcon_pkg']
[0.523s] Level 1:colcon.colcon_core.package_identification:_identify(src) by extension 'colcon_pkg'
[0.523s] Level 1:colcon.colcon_core.package_identification:_identify(src) by extensions ['colcon_meta']
[0.523s] Level 1:colcon.colcon_core.package_identification:_identify(src) by extension 'colcon_meta'
[0.523s] Level 1:colcon.colcon_core.package_identification:_identify(src) by extensions ['ros']
[0.523s] Level 1:colcon.colcon_core.package_identification:_identify(src) by extension 'ros'
[0.523s] Level 1:colcon.colcon_core.package_identification:_identify(src) by extensions ['cmake', 'python']
[0.523s] Level 1:colcon.colcon_core.package_identification:_identify(src) by extension 'cmake'
[0.523s] Level 1:colcon.colcon_core.package_identification:_identify(src) by extension 'python'
[0.523s] Level 1:colcon.colcon_core.package_identification:_identify(src) by extensions ['python_setup_py']
[0.523s] Level 1:colcon.colcon_core.package_identification:_identify(src) by extension 'python_setup_py'
[0.523s] Level 1:colcon.colcon_core.package_identification:_identify(src/build) by extensions ['ignore', 'ignore_ament_install']
[0.523s] Level 1:colcon.colcon_core.package_identification:_identify(src/build) by extension 'ignore'
[0.523s] Level 1:colcon.colcon_core.package_identification:_identify(src/build) ignored
[0.523s] Level 1:colcon.colcon_core.package_identification:_identify(src/challenge) by extensions ['ignore', 'ignore_ament_install']
[0.523s] Level 1:colcon.colcon_core.package_identification:_identify(src/challenge) by extension 'ignore'
[0.524s] Level 1:colcon.colcon_core.package_identification:_identify(src/challenge) by extension 'ignore_ament_install'
[0.524s] Level 1:colcon.colcon_core.package_identification:_identify(src/challenge) by extensions ['colcon_pkg']
[0.524s] Level 1:colcon.colcon_core.package_identification:_identify(src/challenge) by extension 'colcon_pkg'
[0.524s] Level 1:colcon.colcon_core.package_identification:_identify(src/challenge) by extensions ['colcon_meta']
[0.524s] Level 1:colcon.colcon_core.package_identification:_identify(src/challenge) by extension 'colcon_meta'
[0.524s] Level 1:colcon.colcon_core.package_identification:_identify(src/challenge) by extensions ['ros']
[0.524s] Level 1:colcon.colcon_core.package_identification:_identify(src/challenge) by extension 'ros'
[0.526s] DEBUG:colcon.colcon_core.package_identification:Package 'src/challenge' with type 'ros.ament_cmake' and name 'challenge'
[0.526s] Level 1:colcon.colcon_core.package_identification:_identify(src/install) by extensions ['ignore', 'ignore_ament_install']
[0.526s] Level 1:colcon.colcon_core.package_identification:_identify(src/install) by extension 'ignore'
[0.526s] Level 1:colcon.colcon_core.package_identification:_identify(src/install) ignored
[0.527s] Level 1:colcon.colcon_core.package_identification:_identify(src/log) by extensions ['ignore', 'ignore_ament_install']
[0.527s] Level 1:colcon.colcon_core.package_identification:_identify(src/log) by extension 'ignore'
[0.527s] Level 1:colcon.colcon_core.package_identification:_identify(src/log) ignored
[0.527s] Level 1:colcon.colcon_core.package_discovery:discover_packages(recursive) using defaults
[0.527s] Level 1:colcon.colcon_core.package_discovery:discover_packages(ignore) discover
[0.527s] Level 1:colcon.colcon_core.package_discovery:discover_packages(ignore) using defaults
[0.527s] Level 1:colcon.colcon_core.package_discovery:discover_packages(path) discover
[0.527s] Level 1:colcon.colcon_core.package_discovery:discover_packages(path) using defaults
[0.544s] Level 1:colcon.colcon_core.package_discovery:discover_packages(prefix_path) check parameters
[0.544s] Level 1:colcon.colcon_core.package_discovery:discover_packages(prefix_path) discover
[0.547s] DEBUG:colcon.colcon_installed_package_information.package_discovery:Found 9 installed packages in /home/krish/ws/install
[0.548s] DEBUG:colcon.colcon_installed_package_information.package_discovery:Found 12 installed packages in /home/krish/repos/steelhead/install
[0.549s] DEBUG:colcon.colcon_installed_package_information.package_discovery:Found 16 installed packages in /home/krish/ros2_ws/src/install
[0.550s] DEBUG:colcon.colcon_installed_package_information.package_discovery:Found 263 installed packages in /opt/ros/foxy
[0.561s] Level 1:colcon.colcon_core.package_discovery:discover_packages(prefix_path) using defaults
[0.621s] Level 5:colcon.colcon_core.verb:set package 'challenge' build argument 'cmake_args' from command line to 'None'
[0.621s] Level 5:colcon.colcon_core.verb:set package 'challenge' build argument 'cmake_target' from command line to 'None'
[0.621s] Level 5:colcon.colcon_core.verb:set package 'challenge' build argument 'cmake_target_skip_unavailable' from command line to 'False'
[0.621s] Level 5:colcon.colcon_core.verb:set package 'challenge' build argument 'cmake_clean_cache' from command line to 'False'
[0.621s] Level 5:colcon.colcon_core.verb:set package 'challenge' build argument 'cmake_clean_first' from command line to 'False'
[0.621s] Level 5:colcon.colcon_core.verb:set package 'challenge' build argument 'cmake_force_configure' from command line to 'False'
[0.621s] Level 5:colcon.colcon_core.verb:set package 'challenge' build argument 'ament_cmake_args' from command line to 'None'
[0.621s] Level 5:colcon.colcon_core.verb:set package 'challenge' build argument 'catkin_cmake_args' from command line to 'None'
[0.621s] Level 5:colcon.colcon_core.verb:set package 'challenge' build argument 'catkin_skip_building_tests' from command line to 'False'
[0.621s] DEBUG:colcon.colcon_core.verb:Building package 'challenge' with the following arguments: {'ament_cmake_args': None, 'build_base': '/home/krish/repos/software-start-here/build/challenge', 'catkin_cmake_args': None, 'catkin_skip_building_tests': False, 'cmake_args': None, 'cmake_clean_cache': False, 'cmake_clean_first': False, 'cmake_force_configure': False, 'cmake_target': None, 'cmake_target_skip_unavailable': False, 'install_base': '/home/krish/repos/software-start-here/install/challenge', 'merge_install': False, 'path': '/home/krish/repos/software-start-here/src/challenge', 'symlink_install': False, 'test_result_base': None}
[0.622s] INFO:colcon.colcon_core.executor:Executing jobs using 'parallel' executor
[0.623s] DEBUG:colcon.colcon_parallel_executor.executor.parallel:run_until_complete
[0.623s] INFO:colcon.colcon_ros.task.ament_cmake.build:Building ROS package in '/home/krish/repos/software-start-here/src/challenge' with build type 'ament_cmake'
[0.623s] INFO:colcon.colcon_cmake.task.cmake.build:Building CMake package in '/home/krish/repos/software-start-here/src/challenge'
[0.627s] INFO:colcon.colcon_core.plugin_system:Skipping extension 'colcon_core.shell.bat': Not used on non-Windows systems
[0.627s] INFO:colcon.colcon_core.shell:Skip shell extension 'powershell' for command environment: Not usable outside of PowerShell
[0.627s] DEBUG:colcon.colcon_core.shell:Skip shell extension 'dsv' for command environment
[0.652s] DEBUG:colcon.colcon_core.event_handler.log_command:Invoking command in '/home/krish/repos/software-start-here/build/challenge': CMAKE_PREFIX_PATH=${CMAKE_PREFIX_PATH}:/home/krish/repos/steelhead/install/triton_teleop:/home/krish/repos/steelhead/install/triton_pipeline:/home/krish/repos/steelhead/install/triton_bringup:/home/krish/ws/install/opencv_tests:/home/krish/ros2_ws/src/install/examples_rclpy_minimal_subscriber:/home/krish/ros2_ws/src/install/examples_rclpy_minimal_service:/home/krish/ros2_ws/src/install/examples_rclpy_minimal_publisher:/home/krish/ros2_ws/src/install/examples_rclpy_minimal_client:/home/krish/ros2_ws/src/install/examples_rclpy_minimal_action_server:/home/krish/ros2_ws/src/install/examples_rclpy_minimal_action_client:/home/krish/ros2_ws/src/install/examples_rclpy_executors:/opt/ros/foxy /usr/bin/cmake /home/krish/repos/software-start-here/src/challenge -DCMAKE_INSTALL_PREFIX=/home/krish/repos/software-start-here/install/challenge
[8.875s] DEBUG:colcon.colcon_core.event_handler.log_command:Invoked command in '/home/krish/repos/software-start-here/build/challenge' returned '0': CMAKE_PREFIX_PATH=${CMAKE_PREFIX_PATH}:/home/krish/repos/steelhead/install/triton_teleop:/home/krish/repos/steelhead/install/triton_pipeline:/home/krish/repos/steelhead/install/triton_bringup:/home/krish/ws/install/opencv_tests:/home/krish/ros2_ws/src/install/examples_rclpy_minimal_subscriber:/home/krish/ros2_ws/src/install/examples_rclpy_minimal_service:/home/krish/ros2_ws/src/install/examples_rclpy_minimal_publisher:/home/krish/ros2_ws/src/install/examples_rclpy_minimal_client:/home/krish/ros2_ws/src/install/examples_rclpy_minimal_action_server:/home/krish/ros2_ws/src/install/examples_rclpy_minimal_action_client:/home/krish/ros2_ws/src/install/examples_rclpy_executors:/opt/ros/foxy /usr/bin/cmake /home/krish/repos/software-start-here/src/challenge -DCMAKE_INSTALL_PREFIX=/home/krish/repos/software-start-here/install/challenge
[8.880s] DEBUG:colcon.colcon_core.event_handler.log_command:Invoking command in '/home/krish/repos/software-start-here/build/challenge': CMAKE_PREFIX_PATH=${CMAKE_PREFIX_PATH}:/home/krish/repos/steelhead/install/triton_teleop:/home/krish/repos/steelhead/install/triton_pipeline:/home/krish/repos/steelhead/install/triton_bringup:/home/krish/ws/install/opencv_tests:/home/krish/ros2_ws/src/install/examples_rclpy_minimal_subscriber:/home/krish/ros2_ws/src/install/examples_rclpy_minimal_service:/home/krish/ros2_ws/src/install/examples_rclpy_minimal_publisher:/home/krish/ros2_ws/src/install/examples_rclpy_minimal_client:/home/krish/ros2_ws/src/install/examples_rclpy_minimal_action_server:/home/krish/ros2_ws/src/install/examples_rclpy_minimal_action_client:/home/krish/ros2_ws/src/install/examples_rclpy_executors:/opt/ros/foxy /usr/bin/cmake --build /home/krish/repos/software-start-here/build/challenge -- -j8 -l8
[13.715s] DEBUG:colcon.colcon_core.event_handler.log_command:Invoked command in '/home/krish/repos/software-start-here/build/challenge' returned '0': CMAKE_PREFIX_PATH=${CMAKE_PREFIX_PATH}:/home/krish/repos/steelhead/install/triton_teleop:/home/krish/repos/steelhead/install/triton_pipeline:/home/krish/repos/steelhead/install/triton_bringup:/home/krish/ws/install/opencv_tests:/home/krish/ros2_ws/src/install/examples_rclpy_minimal_subscriber:/home/krish/ros2_ws/src/install/examples_rclpy_minimal_service:/home/krish/ros2_ws/src/install/examples_rclpy_minimal_publisher:/home/krish/ros2_ws/src/install/examples_rclpy_minimal_client:/home/krish/ros2_ws/src/install/examples_rclpy_minimal_action_server:/home/krish/ros2_ws/src/install/examples_rclpy_minimal_action_client:/home/krish/ros2_ws/src/install/examples_rclpy_executors:/opt/ros/foxy /usr/bin/cmake --build /home/krish/repos/software-start-here/build/challenge -- -j8 -l8
[13.732s] DEBUG:colcon.colcon_core.event_handler.log_command:Invoking command in '/home/krish/repos/software-start-here/build/challenge': CMAKE_PREFIX_PATH=${CMAKE_PREFIX_PATH}:/home/krish/repos/steelhead/install/triton_teleop:/home/krish/repos/steelhead/install/triton_pipeline:/home/krish/repos/steelhead/install/triton_bringup:/home/krish/ws/install/opencv_tests:/home/krish/ros2_ws/src/install/examples_rclpy_minimal_subscriber:/home/krish/ros2_ws/src/install/examples_rclpy_minimal_service:/home/krish/ros2_ws/src/install/examples_rclpy_minimal_publisher:/home/krish/ros2_ws/src/install/examples_rclpy_minimal_client:/home/krish/ros2_ws/src/install/examples_rclpy_minimal_action_server:/home/krish/ros2_ws/src/install/examples_rclpy_minimal_action_client:/home/krish/ros2_ws/src/install/examples_rclpy_executors:/opt/ros/foxy /usr/bin/cmake --install /home/krish/repos/software-start-here/build/challenge
[13.752s] Level 1:colcon.colcon_core.environment:create_environment_scripts_only(challenge)
[13.753s] DEBUG:colcon.colcon_core.event_handler.log_command:Invoked command in '/home/krish/repos/software-start-here/build/challenge' returned '0': CMAKE_PREFIX_PATH=${CMAKE_PREFIX_PATH}:/home/krish/repos/steelhead/install/triton_teleop:/home/krish/repos/steelhead/install/triton_pipeline:/home/krish/repos/steelhead/install/triton_bringup:/home/krish/ws/install/opencv_tests:/home/krish/ros2_ws/src/install/examples_rclpy_minimal_subscriber:/home/krish/ros2_ws/src/install/examples_rclpy_minimal_service:/home/krish/ros2_ws/src/install/examples_rclpy_minimal_publisher:/home/krish/ros2_ws/src/install/examples_rclpy_minimal_client:/home/krish/ros2_ws/src/install/examples_rclpy_minimal_action_server:/home/krish/ros2_ws/src/install/examples_rclpy_minimal_action_client:/home/krish/ros2_ws/src/install/examples_rclpy_executors:/opt/ros/foxy /usr/bin/cmake --install /home/krish/repos/software-start-here/build/challenge
[13.756s] Level 1:colcon.colcon_core.environment:checking '/home/krish/repos/software-start-here/install/challenge' for CMake module files
[13.756s] Level 1:colcon.colcon_core.environment:checking '/home/krish/repos/software-start-here/install/challenge' for CMake config files
[13.756s] Level 1:colcon.colcon_core.shell:create_environment_hook('challenge', 'cmake_prefix_path')
[13.757s] INFO:colcon.colcon_core.shell:Creating environment hook '/home/krish/repos/software-start-here/install/challenge/share/challenge/hook/cmake_prefix_path.ps1'
[13.757s] INFO:colcon.colcon_core.shell:Creating environment descriptor '/home/krish/repos/software-start-here/install/challenge/share/challenge/hook/cmake_prefix_path.dsv'
[13.758s] INFO:colcon.colcon_core.shell:Creating environment hook '/home/krish/repos/software-start-here/install/challenge/share/challenge/hook/cmake_prefix_path.sh'
[13.759s] Level 1:colcon.colcon_core.environment:checking '/home/krish/repos/software-start-here/install/challenge/lib'
[13.759s] Level 1:colcon.colcon_core.environment:checking '/home/krish/repos/software-start-here/install/challenge/bin'
[13.759s] Level 1:colcon.colcon_core.environment:checking '/home/krish/repos/software-start-here/install/challenge/lib/pkgconfig/challenge.pc'
[13.759s] Level 1:colcon.colcon_core.environment:checking '/home/krish/repos/software-start-here/install/challenge/lib/python3.8/site-packages'
[13.759s] Level 1:colcon.colcon_core.environment:checking '/home/krish/repos/software-start-here/install/challenge/bin'
[13.760s] INFO:colcon.colcon_core.shell:Creating package script '/home/krish/repos/software-start-here/install/challenge/share/challenge/package.ps1'
[13.760s] INFO:colcon.colcon_core.shell:Creating package descriptor '/home/krish/repos/software-start-here/install/challenge/share/challenge/package.dsv'
[13.761s] INFO:colcon.colcon_core.shell:Creating package script '/home/krish/repos/software-start-here/install/challenge/share/challenge/package.sh'
[13.761s] INFO:colcon.colcon_core.shell:Creating package script '/home/krish/repos/software-start-here/install/challenge/share/challenge/package.bash'
[13.762s] INFO:colcon.colcon_core.shell:Creating package script '/home/krish/repos/software-start-here/install/challenge/share/challenge/package.zsh'
[13.762s] Level 1:colcon.colcon_core.environment:create_file_with_runtime_dependencies(/home/krish/repos/software-start-here/install/challenge/share/colcon-core/packages/challenge)
[13.763s] Level 1:colcon.colcon_core.environment:create_environment_scripts_only(challenge)
[13.764s] Level 1:colcon.colcon_core.environment:checking '/home/krish/repos/software-start-here/install/challenge' for CMake module files
[13.764s] Level 1:colcon.colcon_core.environment:checking '/home/krish/repos/software-start-here/install/challenge' for CMake config files
[13.764s] Level 1:colcon.colcon_core.shell:create_environment_hook('challenge', 'cmake_prefix_path')
[13.764s] INFO:colcon.colcon_core.shell:Creating environment hook '/home/krish/repos/software-start-here/install/challenge/share/challenge/hook/cmake_prefix_path.ps1'
[13.765s] INFO:colcon.colcon_core.shell:Creating environment descriptor '/home/krish/repos/software-start-here/install/challenge/share/challenge/hook/cmake_prefix_path.dsv'
[13.765s] INFO:colcon.colcon_core.shell:Creating environment hook '/home/krish/repos/software-start-here/install/challenge/share/challenge/hook/cmake_prefix_path.sh'
[13.766s] Level 1:colcon.colcon_core.environment:checking '/home/krish/repos/software-start-here/install/challenge/lib'
[13.766s] Level 1:colcon.colcon_core.environment:checking '/home/krish/repos/software-start-here/install/challenge/bin'
[13.766s] Level 1:colcon.colcon_core.environment:checking '/home/krish/repos/software-start-here/install/challenge/lib/pkgconfig/challenge.pc'
[13.766s] Level 1:colcon.colcon_core.environment:checking '/home/krish/repos/software-start-here/install/challenge/lib/python3.8/site-packages'
[13.766s] Level 1:colcon.colcon_core.environment:checking '/home/krish/repos/software-start-here/install/challenge/bin'
[13.766s] INFO:colcon.colcon_core.shell:Creating package script '/home/krish/repos/software-start-here/install/challenge/share/challenge/package.ps1'
[13.767s] INFO:colcon.colcon_core.shell:Creating package descriptor '/home/krish/repos/software-start-here/install/challenge/share/challenge/package.dsv'
[13.768s] INFO:colcon.colcon_core.shell:Creating package script '/home/krish/repos/software-start-here/install/challenge/share/challenge/package.sh'
[13.768s] INFO:colcon.colcon_core.shell:Creating package script '/home/krish/repos/software-start-here/install/challenge/share/challenge/package.bash'
[13.769s] INFO:colcon.colcon_core.shell:Creating package script '/home/krish/repos/software-start-here/install/challenge/share/challenge/package.zsh'
[13.769s] Level 1:colcon.colcon_core.environment:create_file_with_runtime_dependencies(/home/krish/repos/software-start-here/install/challenge/share/colcon-core/packages/challenge)
[13.769s] DEBUG:colcon.colcon_parallel_executor.executor.parallel:closing loop
[13.770s] DEBUG:colcon.colcon_parallel_executor.executor.parallel:loop closed
[13.770s] DEBUG:colcon.colcon_parallel_executor.executor.parallel:run_until_complete finished with '0'
[13.770s] DEBUG:colcon.colcon_core.event_reactor:joining thread
[13.837s] INFO:colcon.colcon_core.plugin_system:Skipping extension 'colcon_notification.desktop_notification.notify_send': Could not find 'notify-send'
[13.837s] INFO:colcon.colcon_core.plugin_system:Skipping extension 'colcon_notification.desktop_notification.terminal_notifier': Not used on non-Darwin systems
[13.837s] INFO:colcon.colcon_core.plugin_system:Skipping extension 'colcon_notification.desktop_notification.win32': Not used on non-Windows systems
[13.837s] INFO:colcon.colcon_notification.desktop_notification:Sending desktop notification using 'notify2'
[13.839s] DEBUG:colcon.colcon_notification.desktop_notification.notify2:Failed to initialize notify2: org.freedesktop.DBus.Error.ServiceUnknown: The name org.freedesktop.Notifications was not provided by any .service files
[13.839s] DEBUG:colcon.colcon_core.event_reactor:joined thread
[13.840s] INFO:colcon.colcon_core.shell:Creating prefix script '/home/krish/repos/software-start-here/install/local_setup.ps1'
[13.841s] INFO:colcon.colcon_core.shell:Creating prefix util module '/home/krish/repos/software-start-here/install/_local_setup_util_ps1.py'
[13.842s] INFO:colcon.colcon_core.shell:Creating prefix chain script '/home/krish/repos/software-start-here/install/setup.ps1'
[13.845s] INFO:colcon.colcon_core.shell:Creating prefix script '/home/krish/repos/software-start-here/install/local_setup.sh'
[13.845s] INFO:colcon.colcon_core.shell:Creating prefix util module '/home/krish/repos/software-start-here/install/_local_setup_util_sh.py'
[13.846s] INFO:colcon.colcon_core.shell:Creating prefix chain script '/home/krish/repos/software-start-here/install/setup.sh'
[13.848s] INFO:colcon.colcon_core.shell:Creating prefix script '/home/krish/repos/software-start-here/install/local_setup.bash'
[13.848s] INFO:colcon.colcon_core.shell:Creating prefix chain script '/home/krish/repos/software-start-here/install/setup.bash'
[13.850s] INFO:colcon.colcon_core.shell:Creating prefix script '/home/krish/repos/software-start-here/install/local_setup.zsh'
[13.851s] INFO:colcon.colcon_core.shell:Creating prefix chain script '/home/krish/repos/software-start-here/install/setup.zsh'
