[0.029s] Invoking command in '/home/mark/coding/software-start-here/build/challenge': CMAKE_PREFIX_PATH=/opt/ros/foxy /usr/bin/cmake /home/mark/coding/software-start-here/src/challenge -DCMAKE_INSTALL_PREFIX=/home/mark/coding/software-start-here/install/challenge
[0.157s] -- The C compiler identification is GNU 9.4.0
[0.281s] -- The CXX compiler identification is GNU 9.4.0
[0.293s] -- Check for working C compiler: /usr/bin/cc
[0.461s] -- Check for working C compiler: /usr/bin/cc -- works
[0.464s] -- Detecting C compiler ABI info
[0.621s] -- Detecting C compiler ABI info - done
[0.653s] -- Detecting C compile features
[0.654s] -- Detecting C compile features - done
[0.660s] -- Check for working CXX compiler: /usr/bin/c++
[0.850s] -- Check for working CXX compiler: /usr/bin/c++ -- works
[0.853s] -- Detecting CXX compiler ABI info
[1.050s] -- Detecting CXX compiler ABI info - done
[1.085s] -- Detecting CXX compile features
[1.087s] -- Detecting CXX compile features - done
[1.091s] -- Found ament_cmake: 0.9.9 (/opt/ros/foxy/share/ament_cmake/cmake)
[1.152s] -- Found PythonInterp: /usr/bin/python3 (found suitable version "3.8.10", minimum required is "3") 
[1.152s] -- Using PYTHON_EXECUTABLE: /usr/bin/python3
[1.729s] -- Found rclcpp: 2.4.1 (/opt/ros/foxy/share/rclcpp/cmake)
[1.856s] -- Using all available rosidl_typesupport_c: rosidl_typesupport_fastrtps_c;rosidl_typesupport_introspection_c
[1.874s] -- Found rosidl_adapter: 1.2.1 (/opt/ros/foxy/share/rosidl_adapter/cmake)
[2.061s] -- Found OpenSSL: /usr/lib/x86_64-linux-gnu/libcrypto.so (found version "1.1.1f")  
[2.141s] -- Found FastRTPS: /opt/ros/foxy/include  
[2.363s] -- Using all available rosidl_typesupport_cpp: rosidl_typesupport_fastrtps_cpp;rosidl_typesupport_introspection_cpp
[2.537s] -- Found rmw_implementation_cmake: 1.0.3 (/opt/ros/foxy/share/rmw_implementation_cmake/cmake)
[2.541s] -- Using RMW implementation 'rmw_fastrtps_cpp' as default
[2.544s] -- Looking for pthread.h
[2.735s] -- Looking for pthread.h - found
[2.736s] -- Performing Test CMAKE_HAVE_LIBC_PTHREAD
[2.939s] -- Performing Test CMAKE_HAVE_LIBC_PTHREAD - Failed
[2.939s] -- Looking for pthread_create in pthreads
[3.095s] -- Looking for pthread_create in pthreads - not found
[3.096s] -- Looking for pthread_create in pthread
[3.284s] -- Looking for pthread_create in pthread - found
[3.287s] -- Found Threads: TRUE  
[3.741s] -- Found geometry_msgs: 2.0.5 (/opt/ros/foxy/share/geometry_msgs/cmake)
[3.982s] CMake Error at /opt/ros/foxy/share/ament_cmake_core/cmake/core/ament_package_xml.cmake:53 (message):
[3.982s]   ament_package_xml() package name 'challenge' in '/package.xml' does not
[3.982s]   match current PROJECT_NAME 'cpp_pubsub'.  You must call project() with the
[3.983s]   same package name before.
[3.983s] Call Stack (most recent call first):
[3.983s]   /opt/ros/foxy/share/ament_cmake_core/cmake/core/ament_package.cmake:63 (ament_package_xml)
[3.983s]   CMakeLists.txt:34 (ament_package)
[3.983s] 
[3.983s] 
[3.986s] -- Configuring incomplete, errors occurred!
[3.986s] See also "/home/mark/coding/software-start-here/build/challenge/CMakeFiles/CMakeOutput.log".
[3.986s] See also "/home/mark/coding/software-start-here/build/challenge/CMakeFiles/CMakeError.log".
[4.003s] Invoked command in '/home/mark/coding/software-start-here/build/challenge' returned '1': CMAKE_PREFIX_PATH=/opt/ros/foxy /usr/bin/cmake /home/mark/coding/software-start-here/src/challenge -DCMAKE_INSTALL_PREFIX=/home/mark/coding/software-start-here/install/challenge
