[0.033s] Invoking command in '/home/joel/Documents/code/software-start-here/build/challenge': CMAKE_PREFIX_PATH=${CMAKE_PREFIX_PATH}:/opt/ros/foxy /usr/bin/cmake /home/joel/Documents/code/software-start-here/src/challenge -DCMAKE_INSTALL_PREFIX=/home/joel/Documents/code/software-start-here/install/challenge
[0.145s] -- The C compiler identification is GNU 9.4.0
[0.230s] -- The CXX compiler identification is GNU 9.4.0
[0.242s] -- Check for working C compiler: /usr/bin/cc
[0.406s] -- Check for working C compiler: /usr/bin/cc -- works
[0.406s] -- Detecting C compiler ABI info
[0.512s] -- Detecting C compiler ABI info - done
[0.529s] -- Detecting C compile features
[0.530s] -- Detecting C compile features - done
[0.535s] -- Check for working CXX compiler: /usr/bin/c++
[0.649s] -- Check for working CXX compiler: /usr/bin/c++ -- works
[0.650s] -- Detecting CXX compiler ABI info
[0.784s] -- Detecting CXX compiler ABI info - done
[0.806s] -- Detecting CXX compile features
[0.807s] -- Detecting CXX compile features - done
[0.814s] -- Found ament_cmake: 0.9.12 (/opt/ros/foxy/share/ament_cmake/cmake)
[0.853s] -- Found PythonInterp: /usr/bin/python3 (found suitable version "3.8.10", minimum required is "3") 
[0.853s] -- Using PYTHON_EXECUTABLE: /usr/bin/python3
[1.161s] -- Found rclcpp: 2.4.3 (/opt/ros/foxy/share/rclcpp/cmake)
[1.236s] -- Using all available rosidl_typesupport_c: rosidl_typesupport_fastrtps_c;rosidl_typesupport_introspection_c
[1.246s] -- Found rosidl_adapter: 1.3.1 (/opt/ros/foxy/share/rosidl_adapter/cmake)
[1.375s] -- Found OpenSSL: /usr/lib/x86_64-linux-gnu/libcrypto.so (found version "1.1.1f")  
[1.422s] -- Found FastRTPS: /opt/ros/foxy/include  
[1.540s] -- Using all available rosidl_typesupport_cpp: rosidl_typesupport_fastrtps_cpp;rosidl_typesupport_introspection_cpp
[1.624s] -- Found rmw_implementation_cmake: 1.0.4 (/opt/ros/foxy/share/rmw_implementation_cmake/cmake)
[1.627s] -- Using RMW implementation 'rmw_fastrtps_cpp' as default
[1.628s] -- Looking for pthread.h
[1.739s] -- Looking for pthread.h - found
[1.739s] -- Performing Test CMAKE_HAVE_LIBC_PTHREAD
[1.849s] -- Performing Test CMAKE_HAVE_LIBC_PTHREAD - Failed
[1.849s] -- Looking for pthread_create in pthreads
[1.941s] -- Looking for pthread_create in pthreads - not found
[1.942s] -- Looking for pthread_create in pthread
[2.047s] -- Looking for pthread_create in pthread - found
[2.049s] -- Found Threads: TRUE  
[2.279s] -- Found turtlesim: 1.2.6 (/opt/ros/foxy/share/turtlesim/cmake)
[2.447s] -- Found geometry_msgs: 2.0.5 (/opt/ros/foxy/share/geometry_msgs/cmake)
[2.500s] -- Found ament_lint_auto: 0.9.8 (/opt/ros/foxy/share/ament_lint_auto/cmake)
[2.625s] -- Added test 'copyright' to check source files copyright and LICENSE
[2.625s] -- Added test 'cppcheck' to perform static code analysis on C / C++ code
[2.626s] -- Configured cppcheck include dirs: 
[2.626s] -- Configured cppcheck exclude dirs and/or files: 
[2.627s] -- Added test 'cpplint' to check C / C++ code against the Google style
[2.627s] -- Configured cpplint exclude dirs and/or files: 
[2.628s] -- Added test 'lint_cmake' to check CMake code style
[2.630s] -- Added test 'uncrustify' to check C / C++ code style
[2.630s] -- Configured uncrustify additional arguments: 
[2.631s] -- Added test 'xmllint' to check XML markup files
[2.636s] -- Configuring done
[2.651s] -- Generating done
[2.653s] -- Build files have been written to: /home/joel/Documents/code/software-start-here/build/challenge
[2.666s] Invoked command in '/home/joel/Documents/code/software-start-here/build/challenge' returned '0': CMAKE_PREFIX_PATH=${CMAKE_PREFIX_PATH}:/opt/ros/foxy /usr/bin/cmake /home/joel/Documents/code/software-start-here/src/challenge -DCMAKE_INSTALL_PREFIX=/home/joel/Documents/code/software-start-here/install/challenge
[2.671s] Invoking command in '/home/joel/Documents/code/software-start-here/build/challenge': CMAKE_PREFIX_PATH=${CMAKE_PREFIX_PATH}:/opt/ros/foxy /usr/bin/cmake --build /home/joel/Documents/code/software-start-here/build/challenge -- -j4 -l4
[2.753s] [35m[1mScanning dependencies of target solution[0m
[2.936s] [ 50%] [32mBuilding CXX object CMakeFiles/solution.dir/src/solution.cpp.o[0m
[7.817s] [100%] [32m[1mLinking CXX executable solution[0m
[8.160s] [100%] Built target solution
[8.183s] Invoked command in '/home/joel/Documents/code/software-start-here/build/challenge' returned '0': CMAKE_PREFIX_PATH=${CMAKE_PREFIX_PATH}:/opt/ros/foxy /usr/bin/cmake --build /home/joel/Documents/code/software-start-here/build/challenge -- -j4 -l4
[8.256s] Invoking command in '/home/joel/Documents/code/software-start-here/build/challenge': CMAKE_PREFIX_PATH=${CMAKE_PREFIX_PATH}:/opt/ros/foxy /usr/bin/cmake --install /home/joel/Documents/code/software-start-here/build/challenge
[8.268s] -- Install configuration: ""
[8.269s] -- Installing: /home/joel/Documents/code/software-start-here/install/challenge/lib/challenge/solution
[8.270s] -- Set runtime path of "/home/joel/Documents/code/software-start-here/install/challenge/lib/challenge/solution" to ""
[8.270s] -- Installing: /home/joel/Documents/code/software-start-here/install/challenge/share/ament_index/resource_index/package_run_dependencies/challenge
[8.271s] -- Installing: /home/joel/Documents/code/software-start-here/install/challenge/share/ament_index/resource_index/parent_prefix_path/challenge
[8.271s] -- Installing: /home/joel/Documents/code/software-start-here/install/challenge/share/challenge/environment/ament_prefix_path.sh
[8.271s] -- Installing: /home/joel/Documents/code/software-start-here/install/challenge/share/challenge/environment/ament_prefix_path.dsv
[8.271s] -- Installing: /home/joel/Documents/code/software-start-here/install/challenge/share/challenge/environment/path.sh
[8.271s] -- Installing: /home/joel/Documents/code/software-start-here/install/challenge/share/challenge/environment/path.dsv
[8.272s] -- Installing: /home/joel/Documents/code/software-start-here/install/challenge/share/challenge/local_setup.bash
[8.272s] -- Installing: /home/joel/Documents/code/software-start-here/install/challenge/share/challenge/local_setup.sh
[8.272s] -- Installing: /home/joel/Documents/code/software-start-here/install/challenge/share/challenge/local_setup.zsh
[8.272s] -- Installing: /home/joel/Documents/code/software-start-here/install/challenge/share/challenge/local_setup.dsv
[8.273s] -- Installing: /home/joel/Documents/code/software-start-here/install/challenge/share/challenge/package.dsv
[8.273s] -- Installing: /home/joel/Documents/code/software-start-here/install/challenge/share/ament_index/resource_index/packages/challenge
[8.273s] -- Installing: /home/joel/Documents/code/software-start-here/install/challenge/share/challenge/cmake/challengeConfig.cmake
[8.274s] -- Installing: /home/joel/Documents/code/software-start-here/install/challenge/share/challenge/cmake/challengeConfig-version.cmake
[8.274s] -- Installing: /home/joel/Documents/code/software-start-here/install/challenge/share/challenge/package.xml
[8.278s] Invoked command in '/home/joel/Documents/code/software-start-here/build/challenge' returned '0': CMAKE_PREFIX_PATH=${CMAKE_PREFIX_PATH}:/opt/ros/foxy /usr/bin/cmake --install /home/joel/Documents/code/software-start-here/build/challenge
