[0.029s] Invoking command in '/home/itaiboss/ros2_ws/src/build/challenge': CMAKE_PREFIX_PATH=${CMAKE_PREFIX_PATH}:/opt/ros/foxy /usr/bin/cmake --build /home/itaiboss/ros2_ws/src/build/challenge -- -j2 -l2
[0.098s] [35m[1mScanning dependencies of target solution[0m
[0.141s] [ 50%] [32mBuilding CXX object CMakeFiles/solution.dir/src/solution.cpp.o[0m
[4.212s] [100%] [32m[1mLinking CXX executable solution[0m
[4.466s] [100%] Built target solution
[4.507s] Invoked command in '/home/itaiboss/ros2_ws/src/build/challenge' returned '0': CMAKE_PREFIX_PATH=${CMAKE_PREFIX_PATH}:/opt/ros/foxy /usr/bin/cmake --build /home/itaiboss/ros2_ws/src/build/challenge -- -j2 -l2
[4.721s] Invoking command in '/home/itaiboss/ros2_ws/src/build/challenge': CMAKE_PREFIX_PATH=${CMAKE_PREFIX_PATH}:/opt/ros/foxy /usr/bin/cmake --install /home/itaiboss/ros2_ws/src/build/challenge
[4.755s] -- Install configuration: ""
[4.755s] -- Installing: /home/itaiboss/ros2_ws/src/install/challenge/lib/challenge/solution
[4.762s] -- Set runtime path of "/home/itaiboss/ros2_ws/src/install/challenge/lib/challenge/solution" to ""
[4.768s] -- Up-to-date: /home/itaiboss/ros2_ws/src/install/challenge/share/ament_index/resource_index/package_run_dependencies/challenge
[4.768s] -- Up-to-date: /home/itaiboss/ros2_ws/src/install/challenge/share/ament_index/resource_index/parent_prefix_path/challenge
[4.768s] -- Up-to-date: /home/itaiboss/ros2_ws/src/install/challenge/share/challenge/environment/ament_prefix_path.sh
[4.769s] -- Up-to-date: /home/itaiboss/ros2_ws/src/install/challenge/share/challenge/environment/ament_prefix_path.dsv
[4.769s] -- Up-to-date: /home/itaiboss/ros2_ws/src/install/challenge/share/challenge/environment/path.sh
[4.769s] -- Up-to-date: /home/itaiboss/ros2_ws/src/install/challenge/share/challenge/environment/path.dsv
[4.810s] -- Up-to-date: /home/itaiboss/ros2_ws/src/install/challenge/share/challenge/local_setup.bash
[4.811s] -- Up-to-date: /home/itaiboss/ros2_ws/src/install/challenge/share/challenge/local_setup.sh
[4.811s] -- Up-to-date: /home/itaiboss/ros2_ws/src/install/challenge/share/challenge/local_setup.zsh
[4.812s] -- Up-to-date: /home/itaiboss/ros2_ws/src/install/challenge/share/challenge/local_setup.dsv
[4.812s] -- Installing: /home/itaiboss/ros2_ws/src/install/challenge/share/challenge/package.dsv
[4.812s] -- Up-to-date: /home/itaiboss/ros2_ws/src/install/challenge/share/ament_index/resource_index/packages/challenge
[4.812s] -- Up-to-date: /home/itaiboss/ros2_ws/src/install/challenge/share/challenge/cmake/challengeConfig.cmake
[4.812s] -- Up-to-date: /home/itaiboss/ros2_ws/src/install/challenge/share/challenge/cmake/challengeConfig-version.cmake
[4.813s] -- Up-to-date: /home/itaiboss/ros2_ws/src/install/challenge/share/challenge/package.xml
[4.813s] Invoked command in '/home/itaiboss/ros2_ws/src/build/challenge' returned '0': CMAKE_PREFIX_PATH=${CMAKE_PREFIX_PATH}:/opt/ros/foxy /usr/bin/cmake --install /home/itaiboss/ros2_ws/src/build/challenge
