[0.052s] Invoking command in '/home/straydogs/ros2_test/challenge/build/sine_turtle': CMAKE_PREFIX_PATH=/opt/ros/foxy /usr/bin/cmake /home/straydogs/ros2_test/challenge -DCMAKE_INSTALL_PREFIX=/home/straydogs/ros2_test/challenge/install/sine_turtle
[0.539s] -- The C compiler identification is GNU 9.4.0
[0.573s] -- The CXX compiler identification is GNU 9.4.0
[0.576s] -- Check for working C compiler: /usr/bin/cc
[0.615s] -- Check for working C compiler: /usr/bin/cc -- works
[0.616s] -- Detecting C compiler ABI info
[0.653s] -- Detecting C compiler ABI info - done
[0.659s] -- Detecting C compile features
[0.659s] -- Detecting C compile features - done
[0.660s] -- Check for working CXX compiler: /usr/bin/c++
[0.703s] -- Check for working CXX compiler: /usr/bin/c++ -- works
[0.704s] -- Detecting CXX compiler ABI info
[0.757s] -- Detecting CXX compiler ABI info - done
[0.765s] -- Detecting CXX compile features
[0.765s] -- Detecting CXX compile features - done
[0.766s] -- Found ament_cmake: 0.9.12 (/opt/ros/foxy/share/ament_cmake/cmake)
[0.779s] -- Found PythonInterp: /usr/bin/python3 (found suitable version "3.8.10", minimum required is "3") 
[0.779s] -- Using PYTHON_EXECUTABLE: /usr/bin/python3
[0.870s] -- Found turtlesim: 1.2.6 (/opt/ros/foxy/share/turtlesim/cmake)
[0.884s] -- Using all available rosidl_typesupport_c: rosidl_typesupport_fastrtps_c;rosidl_typesupport_introspection_c
[0.888s] -- Found rosidl_adapter: 1.3.1 (/opt/ros/foxy/share/rosidl_adapter/cmake)
[0.933s] -- Found OpenSSL: /usr/lib/x86_64-linux-gnu/libcrypto.so (found version "1.1.1f")  
[0.948s] -- Found FastRTPS: /opt/ros/foxy/include  
[0.987s] -- Using all available rosidl_typesupport_cpp: rosidl_typesupport_fastrtps_cpp;rosidl_typesupport_introspection_cpp
[1.058s] -- Found rclcpp: 2.4.3 (/opt/ros/foxy/share/rclcpp/cmake)
[1.082s] -- Found rmw_implementation_cmake: 1.0.4 (/opt/ros/foxy/share/rmw_implementation_cmake/cmake)
[1.083s] -- Using RMW implementation 'rmw_fastrtps_cpp' as default
[1.083s] -- Looking for pthread.h
[1.123s] -- Looking for pthread.h - found
[1.123s] -- Performing Test CMAKE_HAVE_LIBC_PTHREAD
[1.166s] -- Performing Test CMAKE_HAVE_LIBC_PTHREAD - Failed
[1.166s] -- Looking for pthread_create in pthreads
[1.202s] -- Looking for pthread_create in pthreads - not found
[1.202s] -- Looking for pthread_create in pthread
[1.245s] -- Looking for pthread_create in pthread - found
[1.245s] -- Found Threads: TRUE  
[1.328s] -- Found geometry_msgs: 2.0.5 (/opt/ros/foxy/share/geometry_msgs/cmake)
[1.348s] -- Found ament_lint_auto: 0.9.8 (/opt/ros/foxy/share/ament_lint_auto/cmake)
[1.380s] CMake Error at /opt/ros/foxy/share/ament_cmake_core/cmake/core/ament_package_xml.cmake:53 (message):
[1.380s]   ament_package_xml() package name 'sine_turtle' in '/package.xml' does not
[1.380s]   match current PROJECT_NAME 'challenge'.  You must call project() with the
[1.380s]   same package name before.
[1.380s] Call Stack (most recent call first):
[1.380s]   /opt/ros/foxy/share/ament_lint_auto/cmake/ament_lint_auto_find_test_dependencies.cmake:31 (ament_package_xml)
[1.380s]   CMakeLists.txt:46 (ament_lint_auto_find_test_dependencies)
[1.380s] 
[1.380s] 
[1.380s] -- Configuring incomplete, errors occurred!
[1.381s] See also "/home/straydogs/ros2_test/challenge/build/sine_turtle/CMakeFiles/CMakeOutput.log".
[1.381s] See also "/home/straydogs/ros2_test/challenge/build/sine_turtle/CMakeFiles/CMakeError.log".
[1.386s] Invoked command in '/home/straydogs/ros2_test/challenge/build/sine_turtle' returned '1': CMAKE_PREFIX_PATH=/opt/ros/foxy /usr/bin/cmake /home/straydogs/ros2_test/challenge -DCMAKE_INSTALL_PREFIX=/home/straydogs/ros2_test/challenge/install/sine_turtle
