-- Found ament_cmake: 0.9.12 (/opt/ros/foxy/share/ament_cmake/cmake)
-- Using PYTHON_EXECUTABLE: /usr/bin/python3
-- Found rclcpp: 2.4.3 (/opt/ros/foxy/share/rclcpp/cmake)
-- Using all available rosidl_typesupport_c: rosidl_typesupport_fastrtps_c;rosidl_typesupport_introspection_c
-- Found rosidl_adapter: 1.3.1 (/opt/ros/foxy/share/rosidl_adapter/cmake)
-- Using all available rosidl_typesupport_cpp: rosidl_typesupport_fastrtps_cpp;rosidl_typesupport_introspection_cpp
-- Found rmw_implementation_cmake: 1.0.4 (/opt/ros/foxy/share/rmw_implementation_cmake/cmake)
-- Using RMW implementation 'rmw_fastrtps_cpp' as default
-- Found geometry_msgs: 2.0.5 (/opt/ros/foxy/share/geometry_msgs/cmake)
-- Found ament_lint_auto: 0.9.8 (/opt/ros/foxy/share/ament_lint_auto/cmake)
-- Added test 'copyright' to check source files copyright and LICENSE
-- Added test 'cppcheck' to perform static code analysis on C / C++ code
-- Configured cppcheck include dirs: 
-- Configured cppcheck exclude dirs and/or files: 
-- Added test 'cpplint' to check C / C++ code against the Google style
-- Configured cpplint exclude dirs and/or files: 
-- Added test 'flake8' to check Python code syntax and style conventions
-- Added test 'lint_cmake' to check CMake code style
-- Added test 'pep257' to check Python code against some of the style conventions in PEP 257
-- Added test 'uncrustify' to check C / C++ code style
-- Configured uncrustify additional arguments: 
-- Added test 'xmllint' to check XML markup files
-- Configuring done
-- Generating done
-- Build files have been written to: /home/dorson/Documents/github/software-start-here/build/challenge
[35m[1mScanning dependencies of target solution[0m
[ 50%] [32mBuilding CXX object CMakeFiles/solution.dir/src/solution.cpp.o[0m
[100%] [32m[1mLinking CXX executable solution[0m
[100%] Built target solution
-- Install configuration: ""
-- Installing: /home/dorson/Documents/github/software-start-here/install/challenge/lib/challenge/solution
-- Set runtime path of "/home/dorson/Documents/github/software-start-here/install/challenge/lib/challenge/solution" to ""
-- Installing: /home/dorson/Documents/github/software-start-here/install/challenge/share/ament_index/resource_index/package_run_dependencies/challenge
-- Installing: /home/dorson/Documents/github/software-start-here/install/challenge/share/ament_index/resource_index/parent_prefix_path/challenge
-- Installing: /home/dorson/Documents/github/software-start-here/install/challenge/share/challenge/environment/ament_prefix_path.sh
-- Installing: /home/dorson/Documents/github/software-start-here/install/challenge/share/challenge/environment/ament_prefix_path.dsv
-- Installing: /home/dorson/Documents/github/software-start-here/install/challenge/share/challenge/environment/path.sh
-- Installing: /home/dorson/Documents/github/software-start-here/install/challenge/share/challenge/environment/path.dsv
-- Installing: /home/dorson/Documents/github/software-start-here/install/challenge/share/challenge/local_setup.bash
-- Installing: /home/dorson/Documents/github/software-start-here/install/challenge/share/challenge/local_setup.sh
-- Installing: /home/dorson/Documents/github/software-start-here/install/challenge/share/challenge/local_setup.zsh
-- Installing: /home/dorson/Documents/github/software-start-here/install/challenge/share/challenge/local_setup.dsv
-- Installing: /home/dorson/Documents/github/software-start-here/install/challenge/share/challenge/package.dsv
-- Installing: /home/dorson/Documents/github/software-start-here/install/challenge/share/ament_index/resource_index/packages/challenge
-- Installing: /home/dorson/Documents/github/software-start-here/install/challenge/share/challenge/cmake/challengeConfig.cmake
-- Installing: /home/dorson/Documents/github/software-start-here/install/challenge/share/challenge/cmake/challengeConfig-version.cmake
-- Installing: /home/dorson/Documents/github/software-start-here/install/challenge/share/challenge/package.xml
