[0.007s] Invoking command in '/home/dorson/Documents/github/software-start-here/build/challenge': CMAKE_PREFIX_PATH=${CMAKE_PREFIX_PATH}:/opt/ros/foxy /usr/bin/cmake --build /home/dorson/Documents/github/software-start-here/build/challenge -- -j20 -l20
[0.022s] -- Found ament_cmake: 0.9.12 (/opt/ros/foxy/share/ament_cmake/cmake)
[0.034s] -- Using PYTHON_EXECUTABLE: /usr/bin/python3
[0.124s] -- Found rclcpp: 2.4.3 (/opt/ros/foxy/share/rclcpp/cmake)
[0.142s] -- Using all available rosidl_typesupport_c: rosidl_typesupport_fastrtps_c;rosidl_typesupport_introspection_c
[0.144s] -- Found rosidl_adapter: 1.3.1 (/opt/ros/foxy/share/rosidl_adapter/cmake)
[0.207s] -- Using all available rosidl_typesupport_cpp: rosidl_typesupport_fastrtps_cpp;rosidl_typesupport_introspection_cpp
[0.233s] -- Found rmw_implementation_cmake: 1.0.4 (/opt/ros/foxy/share/rmw_implementation_cmake/cmake)
[0.234s] -- Using RMW implementation 'rmw_fastrtps_cpp' as default
[0.311s] -- Found geometry_msgs: 2.0.5 (/opt/ros/foxy/share/geometry_msgs/cmake)
[0.330s] -- Found ament_lint_auto: 0.9.8 (/opt/ros/foxy/share/ament_lint_auto/cmake)
[0.364s] -- Added test 'copyright' to check source files copyright and LICENSE
[0.368s] -- Added test 'cppcheck' to perform static code analysis on C / C++ code
[0.368s] -- Configured cppcheck include dirs: 
[0.369s] -- Configured cppcheck exclude dirs and/or files: 
[0.373s] -- Added test 'cpplint' to check C / C++ code against the Google style
[0.373s] -- Configured cpplint exclude dirs and/or files: 
[0.373s] -- Added test 'flake8' to check Python code syntax and style conventions
[0.375s] -- Added test 'lint_cmake' to check CMake code style
[0.375s] -- Added test 'pep257' to check Python code against some of the style conventions in PEP 257
[0.379s] -- Added test 'uncrustify' to check C / C++ code style
[0.379s] -- Configured uncrustify additional arguments: 
[0.380s] -- Added test 'xmllint' to check XML markup files
[0.381s] -- Configuring done
[0.385s] -- Generating done
[0.386s] -- Build files have been written to: /home/dorson/Documents/github/software-start-here/build/challenge
[0.401s] [35m[1mScanning dependencies of target solution[0m
[0.415s] [ 50%] [32mBuilding CXX object CMakeFiles/solution.dir/src/solution.cpp.o[0m
[1.846s] [100%] [32m[1mLinking CXX executable solution[0m
[1.927s] [100%] Built target solution
[1.934s] Invoked command in '/home/dorson/Documents/github/software-start-here/build/challenge' returned '0': CMAKE_PREFIX_PATH=${CMAKE_PREFIX_PATH}:/opt/ros/foxy /usr/bin/cmake --build /home/dorson/Documents/github/software-start-here/build/challenge -- -j20 -l20
[1.952s] Invoking command in '/home/dorson/Documents/github/software-start-here/build/challenge': CMAKE_PREFIX_PATH=${CMAKE_PREFIX_PATH}:/opt/ros/foxy /usr/bin/cmake --install /home/dorson/Documents/github/software-start-here/build/challenge
[1.956s] -- Install configuration: ""
[1.956s] -- Installing: /home/dorson/Documents/github/software-start-here/install/challenge/lib/challenge/solution
[1.957s] -- Set runtime path of "/home/dorson/Documents/github/software-start-here/install/challenge/lib/challenge/solution" to ""
[1.957s] -- Installing: /home/dorson/Documents/github/software-start-here/install/challenge/share/ament_index/resource_index/package_run_dependencies/challenge
[1.957s] -- Installing: /home/dorson/Documents/github/software-start-here/install/challenge/share/ament_index/resource_index/parent_prefix_path/challenge
[1.957s] -- Installing: /home/dorson/Documents/github/software-start-here/install/challenge/share/challenge/environment/ament_prefix_path.sh
[1.957s] -- Installing: /home/dorson/Documents/github/software-start-here/install/challenge/share/challenge/environment/ament_prefix_path.dsv
[1.957s] -- Installing: /home/dorson/Documents/github/software-start-here/install/challenge/share/challenge/environment/path.sh
[1.957s] -- Installing: /home/dorson/Documents/github/software-start-here/install/challenge/share/challenge/environment/path.dsv
[1.957s] -- Installing: /home/dorson/Documents/github/software-start-here/install/challenge/share/challenge/local_setup.bash
[1.957s] -- Installing: /home/dorson/Documents/github/software-start-here/install/challenge/share/challenge/local_setup.sh
[1.957s] -- Installing: /home/dorson/Documents/github/software-start-here/install/challenge/share/challenge/local_setup.zsh
[1.957s] -- Installing: /home/dorson/Documents/github/software-start-here/install/challenge/share/challenge/local_setup.dsv
[1.957s] -- Installing: /home/dorson/Documents/github/software-start-here/install/challenge/share/challenge/package.dsv
[1.957s] -- Installing: /home/dorson/Documents/github/software-start-here/install/challenge/share/ament_index/resource_index/packages/challenge
[1.957s] -- Installing: /home/dorson/Documents/github/software-start-here/install/challenge/share/challenge/cmake/challengeConfig.cmake
[1.957s] -- Installing: /home/dorson/Documents/github/software-start-here/install/challenge/share/challenge/cmake/challengeConfig-version.cmake
[1.958s] -- Installing: /home/dorson/Documents/github/software-start-here/install/challenge/share/challenge/package.xml
[1.959s] Invoked command in '/home/dorson/Documents/github/software-start-here/build/challenge' returned '0': CMAKE_PREFIX_PATH=${CMAKE_PREFIX_PATH}:/opt/ros/foxy /usr/bin/cmake --install /home/dorson/Documents/github/software-start-here/build/challenge
