[0.011s] Invoking command in '/home/sav/Desktop/software-start-here/build/challenge': CMAKE_PREFIX_PATH=/opt/ros/foxy /usr/bin/cmake --build /home/sav/Desktop/software-start-here/build/challenge -- -j8 -l8
[0.032s] -- Found ament_cmake: 0.9.9 (/opt/ros/foxy/share/ament_cmake/cmake)
[0.052s] -- Using PYTHON_EXECUTABLE: /usr/bin/python3
[0.197s] -- Found turtlesim: 1.2.5 (/opt/ros/foxy/share/turtlesim/cmake)
[0.213s] -- Using all available rosidl_typesupport_c: rosidl_typesupport_fastrtps_c;rosidl_typesupport_introspection_c
[0.216s] -- Found rosidl_adapter: 1.2.1 (/opt/ros/foxy/share/rosidl_adapter/cmake)
[0.311s] -- Using all available rosidl_typesupport_cpp: rosidl_typesupport_fastrtps_cpp;rosidl_typesupport_introspection_cpp
[0.417s] -- Found geometry_msgs: 2.0.5 (/opt/ros/foxy/share/geometry_msgs/cmake)
[0.465s] -- Found rclcpp: 2.4.1 (/opt/ros/foxy/share/rclcpp/cmake)
[0.494s] -- Found rmw_implementation_cmake: 1.0.3 (/opt/ros/foxy/share/rmw_implementation_cmake/cmake)
[0.496s] -- Using RMW implementation 'rmw_fastrtps_cpp' as default
[0.608s] -- Found ament_lint_auto: 0.9.6 (/opt/ros/foxy/share/ament_lint_auto/cmake)
[0.657s] -- Added test 'copyright' to check source files copyright and LICENSE
[0.658s] -- Added test 'cppcheck' to perform static code analysis on C / C++ code
[0.658s] -- Configured cppcheck include dirs: $<BUILD_INTERFACE:/home/sav/Desktop/software-start-here/src/challenge/include>
[0.658s] -- Configured cppcheck exclude dirs and/or files: 
[0.659s] -- Added test 'cpplint' to check C / C++ code against the Google style
[0.659s] -- Configured cpplint exclude dirs and/or files: 
[0.659s] -- Added test 'lint_cmake' to check CMake code style
[0.660s] -- Added test 'uncrustify' to check C / C++ code style
[0.660s] -- Configured uncrustify additional arguments: 
[0.660s] -- Added test 'xmllint' to check XML markup files
[0.662s] -- Configuring done
[0.669s] -- Generating done
[0.670s] -- Build files have been written to: /home/sav/Desktop/software-start-here/build/challenge
[0.708s] [ 50%] [32m[1mLinking CXX executable solution[0m
[0.852s] [100%] Built target solution
[0.865s] Invoked command in '/home/sav/Desktop/software-start-here/build/challenge' returned '0': CMAKE_PREFIX_PATH=/opt/ros/foxy /usr/bin/cmake --build /home/sav/Desktop/software-start-here/build/challenge -- -j8 -l8
[0.897s] Invoking command in '/home/sav/Desktop/software-start-here/build/challenge': CMAKE_PREFIX_PATH=/opt/ros/foxy /usr/bin/cmake --install /home/sav/Desktop/software-start-here/build/challenge
[0.905s] -- Install configuration: ""
[0.905s] -- Installing: /home/sav/Desktop/software-start-here/install/challenge/lib/challenge/solution
[0.906s] -- Set runtime path of "/home/sav/Desktop/software-start-here/install/challenge/lib/challenge/solution" to ""
[0.906s] -- Up-to-date: /home/sav/Desktop/software-start-here/install/challenge/share/ament_index/resource_index/package_run_dependencies/challenge
[0.906s] -- Up-to-date: /home/sav/Desktop/software-start-here/install/challenge/share/ament_index/resource_index/parent_prefix_path/challenge
[0.906s] -- Up-to-date: /home/sav/Desktop/software-start-here/install/challenge/share/challenge/environment/ament_prefix_path.sh
[0.906s] -- Installing: /home/sav/Desktop/software-start-here/install/challenge/share/challenge/environment/ament_prefix_path.dsv
[0.906s] -- Up-to-date: /home/sav/Desktop/software-start-here/install/challenge/share/challenge/environment/path.sh
[0.906s] -- Installing: /home/sav/Desktop/software-start-here/install/challenge/share/challenge/environment/path.dsv
[0.906s] -- Up-to-date: /home/sav/Desktop/software-start-here/install/challenge/share/challenge/local_setup.bash
[0.906s] -- Up-to-date: /home/sav/Desktop/software-start-here/install/challenge/share/challenge/local_setup.sh
[0.907s] -- Up-to-date: /home/sav/Desktop/software-start-here/install/challenge/share/challenge/local_setup.zsh
[0.907s] -- Installing: /home/sav/Desktop/software-start-here/install/challenge/share/challenge/local_setup.dsv
[0.907s] -- Installing: /home/sav/Desktop/software-start-here/install/challenge/share/challenge/package.dsv
[0.907s] -- Up-to-date: /home/sav/Desktop/software-start-here/install/challenge/share/ament_index/resource_index/packages/challenge
[0.907s] -- Up-to-date: /home/sav/Desktop/software-start-here/install/challenge/share/challenge/cmake/challengeConfig.cmake
[0.907s] -- Up-to-date: /home/sav/Desktop/software-start-here/install/challenge/share/challenge/cmake/challengeConfig-version.cmake
[0.907s] -- Up-to-date: /home/sav/Desktop/software-start-here/install/challenge/share/challenge/package.xml
[0.908s] Invoked command in '/home/sav/Desktop/software-start-here/build/challenge' returned '0': CMAKE_PREFIX_PATH=/opt/ros/foxy /usr/bin/cmake --install /home/sav/Desktop/software-start-here/build/challenge
