[0.102s] Invoking command in '/home/straydogs/ros2_test/build/challenge': CMAKE_PREFIX_PATH=/opt/ros/foxy /usr/bin/cmake --build /home/straydogs/ros2_test/build/challenge -- -j20 -l20
[0.144s] [35m[1mScanning dependencies of target solution[0m
[0.169s] [ 50%] [32mBuilding CXX object CMakeFiles/solution.dir/src/solution.cpp.o[0m
[4.579s] [100%] [32m[1mLinking CXX executable solution[0m
[4.812s] [100%] Built target solution
[4.822s] Invoked command in '/home/straydogs/ros2_test/build/challenge' returned '0': CMAKE_PREFIX_PATH=/opt/ros/foxy /usr/bin/cmake --build /home/straydogs/ros2_test/build/challenge -- -j20 -l20
[4.853s] Invoking command in '/home/straydogs/ros2_test/build/challenge': CMAKE_PREFIX_PATH=/opt/ros/foxy /usr/bin/cmake --install /home/straydogs/ros2_test/build/challenge
[4.860s] -- Install configuration: ""
[4.860s] -- Installing: /home/straydogs/ros2_test/install/challenge/lib/challenge/solution
[4.862s] -- Set runtime path of "/home/straydogs/ros2_test/install/challenge/lib/challenge/solution" to ""
[4.862s] -- Up-to-date: /home/straydogs/ros2_test/install/challenge/share/ament_index/resource_index/package_run_dependencies/challenge
[4.862s] -- Up-to-date: /home/straydogs/ros2_test/install/challenge/share/ament_index/resource_index/parent_prefix_path/challenge
[4.862s] -- Up-to-date: /home/straydogs/ros2_test/install/challenge/share/challenge/environment/ament_prefix_path.sh
[4.862s] -- Up-to-date: /home/straydogs/ros2_test/install/challenge/share/challenge/environment/ament_prefix_path.dsv
[4.862s] -- Up-to-date: /home/straydogs/ros2_test/install/challenge/share/challenge/environment/path.sh
[4.862s] -- Up-to-date: /home/straydogs/ros2_test/install/challenge/share/challenge/environment/path.dsv
[4.863s] -- Up-to-date: /home/straydogs/ros2_test/install/challenge/share/challenge/local_setup.bash
[4.863s] -- Up-to-date: /home/straydogs/ros2_test/install/challenge/share/challenge/local_setup.sh
[4.863s] -- Up-to-date: /home/straydogs/ros2_test/install/challenge/share/challenge/local_setup.zsh
[4.863s] -- Up-to-date: /home/straydogs/ros2_test/install/challenge/share/challenge/local_setup.dsv
[4.863s] -- Installing: /home/straydogs/ros2_test/install/challenge/share/challenge/package.dsv
[4.863s] -- Up-to-date: /home/straydogs/ros2_test/install/challenge/share/ament_index/resource_index/packages/challenge
[4.864s] -- Up-to-date: /home/straydogs/ros2_test/install/challenge/share/challenge/cmake/challengeConfig.cmake
[4.864s] -- Up-to-date: /home/straydogs/ros2_test/install/challenge/share/challenge/cmake/challengeConfig-version.cmake
[4.864s] -- Up-to-date: /home/straydogs/ros2_test/install/challenge/share/challenge/package.xml
[4.864s] Invoked command in '/home/straydogs/ros2_test/build/challenge' returned '0': CMAKE_PREFIX_PATH=/opt/ros/foxy /usr/bin/cmake --install /home/straydogs/ros2_test/build/challenge
