[0.092s] DEBUG:colcon:Command line arguments: ['/usr/bin/colcon', 'build']
[0.092s] DEBUG:colcon:Parsed command line arguments: Namespace(allow_overriding=[], ament_cmake_args=None, base_paths=['.'], build_base='build', catkin_cmake_args=None, catkin_skip_building_tests=False, cmake_args=None, cmake_clean_cache=False, cmake_clean_first=False, cmake_force_configure=False, cmake_target=None, cmake_target_skip_unavailable=False, continue_on_error=False, event_handlers=None, executor='parallel', ignore_user_meta=False, install_base='install', log_base=None, log_level=None, main=<bound method BuildVerb.main of <colcon_core.verb.build.BuildVerb object at 0x7f2e92d31f70>>, merge_install=False, metas=['./colcon.meta'], mixin=None, mixin_files=None, mixin_verb=('build',), packages_above=None, packages_above_and_dependencies=None, packages_above_depth=None, packages_end=None, packages_ignore=None, packages_ignore_regex=None, packages_select=None, packages_select_build_failed=False, packages_select_by_dep=None, packages_select_regex=None, packages_select_test_failures=False, packages_skip=None, packages_skip_build_finished=False, packages_skip_by_dep=None, packages_skip_regex=None, packages_skip_test_passed=False, packages_skip_up_to=None, packages_start=None, packages_up_to=None, packages_up_to_regex=None, parallel_workers=20, paths=None, symlink_install=False, test_result_base=None, verb_extension=<colcon_core.verb.build.BuildVerb object at 0x7f2e92d31f70>, verb_name='build', verb_parser=<colcon_mixin.mixin.mixin_argument.MixinArgumentDecorator object at 0x7f2e92d425b0>)
[0.158s] Level 1:colcon.colcon_core.package_discovery:discover_packages(colcon_meta) check parameters
[0.158s] Level 1:colcon.colcon_core.package_discovery:discover_packages(recursive) check parameters
[0.158s] Level 1:colcon.colcon_core.package_discovery:discover_packages(ignore) check parameters
[0.158s] Level 1:colcon.colcon_core.package_discovery:discover_packages(path) check parameters
[0.158s] Level 1:colcon.colcon_core.package_discovery:discover_packages(colcon_meta) discover
[0.158s] Level 1:colcon.colcon_core.package_discovery:discover_packages(recursive) discover
[0.158s] INFO:colcon.colcon_core.package_discovery:Crawling recursively for packages in '/home/dorson/Documents/github/software-start-here/challenge'
[0.158s] Level 1:colcon.colcon_core.package_identification:_identify(.) by extensions ['ignore', 'ignore_ament_install']
[0.158s] Level 1:colcon.colcon_core.package_identification:_identify(.) by extension 'ignore'
[0.158s] Level 1:colcon.colcon_core.package_identification:_identify(.) by extension 'ignore_ament_install'
[0.158s] Level 1:colcon.colcon_core.package_identification:_identify(.) by extensions ['colcon_pkg']
[0.158s] Level 1:colcon.colcon_core.package_identification:_identify(.) by extension 'colcon_pkg'
[0.159s] Level 1:colcon.colcon_core.package_identification:_identify(.) by extensions ['colcon_meta']
[0.159s] Level 1:colcon.colcon_core.package_identification:_identify(.) by extension 'colcon_meta'
[0.159s] Level 1:colcon.colcon_core.package_identification:_identify(.) by extensions ['ros']
[0.159s] Level 1:colcon.colcon_core.package_identification:_identify(.) by extension 'ros'
[0.165s] DEBUG:colcon.colcon_core.package_identification:Package '.' with type 'ros.ament_cmake' and name 'challenge'
[0.165s] Level 1:colcon.colcon_core.package_discovery:discover_packages(recursive) using defaults
[0.165s] Level 1:colcon.colcon_core.package_discovery:discover_packages(ignore) discover
[0.165s] Level 1:colcon.colcon_core.package_discovery:discover_packages(ignore) using defaults
[0.165s] Level 1:colcon.colcon_core.package_discovery:discover_packages(path) discover
[0.165s] Level 1:colcon.colcon_core.package_discovery:discover_packages(path) using defaults
[0.174s] Level 1:colcon.colcon_core.package_discovery:discover_packages(prefix_path) check parameters
[0.174s] Level 1:colcon.colcon_core.package_discovery:discover_packages(prefix_path) discover
[0.175s] DEBUG:colcon.colcon_installed_package_information.package_discovery:Found 270 installed packages in /opt/ros/foxy
[0.176s] Level 1:colcon.colcon_core.package_discovery:discover_packages(prefix_path) using defaults
[0.209s] Level 5:colcon.colcon_core.verb:set package 'challenge' build argument 'cmake_args' from command line to 'None'
[0.209s] Level 5:colcon.colcon_core.verb:set package 'challenge' build argument 'cmake_target' from command line to 'None'
[0.209s] Level 5:colcon.colcon_core.verb:set package 'challenge' build argument 'cmake_target_skip_unavailable' from command line to 'False'
[0.209s] Level 5:colcon.colcon_core.verb:set package 'challenge' build argument 'cmake_clean_cache' from command line to 'False'
[0.209s] Level 5:colcon.colcon_core.verb:set package 'challenge' build argument 'cmake_clean_first' from command line to 'False'
[0.209s] Level 5:colcon.colcon_core.verb:set package 'challenge' build argument 'cmake_force_configure' from command line to 'False'
[0.209s] Level 5:colcon.colcon_core.verb:set package 'challenge' build argument 'ament_cmake_args' from command line to 'None'
[0.209s] Level 5:colcon.colcon_core.verb:set package 'challenge' build argument 'catkin_cmake_args' from command line to 'None'
[0.209s] Level 5:colcon.colcon_core.verb:set package 'challenge' build argument 'catkin_skip_building_tests' from command line to 'False'
[0.209s] DEBUG:colcon.colcon_core.verb:Building package 'challenge' with the following arguments: {'ament_cmake_args': None, 'build_base': '/home/dorson/Documents/github/software-start-here/challenge/build/challenge', 'catkin_cmake_args': None, 'catkin_skip_building_tests': False, 'cmake_args': None, 'cmake_clean_cache': False, 'cmake_clean_first': False, 'cmake_force_configure': False, 'cmake_target': None, 'cmake_target_skip_unavailable': False, 'install_base': '/home/dorson/Documents/github/software-start-here/challenge/install/challenge', 'merge_install': False, 'path': '/home/dorson/Documents/github/software-start-here/challenge', 'symlink_install': False, 'test_result_base': None}
[0.209s] INFO:colcon.colcon_core.executor:Executing jobs using 'parallel' executor
[0.210s] DEBUG:colcon.colcon_parallel_executor.executor.parallel:run_until_complete
[0.210s] INFO:colcon.colcon_ros.task.ament_cmake.build:Building ROS package in '/home/dorson/Documents/github/software-start-here/challenge' with build type 'ament_cmake'
[0.210s] INFO:colcon.colcon_cmake.task.cmake.build:Building CMake package in '/home/dorson/Documents/github/software-start-here/challenge'
[0.211s] INFO:colcon.colcon_core.plugin_system:Skipping extension 'colcon_core.shell.bat': Not used on non-Windows systems
[0.211s] INFO:colcon.colcon_core.shell:Skip shell extension 'powershell' for command environment: Not usable outside of PowerShell
[0.211s] DEBUG:colcon.colcon_core.shell:Skip shell extension 'dsv' for command environment
[0.217s] DEBUG:colcon.colcon_core.event_handler.log_command:Invoking command in '/home/dorson/Documents/github/software-start-here/challenge/build/challenge': CMAKE_PREFIX_PATH=/opt/ros/foxy /usr/bin/cmake /home/dorson/Documents/github/software-start-here/challenge -DCMAKE_INSTALL_PREFIX=/home/dorson/Documents/github/software-start-here/challenge/install/challenge
[1.073s] DEBUG:colcon.colcon_core.event_handler.log_command:Invoked command in '/home/dorson/Documents/github/software-start-here/challenge/build/challenge' returned '0': CMAKE_PREFIX_PATH=/opt/ros/foxy /usr/bin/cmake /home/dorson/Documents/github/software-start-here/challenge -DCMAKE_INSTALL_PREFIX=/home/dorson/Documents/github/software-start-here/challenge/install/challenge
[1.075s] DEBUG:colcon.colcon_core.event_handler.log_command:Invoking command in '/home/dorson/Documents/github/software-start-here/challenge/build/challenge': CMAKE_PREFIX_PATH=/opt/ros/foxy /usr/bin/cmake --build /home/dorson/Documents/github/software-start-here/challenge/build/challenge -- -j20 -l20
[1.982s] DEBUG:colcon.colcon_core.event_handler.log_command:Invoked command in '/home/dorson/Documents/github/software-start-here/challenge/build/challenge' returned '0': CMAKE_PREFIX_PATH=/opt/ros/foxy /usr/bin/cmake --build /home/dorson/Documents/github/software-start-here/challenge/build/challenge -- -j20 -l20
[2.001s] DEBUG:colcon.colcon_core.event_handler.log_command:Invoking command in '/home/dorson/Documents/github/software-start-here/challenge/build/challenge': CMAKE_PREFIX_PATH=/opt/ros/foxy /usr/bin/cmake --install /home/dorson/Documents/github/software-start-here/challenge/build/challenge
[2.007s] Level 1:colcon.colcon_core.environment:create_environment_scripts_only(challenge)
[2.007s] DEBUG:colcon.colcon_core.event_handler.log_command:Invoked command in '/home/dorson/Documents/github/software-start-here/challenge/build/challenge' returned '0': CMAKE_PREFIX_PATH=/opt/ros/foxy /usr/bin/cmake --install /home/dorson/Documents/github/software-start-here/challenge/build/challenge
[2.009s] Level 1:colcon.colcon_core.environment:checking '/home/dorson/Documents/github/software-start-here/challenge/install/challenge' for CMake module files
[2.009s] Level 1:colcon.colcon_core.environment:checking '/home/dorson/Documents/github/software-start-here/challenge/install/challenge' for CMake config files
[2.009s] Level 1:colcon.colcon_core.shell:create_environment_hook('challenge', 'cmake_prefix_path')
[2.009s] INFO:colcon.colcon_core.shell:Creating environment hook '/home/dorson/Documents/github/software-start-here/challenge/install/challenge/share/challenge/hook/cmake_prefix_path.ps1'
[2.010s] INFO:colcon.colcon_core.shell:Creating environment descriptor '/home/dorson/Documents/github/software-start-here/challenge/install/challenge/share/challenge/hook/cmake_prefix_path.dsv'
[2.010s] INFO:colcon.colcon_core.shell:Creating environment hook '/home/dorson/Documents/github/software-start-here/challenge/install/challenge/share/challenge/hook/cmake_prefix_path.sh'
[2.010s] Level 1:colcon.colcon_core.environment:checking '/home/dorson/Documents/github/software-start-here/challenge/install/challenge/lib'
[2.010s] Level 1:colcon.colcon_core.environment:checking '/home/dorson/Documents/github/software-start-here/challenge/install/challenge/bin'
[2.010s] Level 1:colcon.colcon_core.environment:checking '/home/dorson/Documents/github/software-start-here/challenge/install/challenge/lib/pkgconfig/challenge.pc'
[2.011s] Level 1:colcon.colcon_core.environment:checking '/home/dorson/Documents/github/software-start-here/challenge/install/challenge/lib/python3.8/site-packages'
[2.011s] Level 1:colcon.colcon_core.environment:checking '/home/dorson/Documents/github/software-start-here/challenge/install/challenge/bin'
[2.011s] INFO:colcon.colcon_core.shell:Creating package script '/home/dorson/Documents/github/software-start-here/challenge/install/challenge/share/challenge/package.ps1'
[2.011s] INFO:colcon.colcon_core.shell:Creating package descriptor '/home/dorson/Documents/github/software-start-here/challenge/install/challenge/share/challenge/package.dsv'
[2.011s] INFO:colcon.colcon_core.shell:Creating package script '/home/dorson/Documents/github/software-start-here/challenge/install/challenge/share/challenge/package.sh'
[2.012s] INFO:colcon.colcon_core.shell:Creating package script '/home/dorson/Documents/github/software-start-here/challenge/install/challenge/share/challenge/package.bash'
[2.012s] INFO:colcon.colcon_core.shell:Creating package script '/home/dorson/Documents/github/software-start-here/challenge/install/challenge/share/challenge/package.zsh'
[2.012s] Level 1:colcon.colcon_core.environment:create_file_with_runtime_dependencies(/home/dorson/Documents/github/software-start-here/challenge/install/challenge/share/colcon-core/packages/challenge)
[2.024s] Level 1:colcon.colcon_core.environment:create_environment_scripts_only(challenge)
[2.024s] Level 1:colcon.colcon_core.environment:checking '/home/dorson/Documents/github/software-start-here/challenge/install/challenge' for CMake module files
[2.024s] Level 1:colcon.colcon_core.environment:checking '/home/dorson/Documents/github/software-start-here/challenge/install/challenge' for CMake config files
[2.025s] Level 1:colcon.colcon_core.shell:create_environment_hook('challenge', 'cmake_prefix_path')
[2.025s] INFO:colcon.colcon_core.shell:Creating environment hook '/home/dorson/Documents/github/software-start-here/challenge/install/challenge/share/challenge/hook/cmake_prefix_path.ps1'
[2.025s] INFO:colcon.colcon_core.shell:Creating environment descriptor '/home/dorson/Documents/github/software-start-here/challenge/install/challenge/share/challenge/hook/cmake_prefix_path.dsv'
[2.025s] INFO:colcon.colcon_core.shell:Creating environment hook '/home/dorson/Documents/github/software-start-here/challenge/install/challenge/share/challenge/hook/cmake_prefix_path.sh'
[2.025s] Level 1:colcon.colcon_core.environment:checking '/home/dorson/Documents/github/software-start-here/challenge/install/challenge/lib'
[2.025s] Level 1:colcon.colcon_core.environment:checking '/home/dorson/Documents/github/software-start-here/challenge/install/challenge/bin'
[2.025s] Level 1:colcon.colcon_core.environment:checking '/home/dorson/Documents/github/software-start-here/challenge/install/challenge/lib/pkgconfig/challenge.pc'
[2.026s] Level 1:colcon.colcon_core.environment:checking '/home/dorson/Documents/github/software-start-here/challenge/install/challenge/lib/python3.8/site-packages'
[2.026s] Level 1:colcon.colcon_core.environment:checking '/home/dorson/Documents/github/software-start-here/challenge/install/challenge/bin'
[2.026s] INFO:colcon.colcon_core.shell:Creating package script '/home/dorson/Documents/github/software-start-here/challenge/install/challenge/share/challenge/package.ps1'
[2.026s] INFO:colcon.colcon_core.shell:Creating package descriptor '/home/dorson/Documents/github/software-start-here/challenge/install/challenge/share/challenge/package.dsv'
[2.026s] INFO:colcon.colcon_core.shell:Creating package script '/home/dorson/Documents/github/software-start-here/challenge/install/challenge/share/challenge/package.sh'
[2.027s] INFO:colcon.colcon_core.shell:Creating package script '/home/dorson/Documents/github/software-start-here/challenge/install/challenge/share/challenge/package.bash'
[2.027s] INFO:colcon.colcon_core.shell:Creating package script '/home/dorson/Documents/github/software-start-here/challenge/install/challenge/share/challenge/package.zsh'
[2.027s] Level 1:colcon.colcon_core.environment:create_file_with_runtime_dependencies(/home/dorson/Documents/github/software-start-here/challenge/install/challenge/share/colcon-core/packages/challenge)
[2.027s] DEBUG:colcon.colcon_parallel_executor.executor.parallel:closing loop
[2.027s] DEBUG:colcon.colcon_parallel_executor.executor.parallel:loop closed
[2.027s] DEBUG:colcon.colcon_parallel_executor.executor.parallel:run_until_complete finished with '0'
[2.027s] DEBUG:colcon.colcon_core.event_reactor:joining thread
[2.032s] INFO:colcon.colcon_core.plugin_system:Skipping extension 'colcon_notification.desktop_notification.terminal_notifier': Not used on non-Darwin systems
[2.033s] INFO:colcon.colcon_core.plugin_system:Skipping extension 'colcon_notification.desktop_notification.win32': Not used on non-Windows systems
[2.033s] INFO:colcon.colcon_notification.desktop_notification:Sending desktop notification using 'notify2'
[2.045s] DEBUG:colcon.colcon_core.event_reactor:joined thread
[2.045s] INFO:colcon.colcon_core.shell:Creating prefix script '/home/dorson/Documents/github/software-start-here/challenge/install/local_setup.ps1'
[2.046s] INFO:colcon.colcon_core.shell:Creating prefix util module '/home/dorson/Documents/github/software-start-here/challenge/install/_local_setup_util_ps1.py'
[2.047s] INFO:colcon.colcon_core.shell:Creating prefix chain script '/home/dorson/Documents/github/software-start-here/challenge/install/setup.ps1'
[2.048s] INFO:colcon.colcon_core.shell:Creating prefix script '/home/dorson/Documents/github/software-start-here/challenge/install/local_setup.sh'
[2.048s] INFO:colcon.colcon_core.shell:Creating prefix util module '/home/dorson/Documents/github/software-start-here/challenge/install/_local_setup_util_sh.py'
[2.048s] INFO:colcon.colcon_core.shell:Creating prefix chain script '/home/dorson/Documents/github/software-start-here/challenge/install/setup.sh'
[2.049s] INFO:colcon.colcon_core.shell:Creating prefix script '/home/dorson/Documents/github/software-start-here/challenge/install/local_setup.bash'
[2.049s] INFO:colcon.colcon_core.shell:Creating prefix chain script '/home/dorson/Documents/github/software-start-here/challenge/install/setup.bash'
[2.050s] INFO:colcon.colcon_core.shell:Creating prefix script '/home/dorson/Documents/github/software-start-here/challenge/install/local_setup.zsh'
[2.050s] INFO:colcon.colcon_core.shell:Creating prefix chain script '/home/dorson/Documents/github/software-start-here/challenge/install/setup.zsh'
