-- Found ament_cmake: 0.9.12 (/opt/ros/foxy/share/ament_cmake/cmake)
-- Using PYTHON_EXECUTABLE: /usr/bin/python3
-- Found turtlesim: 1.2.6 (/home/software/Challenge/software-start-here/install/turtlesim/share/turtlesim/cmake)
-- Using all available rosidl_typesupport_c: rosidl_typesupport_fastrtps_c;rosidl_typesupport_introspection_c
-- Found rosidl_adapter: 1.3.1 (/opt/ros/foxy/share/rosidl_adapter/cmake)
-- Using all available rosidl_typesupport_cpp: rosidl_typesupport_fastrtps_cpp;rosidl_typesupport_introspection_cpp
-- Found rclcpp: 2.4.3 (/opt/ros/foxy/share/rclcpp/cmake)
-- Found rmw_implementation_cmake: 1.0.4 (/opt/ros/foxy/share/rmw_implementation_cmake/cmake)
-- Using RMW implementation 'rmw_fastrtps_cpp' as default
-- Found geometry_msgs: 2.0.5 (/opt/ros/foxy/share/geometry_msgs/cmake)
-- Found ament_lint_auto: 0.9.8 (/opt/ros/foxy/share/ament_lint_auto/cmake)
-- Added test 'copyright' to check source files copyright and LICENSE
-- Added test 'cppcheck' to perform static code analysis on C / C++ code
-- Configured cppcheck include dirs: $<BUILD_INTERFACE:/home/software/Challenge/software-start-here/src/challenge/include>
-- Configured cppcheck exclude dirs and/or files: 
-- Added test 'cpplint' to check C / C++ code against the Google style
-- Configured cpplint exclude dirs and/or files: 
-- Added test 'lint_cmake' to check CMake code style
-- Added test 'uncrustify' to check C / C++ code style
-- Configured uncrustify additional arguments: 
-- Added test 'xmllint' to check XML markup files
-- Configuring done
-- Generating done
-- Build files have been written to: /home/software/Challenge/software-start-here/build/challenge
[35m[1mScanning dependencies of target solution[0m
make[2]: Warning: File '/home/software/Challenge/software-start-here/install/turtlesim/include/turtlesim/msg/detail/pose__builder.hpp' has modification time 22304 s in the future
[ 50%] [32mBuilding CXX object CMakeFiles/solution.dir/src/solution.cpp.o[0m
[100%] [32m[1mLinking CXX executable solution[0m
make[2]: warning:  Clock skew detected.  Your build may be incomplete.
[100%] Built target solution
-- Install configuration: ""
-- Installing: /home/software/Challenge/software-start-here/install/challenge/lib/challenge/solution
-- Set runtime path of "/home/software/Challenge/software-start-here/install/challenge/lib/challenge/solution" to ""
-- Up-to-date: /home/software/Challenge/software-start-here/install/challenge/share/ament_index/resource_index/package_run_dependencies/challenge
-- Up-to-date: /home/software/Challenge/software-start-here/install/challenge/share/ament_index/resource_index/parent_prefix_path/challenge
-- Up-to-date: /home/software/Challenge/software-start-here/install/challenge/share/challenge/environment/ament_prefix_path.sh
-- Installing: /home/software/Challenge/software-start-here/install/challenge/share/challenge/environment/ament_prefix_path.dsv
-- Up-to-date: /home/software/Challenge/software-start-here/install/challenge/share/challenge/environment/path.sh
-- Installing: /home/software/Challenge/software-start-here/install/challenge/share/challenge/environment/path.dsv
-- Up-to-date: /home/software/Challenge/software-start-here/install/challenge/share/challenge/local_setup.bash
-- Up-to-date: /home/software/Challenge/software-start-here/install/challenge/share/challenge/local_setup.sh
-- Up-to-date: /home/software/Challenge/software-start-here/install/challenge/share/challenge/local_setup.zsh
-- Installing: /home/software/Challenge/software-start-here/install/challenge/share/challenge/local_setup.dsv
-- Installing: /home/software/Challenge/software-start-here/install/challenge/share/challenge/package.dsv
-- Up-to-date: /home/software/Challenge/software-start-here/install/challenge/share/ament_index/resource_index/packages/challenge
-- Up-to-date: /home/software/Challenge/software-start-here/install/challenge/share/challenge/cmake/challengeConfig.cmake
-- Up-to-date: /home/software/Challenge/software-start-here/install/challenge/share/challenge/cmake/challengeConfig-version.cmake
-- Up-to-date: /home/software/Challenge/software-start-here/install/challenge/share/challenge/package.xml
