[0.013s] Invoking command in '/home/amraj/Subbots/software-start-here/src/build/challenge': CMAKE_PREFIX_PATH=${CMAKE_PREFIX_PATH}:/home/amraj/Subbots/software-start-here/src/install/py_launch_example:/opt/ros/foxy /usr/bin/cmake --build /home/amraj/Subbots/software-start-here/src/build/challenge -- -j8 -l8
[0.083s] [100%] Built target SineWave
[0.090s] Invoked command in '/home/amraj/Subbots/software-start-here/src/build/challenge' returned '0': CMAKE_PREFIX_PATH=${CMAKE_PREFIX_PATH}:/home/amraj/Subbots/software-start-here/src/install/py_launch_example:/opt/ros/foxy /usr/bin/cmake --build /home/amraj/Subbots/software-start-here/src/build/challenge -- -j8 -l8
[0.114s] Invoking command in '/home/amraj/Subbots/software-start-here/src/build/challenge': CMAKE_PREFIX_PATH=${CMAKE_PREFIX_PATH}:/home/amraj/Subbots/software-start-here/src/install/py_launch_example:/opt/ros/foxy /usr/bin/cmake --install /home/amraj/Subbots/software-start-here/src/build/challenge
[0.122s] -- Install configuration: ""
[0.123s] -- Up-to-date: /home/amraj/Subbots/software-start-here/src/install/challenge/lib/challenge/SineWave
[0.123s] -- Up-to-date: /home/amraj/Subbots/software-start-here/src/install/challenge/share/challenge//launch
[0.123s] -- Installing: /home/amraj/Subbots/software-start-here/src/install/challenge/share/challenge//launch/_launch.py
[0.123s] -- Up-to-date: /home/amraj/Subbots/software-start-here/src/install/challenge/share/ament_index/resource_index/package_run_dependencies/challenge
[0.123s] -- Up-to-date: /home/amraj/Subbots/software-start-here/src/install/challenge/share/ament_index/resource_index/parent_prefix_path/challenge
[0.123s] -- Up-to-date: /home/amraj/Subbots/software-start-here/src/install/challenge/share/challenge/environment/ament_prefix_path.sh
[0.123s] -- Up-to-date: /home/amraj/Subbots/software-start-here/src/install/challenge/share/challenge/environment/ament_prefix_path.dsv
[0.123s] -- Up-to-date: /home/amraj/Subbots/software-start-here/src/install/challenge/share/challenge/environment/path.sh
[0.123s] -- Up-to-date: /home/amraj/Subbots/software-start-here/src/install/challenge/share/challenge/environment/path.dsv
[0.123s] -- Up-to-date: /home/amraj/Subbots/software-start-here/src/install/challenge/share/challenge/local_setup.bash
[0.124s] -- Up-to-date: /home/amraj/Subbots/software-start-here/src/install/challenge/share/challenge/local_setup.sh
[0.124s] -- Up-to-date: /home/amraj/Subbots/software-start-here/src/install/challenge/share/challenge/local_setup.zsh
[0.124s] -- Up-to-date: /home/amraj/Subbots/software-start-here/src/install/challenge/share/challenge/local_setup.dsv
[0.124s] -- Up-to-date: /home/amraj/Subbots/software-start-here/src/install/challenge/share/challenge/package.dsv
[0.124s] -- Up-to-date: /home/amraj/Subbots/software-start-here/src/install/challenge/share/ament_index/resource_index/packages/challenge
[0.124s] -- Up-to-date: /home/amraj/Subbots/software-start-here/src/install/challenge/share/challenge/cmake/challengeConfig.cmake
[0.124s] -- Up-to-date: /home/amraj/Subbots/software-start-here/src/install/challenge/share/challenge/cmake/challengeConfig-version.cmake
[0.124s] -- Up-to-date: /home/amraj/Subbots/software-start-here/src/install/challenge/share/challenge/package.xml
[0.127s] Invoked command in '/home/amraj/Subbots/software-start-here/src/build/challenge' returned '0': CMAKE_PREFIX_PATH=${CMAKE_PREFIX_PATH}:/home/amraj/Subbots/software-start-here/src/install/py_launch_example:/opt/ros/foxy /usr/bin/cmake --install /home/amraj/Subbots/software-start-here/src/build/challenge
