[0.029s] Invoking command in '/home/krish/projects/software-start-here/src/build/challenge': CMAKE_PREFIX_PATH=/opt/ros/foxy /usr/bin/cmake --build /home/krish/projects/software-start-here/src/build/challenge -- -j8 -l8
[0.054s] -- Found ament_cmake: 0.9.12 (/opt/ros/foxy/share/ament_cmake/cmake)
[0.059s] [33mCMake Warning (dev) at /opt/ros/foxy/share/ament_cmake_core/cmake/core/python.cmake:22 (find_package):
[0.059s]   Policy CMP0148 is not set: The FindPythonInterp and FindPythonLibs modules
[0.059s]   are removed.  Run "cmake --help-policy CMP0148" for policy details.  Use
[0.059s]   the cmake_policy command to set the policy and suppress this warning.
[0.059s] 
[0.060s] Call Stack (most recent call first):
[0.060s]   /opt/ros/foxy/share/ament_cmake_core/cmake/core/all.cmake:53 (include)
[0.060s]   /opt/ros/foxy/share/ament_cmake_core/cmake/ament_cmake_core-extras.cmake:17 (include)
[0.060s]   /opt/ros/foxy/share/ament_cmake_core/cmake/ament_cmake_coreConfig.cmake:41 (include)
[0.060s]   /opt/ros/foxy/share/ament_cmake/cmake/ament_cmake_export_dependencies-extras.cmake:15 (find_package)
[0.060s]   /opt/ros/foxy/share/ament_cmake/cmake/ament_cmakeConfig.cmake:41 (include)
[0.060s]   CMakeLists.txt:19 (find_package)
[0.060s] This warning is for project developers.  Use -Wno-dev to suppress it.
[0.060s] [0m
[0.085s] -- Using PYTHON_EXECUTABLE: /usr/bin/python3
[0.310s] -- Found rclcpp: 2.4.3 (/opt/ros/foxy/share/rclcpp/cmake)
[0.557s] -- Using all available rosidl_typesupport_c: rosidl_typesupport_fastrtps_c;rosidl_typesupport_introspection_c
[0.564s] -- Found rosidl_adapter: 1.3.1 (/opt/ros/foxy/share/rosidl_adapter/cmake)
[9.284s] -- Using all available rosidl_typesupport_cpp: rosidl_typesupport_fastrtps_cpp;rosidl_typesupport_introspection_cpp
[9.358s] -- Found rmw_implementation_cmake: 1.0.4 (/opt/ros/foxy/share/rmw_implementation_cmake/cmake)
[9.361s] -- Using RMW implementation 'rmw_fastrtps_cpp' as default
[9.516s] -- Found geometry_msgs: 2.0.5 (/opt/ros/foxy/share/geometry_msgs/cmake)
[9.552s] -- Found ament_lint_auto: 0.9.8 (/opt/ros/foxy/share/ament_lint_auto/cmake)
[9.631s] -- Added test 'copyright' to check source files copyright and LICENSE
[9.636s] -- Added test 'cppcheck' to perform static code analysis on C / C++ code
[9.636s] -- Configured cppcheck include dirs: $<BUILD_INTERFACE:/home/krish/projects/software-start-here/src/challenge/include>
[9.636s] -- Configured cppcheck exclude dirs and/or files: 
[9.638s] -- Added test 'cpplint' to check C / C++ code against the Google style
[9.638s] -- Configured cpplint exclude dirs and/or files: 
[9.639s] -- Added test 'flake8' to check Python code syntax and style conventions
[9.640s] -- Added test 'lint_cmake' to check CMake code style
[9.640s] -- Added test 'pep257' to check Python code against some of the style conventions in PEP 257
[9.642s] -- Added test 'uncrustify' to check C / C++ code style
[9.642s] -- Configured uncrustify additional arguments: 
[9.643s] -- Added test 'xmllint' to check XML markup files
[9.646s] -- Configuring done (9.6s)
[9.666s] -- Generating done (0.0s)
[9.667s] -- Build files have been written to: /home/krish/projects/software-start-here/src/build/challenge
[9.686s] [ 50%] [32mBuilding CXX object CMakeFiles/solution.dir/src/solution.cpp.o[0m
[9.695s] [01m[K/home/krish/projects/software-start-here/src/challenge/src/solution.cpp:2:10:[m[K [01;31m[Kfatal error: [m[Krclcpp/rclcpp.h: No such file or directory
[9.696s]     2 | #include [01;31m[K<rclcpp/rclcpp.h>[m[K
[9.696s]       |          [01;31m[K^~~~~~~~~~~~~~~~~[m[K
[9.696s] compilation terminated.
[9.697s] make[2]: *** [CMakeFiles/solution.dir/build.make:76: CMakeFiles/solution.dir/src/solution.cpp.o] Error 1
[9.697s] make[1]: *** [CMakeFiles/Makefile2:137: CMakeFiles/solution.dir/all] Error 2
[9.697s] make: *** [Makefile:146: all] Error 2
[9.699s] Invoked command in '/home/krish/projects/software-start-here/src/build/challenge' returned '2': CMAKE_PREFIX_PATH=/opt/ros/foxy /usr/bin/cmake --build /home/krish/projects/software-start-here/src/build/challenge -- -j8 -l8
