[0.131s] Invoking command in '/home/strawberryshadow/Desktop/software-start-here/build/challenge': CMAKE_PREFIX_PATH=${CMAKE_PREFIX_PATH}:/home/strawberryshadow/Desktop/triton/install/triton_teleop:/home/strawberryshadow/Desktop/triton/install/triton_pipeline:/home/strawberryshadow/Desktop/triton/install/triton_bringup:/opt/ros/rolling:/opt/ros/foxy /usr/bin/cmake /home/strawberryshadow/Desktop/software-start-here/src/challenge -DCMAKE_INSTALL_PREFIX=/home/strawberryshadow/Desktop/software-start-here/install/challenge
[0.167s] -- The C compiler identification is GNU 9.4.0
[0.201s] -- The CXX compiler identification is GNU 9.4.0
[0.205s] -- Check for working C compiler: /usr/bin/cc
[0.251s] -- Check for working C compiler: /usr/bin/cc -- works
[0.251s] -- Detecting C compiler ABI info
[0.296s] -- Detecting C compiler ABI info - done
[0.303s] -- Detecting C compile features
[0.303s] -- Detecting C compile features - done
[0.305s] -- Check for working CXX compiler: /usr/bin/c++
[0.357s] -- Check for working CXX compiler: /usr/bin/c++ -- works
[0.359s] -- Detecting CXX compiler ABI info
[0.419s] -- Detecting CXX compiler ABI info - done
[0.427s] -- Detecting CXX compile features
[0.427s] -- Detecting CXX compile features - done
[0.429s] -- Found ament_cmake: 1.2.1 (/opt/ros/rolling/share/ament_cmake/cmake)
[0.523s] -- Found Python3: /usr/bin/python3.8 (found version "3.8.10") found components: Interpreter 
[0.577s] -- Found ament_lint_auto: 0.9.8 (/opt/ros/foxy/share/ament_lint_auto/cmake)
[0.629s] -- Added test 'copyright' to check source files copyright and LICENSE
[0.630s] -- Added test 'cppcheck' to perform static code analysis on C / C++ code
[0.630s] -- Configured cppcheck include dirs: $<BUILD_INTERFACE:/home/strawberryshadow/Desktop/software-start-here/src/challenge/include>
[0.630s] -- Configured cppcheck exclude dirs and/or files: 
[0.631s] -- Added test 'cpplint' to check C / C++ code against the Google style
[0.631s] -- Configured cpplint exclude dirs and/or files: 
[0.631s] -- Added test 'lint_cmake' to check CMake code style
[0.632s] -- Added test 'uncrustify' to check C / C++ code style
[0.632s] -- Configured uncrustify additional arguments: 
[0.632s] -- Added test 'xmllint' to check XML markup files
[0.633s] -- Configuring done
[0.643s] -- Generating done
[0.644s] -- Build files have been written to: /home/strawberryshadow/Desktop/software-start-here/build/challenge
[0.647s] Invoked command in '/home/strawberryshadow/Desktop/software-start-here/build/challenge' returned '0': CMAKE_PREFIX_PATH=${CMAKE_PREFIX_PATH}:/home/strawberryshadow/Desktop/triton/install/triton_teleop:/home/strawberryshadow/Desktop/triton/install/triton_pipeline:/home/strawberryshadow/Desktop/triton/install/triton_bringup:/opt/ros/rolling:/opt/ros/foxy /usr/bin/cmake /home/strawberryshadow/Desktop/software-start-here/src/challenge -DCMAKE_INSTALL_PREFIX=/home/strawberryshadow/Desktop/software-start-here/install/challenge
[0.650s] Invoking command in '/home/strawberryshadow/Desktop/software-start-here/build/challenge': CMAKE_PREFIX_PATH=${CMAKE_PREFIX_PATH}:/home/strawberryshadow/Desktop/triton/install/triton_teleop:/home/strawberryshadow/Desktop/triton/install/triton_pipeline:/home/strawberryshadow/Desktop/triton/install/triton_bringup:/opt/ros/rolling:/opt/ros/foxy /usr/bin/cmake --build /home/strawberryshadow/Desktop/software-start-here/build/challenge -- -j12 -l12
[0.683s] [35m[1mScanning dependencies of target solution[0m
[0.691s] [ 50%] [32mBuilding CXX object CMakeFiles/solution.dir/src/solution.cpp.o[0m
[0.714s] [100%] [32m[1mLinking CXX executable solution[0m
[0.745s] [100%] Built target solution
[0.753s] Invoked command in '/home/strawberryshadow/Desktop/software-start-here/build/challenge' returned '0': CMAKE_PREFIX_PATH=${CMAKE_PREFIX_PATH}:/home/strawberryshadow/Desktop/triton/install/triton_teleop:/home/strawberryshadow/Desktop/triton/install/triton_pipeline:/home/strawberryshadow/Desktop/triton/install/triton_bringup:/opt/ros/rolling:/opt/ros/foxy /usr/bin/cmake --build /home/strawberryshadow/Desktop/software-start-here/build/challenge -- -j12 -l12
[0.777s] Invoking command in '/home/strawberryshadow/Desktop/software-start-here/build/challenge': CMAKE_PREFIX_PATH=${CMAKE_PREFIX_PATH}:/home/strawberryshadow/Desktop/triton/install/triton_teleop:/home/strawberryshadow/Desktop/triton/install/triton_pipeline:/home/strawberryshadow/Desktop/triton/install/triton_bringup:/opt/ros/rolling:/opt/ros/foxy /usr/bin/cmake --install /home/strawberryshadow/Desktop/software-start-here/build/challenge
[0.783s] -- Install configuration: ""
[0.783s] -- Installing: /home/strawberryshadow/Desktop/software-start-here/install/challenge/lib/challenge/solution
[0.784s] -- Installing: /home/strawberryshadow/Desktop/software-start-here/install/challenge/share/ament_index/resource_index/package_run_dependencies/challenge
[0.784s] -- Installing: /home/strawberryshadow/Desktop/software-start-here/install/challenge/share/ament_index/resource_index/parent_prefix_path/challenge
[0.784s] -- Installing: /home/strawberryshadow/Desktop/software-start-here/install/challenge/share/challenge/environment/ament_prefix_path.sh
[0.784s] -- Installing: /home/strawberryshadow/Desktop/software-start-here/install/challenge/share/challenge/environment/ament_prefix_path.dsv
[0.784s] -- Installing: /home/strawberryshadow/Desktop/software-start-here/install/challenge/share/challenge/environment/path.sh
[0.784s] -- Installing: /home/strawberryshadow/Desktop/software-start-here/install/challenge/share/challenge/environment/path.dsv
[0.784s] -- Installing: /home/strawberryshadow/Desktop/software-start-here/install/challenge/share/challenge/local_setup.bash
[0.785s] -- Installing: /home/strawberryshadow/Desktop/software-start-here/install/challenge/share/challenge/local_setup.sh
[0.785s] -- Installing: /home/strawberryshadow/Desktop/software-start-here/install/challenge/share/challenge/local_setup.zsh
[0.785s] -- Installing: /home/strawberryshadow/Desktop/software-start-here/install/challenge/share/challenge/local_setup.dsv
[0.785s] -- Installing: /home/strawberryshadow/Desktop/software-start-here/install/challenge/share/challenge/package.dsv
[0.785s] -- Installing: /home/strawberryshadow/Desktop/software-start-here/install/challenge/share/ament_index/resource_index/packages/challenge
[0.785s] -- Installing: /home/strawberryshadow/Desktop/software-start-here/install/challenge/share/challenge/cmake/challengeConfig.cmake
[0.786s] -- Installing: /home/strawberryshadow/Desktop/software-start-here/install/challenge/share/challenge/cmake/challengeConfig-version.cmake
[0.786s] -- Installing: /home/strawberryshadow/Desktop/software-start-here/install/challenge/share/challenge/package.xml
[0.786s] Invoked command in '/home/strawberryshadow/Desktop/software-start-here/build/challenge' returned '0': CMAKE_PREFIX_PATH=${CMAKE_PREFIX_PATH}:/home/strawberryshadow/Desktop/triton/install/triton_teleop:/home/strawberryshadow/Desktop/triton/install/triton_pipeline:/home/strawberryshadow/Desktop/triton/install/triton_bringup:/opt/ros/rolling:/opt/ros/foxy /usr/bin/cmake --install /home/strawberryshadow/Desktop/software-start-here/build/challenge
