[0.009s] Invoking command in '/home/krithik/software-start-here/src/build/challenge': CMAKE_PREFIX_PATH=/opt/ros/rolling:/opt/ros/foxy /usr/bin/cmake --build /home/krithik/software-start-here/src/build/challenge -- -j8 -l8
[0.024s] -- Found ament_cmake: 1.1.4 (/opt/ros/rolling/share/ament_cmake/cmake)
[0.037s] -- Using PYTHON_EXECUTABLE: /usr/bin/python3
[0.073s] -- Found turtlesim: 1.3.2 (/opt/ros/rolling/share/turtlesim/cmake)
[0.085s] -- Using all available rosidl_typesupport_c: rosidl_typesupport_introspection_c;rosidl_typesupport_fastrtps_c
[0.087s] -- Found rosidl_adapter: 2.5.0 (/opt/ros/rolling/share/rosidl_adapter/cmake)
[0.161s] -- Using all available rosidl_typesupport_cpp: rosidl_typesupport_introspection_cpp;rosidl_typesupport_fastrtps_cpp
[0.236s] -- Found geometry_msgs: 3.0.0 (/opt/ros/rolling/share/geometry_msgs/cmake)
[0.270s] -- Found rclcpp: 13.0.0 (/opt/ros/rolling/share/rclcpp/cmake)
[0.295s] -- Found rmw_implementation_cmake: 4.0.0 (/opt/ros/rolling/share/rmw_implementation_cmake/cmake)
[0.296s] -- Found rmw_cyclonedds_cpp: 0.23.1 (/opt/ros/rolling/share/rmw_cyclonedds_cpp/cmake)
[0.307s] -- Using RMW implementation 'rmw_cyclonedds_cpp' as default
[0.387s] -- Found rclcpp_action: 13.0.0 (/opt/ros/rolling/share/rclcpp_action/cmake)
[0.407s] -- Found ament_lint_auto: 0.9.6 (/opt/ros/foxy/share/ament_lint_auto/cmake)
[0.444s] -- Added test 'copyright' to check source files copyright and LICENSE
[0.444s] -- Added test 'cppcheck' to perform static code analysis on C / C++ code
[0.444s] -- Configured cppcheck include dirs: $<BUILD_INTERFACE:/home/krithik/software-start-here/src/challenge/include>
[0.444s] -- Configured cppcheck exclude dirs and/or files: 
[0.444s] -- Added test 'cpplint' to check C / C++ code against the Google style
[0.444s] -- Configured cpplint exclude dirs and/or files: 
[0.445s] -- Added test 'lint_cmake' to check CMake code style
[0.445s] -- Added test 'uncrustify' to check C / C++ code style
[0.445s] -- Configured uncrustify additional arguments: 
[0.445s] -- Added test 'xmllint' to check XML markup files
[0.447s] -- Configuring done
[0.452s] -- Generating done
[0.453s] -- Build files have been written to: /home/krithik/software-start-here/src/build/challenge
[0.483s] [100%] Built target solution
[0.491s] Invoked command in '/home/krithik/software-start-here/src/build/challenge' returned '0': CMAKE_PREFIX_PATH=/opt/ros/rolling:/opt/ros/foxy /usr/bin/cmake --build /home/krithik/software-start-here/src/build/challenge -- -j8 -l8
[0.530s] Invoking command in '/home/krithik/software-start-here/src/build/challenge': CMAKE_PREFIX_PATH=/opt/ros/rolling:/opt/ros/foxy /usr/bin/cmake --install /home/krithik/software-start-here/src/build/challenge
[0.540s] -- Install configuration: ""
[0.540s] -- Up-to-date: /home/krithik/software-start-here/src/install/challenge/lib/challenge/solution
[0.540s] -- Up-to-date: /home/krithik/software-start-here/src/install/challenge/share/ament_index/resource_index/package_run_dependencies/challenge
[0.540s] -- Up-to-date: /home/krithik/software-start-here/src/install/challenge/share/ament_index/resource_index/parent_prefix_path/challenge
[0.540s] -- Up-to-date: /home/krithik/software-start-here/src/install/challenge/share/challenge/environment/ament_prefix_path.sh
[0.540s] -- Installing: /home/krithik/software-start-here/src/install/challenge/share/challenge/environment/ament_prefix_path.dsv
[0.540s] -- Up-to-date: /home/krithik/software-start-here/src/install/challenge/share/challenge/environment/path.sh
[0.540s] -- Installing: /home/krithik/software-start-here/src/install/challenge/share/challenge/environment/path.dsv
[0.540s] -- Up-to-date: /home/krithik/software-start-here/src/install/challenge/share/challenge/local_setup.bash
[0.540s] -- Up-to-date: /home/krithik/software-start-here/src/install/challenge/share/challenge/local_setup.sh
[0.541s] -- Up-to-date: /home/krithik/software-start-here/src/install/challenge/share/challenge/local_setup.zsh
[0.541s] -- Installing: /home/krithik/software-start-here/src/install/challenge/share/challenge/local_setup.dsv
[0.541s] -- Installing: /home/krithik/software-start-here/src/install/challenge/share/challenge/package.dsv
[0.541s] -- Up-to-date: /home/krithik/software-start-here/src/install/challenge/share/ament_index/resource_index/packages/challenge
[0.541s] -- Up-to-date: /home/krithik/software-start-here/src/install/challenge/share/challenge/cmake/challengeConfig.cmake
[0.541s] -- Up-to-date: /home/krithik/software-start-here/src/install/challenge/share/challenge/cmake/challengeConfig-version.cmake
[0.541s] -- Up-to-date: /home/krithik/software-start-here/src/install/challenge/share/challenge/package.xml
[0.543s] Invoked command in '/home/krithik/software-start-here/src/build/challenge' returned '0': CMAKE_PREFIX_PATH=/opt/ros/rolling:/opt/ros/foxy /usr/bin/cmake --install /home/krithik/software-start-here/src/build/challenge
