[0.008s] Invoking command in '/home/krithik/software-start-here/src/build/challenge': CMAKE_PREFIX_PATH=/opt/ros/rolling:/opt/ros/foxy /usr/bin/cmake --build /home/krithik/software-start-here/src/build/challenge -- -j8 -l8
[0.034s] [35m[1mScanning dependencies of target solution[0m
[0.092s] [ 50%] [32mBuilding CXX object CMakeFiles/solution.dir/src/solution.cpp.o[0m
[2.770s] [100%] [32m[1mLinking CXX executable solution[0m
[2.924s] [100%] Built target solution
[2.932s] Invoked command in '/home/krithik/software-start-here/src/build/challenge' returned '0': CMAKE_PREFIX_PATH=/opt/ros/rolling:/opt/ros/foxy /usr/bin/cmake --build /home/krithik/software-start-here/src/build/challenge -- -j8 -l8
[2.959s] Invoking command in '/home/krithik/software-start-here/src/build/challenge': CMAKE_PREFIX_PATH=/opt/ros/rolling:/opt/ros/foxy /usr/bin/cmake --install /home/krithik/software-start-here/src/build/challenge
[2.965s] -- Install configuration: ""
[2.965s] -- Installing: /home/krithik/software-start-here/src/install/challenge/lib/challenge/solution
[2.966s] -- Set runtime path of "/home/krithik/software-start-here/src/install/challenge/lib/challenge/solution" to ""
[2.966s] -- Up-to-date: /home/krithik/software-start-here/src/install/challenge/share/ament_index/resource_index/package_run_dependencies/challenge
[2.966s] -- Up-to-date: /home/krithik/software-start-here/src/install/challenge/share/ament_index/resource_index/parent_prefix_path/challenge
[2.966s] -- Up-to-date: /home/krithik/software-start-here/src/install/challenge/share/challenge/environment/ament_prefix_path.sh
[2.966s] -- Up-to-date: /home/krithik/software-start-here/src/install/challenge/share/challenge/environment/ament_prefix_path.dsv
[2.967s] -- Up-to-date: /home/krithik/software-start-here/src/install/challenge/share/challenge/environment/path.sh
[2.967s] -- Up-to-date: /home/krithik/software-start-here/src/install/challenge/share/challenge/environment/path.dsv
[2.967s] -- Up-to-date: /home/krithik/software-start-here/src/install/challenge/share/challenge/local_setup.bash
[2.967s] -- Up-to-date: /home/krithik/software-start-here/src/install/challenge/share/challenge/local_setup.sh
[2.967s] -- Up-to-date: /home/krithik/software-start-here/src/install/challenge/share/challenge/local_setup.zsh
[2.967s] -- Up-to-date: /home/krithik/software-start-here/src/install/challenge/share/challenge/local_setup.dsv
[2.967s] -- Installing: /home/krithik/software-start-here/src/install/challenge/share/challenge/package.dsv
[2.967s] -- Up-to-date: /home/krithik/software-start-here/src/install/challenge/share/ament_index/resource_index/packages/challenge
[2.967s] -- Up-to-date: /home/krithik/software-start-here/src/install/challenge/share/challenge/cmake/challengeConfig.cmake
[2.967s] -- Up-to-date: /home/krithik/software-start-here/src/install/challenge/share/challenge/cmake/challengeConfig-version.cmake
[2.967s] -- Up-to-date: /home/krithik/software-start-here/src/install/challenge/share/challenge/package.xml
[2.969s] Invoked command in '/home/krithik/software-start-here/src/build/challenge' returned '0': CMAKE_PREFIX_PATH=/opt/ros/rolling:/opt/ros/foxy /usr/bin/cmake --install /home/krithik/software-start-here/src/build/challenge
