[0.027s] Invoking command in '/home/krish/repos/software-start-here/build/challenge': CMAKE_PREFIX_PATH=${CMAKE_PREFIX_PATH}:/home/krish/repos/steelhead/install/triton_teleop:/home/krish/repos/steelhead/install/triton_pipeline:/home/krish/repos/steelhead/install/triton_bringup:/home/krish/ws/install/opencv_tests:/home/krish/ros2_ws/src/install/examples_rclpy_minimal_subscriber:/home/krish/ros2_ws/src/install/examples_rclpy_minimal_service:/home/krish/ros2_ws/src/install/examples_rclpy_minimal_publisher:/home/krish/ros2_ws/src/install/examples_rclpy_minimal_client:/home/krish/ros2_ws/src/install/examples_rclpy_minimal_action_server:/home/krish/ros2_ws/src/install/examples_rclpy_minimal_action_client:/home/krish/ros2_ws/src/install/examples_rclpy_executors:/opt/ros/foxy /usr/bin/cmake /home/krish/repos/software-start-here/src/challenge -DCMAKE_INSTALL_PREFIX=/home/krish/repos/software-start-here/install/challenge
[0.411s] -- The C compiler identification is GNU 9.4.0
[0.702s] -- The CXX compiler identification is GNU 9.4.0
[0.799s] -- Check for working C compiler: /usr/bin/cc
[0.966s] -- Check for working C compiler: /usr/bin/cc -- works
[0.969s] -- Detecting C compiler ABI info
[1.211s] -- Detecting C compiler ABI info - done
[1.230s] -- Detecting C compile features
[1.231s] -- Detecting C compile features - done
[1.236s] -- Check for working CXX compiler: /usr/bin/c++
[1.535s] -- Check for working CXX compiler: /usr/bin/c++ -- works
[1.536s] -- Detecting CXX compiler ABI info
[1.825s] -- Detecting CXX compiler ABI info - done
[1.836s] -- Detecting CXX compile features
[1.837s] -- Detecting CXX compile features - done
[1.898s] -- Found ament_cmake: 0.9.12 (/opt/ros/foxy/share/ament_cmake/cmake)
[1.957s] -- Found PythonInterp: /usr/bin/python3 (found suitable version "3.8.10", minimum required is "3") 
[1.957s] -- Using PYTHON_EXECUTABLE: /usr/bin/python3
[2.239s] -- Found rclcpp: 2.4.3 (/opt/ros/foxy/share/rclcpp/cmake)
[2.481s] -- Using all available rosidl_typesupport_c: rosidl_typesupport_fastrtps_c;rosidl_typesupport_introspection_c
[2.500s] -- Found rosidl_adapter: 1.3.1 (/opt/ros/foxy/share/rosidl_adapter/cmake)
[3.733s] -- Found OpenSSL: /usr/lib/x86_64-linux-gnu/libcrypto.so (found version "1.1.1f")  
[4.784s] -- Found FastRTPS: /opt/ros/foxy/include  
[6.879s] -- Using all available rosidl_typesupport_cpp: rosidl_typesupport_fastrtps_cpp;rosidl_typesupport_introspection_cpp
[6.979s] -- Found rmw_implementation_cmake: 1.0.4 (/opt/ros/foxy/share/rmw_implementation_cmake/cmake)
[6.985s] -- Using RMW implementation 'rmw_fastrtps_cpp' as default
[6.987s] -- Looking for pthread.h
[7.207s] -- Looking for pthread.h - found
[7.207s] -- Performing Test CMAKE_HAVE_LIBC_PTHREAD
[7.397s] -- Performing Test CMAKE_HAVE_LIBC_PTHREAD - Failed
[7.397s] -- Looking for pthread_create in pthreads
[7.584s] -- Looking for pthread_create in pthreads - not found
[7.585s] -- Looking for pthread_create in pthread
[7.801s] -- Looking for pthread_create in pthread - found
[7.803s] -- Found Threads: TRUE  
[8.074s] -- Found geometry_msgs: 2.0.5 (/opt/ros/foxy/share/geometry_msgs/cmake)
[8.229s] -- Configuring done
[8.239s] -- Generating done
[8.244s] -- Build files have been written to: /home/krish/repos/software-start-here/build/challenge
[8.251s] Invoked command in '/home/krish/repos/software-start-here/build/challenge' returned '0': CMAKE_PREFIX_PATH=${CMAKE_PREFIX_PATH}:/home/krish/repos/steelhead/install/triton_teleop:/home/krish/repos/steelhead/install/triton_pipeline:/home/krish/repos/steelhead/install/triton_bringup:/home/krish/ws/install/opencv_tests:/home/krish/ros2_ws/src/install/examples_rclpy_minimal_subscriber:/home/krish/ros2_ws/src/install/examples_rclpy_minimal_service:/home/krish/ros2_ws/src/install/examples_rclpy_minimal_publisher:/home/krish/ros2_ws/src/install/examples_rclpy_minimal_client:/home/krish/ros2_ws/src/install/examples_rclpy_minimal_action_server:/home/krish/ros2_ws/src/install/examples_rclpy_minimal_action_client:/home/krish/ros2_ws/src/install/examples_rclpy_executors:/opt/ros/foxy /usr/bin/cmake /home/krish/repos/software-start-here/src/challenge -DCMAKE_INSTALL_PREFIX=/home/krish/repos/software-start-here/install/challenge
[8.255s] Invoking command in '/home/krish/repos/software-start-here/build/challenge': CMAKE_PREFIX_PATH=${CMAKE_PREFIX_PATH}:/home/krish/repos/steelhead/install/triton_teleop:/home/krish/repos/steelhead/install/triton_pipeline:/home/krish/repos/steelhead/install/triton_bringup:/home/krish/ws/install/opencv_tests:/home/krish/ros2_ws/src/install/examples_rclpy_minimal_subscriber:/home/krish/ros2_ws/src/install/examples_rclpy_minimal_service:/home/krish/ros2_ws/src/install/examples_rclpy_minimal_publisher:/home/krish/ros2_ws/src/install/examples_rclpy_minimal_client:/home/krish/ros2_ws/src/install/examples_rclpy_minimal_action_server:/home/krish/ros2_ws/src/install/examples_rclpy_minimal_action_client:/home/krish/ros2_ws/src/install/examples_rclpy_executors:/opt/ros/foxy /usr/bin/cmake --build /home/krish/repos/software-start-here/build/challenge -- -j8 -l8
[8.360s] [35m[1mScanning dependencies of target solution[0m
[8.565s] [ 50%] [32mBuilding CXX object CMakeFiles/solution.dir/src/solution.cpp.o[0m
[12.681s] [100%] [32m[1mLinking CXX executable solution[0m
[13.074s] [100%] Built target solution
[13.091s] Invoked command in '/home/krish/repos/software-start-here/build/challenge' returned '0': CMAKE_PREFIX_PATH=${CMAKE_PREFIX_PATH}:/home/krish/repos/steelhead/install/triton_teleop:/home/krish/repos/steelhead/install/triton_pipeline:/home/krish/repos/steelhead/install/triton_bringup:/home/krish/ws/install/opencv_tests:/home/krish/ros2_ws/src/install/examples_rclpy_minimal_subscriber:/home/krish/ros2_ws/src/install/examples_rclpy_minimal_service:/home/krish/ros2_ws/src/install/examples_rclpy_minimal_publisher:/home/krish/ros2_ws/src/install/examples_rclpy_minimal_client:/home/krish/ros2_ws/src/install/examples_rclpy_minimal_action_server:/home/krish/ros2_ws/src/install/examples_rclpy_minimal_action_client:/home/krish/ros2_ws/src/install/examples_rclpy_executors:/opt/ros/foxy /usr/bin/cmake --build /home/krish/repos/software-start-here/build/challenge -- -j8 -l8
[13.108s] Invoking command in '/home/krish/repos/software-start-here/build/challenge': CMAKE_PREFIX_PATH=${CMAKE_PREFIX_PATH}:/home/krish/repos/steelhead/install/triton_teleop:/home/krish/repos/steelhead/install/triton_pipeline:/home/krish/repos/steelhead/install/triton_bringup:/home/krish/ws/install/opencv_tests:/home/krish/ros2_ws/src/install/examples_rclpy_minimal_subscriber:/home/krish/ros2_ws/src/install/examples_rclpy_minimal_service:/home/krish/ros2_ws/src/install/examples_rclpy_minimal_publisher:/home/krish/ros2_ws/src/install/examples_rclpy_minimal_client:/home/krish/ros2_ws/src/install/examples_rclpy_minimal_action_server:/home/krish/ros2_ws/src/install/examples_rclpy_minimal_action_client:/home/krish/ros2_ws/src/install/examples_rclpy_executors:/opt/ros/foxy /usr/bin/cmake --install /home/krish/repos/software-start-here/build/challenge
[13.119s] -- Install configuration: ""
[13.120s] -- Installing: /home/krish/repos/software-start-here/install/challenge/lib/challenge/solution
[13.121s] -- Set runtime path of "/home/krish/repos/software-start-here/install/challenge/lib/challenge/solution" to ""
[13.122s] -- Installing: /home/krish/repos/software-start-here/install/challenge/share/ament_index/resource_index/package_run_dependencies/challenge
[13.122s] -- Installing: /home/krish/repos/software-start-here/install/challenge/share/ament_index/resource_index/parent_prefix_path/challenge
[13.123s] -- Installing: /home/krish/repos/software-start-here/install/challenge/share/challenge/environment/ament_prefix_path.sh
[13.123s] -- Installing: /home/krish/repos/software-start-here/install/challenge/share/challenge/environment/ament_prefix_path.dsv
[13.123s] -- Installing: /home/krish/repos/software-start-here/install/challenge/share/challenge/environment/path.sh
[13.123s] -- Installing: /home/krish/repos/software-start-here/install/challenge/share/challenge/environment/path.dsv
[13.123s] -- Installing: /home/krish/repos/software-start-here/install/challenge/share/challenge/local_setup.bash
[13.124s] -- Installing: /home/krish/repos/software-start-here/install/challenge/share/challenge/local_setup.sh
[13.124s] -- Installing: /home/krish/repos/software-start-here/install/challenge/share/challenge/local_setup.zsh
[13.124s] -- Installing: /home/krish/repos/software-start-here/install/challenge/share/challenge/local_setup.dsv
[13.124s] -- Installing: /home/krish/repos/software-start-here/install/challenge/share/challenge/package.dsv
[13.125s] -- Installing: /home/krish/repos/software-start-here/install/challenge/share/ament_index/resource_index/packages/challenge
[13.125s] -- Installing: /home/krish/repos/software-start-here/install/challenge/share/challenge/cmake/challengeConfig.cmake
[13.125s] -- Installing: /home/krish/repos/software-start-here/install/challenge/share/challenge/cmake/challengeConfig-version.cmake
[13.125s] -- Installing: /home/krish/repos/software-start-here/install/challenge/share/challenge/package.xml
[13.128s] Invoked command in '/home/krish/repos/software-start-here/build/challenge' returned '0': CMAKE_PREFIX_PATH=${CMAKE_PREFIX_PATH}:/home/krish/repos/steelhead/install/triton_teleop:/home/krish/repos/steelhead/install/triton_pipeline:/home/krish/repos/steelhead/install/triton_bringup:/home/krish/ws/install/opencv_tests:/home/krish/ros2_ws/src/install/examples_rclpy_minimal_subscriber:/home/krish/ros2_ws/src/install/examples_rclpy_minimal_service:/home/krish/ros2_ws/src/install/examples_rclpy_minimal_publisher:/home/krish/ros2_ws/src/install/examples_rclpy_minimal_client:/home/krish/ros2_ws/src/install/examples_rclpy_minimal_action_server:/home/krish/ros2_ws/src/install/examples_rclpy_minimal_action_client:/home/krish/ros2_ws/src/install/examples_rclpy_executors:/opt/ros/foxy /usr/bin/cmake --install /home/krish/repos/software-start-here/build/challenge
