-- Found ament_cmake: 0.9.12 (/opt/ros/foxy/share/ament_cmake/cmake)
-- Using PYTHON_EXECUTABLE: /usr/bin/python3
-- Found rclcpp: 2.4.3 (/opt/ros/foxy/share/rclcpp/cmake)
-- Using all available rosidl_typesupport_c: rosidl_typesupport_fastrtps_c;rosidl_typesupport_introspection_c
-- Found rosidl_adapter: 1.3.1 (/opt/ros/foxy/share/rosidl_adapter/cmake)
-- Using all available rosidl_typesupport_cpp: rosidl_typesupport_fastrtps_cpp;rosidl_typesupport_introspection_cpp
-- Found rmw_implementation_cmake: 1.0.4 (/opt/ros/foxy/share/rmw_implementation_cmake/cmake)
-- Using RMW implementation 'rmw_fastrtps_cpp' as default
-- Found geometry_msgs: 2.0.5 (/opt/ros/foxy/share/geometry_msgs/cmake)
-- Found turtlesim: 1.2.6 (/opt/ros/foxy/share/turtlesim/cmake)
-- Configuring done
-- Generating done
-- Build files have been written to: /home/krish/repos/software-start-here/build/challenge
[ 50%] [32m[1mLinking CXX executable solution[0m
[100%] Built target solution
-- Install configuration: ""
-- Installing: /home/krish/repos/software-start-here/install/challenge/lib/challenge/solution
-- Set runtime path of "/home/krish/repos/software-start-here/install/challenge/lib/challenge/solution" to ""
-- Up-to-date: /home/krish/repos/software-start-here/install/challenge/share/ament_index/resource_index/package_run_dependencies/challenge
-- Installing: /home/krish/repos/software-start-here/install/challenge/share/ament_index/resource_index/parent_prefix_path/challenge
-- Up-to-date: /home/krish/repos/software-start-here/install/challenge/share/challenge/environment/ament_prefix_path.sh
-- Installing: /home/krish/repos/software-start-here/install/challenge/share/challenge/environment/ament_prefix_path.dsv
-- Up-to-date: /home/krish/repos/software-start-here/install/challenge/share/challenge/environment/path.sh
-- Installing: /home/krish/repos/software-start-here/install/challenge/share/challenge/environment/path.dsv
-- Up-to-date: /home/krish/repos/software-start-here/install/challenge/share/challenge/local_setup.bash
-- Up-to-date: /home/krish/repos/software-start-here/install/challenge/share/challenge/local_setup.sh
-- Up-to-date: /home/krish/repos/software-start-here/install/challenge/share/challenge/local_setup.zsh
-- Installing: /home/krish/repos/software-start-here/install/challenge/share/challenge/local_setup.dsv
-- Installing: /home/krish/repos/software-start-here/install/challenge/share/challenge/package.dsv
-- Up-to-date: /home/krish/repos/software-start-here/install/challenge/share/ament_index/resource_index/packages/challenge
-- Up-to-date: /home/krish/repos/software-start-here/install/challenge/share/challenge/cmake/challengeConfig.cmake
-- Up-to-date: /home/krish/repos/software-start-here/install/challenge/share/challenge/cmake/challengeConfig-version.cmake
-- Up-to-date: /home/krish/repos/software-start-here/install/challenge/share/challenge/package.xml
