[0.011s] Invoking command in '/home/subbots/software-start-here/build/challenge': CMAKE_PREFIX_PATH=${CMAKE_PREFIX_PATH}:/opt/ros/foxy /usr/bin/cmake --build /home/subbots/software-start-here/build/challenge -- -j1 -l1
[0.071s] [35m[1mScanning dependencies of target solution[0m
[0.116s] [ 50%] [32mBuilding CXX object CMakeFiles/solution.dir/src/solution.cpp.o[0m
[3.546s] [100%] [32m[1mLinking CXX executable solution[0m
[3.734s] [100%] Built target solution
[3.753s] Invoked command in '/home/subbots/software-start-here/build/challenge' returned '0': CMAKE_PREFIX_PATH=${CMAKE_PREFIX_PATH}:/opt/ros/foxy /usr/bin/cmake --build /home/subbots/software-start-here/build/challenge -- -j1 -l1
[3.799s] Invoking command in '/home/subbots/software-start-here/build/challenge': CMAKE_PREFIX_PATH=${CMAKE_PREFIX_PATH}:/opt/ros/foxy /usr/bin/cmake --install /home/subbots/software-start-here/build/challenge
[3.810s] -- Install configuration: ""
[3.811s] -- Installing: /home/subbots/software-start-here/install/challenge/lib/challenge/solution
[3.816s] -- Set runtime path of "/home/subbots/software-start-here/install/challenge/lib/challenge/solution" to ""
[3.816s] -- Up-to-date: /home/subbots/software-start-here/install/challenge/share/ament_index/resource_index/package_run_dependencies/challenge
[3.817s] -- Up-to-date: /home/subbots/software-start-here/install/challenge/share/ament_index/resource_index/parent_prefix_path/challenge
[3.817s] -- Up-to-date: /home/subbots/software-start-here/install/challenge/share/challenge/environment/ament_prefix_path.sh
[3.817s] -- Up-to-date: /home/subbots/software-start-here/install/challenge/share/challenge/environment/ament_prefix_path.dsv
[3.818s] -- Up-to-date: /home/subbots/software-start-here/install/challenge/share/challenge/environment/path.sh
[3.818s] -- Up-to-date: /home/subbots/software-start-here/install/challenge/share/challenge/environment/path.dsv
[3.818s] -- Up-to-date: /home/subbots/software-start-here/install/challenge/share/challenge/local_setup.bash
[3.819s] -- Up-to-date: /home/subbots/software-start-here/install/challenge/share/challenge/local_setup.sh
[3.819s] -- Up-to-date: /home/subbots/software-start-here/install/challenge/share/challenge/local_setup.zsh
[3.819s] -- Up-to-date: /home/subbots/software-start-here/install/challenge/share/challenge/local_setup.dsv
[3.820s] -- Installing: /home/subbots/software-start-here/install/challenge/share/challenge/package.dsv
[3.820s] -- Up-to-date: /home/subbots/software-start-here/install/challenge/share/ament_index/resource_index/packages/challenge
[3.821s] -- Up-to-date: /home/subbots/software-start-here/install/challenge/share/challenge/cmake/challengeConfig.cmake
[3.821s] -- Up-to-date: /home/subbots/software-start-here/install/challenge/share/challenge/cmake/challengeConfig-version.cmake
[3.821s] -- Up-to-date: /home/subbots/software-start-here/install/challenge/share/challenge/package.xml
[3.825s] Invoked command in '/home/subbots/software-start-here/build/challenge' returned '0': CMAKE_PREFIX_PATH=${CMAKE_PREFIX_PATH}:/opt/ros/foxy /usr/bin/cmake --install /home/subbots/software-start-here/build/challenge
