-- The C compiler identification is GNU 9.3.0
-- The CXX compiler identification is GNU 9.3.0
-- Check for working C compiler: /usr/bin/cc
-- Check for working C compiler: /usr/bin/cc -- works
-- Detecting C compiler ABI info
-- Detecting C compiler ABI info - done
-- Detecting C compile features
-- Detecting C compile features - done
-- Check for working CXX compiler: /usr/bin/c++
-- Check for working CXX compiler: /usr/bin/c++ -- works
-- Detecting CXX compiler ABI info
-- Detecting CXX compiler ABI info - done
-- Detecting CXX compile features
-- Detecting CXX compile features - done
-- Found ament_cmake: 1.1.4 (/opt/ros/rolling/share/ament_cmake/cmake)
-- Found PythonInterp: /usr/bin/python3 (found suitable version "3.8.10", minimum required is "3") 
-- Using PYTHON_EXECUTABLE: /usr/bin/python3
-- Found turtlesim: 1.3.2 (/opt/ros/rolling/share/turtlesim/cmake)
-- Using all available rosidl_typesupport_c: rosidl_typesupport_introspection_c;rosidl_typesupport_fastrtps_c
-- Found rosidl_adapter: 2.5.0 (/opt/ros/rolling/share/rosidl_adapter/cmake)
-- Found OpenSSL: /usr/lib/x86_64-linux-gnu/libcrypto.so (found version "1.1.1f")  
-- Found FastRTPS: /opt/ros/foxy/include  
-- Using all available rosidl_typesupport_cpp: rosidl_typesupport_introspection_cpp;rosidl_typesupport_fastrtps_cpp
-- Found geometry_msgs: 3.0.0 (/opt/ros/rolling/share/geometry_msgs/cmake)
-- Found rclcpp: 13.0.0 (/opt/ros/rolling/share/rclcpp/cmake)
-- Found rmw_implementation_cmake: 4.0.0 (/opt/ros/rolling/share/rmw_implementation_cmake/cmake)
-- Found rmw_cyclonedds_cpp: 0.23.1 (/opt/ros/rolling/share/rmw_cyclonedds_cpp/cmake)
-- Using RMW implementation 'rmw_cyclonedds_cpp' as default
-- Looking for pthread.h
-- Looking for pthread.h - found
-- Performing Test CMAKE_HAVE_LIBC_PTHREAD
-- Performing Test CMAKE_HAVE_LIBC_PTHREAD - Failed
-- Looking for pthread_create in pthreads
-- Looking for pthread_create in pthreads - not found
-- Looking for pthread_create in pthread
-- Looking for pthread_create in pthread - found
-- Found Threads: TRUE  
-- Found rclcpp_action: 13.0.0 (/opt/ros/rolling/share/rclcpp_action/cmake)
-- Found ament_lint_auto: 0.9.6 (/opt/ros/foxy/share/ament_lint_auto/cmake)
-- Added test 'copyright' to check source files copyright and LICENSE
-- Added test 'cppcheck' to perform static code analysis on C / C++ code
-- Configured cppcheck include dirs: $<BUILD_INTERFACE:/home/krithik/software-start-here/src/challenge/include>
-- Configured cppcheck exclude dirs and/or files: 
-- Added test 'cpplint' to check C / C++ code against the Google style
-- Configured cpplint exclude dirs and/or files: 
-- Added test 'lint_cmake' to check CMake code style
-- Added test 'uncrustify' to check C / C++ code style
-- Configured uncrustify additional arguments: 
-- Added test 'xmllint' to check XML markup files
-- Configuring done
-- Generating done
-- Build files have been written to: /home/krithik/software-start-here/src/build/challenge
[35m[1mScanning dependencies of target solution[0m
[ 50%] [32mBuilding CXX object CMakeFiles/solution.dir/src/solution.cpp.o[0m
[01m[K/home/krithik/software-start-here/src/challenge/src/solution.cpp:[m[K In member function ‘[01m[Kvoid Solution::turtle_callback(turtlesim::msg::Pose_<std::allocator<void> >::SharedPtr) const[m[K’:
[01m[K/home/krithik/software-start-here/src/challenge/src/solution.cpp:27:64:[m[K [01;35m[Kwarning: [m[Kunused parameter ‘[01m[Kmsg[m[K’ [[01;35m[K-Wunused-parameter[m[K]
   27 |     void turtle_callback([01;35m[Kconst turtlesim::msg::Pose::SharedPtr msg[m[K) const
      |                          [01;35m[K~~~~~~~~~~~~~~~~~~~~~~~~~~~~~~~~~~~~~~^~~[m[K
[100%] [32m[1mLinking CXX executable solution[0m
[100%] Built target solution
-- Install configuration: ""
-- Installing: /home/krithik/software-start-here/src/install/challenge/lib/challenge/solution
-- Set runtime path of "/home/krithik/software-start-here/src/install/challenge/lib/challenge/solution" to ""
-- Installing: /home/krithik/software-start-here/src/install/challenge/share/ament_index/resource_index/package_run_dependencies/challenge
-- Installing: /home/krithik/software-start-here/src/install/challenge/share/ament_index/resource_index/parent_prefix_path/challenge
-- Installing: /home/krithik/software-start-here/src/install/challenge/share/challenge/environment/ament_prefix_path.sh
-- Installing: /home/krithik/software-start-here/src/install/challenge/share/challenge/environment/ament_prefix_path.dsv
-- Installing: /home/krithik/software-start-here/src/install/challenge/share/challenge/environment/path.sh
-- Installing: /home/krithik/software-start-here/src/install/challenge/share/challenge/environment/path.dsv
-- Installing: /home/krithik/software-start-here/src/install/challenge/share/challenge/local_setup.bash
-- Installing: /home/krithik/software-start-here/src/install/challenge/share/challenge/local_setup.sh
-- Installing: /home/krithik/software-start-here/src/install/challenge/share/challenge/local_setup.zsh
-- Installing: /home/krithik/software-start-here/src/install/challenge/share/challenge/local_setup.dsv
-- Installing: /home/krithik/software-start-here/src/install/challenge/share/challenge/package.dsv
-- Installing: /home/krithik/software-start-here/src/install/challenge/share/ament_index/resource_index/packages/challenge
-- Installing: /home/krithik/software-start-here/src/install/challenge/share/challenge/cmake/challengeConfig.cmake
-- Installing: /home/krithik/software-start-here/src/install/challenge/share/challenge/cmake/challengeConfig-version.cmake
-- Installing: /home/krithik/software-start-here/src/install/challenge/share/challenge/package.xml
