[0.009s] Invoking command in '/home/krithik/software-start-here/src/build/challenge': CMAKE_PREFIX_PATH=/opt/ros/rolling:/opt/ros/foxy /usr/bin/cmake /home/krithik/software-start-here/src/challenge -DCMAKE_INSTALL_PREFIX=/home/krithik/software-start-here/src/install/challenge
[0.089s] -- The C compiler identification is GNU 9.3.0
[0.143s] -- The CXX compiler identification is GNU 9.3.0
[0.146s] -- Check for working C compiler: /usr/bin/cc
[0.191s] -- Check for working C compiler: /usr/bin/cc -- works
[0.192s] -- Detecting C compiler ABI info
[0.237s] -- Detecting C compiler ABI info - done
[0.246s] -- Detecting C compile features
[0.246s] -- Detecting C compile features - done
[0.249s] -- Check for working CXX compiler: /usr/bin/c++
[0.304s] -- Check for working CXX compiler: /usr/bin/c++ -- works
[0.304s] -- Detecting CXX compiler ABI info
[0.356s] -- Detecting CXX compiler ABI info - done
[0.364s] -- Detecting CXX compile features
[0.364s] -- Detecting CXX compile features - done
[0.365s] -- Found ament_cmake: 1.1.4 (/opt/ros/rolling/share/ament_cmake/cmake)
[0.379s] -- Found PythonInterp: /usr/bin/python3 (found suitable version "3.8.10", minimum required is "3") 
[0.379s] -- Using PYTHON_EXECUTABLE: /usr/bin/python3
[0.420s] -- Found turtlesim: 1.3.2 (/opt/ros/rolling/share/turtlesim/cmake)
[0.435s] -- Using all available rosidl_typesupport_c: rosidl_typesupport_introspection_c;rosidl_typesupport_fastrtps_c
[0.438s] -- Found rosidl_adapter: 2.5.0 (/opt/ros/rolling/share/rosidl_adapter/cmake)
[0.486s] -- Found OpenSSL: /usr/lib/x86_64-linux-gnu/libcrypto.so (found version "1.1.1f")  
[0.504s] -- Found FastRTPS: /opt/ros/foxy/include  
[0.547s] -- Using all available rosidl_typesupport_cpp: rosidl_typesupport_introspection_cpp;rosidl_typesupport_fastrtps_cpp
[0.629s] -- Found geometry_msgs: 3.0.0 (/opt/ros/rolling/share/geometry_msgs/cmake)
[0.665s] -- Found rclcpp: 13.0.0 (/opt/ros/rolling/share/rclcpp/cmake)
[0.694s] -- Found rmw_implementation_cmake: 4.0.0 (/opt/ros/rolling/share/rmw_implementation_cmake/cmake)
[0.695s] -- Found rmw_cyclonedds_cpp: 0.23.1 (/opt/ros/rolling/share/rmw_cyclonedds_cpp/cmake)
[0.707s] -- Using RMW implementation 'rmw_cyclonedds_cpp' as default
[0.708s] -- Looking for pthread.h
[0.760s] -- Looking for pthread.h - found
[0.761s] -- Performing Test CMAKE_HAVE_LIBC_PTHREAD
[0.810s] -- Performing Test CMAKE_HAVE_LIBC_PTHREAD - Failed
[0.810s] -- Looking for pthread_create in pthreads
[0.860s] -- Looking for pthread_create in pthreads - not found
[0.860s] -- Looking for pthread_create in pthread
[0.939s] -- Looking for pthread_create in pthread - found
[0.940s] -- Found Threads: TRUE  
[1.024s] -- Found rclcpp_action: 13.0.0 (/opt/ros/rolling/share/rclcpp_action/cmake)
[1.046s] -- Found ament_lint_auto: 0.9.6 (/opt/ros/foxy/share/ament_lint_auto/cmake)
[1.089s] -- Added test 'copyright' to check source files copyright and LICENSE
[1.090s] -- Added test 'cppcheck' to perform static code analysis on C / C++ code
[1.090s] -- Configured cppcheck include dirs: $<BUILD_INTERFACE:/home/krithik/software-start-here/src/challenge/include>
[1.090s] -- Configured cppcheck exclude dirs and/or files: 
[1.090s] -- Added test 'cpplint' to check C / C++ code against the Google style
[1.091s] -- Configured cpplint exclude dirs and/or files: 
[1.091s] -- Added test 'lint_cmake' to check CMake code style
[1.091s] -- Added test 'uncrustify' to check C / C++ code style
[1.091s] -- Configured uncrustify additional arguments: 
[1.091s] -- Added test 'xmllint' to check XML markup files
[1.093s] -- Configuring done
[1.099s] -- Generating done
[1.099s] -- Build files have been written to: /home/krithik/software-start-here/src/build/challenge
[1.106s] Invoked command in '/home/krithik/software-start-here/src/build/challenge' returned '0': CMAKE_PREFIX_PATH=/opt/ros/rolling:/opt/ros/foxy /usr/bin/cmake /home/krithik/software-start-here/src/challenge -DCMAKE_INSTALL_PREFIX=/home/krithik/software-start-here/src/install/challenge
[1.107s] Invoking command in '/home/krithik/software-start-here/src/build/challenge': CMAKE_PREFIX_PATH=/opt/ros/rolling:/opt/ros/foxy /usr/bin/cmake --build /home/krithik/software-start-here/src/build/challenge -- -j8 -l8
[1.132s] [35m[1mScanning dependencies of target solution[0m
[1.157s] [ 50%] [32mBuilding CXX object CMakeFiles/solution.dir/src/solution.cpp.o[0m
[2.613s] [01m[K/home/krithik/software-start-here/src/challenge/src/solution.cpp:[m[K In member function ‘[01m[Kvoid Solution::turtle_callback(turtlesim::msg::Pose_<std::allocator<void> >::SharedPtr) const[m[K’:
[2.613s] [01m[K/home/krithik/software-start-here/src/challenge/src/solution.cpp:27:64:[m[K [01;35m[Kwarning: [m[Kunused parameter ‘[01m[Kmsg[m[K’ [[01;35m[K-Wunused-parameter[m[K]
[2.613s]    27 |     void turtle_callback([01;35m[Kconst turtlesim::msg::Pose::SharedPtr msg[m[K) const
[2.613s]       |                          [01;35m[K~~~~~~~~~~~~~~~~~~~~~~~~~~~~~~~~~~~~~~^~~[m[K
[6.758s] [100%] [32m[1mLinking CXX executable solution[0m
[6.995s] [100%] Built target solution
[7.002s] Invoked command in '/home/krithik/software-start-here/src/build/challenge' returned '0': CMAKE_PREFIX_PATH=/opt/ros/rolling:/opt/ros/foxy /usr/bin/cmake --build /home/krithik/software-start-here/src/build/challenge -- -j8 -l8
[7.031s] Invoking command in '/home/krithik/software-start-here/src/build/challenge': CMAKE_PREFIX_PATH=/opt/ros/rolling:/opt/ros/foxy /usr/bin/cmake --install /home/krithik/software-start-here/src/build/challenge
[7.038s] -- Install configuration: ""
[7.038s] -- Installing: /home/krithik/software-start-here/src/install/challenge/lib/challenge/solution
[7.041s] -- Set runtime path of "/home/krithik/software-start-here/src/install/challenge/lib/challenge/solution" to ""
[7.042s] -- Installing: /home/krithik/software-start-here/src/install/challenge/share/ament_index/resource_index/package_run_dependencies/challenge
[7.042s] -- Installing: /home/krithik/software-start-here/src/install/challenge/share/ament_index/resource_index/parent_prefix_path/challenge
[7.042s] -- Installing: /home/krithik/software-start-here/src/install/challenge/share/challenge/environment/ament_prefix_path.sh
[7.042s] -- Installing: /home/krithik/software-start-here/src/install/challenge/share/challenge/environment/ament_prefix_path.dsv
[7.042s] -- Installing: /home/krithik/software-start-here/src/install/challenge/share/challenge/environment/path.sh
[7.042s] -- Installing: /home/krithik/software-start-here/src/install/challenge/share/challenge/environment/path.dsv
[7.042s] -- Installing: /home/krithik/software-start-here/src/install/challenge/share/challenge/local_setup.bash
[7.042s] -- Installing: /home/krithik/software-start-here/src/install/challenge/share/challenge/local_setup.sh
[7.042s] -- Installing: /home/krithik/software-start-here/src/install/challenge/share/challenge/local_setup.zsh
[7.042s] -- Installing: /home/krithik/software-start-here/src/install/challenge/share/challenge/local_setup.dsv
[7.042s] -- Installing: /home/krithik/software-start-here/src/install/challenge/share/challenge/package.dsv
[7.042s] -- Installing: /home/krithik/software-start-here/src/install/challenge/share/ament_index/resource_index/packages/challenge
[7.043s] -- Installing: /home/krithik/software-start-here/src/install/challenge/share/challenge/cmake/challengeConfig.cmake
[7.043s] -- Installing: /home/krithik/software-start-here/src/install/challenge/share/challenge/cmake/challengeConfig-version.cmake
[7.043s] -- Installing: /home/krithik/software-start-here/src/install/challenge/share/challenge/package.xml
[7.045s] Invoked command in '/home/krithik/software-start-here/src/build/challenge' returned '0': CMAKE_PREFIX_PATH=/opt/ros/rolling:/opt/ros/foxy /usr/bin/cmake --install /home/krithik/software-start-here/src/build/challenge
