[1.085s] DEBUG:colcon:Command line arguments: ['/usr/bin/colcon', 'build']
[1.085s] DEBUG:colcon:Parsed command line arguments: Namespace(allow_overriding=[], ament_cmake_args=None, base_paths=['.'], build_base='build', catkin_cmake_args=None, catkin_skip_building_tests=False, cmake_args=None, cmake_clean_cache=False, cmake_clean_first=False, cmake_force_configure=False, cmake_target=None, cmake_target_skip_unavailable=False, continue_on_error=False, event_handlers=None, executor='parallel', ignore_user_meta=False, install_base='install', log_base=None, log_level=None, main=<bound method BuildVerb.main of <colcon_core.verb.build.BuildVerb object at 0x7ebd9283a6d0>>, merge_install=False, metas=['./colcon.meta'], mixin=None, mixin_files=None, mixin_verb=('build',), packages_above=None, packages_above_and_dependencies=None, packages_above_depth=None, packages_end=None, packages_ignore=None, packages_ignore_regex=None, packages_select=None, packages_select_build_failed=False, packages_select_by_dep=None, packages_select_regex=None, packages_select_test_failures=False, packages_skip=None, packages_skip_build_finished=False, packages_skip_by_dep=None, packages_skip_regex=None, packages_skip_test_passed=False, packages_skip_up_to=None, packages_start=None, packages_up_to=None, packages_up_to_regex=None, parallel_workers=16, paths=None, symlink_install=False, test_result_base=None, verb_extension=<colcon_core.verb.build.BuildVerb object at 0x7ebd9283a6d0>, verb_name='build', verb_parser=<colcon_mixin.mixin.mixin_argument.MixinArgumentDecorator object at 0x7ebd92792160>)
[1.491s] Level 1:colcon.colcon_core.package_discovery:discover_packages(colcon_meta) check parameters
[1.491s] Level 1:colcon.colcon_core.package_discovery:discover_packages(recursive) check parameters
[1.491s] Level 1:colcon.colcon_core.package_discovery:discover_packages(ignore) check parameters
[1.492s] Level 1:colcon.colcon_core.package_discovery:discover_packages(path) check parameters
[1.492s] Level 1:colcon.colcon_core.package_discovery:discover_packages(colcon_meta) discover
[1.492s] Level 1:colcon.colcon_core.package_discovery:discover_packages(recursive) discover
[1.492s] INFO:colcon.colcon_core.package_discovery:Crawling recursively for packages in '/home/joseph/software-start-here/src'
[1.492s] Level 1:colcon.colcon_core.package_identification:_identify(.) by extensions ['ignore', 'ignore_ament_install']
[1.492s] Level 1:colcon.colcon_core.package_identification:_identify(.) by extension 'ignore'
[1.492s] Level 1:colcon.colcon_core.package_identification:_identify(.) by extension 'ignore_ament_install'
[1.492s] Level 1:colcon.colcon_core.package_identification:_identify(.) by extensions ['colcon_pkg']
[1.492s] Level 1:colcon.colcon_core.package_identification:_identify(.) by extension 'colcon_pkg'
[1.493s] Level 1:colcon.colcon_core.package_identification:_identify(.) by extensions ['colcon_meta']
[1.493s] Level 1:colcon.colcon_core.package_identification:_identify(.) by extension 'colcon_meta'
[1.493s] Level 1:colcon.colcon_core.package_identification:_identify(.) by extensions ['ros']
[1.493s] Level 1:colcon.colcon_core.package_identification:_identify(.) by extension 'ros'
[1.514s] Level 1:colcon.colcon_core.package_identification:_identify(.) by extensions ['cmake', 'python']
[1.514s] Level 1:colcon.colcon_core.package_identification:_identify(.) by extension 'cmake'
[1.514s] Level 1:colcon.colcon_core.package_identification:_identify(.) by extension 'python'
[1.514s] Level 1:colcon.colcon_core.package_identification:_identify(.) by extensions ['python_setup_py']
[1.514s] Level 1:colcon.colcon_core.package_identification:_identify(.) by extension 'python_setup_py'
[1.515s] Level 1:colcon.colcon_core.package_identification:_identify(build) by extensions ['ignore', 'ignore_ament_install']
[1.515s] Level 1:colcon.colcon_core.package_identification:_identify(build) by extension 'ignore'
[1.515s] Level 1:colcon.colcon_core.package_identification:_identify(build) ignored
[1.515s] Level 1:colcon.colcon_core.package_identification:_identify(challenge) by extensions ['ignore', 'ignore_ament_install']
[1.515s] Level 1:colcon.colcon_core.package_identification:_identify(challenge) by extension 'ignore'
[1.515s] Level 1:colcon.colcon_core.package_identification:_identify(challenge) by extension 'ignore_ament_install'
[1.515s] Level 1:colcon.colcon_core.package_identification:_identify(challenge) by extensions ['colcon_pkg']
[1.515s] Level 1:colcon.colcon_core.package_identification:_identify(challenge) by extension 'colcon_pkg'
[1.515s] Level 1:colcon.colcon_core.package_identification:_identify(challenge) by extensions ['colcon_meta']
[1.515s] Level 1:colcon.colcon_core.package_identification:_identify(challenge) by extension 'colcon_meta'
[1.515s] Level 1:colcon.colcon_core.package_identification:_identify(challenge) by extensions ['ros']
[1.516s] Level 1:colcon.colcon_core.package_identification:_identify(challenge) by extension 'ros'
[1.525s] DEBUG:colcon.colcon_core.package_identification:Package 'challenge' with type 'ros.ament_cmake' and name 'challenge'
[1.525s] Level 1:colcon.colcon_core.package_identification:_identify(install) by extensions ['ignore', 'ignore_ament_install']
[1.525s] Level 1:colcon.colcon_core.package_identification:_identify(install) by extension 'ignore'
[1.525s] Level 1:colcon.colcon_core.package_identification:_identify(install) ignored
[1.525s] Level 1:colcon.colcon_core.package_identification:_identify(log) by extensions ['ignore', 'ignore_ament_install']
[1.525s] Level 1:colcon.colcon_core.package_identification:_identify(log) by extension 'ignore'
[1.525s] Level 1:colcon.colcon_core.package_identification:_identify(log) ignored
[1.525s] Level 1:colcon.colcon_core.package_discovery:discover_packages(recursive) using defaults
[1.526s] Level 1:colcon.colcon_core.package_discovery:discover_packages(ignore) discover
[1.526s] Level 1:colcon.colcon_core.package_discovery:discover_packages(ignore) using defaults
[1.526s] Level 1:colcon.colcon_core.package_discovery:discover_packages(path) discover
[1.526s] Level 1:colcon.colcon_core.package_discovery:discover_packages(path) using defaults
[1.614s] Level 1:colcon.colcon_core.package_discovery:discover_packages(prefix_path) check parameters
[1.614s] Level 1:colcon.colcon_core.package_discovery:discover_packages(prefix_path) discover
[1.651s] DEBUG:colcon.colcon_installed_package_information.package_discovery:Found 11 installed packages in /home/joseph/steelhead/install
[1.656s] DEBUG:colcon.colcon_installed_package_information.package_discovery:Found 275 installed packages in /opt/ros/foxy
[1.659s] Level 1:colcon.colcon_core.package_discovery:discover_packages(prefix_path) using defaults
[2.021s] Level 5:colcon.colcon_core.verb:set package 'challenge' build argument 'cmake_args' from command line to 'None'
[2.021s] Level 5:colcon.colcon_core.verb:set package 'challenge' build argument 'cmake_target' from command line to 'None'
[2.021s] Level 5:colcon.colcon_core.verb:set package 'challenge' build argument 'cmake_target_skip_unavailable' from command line to 'False'
[2.021s] Level 5:colcon.colcon_core.verb:set package 'challenge' build argument 'cmake_clean_cache' from command line to 'False'
[2.021s] Level 5:colcon.colcon_core.verb:set package 'challenge' build argument 'cmake_clean_first' from command line to 'False'
[2.021s] Level 5:colcon.colcon_core.verb:set package 'challenge' build argument 'cmake_force_configure' from command line to 'False'
[2.021s] Level 5:colcon.colcon_core.verb:set package 'challenge' build argument 'ament_cmake_args' from command line to 'None'
[2.021s] Level 5:colcon.colcon_core.verb:set package 'challenge' build argument 'catkin_cmake_args' from command line to 'None'
[2.021s] Level 5:colcon.colcon_core.verb:set package 'challenge' build argument 'catkin_skip_building_tests' from command line to 'False'
[2.021s] DEBUG:colcon.colcon_core.verb:Building package 'challenge' with the following arguments: {'ament_cmake_args': None, 'build_base': '/home/joseph/software-start-here/src/build/challenge', 'catkin_cmake_args': None, 'catkin_skip_building_tests': False, 'cmake_args': None, 'cmake_clean_cache': False, 'cmake_clean_first': False, 'cmake_force_configure': False, 'cmake_target': None, 'cmake_target_skip_unavailable': False, 'install_base': '/home/joseph/software-start-here/src/install/challenge', 'merge_install': False, 'path': '/home/joseph/software-start-here/src/challenge', 'symlink_install': False, 'test_result_base': None}
[2.022s] INFO:colcon.colcon_core.executor:Executing jobs using 'parallel' executor
[2.025s] DEBUG:colcon.colcon_parallel_executor.executor.parallel:run_until_complete
[2.026s] INFO:colcon.colcon_ros.task.ament_cmake.build:Building ROS package in '/home/joseph/software-start-here/src/challenge' with build type 'ament_cmake'
[2.026s] INFO:colcon.colcon_cmake.task.cmake.build:Building CMake package in '/home/joseph/software-start-here/src/challenge'
[2.042s] INFO:colcon.colcon_core.plugin_system:Skipping extension 'colcon_core.shell.bat': Not used on non-Windows systems
[2.042s] INFO:colcon.colcon_core.shell:Skip shell extension 'powershell' for command environment: Not usable outside of PowerShell
[2.042s] DEBUG:colcon.colcon_core.shell:Skip shell extension 'dsv' for command environment
[2.086s] DEBUG:colcon.colcon_core.event_handler.log_command:Invoking command in '/home/joseph/software-start-here/src/build/challenge': CMAKE_PREFIX_PATH=${CMAKE_PREFIX_PATH}:/home/joseph/steelhead/install/steelhead_teleop:/home/joseph/steelhead/install/steelhead_pipeline:/home/joseph/steelhead/install/steelhead_bringup:/opt/ros/foxy /usr/bin/cmake /home/joseph/software-start-here/src/challenge -DCMAKE_INSTALL_PREFIX=/home/joseph/software-start-here/src/install/challenge
[6.977s] DEBUG:colcon.colcon_core.event_handler.log_command:Invoked command in '/home/joseph/software-start-here/src/build/challenge' returned '0': CMAKE_PREFIX_PATH=${CMAKE_PREFIX_PATH}:/home/joseph/steelhead/install/steelhead_teleop:/home/joseph/steelhead/install/steelhead_pipeline:/home/joseph/steelhead/install/steelhead_bringup:/opt/ros/foxy /usr/bin/cmake /home/joseph/software-start-here/src/challenge -DCMAKE_INSTALL_PREFIX=/home/joseph/software-start-here/src/install/challenge
[6.984s] DEBUG:colcon.colcon_core.event_handler.log_command:Invoking command in '/home/joseph/software-start-here/src/build/challenge': CMAKE_PREFIX_PATH=${CMAKE_PREFIX_PATH}:/home/joseph/steelhead/install/steelhead_teleop:/home/joseph/steelhead/install/steelhead_pipeline:/home/joseph/steelhead/install/steelhead_bringup:/opt/ros/foxy /usr/bin/cmake --build /home/joseph/software-start-here/src/build/challenge -- -j16 -l16
[7.681s] DEBUG:colcon.colcon_core.event_handler.log_command:Invoked command in '/home/joseph/software-start-here/src/build/challenge' returned '0': CMAKE_PREFIX_PATH=${CMAKE_PREFIX_PATH}:/home/joseph/steelhead/install/steelhead_teleop:/home/joseph/steelhead/install/steelhead_pipeline:/home/joseph/steelhead/install/steelhead_bringup:/opt/ros/foxy /usr/bin/cmake --build /home/joseph/software-start-here/src/build/challenge -- -j16 -l16
[7.727s] DEBUG:colcon.colcon_core.event_handler.log_command:Invoking command in '/home/joseph/software-start-here/src/build/challenge': CMAKE_PREFIX_PATH=${CMAKE_PREFIX_PATH}:/home/joseph/steelhead/install/steelhead_teleop:/home/joseph/steelhead/install/steelhead_pipeline:/home/joseph/steelhead/install/steelhead_bringup:/opt/ros/foxy /usr/bin/cmake --install /home/joseph/software-start-here/src/build/challenge
[7.792s] Level 1:colcon.colcon_core.environment:create_environment_scripts_only(challenge)
[7.795s] DEBUG:colcon.colcon_core.event_handler.log_command:Invoked command in '/home/joseph/software-start-here/src/build/challenge' returned '0': CMAKE_PREFIX_PATH=${CMAKE_PREFIX_PATH}:/home/joseph/steelhead/install/steelhead_teleop:/home/joseph/steelhead/install/steelhead_pipeline:/home/joseph/steelhead/install/steelhead_bringup:/opt/ros/foxy /usr/bin/cmake --install /home/joseph/software-start-here/src/build/challenge
[7.813s] Level 1:colcon.colcon_core.environment:checking '/home/joseph/software-start-here/src/install/challenge' for CMake module files
[7.814s] Level 1:colcon.colcon_core.environment:checking '/home/joseph/software-start-here/src/install/challenge' for CMake config files
[7.815s] Level 1:colcon.colcon_core.shell:create_environment_hook('challenge', 'cmake_prefix_path')
[7.815s] INFO:colcon.colcon_core.shell:Creating environment hook '/home/joseph/software-start-here/src/install/challenge/share/challenge/hook/cmake_prefix_path.ps1'
[7.819s] INFO:colcon.colcon_core.shell:Creating environment descriptor '/home/joseph/software-start-here/src/install/challenge/share/challenge/hook/cmake_prefix_path.dsv'
[7.821s] INFO:colcon.colcon_core.shell:Creating environment hook '/home/joseph/software-start-here/src/install/challenge/share/challenge/hook/cmake_prefix_path.sh'
[7.825s] Level 1:colcon.colcon_core.environment:checking '/home/joseph/software-start-here/src/install/challenge/lib'
[7.826s] Level 1:colcon.colcon_core.environment:checking '/home/joseph/software-start-here/src/install/challenge/bin'
[7.826s] Level 1:colcon.colcon_core.environment:checking '/home/joseph/software-start-here/src/install/challenge/lib/pkgconfig/challenge.pc'
[7.827s] Level 1:colcon.colcon_core.environment:checking '/home/joseph/software-start-here/src/install/challenge/lib/python3.8/site-packages'
[7.828s] Level 1:colcon.colcon_core.environment:checking '/home/joseph/software-start-here/src/install/challenge/bin'
[7.830s] INFO:colcon.colcon_core.shell:Creating package script '/home/joseph/software-start-here/src/install/challenge/share/challenge/package.ps1'
[7.834s] INFO:colcon.colcon_core.shell:Creating package descriptor '/home/joseph/software-start-here/src/install/challenge/share/challenge/package.dsv'
[7.837s] INFO:colcon.colcon_core.shell:Creating package script '/home/joseph/software-start-here/src/install/challenge/share/challenge/package.sh'
[7.842s] INFO:colcon.colcon_core.shell:Creating package script '/home/joseph/software-start-here/src/install/challenge/share/challenge/package.bash'
[7.847s] INFO:colcon.colcon_core.shell:Creating package script '/home/joseph/software-start-here/src/install/challenge/share/challenge/package.zsh'
[7.850s] Level 1:colcon.colcon_core.environment:create_file_with_runtime_dependencies(/home/joseph/software-start-here/src/install/challenge/share/colcon-core/packages/challenge)
[7.856s] Level 1:colcon.colcon_core.environment:create_environment_scripts_only(challenge)
[7.865s] Level 1:colcon.colcon_core.environment:checking '/home/joseph/software-start-here/src/install/challenge' for CMake module files
[7.867s] Level 1:colcon.colcon_core.environment:checking '/home/joseph/software-start-here/src/install/challenge' for CMake config files
[7.867s] Level 1:colcon.colcon_core.shell:create_environment_hook('challenge', 'cmake_prefix_path')
[7.868s] INFO:colcon.colcon_core.shell:Creating environment hook '/home/joseph/software-start-here/src/install/challenge/share/challenge/hook/cmake_prefix_path.ps1'
[7.869s] INFO:colcon.colcon_core.shell:Creating environment descriptor '/home/joseph/software-start-here/src/install/challenge/share/challenge/hook/cmake_prefix_path.dsv'
[7.871s] INFO:colcon.colcon_core.shell:Creating environment hook '/home/joseph/software-start-here/src/install/challenge/share/challenge/hook/cmake_prefix_path.sh'
[7.873s] Level 1:colcon.colcon_core.environment:checking '/home/joseph/software-start-here/src/install/challenge/lib'
[7.874s] Level 1:colcon.colcon_core.environment:checking '/home/joseph/software-start-here/src/install/challenge/bin'
[7.874s] Level 1:colcon.colcon_core.environment:checking '/home/joseph/software-start-here/src/install/challenge/lib/pkgconfig/challenge.pc'
[7.874s] Level 1:colcon.colcon_core.environment:checking '/home/joseph/software-start-here/src/install/challenge/lib/python3.8/site-packages'
[7.875s] Level 1:colcon.colcon_core.environment:checking '/home/joseph/software-start-here/src/install/challenge/bin'
[7.876s] INFO:colcon.colcon_core.shell:Creating package script '/home/joseph/software-start-here/src/install/challenge/share/challenge/package.ps1'
[7.877s] INFO:colcon.colcon_core.shell:Creating package descriptor '/home/joseph/software-start-here/src/install/challenge/share/challenge/package.dsv'
[7.879s] INFO:colcon.colcon_core.shell:Creating package script '/home/joseph/software-start-here/src/install/challenge/share/challenge/package.sh'
[7.889s] INFO:colcon.colcon_core.shell:Creating package script '/home/joseph/software-start-here/src/install/challenge/share/challenge/package.bash'
[7.891s] INFO:colcon.colcon_core.shell:Creating package script '/home/joseph/software-start-here/src/install/challenge/share/challenge/package.zsh'
[7.892s] Level 1:colcon.colcon_core.environment:create_file_with_runtime_dependencies(/home/joseph/software-start-here/src/install/challenge/share/colcon-core/packages/challenge)
[7.893s] DEBUG:colcon.colcon_parallel_executor.executor.parallel:closing loop
[7.895s] DEBUG:colcon.colcon_parallel_executor.executor.parallel:loop closed
[7.896s] DEBUG:colcon.colcon_parallel_executor.executor.parallel:run_until_complete finished with '0'
[7.897s] DEBUG:colcon.colcon_core.event_reactor:joining thread
[8.050s] INFO:colcon.colcon_core.plugin_system:Skipping extension 'colcon_notification.desktop_notification.notify_send': Could not find 'notify-send'
[8.050s] INFO:colcon.colcon_core.plugin_system:Skipping extension 'colcon_notification.desktop_notification.terminal_notifier': Not used on non-Darwin systems
[8.050s] INFO:colcon.colcon_core.plugin_system:Skipping extension 'colcon_notification.desktop_notification.win32': Not used on non-Windows systems
[8.050s] INFO:colcon.colcon_notification.desktop_notification:Sending desktop notification using 'notify2'
[8.058s] DEBUG:colcon.colcon_notification.desktop_notification.notify2:Failed to initialize notify2: org.freedesktop.DBus.Error.ServiceUnknown: The name org.freedesktop.Notifications was not provided by any .service files
[8.058s] DEBUG:colcon.colcon_core.event_reactor:joined thread
[8.059s] INFO:colcon.colcon_core.shell:Creating prefix script '/home/joseph/software-start-here/src/install/local_setup.ps1'
[8.061s] INFO:colcon.colcon_core.shell:Creating prefix util module '/home/joseph/software-start-here/src/install/_local_setup_util_ps1.py'
[8.064s] INFO:colcon.colcon_core.shell:Creating prefix chain script '/home/joseph/software-start-here/src/install/setup.ps1'
[8.067s] INFO:colcon.colcon_core.shell:Creating prefix script '/home/joseph/software-start-here/src/install/local_setup.sh'
[8.069s] INFO:colcon.colcon_core.shell:Creating prefix util module '/home/joseph/software-start-here/src/install/_local_setup_util_sh.py'
[8.070s] INFO:colcon.colcon_core.shell:Creating prefix chain script '/home/joseph/software-start-here/src/install/setup.sh'
[8.073s] INFO:colcon.colcon_core.shell:Creating prefix script '/home/joseph/software-start-here/src/install/local_setup.bash'
[8.075s] INFO:colcon.colcon_core.shell:Creating prefix chain script '/home/joseph/software-start-here/src/install/setup.bash'
[8.078s] INFO:colcon.colcon_core.shell:Creating prefix script '/home/joseph/software-start-here/src/install/local_setup.zsh'
[8.080s] INFO:colcon.colcon_core.shell:Creating prefix chain script '/home/joseph/software-start-here/src/install/setup.zsh'
