[0.030s] Invoking command in '/home/itaiboss/ros2_ws/src/build/challenge': CMAKE_PREFIX_PATH=/opt/ros/foxy /usr/bin/cmake --build /home/itaiboss/ros2_ws/src/build/challenge -- -j2 -l2
[0.119s] [35m[1mScanning dependencies of target solution[0m
[0.165s] [ 50%] [32mBuilding CXX object CMakeFiles/solution.dir/src/solution.cpp.o[0m
[1.576s] [01m[K/home/itaiboss/ros2_ws/src/challenge/src/solution.cpp:[m[K In member function ‘[01m[Kvoid solution::timer_callback()[m[K’:
[1.579s] [01m[K/home/itaiboss/ros2_ws/src/challenge/src/solution.cpp:39:7:[m[K [01;31m[Kerror: [m[K‘[01m[Kmsg[m[K’ was not declared in this scope
[1.579s]    39 |       [01;31m[Kmsg[m[K.linear.x = 2;
[1.579s]       |       [01;31m[K^~~[m[K
[1.579s] [01m[K/home/itaiboss/ros2_ws/src/challenge/src/solution.cpp:39:7:[m[K [01;36m[Knote: [m[Ksuggested alternatives:
[1.579s] In file included from [01m[K/opt/ros/foxy/include/builtin_interfaces/msg/duration.hpp:7[m[K,
[1.579s]                  from [01m[K/opt/ros/foxy/include/rclcpp/duration.hpp:20[m[K,
[1.580s]                  from [01m[K/opt/ros/foxy/include/rclcpp/qos.hpp:20[m[K,
[1.580s]                  from [01m[K/opt/ros/foxy/include/rclcpp/node_interfaces/node_graph_interface.hpp:31[m[K,
[1.580s]                  from [01m[K/opt/ros/foxy/include/rclcpp/client.hpp:34[m[K,
[1.580s]                  from [01m[K/opt/ros/foxy/include/rclcpp/callback_group.hpp:23[m[K,
[1.580s]                  from [01m[K/opt/ros/foxy/include/rclcpp/any_executable.hpp:20[m[K,
[1.580s]                  from [01m[K/opt/ros/foxy/include/rclcpp/memory_strategy.hpp:24[m[K,
[1.580s]                  from [01m[K/opt/ros/foxy/include/rclcpp/memory_strategies.hpp:18[m[K,
[1.580s]                  from [01m[K/opt/ros/foxy/include/rclcpp/executor_options.hpp:20[m[K,
[1.580s]                  from [01m[K/opt/ros/foxy/include/rclcpp/executor.hpp:33[m[K,
[1.580s]                  from [01m[K/opt/ros/foxy/include/rclcpp/executors/multi_threaded_executor.hpp:26[m[K,
[1.581s]                  from [01m[K/opt/ros/foxy/include/rclcpp/executors.hpp:21[m[K,
[1.581s]                  from [01m[K/opt/ros/foxy/include/rclcpp/rclcpp.hpp:146[m[K,
[1.583s]                  from [01m[K/home/itaiboss/ros2_ws/src/challenge/src/solution.cpp:6[m[K:
[1.589s] [01m[K/opt/ros/foxy/include/builtin_interfaces/msg/detail/duration__struct.hpp:26:11:[m[K [01;36m[Knote: [m[K  ‘[01m[Kbuiltin_interfaces::msg[m[K’
[1.592s]    26 | namespace [01;36m[Kmsg[m[K
[1.593s]       |           [01;36m[K^~~[m[K
[1.593s] In file included from [01m[K/opt/ros/foxy/include/statistics_msgs/msg/detail/metrics_message__struct.hpp:22[m[K,
[1.593s]                  from [01m[K/opt/ros/foxy/include/statistics_msgs/msg/metrics_message.hpp:7[m[K,
[1.593s]                  from [01m[K/opt/ros/foxy/include/libstatistics_collector/collector/generate_statistics_message.hpp:21[m[K,
[1.593s]                  from [01m[K/opt/ros/foxy/include/rclcpp/topic_statistics/subscription_topic_statistics.hpp:23[m[K,
[1.598s]                  from [01m[K/opt/ros/foxy/include/rclcpp/subscription.hpp:50[m[K,
[1.598s]                  from [01m[K/opt/ros/foxy/include/rclcpp/any_executable.hpp:25[m[K,
[1.598s]                  from [01m[K/opt/ros/foxy/include/rclcpp/memory_strategy.hpp:24[m[K,
[1.598s]                  from [01m[K/opt/ros/foxy/include/rclcpp/memory_strategies.hpp:18[m[K,
[1.598s]                  from [01m[K/opt/ros/foxy/include/rclcpp/executor_options.hpp:20[m[K,
[1.598s]                  from [01m[K/opt/ros/foxy/include/rclcpp/executor.hpp:33[m[K,
[1.598s]                  from [01m[K/opt/ros/foxy/include/rclcpp/executors/multi_threaded_executor.hpp:26[m[K,
[1.598s]                  from [01m[K/opt/ros/foxy/include/rclcpp/executors.hpp:21[m[K,
[1.598s]                  from [01m[K/opt/ros/foxy/include/rclcpp/rclcpp.hpp:146[m[K,
[1.598s]                  from [01m[K/home/itaiboss/ros2_ws/src/challenge/src/solution.cpp:6[m[K:
[1.599s] [01m[K/opt/ros/foxy/include/statistics_msgs/msg/detail/statistic_data_point__struct.hpp:26:11:[m[K [01;36m[Knote: [m[K  ‘[01m[Kstatistics_msgs::msg[m[K’
[1.599s]    26 | namespace [01;36m[Kmsg[m[K
[1.599s]       |           [01;36m[K^~~[m[K
[1.599s] In file included from [01m[K/opt/ros/foxy/include/rcl_interfaces/msg/list_parameters_result.hpp:7[m[K,
[1.599s]                  from [01m[K/opt/ros/foxy/include/rclcpp/node.hpp:34[m[K,
[1.599s]                  from [01m[K/opt/ros/foxy/include/rclcpp/executors/single_threaded_executor.hpp:28[m[K,
[1.599s]                  from [01m[K/opt/ros/foxy/include/rclcpp/executors.hpp:22[m[K,
[1.600s]                  from [01m[K/opt/ros/foxy/include/rclcpp/rclcpp.hpp:146[m[K,
[1.600s]                  from [01m[K/home/itaiboss/ros2_ws/src/challenge/src/solution.cpp:6[m[K:
[1.600s] [01m[K/opt/ros/foxy/include/rcl_interfaces/msg/detail/list_parameters_result__struct.hpp:26:11:[m[K [01;36m[Knote: [m[K  ‘[01m[Krcl_interfaces::msg[m[K’
[1.600s]    26 | namespace [01;36m[Kmsg[m[K
[1.600s]       |           [01;36m[K^~~[m[K
[1.600s] In file included from [01m[K/opt/ros/foxy/include/action_msgs/msg/detail/goal_info__struct.hpp:19[m[K,
[1.600s]                  from [01m[K/opt/ros/foxy/include/action_msgs/msg/detail/goal_status__struct.hpp:19[m[K,
[1.600s]                  from [01m[K/opt/ros/foxy/include/action_msgs/msg/goal_status.hpp:7[m[K,
[1.600s]                  from [01m[K/opt/ros/foxy/include/rclcpp_action/client_goal_handle.hpp:20[m[K,
[1.601s]                  from [01m[K/opt/ros/foxy/include/rclcpp_action/client.hpp:39[m[K,
[1.601s]                  from [01m[K/opt/ros/foxy/include/rclcpp_action/rclcpp_action.hpp:36[m[K,
[1.601s]                  from [01m[K/home/itaiboss/ros2_ws/src/challenge/src/solution.cpp:7[m[K:
[1.601s] [01m[K/opt/ros/foxy/include/unique_identifier_msgs/msg/detail/uuid__struct.hpp:26:11:[m[K [01;36m[Knote: [m[K  ‘[01m[Kunique_identifier_msgs::msg[m[K’
[1.601s]    26 | namespace [01;36m[Kmsg[m[K
[1.601s]       |           [01;36m[K^~~[m[K
[1.601s] In file included from [01m[K/opt/ros/foxy/include/action_msgs/msg/detail/goal_status__struct.hpp:19[m[K,
[1.601s]                  from [01m[K/opt/ros/foxy/include/action_msgs/msg/goal_status.hpp:7[m[K,
[1.601s]                  from [01m[K/opt/ros/foxy/include/rclcpp_action/client_goal_handle.hpp:20[m[K,
[1.601s]                  from [01m[K/opt/ros/foxy/include/rclcpp_action/client.hpp:39[m[K,
[1.602s]                  from [01m[K/opt/ros/foxy/include/rclcpp_action/rclcpp_action.hpp:36[m[K,
[1.602s]                  from [01m[K/home/itaiboss/ros2_ws/src/challenge/src/solution.cpp:7[m[K:
[1.602s] [01m[K/opt/ros/foxy/include/action_msgs/msg/detail/goal_info__struct.hpp:32:11:[m[K [01;36m[Knote: [m[K  ‘[01m[Kaction_msgs::msg[m[K’
[1.602s]    32 | namespace [01;36m[Kmsg[m[K
[1.602s]       |           [01;36m[K^~~[m[K
[1.602s] In file included from [01m[K/opt/ros/foxy/include/geometry_msgs/msg/detail/twist__struct.hpp:20[m[K,
[1.602s]                  from [01m[K/opt/ros/foxy/include/geometry_msgs/msg/twist.hpp:7[m[K,
[1.602s]                  from [01m[K/home/itaiboss/ros2_ws/src/challenge/src/solution.cpp:8[m[K:
[1.602s] [01m[K/opt/ros/foxy/include/geometry_msgs/msg/detail/vector3__struct.hpp:26:11:[m[K [01;36m[Knote: [m[K  ‘[01m[Kgeometry_msgs::msg[m[K’
[1.603s]    26 | namespace [01;36m[Kmsg[m[K
[1.603s]       |           [01;36m[K^~~[m[K
[1.603s] In file included from [01m[K/opt/ros/foxy/include/turtlesim/msg/pose.hpp:7[m[K,
[1.603s]                  from [01m[K/home/itaiboss/ros2_ws/src/challenge/src/solution.cpp:9[m[K:
[1.603s] [01m[K/opt/ros/foxy/include/turtlesim/msg/detail/pose__struct.hpp:26:11:[m[K [01;36m[Knote: [m[K  ‘[01m[Kturtlesim::msg[m[K’
[1.603s]    26 | namespace [01;36m[Kmsg[m[K
[1.603s]       |           [01;36m[K^~~[m[K
[1.604s] In file included from [01m[K/opt/ros/foxy/include/std_msgs/msg/string.hpp:7[m[K,
[1.604s]                  from [01m[K/home/itaiboss/ros2_ws/src/challenge/src/solution.cpp:12[m[K:
[1.604s] [01m[K/opt/ros/foxy/include/std_msgs/msg/detail/string__struct.hpp:26:11:[m[K [01;36m[Knote: [m[K  ‘[01m[Kstd_msgs::msg[m[K’
[1.604s]    26 | namespace [01;36m[Kmsg[m[K
[1.604s]       |           [01;36m[K^~~[m[K
[1.604s] In file included from [01m[K/opt/ros/foxy/include/rclcpp/client.hpp:40[m[K,
[1.604s]                  from [01m[K/opt/ros/foxy/include/rclcpp/callback_group.hpp:23[m[K,
[1.604s]                  from [01m[K/opt/ros/foxy/include/rclcpp/any_executable.hpp:20[m[K,
[1.604s]                  from [01m[K/opt/ros/foxy/include/rclcpp/memory_strategy.hpp:24[m[K,
[1.604s]                  from [01m[K/opt/ros/foxy/include/rclcpp/memory_strategies.hpp:18[m[K,
[1.605s]                  from [01m[K/opt/ros/foxy/include/rclcpp/executor_options.hpp:20[m[K,
[1.605s]                  from [01m[K/opt/ros/foxy/include/rclcpp/executor.hpp:33[m[K,
[1.605s]                  from [01m[K/opt/ros/foxy/include/rclcpp/executors/multi_threaded_executor.hpp:26[m[K,
[1.605s]                  from [01m[K/opt/ros/foxy/include/rclcpp/executors.hpp:21[m[K,
[1.605s]                  from [01m[K/opt/ros/foxy/include/rclcpp/rclcpp.hpp:146[m[K,
[1.605s]                  from [01m[K/home/itaiboss/ros2_ws/src/challenge/src/solution.cpp:6[m[K:
[1.605s] [01m[K/home/itaiboss/ros2_ws/src/challenge/src/solution.cpp:40:67:[m[K [01;31m[Kerror: [m[K‘[01m[Kstruct geometry_msgs::msg::Twist_<std::allocator<void> >[m[K’ has no member named ‘[01m[Kdata[m[K’
[1.605s]    40 |      RCLCPP_INFO(this->get_logger(), "Publishing: '%s'", message.[01;31m[Kdata[m[K.c_str());
[1.606s]       |                                                                  [01;31m[K^~~~[m[K
[1.606s] 
[2.521s] make[2]: *** [CMakeFiles/solution.dir/build.make:63: CMakeFiles/solution.dir/src/solution.cpp.o] Error 1
[2.521s] make[1]: *** [CMakeFiles/Makefile2:78: CMakeFiles/solution.dir/all] Error 2
[2.521s] make: *** [Makefile:141: all] Error 2
[2.524s] Invoked command in '/home/itaiboss/ros2_ws/src/build/challenge' returned '2': CMAKE_PREFIX_PATH=/opt/ros/foxy /usr/bin/cmake --build /home/itaiboss/ros2_ws/src/build/challenge -- -j2 -l2
