[0.011s] Invoking command in '/home/sav/Desktop/software-start-here/build/challenge': CMAKE_PREFIX_PATH=/opt/ros/foxy /usr/bin/cmake --build /home/sav/Desktop/software-start-here/build/challenge -- -j8 -l8
[0.029s] -- Found ament_cmake: 0.9.9 (/opt/ros/foxy/share/ament_cmake/cmake)
[0.048s] -- Using PYTHON_EXECUTABLE: /usr/bin/python3
[0.191s] -- Found turtlesim: 1.2.5 (/opt/ros/foxy/share/turtlesim/cmake)
[0.213s] -- Using all available rosidl_typesupport_c: rosidl_typesupport_fastrtps_c;rosidl_typesupport_introspection_c
[0.217s] -- Found rosidl_adapter: 1.2.1 (/opt/ros/foxy/share/rosidl_adapter/cmake)
[0.269s] -- Found OpenSSL: /usr/lib/x86_64-linux-gnu/libcrypto.so (found version "1.1.1f")  
[0.292s] -- Found FastRTPS: /opt/ros/foxy/include  
[0.352s] -- Using all available rosidl_typesupport_cpp: rosidl_typesupport_fastrtps_cpp;rosidl_typesupport_introspection_cpp
[0.458s] -- Found geometry_msgs: 2.0.5 (/opt/ros/foxy/share/geometry_msgs/cmake)
[0.506s] -- Found rclcpp: 2.4.1 (/opt/ros/foxy/share/rclcpp/cmake)
[0.540s] -- Found rmw_implementation_cmake: 1.0.3 (/opt/ros/foxy/share/rmw_implementation_cmake/cmake)
[0.541s] -- Using RMW implementation 'rmw_fastrtps_cpp' as default
[0.542s] -- Looking for pthread.h
[0.597s] -- Looking for pthread.h - found
[0.597s] -- Performing Test CMAKE_HAVE_LIBC_PTHREAD
[0.657s] -- Performing Test CMAKE_HAVE_LIBC_PTHREAD - Failed
[0.657s] -- Looking for pthread_create in pthreads
[0.705s] -- Looking for pthread_create in pthreads - not found
[0.706s] -- Looking for pthread_create in pthread
[0.764s] -- Looking for pthread_create in pthread - found
[0.765s] -- Found Threads: TRUE  
[0.884s] -- Found rclcpp_action: 2.4.1 (/opt/ros/foxy/share/rclcpp_action/cmake)
[0.911s] -- Found ament_lint_auto: 0.9.6 (/opt/ros/foxy/share/ament_lint_auto/cmake)
[0.961s] -- Added test 'copyright' to check source files copyright and LICENSE
[0.962s] -- Added test 'cppcheck' to perform static code analysis on C / C++ code
[0.962s] -- Configured cppcheck include dirs: $<BUILD_INTERFACE:/home/sav/Desktop/software-start-here/src/challenge/include>
[0.962s] -- Configured cppcheck exclude dirs and/or files: 
[0.963s] -- Added test 'cpplint' to check C / C++ code against the Google style
[0.963s] -- Configured cpplint exclude dirs and/or files: 
[0.963s] -- Added test 'lint_cmake' to check CMake code style
[0.964s] -- Added test 'uncrustify' to check C / C++ code style
[0.964s] -- Configured uncrustify additional arguments: 
[0.964s] -- Added test 'xmllint' to check XML markup files
[0.966s] -- Configuring done
[0.973s] -- Generating done
[0.974s] -- Build files have been written to: /home/sav/Desktop/software-start-here/build/challenge
[0.995s] [35m[1mScanning dependencies of target solution[0m
[1.022s] [ 50%] [32mBuilding CXX object CMakeFiles/solution.dir/src/solution.cpp.o[0m
[3.643s] [100%] [32m[1mLinking CXX executable solution[0m
[3.787s] [100%] Built target solution
[3.797s] Invoked command in '/home/sav/Desktop/software-start-here/build/challenge' returned '0': CMAKE_PREFIX_PATH=/opt/ros/foxy /usr/bin/cmake --build /home/sav/Desktop/software-start-here/build/challenge -- -j8 -l8
[3.828s] Invoking command in '/home/sav/Desktop/software-start-here/build/challenge': CMAKE_PREFIX_PATH=/opt/ros/foxy /usr/bin/cmake --install /home/sav/Desktop/software-start-here/build/challenge
[3.835s] -- Install configuration: ""
[3.836s] -- Installing: /home/sav/Desktop/software-start-here/install/challenge/lib/challenge/solution
[3.836s] -- Set runtime path of "/home/sav/Desktop/software-start-here/install/challenge/lib/challenge/solution" to ""
[3.836s] -- Up-to-date: /home/sav/Desktop/software-start-here/install/challenge/share/ament_index/resource_index/package_run_dependencies/challenge
[3.837s] -- Up-to-date: /home/sav/Desktop/software-start-here/install/challenge/share/ament_index/resource_index/parent_prefix_path/challenge
[3.837s] -- Up-to-date: /home/sav/Desktop/software-start-here/install/challenge/share/challenge/environment/ament_prefix_path.sh
[3.837s] -- Installing: /home/sav/Desktop/software-start-here/install/challenge/share/challenge/environment/ament_prefix_path.dsv
[3.837s] -- Up-to-date: /home/sav/Desktop/software-start-here/install/challenge/share/challenge/environment/path.sh
[3.837s] -- Installing: /home/sav/Desktop/software-start-here/install/challenge/share/challenge/environment/path.dsv
[3.837s] -- Up-to-date: /home/sav/Desktop/software-start-here/install/challenge/share/challenge/local_setup.bash
[3.837s] -- Up-to-date: /home/sav/Desktop/software-start-here/install/challenge/share/challenge/local_setup.sh
[3.837s] -- Up-to-date: /home/sav/Desktop/software-start-here/install/challenge/share/challenge/local_setup.zsh
[3.837s] -- Installing: /home/sav/Desktop/software-start-here/install/challenge/share/challenge/local_setup.dsv
[3.837s] -- Installing: /home/sav/Desktop/software-start-here/install/challenge/share/challenge/package.dsv
[3.837s] -- Up-to-date: /home/sav/Desktop/software-start-here/install/challenge/share/ament_index/resource_index/packages/challenge
[3.838s] -- Up-to-date: /home/sav/Desktop/software-start-here/install/challenge/share/challenge/cmake/challengeConfig.cmake
[3.838s] -- Up-to-date: /home/sav/Desktop/software-start-here/install/challenge/share/challenge/cmake/challengeConfig-version.cmake
[3.838s] -- Up-to-date: /home/sav/Desktop/software-start-here/install/challenge/share/challenge/package.xml
[3.839s] Invoked command in '/home/sav/Desktop/software-start-here/build/challenge' returned '0': CMAKE_PREFIX_PATH=/opt/ros/foxy /usr/bin/cmake --install /home/sav/Desktop/software-start-here/build/challenge
