[0.167s] DEBUG:colcon:Command line arguments: ['/usr/bin/colcon', 'build']
[0.167s] DEBUG:colcon:Parsed command line arguments: Namespace(allow_overriding=[], ament_cmake_args=None, base_paths=['.'], build_base='build', catkin_cmake_args=None, catkin_skip_building_tests=False, cmake_args=None, cmake_clean_cache=False, cmake_clean_first=False, cmake_force_configure=False, cmake_target=None, cmake_target_skip_unavailable=False, continue_on_error=False, event_handlers=None, executor='parallel', ignore_user_meta=False, install_base='install', log_base=None, log_level=None, main=<bound method BuildVerb.main of <colcon_core.verb.build.BuildVerb object at 0x7f972df150a0>>, merge_install=False, metas=['./colcon.meta'], packages_above=None, packages_above_and_dependencies=None, packages_above_depth=None, packages_end=None, packages_ignore=None, packages_ignore_regex=None, packages_select=None, packages_select_build_failed=False, packages_select_by_dep=None, packages_select_regex=None, packages_select_test_failures=False, packages_skip=None, packages_skip_build_finished=False, packages_skip_by_dep=None, packages_skip_regex=None, packages_skip_test_passed=False, packages_skip_up_to=None, packages_start=None, packages_up_to=None, packages_up_to_regex=None, parallel_workers=8, paths=None, symlink_install=False, test_result_base=None, verb_extension=<colcon_core.verb.build.BuildVerb object at 0x7f972df150a0>, verb_name='build', verb_parser=<colcon_defaults.argument_parser.defaults.DefaultArgumentsDecorator object at 0x7f972df155e0>)
[0.182s] Level 1:colcon.colcon_core.package_discovery:discover_packages(colcon_meta) check parameters
[0.182s] Level 1:colcon.colcon_core.package_discovery:discover_packages(recursive) check parameters
[0.182s] Level 1:colcon.colcon_core.package_discovery:discover_packages(ignore) check parameters
[0.182s] Level 1:colcon.colcon_core.package_discovery:discover_packages(path) check parameters
[0.182s] Level 1:colcon.colcon_core.package_discovery:discover_packages(colcon_meta) discover
[0.182s] Level 1:colcon.colcon_core.package_discovery:discover_packages(recursive) discover
[0.182s] INFO:colcon.colcon_core.package_discovery:Crawling recursively for packages in '/home/amraj/Subbots/software-start-here/src'
[0.182s] Level 1:colcon.colcon_core.package_identification:_identify(.) by extensions ['ignore', 'ignore_ament_install']
[0.182s] Level 1:colcon.colcon_core.package_identification:_identify(.) by extension 'ignore'
[0.182s] Level 1:colcon.colcon_core.package_identification:_identify(.) by extension 'ignore_ament_install'
[0.182s] Level 1:colcon.colcon_core.package_identification:_identify(.) by extensions ['colcon_pkg']
[0.182s] Level 1:colcon.colcon_core.package_identification:_identify(.) by extension 'colcon_pkg'
[0.182s] Level 1:colcon.colcon_core.package_identification:_identify(.) by extensions ['colcon_meta']
[0.182s] Level 1:colcon.colcon_core.package_identification:_identify(.) by extension 'colcon_meta'
[0.182s] Level 1:colcon.colcon_core.package_identification:_identify(.) by extensions ['ros']
[0.182s] Level 1:colcon.colcon_core.package_identification:_identify(.) by extension 'ros'
[0.194s] Level 1:colcon.colcon_core.package_identification:_identify(.) by extensions ['cmake', 'python']
[0.194s] Level 1:colcon.colcon_core.package_identification:_identify(.) by extension 'cmake'
[0.194s] Level 1:colcon.colcon_core.package_identification:_identify(.) by extension 'python'
[0.194s] Level 1:colcon.colcon_core.package_identification:_identify(.) by extensions ['python_setup_py']
[0.194s] Level 1:colcon.colcon_core.package_identification:_identify(.) by extension 'python_setup_py'
[0.194s] Level 1:colcon.colcon_core.package_identification:_identify(build) by extensions ['ignore', 'ignore_ament_install']
[0.194s] Level 1:colcon.colcon_core.package_identification:_identify(build) by extension 'ignore'
[0.194s] Level 1:colcon.colcon_core.package_identification:_identify(build) ignored
[0.194s] Level 1:colcon.colcon_core.package_identification:_identify(challenge) by extensions ['ignore', 'ignore_ament_install']
[0.194s] Level 1:colcon.colcon_core.package_identification:_identify(challenge) by extension 'ignore'
[0.194s] Level 1:colcon.colcon_core.package_identification:_identify(challenge) by extension 'ignore_ament_install'
[0.194s] Level 1:colcon.colcon_core.package_identification:_identify(challenge) by extensions ['colcon_pkg']
[0.194s] Level 1:colcon.colcon_core.package_identification:_identify(challenge) by extension 'colcon_pkg'
[0.194s] Level 1:colcon.colcon_core.package_identification:_identify(challenge) by extensions ['colcon_meta']
[0.194s] Level 1:colcon.colcon_core.package_identification:_identify(challenge) by extension 'colcon_meta'
[0.194s] Level 1:colcon.colcon_core.package_identification:_identify(challenge) by extensions ['ros']
[0.194s] Level 1:colcon.colcon_core.package_identification:_identify(challenge) by extension 'ros'
[0.196s] DEBUG:colcon.colcon_core.package_identification:Package 'challenge' with type 'ros.ament_cmake' and name 'challenge'
[0.196s] Level 1:colcon.colcon_core.package_identification:_identify(install) by extensions ['ignore', 'ignore_ament_install']
[0.196s] Level 1:colcon.colcon_core.package_identification:_identify(install) by extension 'ignore'
[0.196s] Level 1:colcon.colcon_core.package_identification:_identify(install) ignored
[0.196s] Level 1:colcon.colcon_core.package_identification:_identify(log) by extensions ['ignore', 'ignore_ament_install']
[0.196s] Level 1:colcon.colcon_core.package_identification:_identify(log) by extension 'ignore'
[0.196s] Level 1:colcon.colcon_core.package_identification:_identify(log) ignored
[0.196s] Level 1:colcon.colcon_core.package_identification:_identify(py_launch_example) by extensions ['ignore', 'ignore_ament_install']
[0.196s] Level 1:colcon.colcon_core.package_identification:_identify(py_launch_example) by extension 'ignore'
[0.196s] Level 1:colcon.colcon_core.package_identification:_identify(py_launch_example) by extension 'ignore_ament_install'
[0.196s] Level 1:colcon.colcon_core.package_identification:_identify(py_launch_example) by extensions ['colcon_pkg']
[0.196s] Level 1:colcon.colcon_core.package_identification:_identify(py_launch_example) by extension 'colcon_pkg'
[0.196s] Level 1:colcon.colcon_core.package_identification:_identify(py_launch_example) by extensions ['colcon_meta']
[0.196s] Level 1:colcon.colcon_core.package_identification:_identify(py_launch_example) by extension 'colcon_meta'
[0.196s] Level 1:colcon.colcon_core.package_identification:_identify(py_launch_example) by extensions ['ros']
[0.196s] Level 1:colcon.colcon_core.package_identification:_identify(py_launch_example) by extension 'ros'
[0.197s] DEBUG:colcon.colcon_core.package_identification:Package 'py_launch_example' with type 'ros.ament_python' and name 'py_launch_example'
[0.197s] Level 1:colcon.colcon_core.package_discovery:discover_packages(recursive) using defaults
[0.197s] Level 1:colcon.colcon_core.package_discovery:discover_packages(ignore) discover
[0.197s] Level 1:colcon.colcon_core.package_discovery:discover_packages(ignore) using defaults
[0.197s] Level 1:colcon.colcon_core.package_discovery:discover_packages(path) discover
[0.197s] Level 1:colcon.colcon_core.package_discovery:discover_packages(path) using defaults
[0.208s] Level 1:colcon.colcon_core.package_discovery:discover_packages(prefix_path) check parameters
[0.208s] Level 1:colcon.colcon_core.package_discovery:discover_packages(prefix_path) discover
[0.210s] DEBUG:colcon.colcon_installed_package_information.package_discovery:Found 1 installed packages in //home/amraj/Subbots/software-start-here/src/install
[0.210s] DEBUG:colcon.colcon_installed_package_information.package_discovery:Found 1 installed packages in /home/amraj/Subbots/software-start-here/src/install
[0.211s] DEBUG:colcon.colcon_installed_package_information.package_discovery:Found 270 installed packages in /opt/ros/foxy
[0.212s] Level 1:colcon.colcon_core.package_discovery:discover_packages(prefix_path) using defaults
[0.255s] Level 5:colcon.colcon_core.verb:set package 'challenge' build argument 'cmake_args' from command line to 'None'
[0.255s] Level 5:colcon.colcon_core.verb:set package 'challenge' build argument 'cmake_target' from command line to 'None'
[0.255s] Level 5:colcon.colcon_core.verb:set package 'challenge' build argument 'cmake_target_skip_unavailable' from command line to 'False'
[0.255s] Level 5:colcon.colcon_core.verb:set package 'challenge' build argument 'cmake_clean_cache' from command line to 'False'
[0.255s] Level 5:colcon.colcon_core.verb:set package 'challenge' build argument 'cmake_clean_first' from command line to 'False'
[0.255s] Level 5:colcon.colcon_core.verb:set package 'challenge' build argument 'cmake_force_configure' from command line to 'False'
[0.255s] Level 5:colcon.colcon_core.verb:set package 'challenge' build argument 'ament_cmake_args' from command line to 'None'
[0.255s] Level 5:colcon.colcon_core.verb:set package 'challenge' build argument 'catkin_cmake_args' from command line to 'None'
[0.255s] Level 5:colcon.colcon_core.verb:set package 'challenge' build argument 'catkin_skip_building_tests' from command line to 'False'
[0.255s] DEBUG:colcon.colcon_core.verb:Building package 'challenge' with the following arguments: {'ament_cmake_args': None, 'build_base': '/home/amraj/Subbots/software-start-here/src/build/challenge', 'catkin_cmake_args': None, 'catkin_skip_building_tests': False, 'cmake_args': None, 'cmake_clean_cache': False, 'cmake_clean_first': False, 'cmake_force_configure': False, 'cmake_target': None, 'cmake_target_skip_unavailable': False, 'install_base': '/home/amraj/Subbots/software-start-here/src/install/challenge', 'merge_install': False, 'path': '/home/amraj/Subbots/software-start-here/src/challenge', 'symlink_install': False, 'test_result_base': None}
[0.256s] Level 5:colcon.colcon_core.verb:set package 'py_launch_example' build argument 'cmake_args' from command line to 'None'
[0.256s] Level 5:colcon.colcon_core.verb:set package 'py_launch_example' build argument 'cmake_target' from command line to 'None'
[0.257s] Level 5:colcon.colcon_core.verb:set package 'py_launch_example' build argument 'cmake_target_skip_unavailable' from command line to 'False'
[0.257s] Level 5:colcon.colcon_core.verb:set package 'py_launch_example' build argument 'cmake_clean_cache' from command line to 'False'
[0.257s] Level 5:colcon.colcon_core.verb:set package 'py_launch_example' build argument 'cmake_clean_first' from command line to 'False'
[0.257s] Level 5:colcon.colcon_core.verb:set package 'py_launch_example' build argument 'cmake_force_configure' from command line to 'False'
[0.257s] Level 5:colcon.colcon_core.verb:set package 'py_launch_example' build argument 'ament_cmake_args' from command line to 'None'
[0.257s] Level 5:colcon.colcon_core.verb:set package 'py_launch_example' build argument 'catkin_cmake_args' from command line to 'None'
[0.257s] Level 5:colcon.colcon_core.verb:set package 'py_launch_example' build argument 'catkin_skip_building_tests' from command line to 'False'
[0.257s] DEBUG:colcon.colcon_core.verb:Building package 'py_launch_example' with the following arguments: {'ament_cmake_args': None, 'build_base': '/home/amraj/Subbots/software-start-here/src/build/py_launch_example', 'catkin_cmake_args': None, 'catkin_skip_building_tests': False, 'cmake_args': None, 'cmake_clean_cache': False, 'cmake_clean_first': False, 'cmake_force_configure': False, 'cmake_target': None, 'cmake_target_skip_unavailable': False, 'install_base': '/home/amraj/Subbots/software-start-here/src/install/py_launch_example', 'merge_install': False, 'path': '/home/amraj/Subbots/software-start-here/src/py_launch_example', 'symlink_install': False, 'test_result_base': None}
[0.257s] INFO:colcon.colcon_core.executor:Executing jobs using 'parallel' executor
[0.260s] DEBUG:colcon.colcon_parallel_executor.executor.parallel:run_until_complete
[0.261s] INFO:colcon.colcon_ros.task.ament_cmake.build:Building ROS package in '/home/amraj/Subbots/software-start-here/src/challenge' with build type 'ament_cmake'
[0.261s] INFO:colcon.colcon_cmake.task.cmake.build:Building CMake package in '/home/amraj/Subbots/software-start-here/src/challenge'
[0.265s] INFO:colcon.colcon_core.plugin_system:Skipping extension 'colcon_core.shell.bat': Not used on non-Windows systems
[0.265s] INFO:colcon.colcon_core.shell:Skip shell extension 'powershell' for command environment: Not usable outside of PowerShell
[0.265s] DEBUG:colcon.colcon_core.shell:Skip shell extension 'dsv' for command environment
[0.269s] INFO:colcon.colcon_ros.task.ament_python.build:Building ROS package in '/home/amraj/Subbots/software-start-here/src/py_launch_example' with build type 'ament_python'
[0.269s] Level 1:colcon.colcon_core.shell:create_environment_hook('py_launch_example', 'ament_prefix_path')
[0.270s] INFO:colcon.colcon_core.shell:Creating environment hook '/home/amraj/Subbots/software-start-here/src/install/py_launch_example/share/py_launch_example/hook/ament_prefix_path.ps1'
[0.271s] INFO:colcon.colcon_core.shell:Creating environment descriptor '/home/amraj/Subbots/software-start-here/src/install/py_launch_example/share/py_launch_example/hook/ament_prefix_path.dsv'
[0.272s] INFO:colcon.colcon_core.shell:Creating environment hook '/home/amraj/Subbots/software-start-here/src/install/py_launch_example/share/py_launch_example/hook/ament_prefix_path.sh'
[0.273s] INFO:colcon.colcon_core.shell:Skip shell extension 'powershell' for command environment: Not usable outside of PowerShell
[0.273s] DEBUG:colcon.colcon_core.shell:Skip shell extension 'dsv' for command environment
[0.283s] DEBUG:colcon.colcon_core.event_handler.log_command:Invoking command in '/home/amraj/Subbots/software-start-here/src/build/challenge': CMAKE_PREFIX_PATH=${CMAKE_PREFIX_PATH}:/opt/ros/foxy /usr/bin/cmake --build /home/amraj/Subbots/software-start-here/src/build/challenge -- -j8 -l8
[0.411s] INFO:colcon.colcon_core.task.python.build:Building Python package in '/home/amraj/Subbots/software-start-here/src/py_launch_example'
[0.413s] INFO:colcon.colcon_core.shell:Skip shell extension 'powershell' for command environment: Not usable outside of PowerShell
[0.413s] DEBUG:colcon.colcon_core.shell:Skip shell extension 'dsv' for command environment
[0.419s] DEBUG:colcon.colcon_core.event_handler.log_command:Invoked command in '/home/amraj/Subbots/software-start-here/src/build/challenge' returned '0': CMAKE_PREFIX_PATH=${CMAKE_PREFIX_PATH}:/opt/ros/foxy /usr/bin/cmake --build /home/amraj/Subbots/software-start-here/src/build/challenge -- -j8 -l8
[0.441s] DEBUG:colcon.colcon_core.event_handler.log_command:Invoking command in '/home/amraj/Subbots/software-start-here/src/build/challenge': CMAKE_PREFIX_PATH=${CMAKE_PREFIX_PATH}:/opt/ros/foxy /usr/bin/cmake --install /home/amraj/Subbots/software-start-here/src/build/challenge
[0.448s] Level 1:colcon.colcon_core.environment:create_environment_scripts_only(challenge)
[0.448s] DEBUG:colcon.colcon_core.event_handler.log_command:Invoked command in '/home/amraj/Subbots/software-start-here/src/build/challenge' returned '0': CMAKE_PREFIX_PATH=${CMAKE_PREFIX_PATH}:/opt/ros/foxy /usr/bin/cmake --install /home/amraj/Subbots/software-start-here/src/build/challenge
[0.451s] Level 1:colcon.colcon_core.environment:checking '/home/amraj/Subbots/software-start-here/src/install/challenge' for CMake module files
[0.452s] Level 1:colcon.colcon_core.environment:checking '/home/amraj/Subbots/software-start-here/src/install/challenge' for CMake config files
[0.452s] Level 1:colcon.colcon_core.shell:create_environment_hook('challenge', 'cmake_prefix_path')
[0.453s] INFO:colcon.colcon_core.shell:Creating environment hook '/home/amraj/Subbots/software-start-here/src/install/challenge/share/challenge/hook/cmake_prefix_path.ps1'
[0.453s] INFO:colcon.colcon_core.shell:Creating environment descriptor '/home/amraj/Subbots/software-start-here/src/install/challenge/share/challenge/hook/cmake_prefix_path.dsv'
[0.453s] INFO:colcon.colcon_core.shell:Creating environment hook '/home/amraj/Subbots/software-start-here/src/install/challenge/share/challenge/hook/cmake_prefix_path.sh'
[0.453s] Level 1:colcon.colcon_core.environment:checking '/home/amraj/Subbots/software-start-here/src/install/challenge/lib'
[0.454s] Level 1:colcon.colcon_core.environment:checking '/home/amraj/Subbots/software-start-here/src/install/challenge/bin'
[0.454s] Level 1:colcon.colcon_core.environment:checking '/home/amraj/Subbots/software-start-here/src/install/challenge/lib/pkgconfig/challenge.pc'
[0.454s] Level 1:colcon.colcon_core.environment:checking '/home/amraj/Subbots/software-start-here/src/install/challenge/lib/python3.8/site-packages'
[0.454s] Level 1:colcon.colcon_core.environment:checking '/home/amraj/Subbots/software-start-here/src/install/challenge/bin'
[0.455s] INFO:colcon.colcon_core.shell:Creating package script '/home/amraj/Subbots/software-start-here/src/install/challenge/share/challenge/package.ps1'
[0.455s] INFO:colcon.colcon_core.shell:Creating package descriptor '/home/amraj/Subbots/software-start-here/src/install/challenge/share/challenge/package.dsv'
[0.455s] INFO:colcon.colcon_core.shell:Creating package script '/home/amraj/Subbots/software-start-here/src/install/challenge/share/challenge/package.sh'
[0.456s] INFO:colcon.colcon_core.shell:Creating package script '/home/amraj/Subbots/software-start-here/src/install/challenge/share/challenge/package.bash'
[0.456s] INFO:colcon.colcon_core.shell:Creating package script '/home/amraj/Subbots/software-start-here/src/install/challenge/share/challenge/package.zsh'
[0.456s] Level 1:colcon.colcon_core.environment:create_file_with_runtime_dependencies(/home/amraj/Subbots/software-start-here/src/install/challenge/share/colcon-core/packages/challenge)
[0.472s] Level 1:colcon.colcon_core.environment:create_environment_scripts_only(challenge)
[0.473s] Level 1:colcon.colcon_core.environment:checking '/home/amraj/Subbots/software-start-here/src/install/challenge' for CMake module files
[0.474s] Level 1:colcon.colcon_core.environment:checking '/home/amraj/Subbots/software-start-here/src/install/challenge' for CMake config files
[0.474s] Level 1:colcon.colcon_core.shell:create_environment_hook('challenge', 'cmake_prefix_path')
[0.475s] INFO:colcon.colcon_core.shell:Creating environment hook '/home/amraj/Subbots/software-start-here/src/install/challenge/share/challenge/hook/cmake_prefix_path.ps1'
[0.475s] INFO:colcon.colcon_core.shell:Creating environment descriptor '/home/amraj/Subbots/software-start-here/src/install/challenge/share/challenge/hook/cmake_prefix_path.dsv'
[0.475s] INFO:colcon.colcon_core.shell:Creating environment hook '/home/amraj/Subbots/software-start-here/src/install/challenge/share/challenge/hook/cmake_prefix_path.sh'
[0.476s] Level 1:colcon.colcon_core.environment:checking '/home/amraj/Subbots/software-start-here/src/install/challenge/lib'
[0.476s] Level 1:colcon.colcon_core.environment:checking '/home/amraj/Subbots/software-start-here/src/install/challenge/bin'
[0.476s] Level 1:colcon.colcon_core.environment:checking '/home/amraj/Subbots/software-start-here/src/install/challenge/lib/pkgconfig/challenge.pc'
[0.476s] Level 1:colcon.colcon_core.environment:checking '/home/amraj/Subbots/software-start-here/src/install/challenge/lib/python3.8/site-packages'
[0.476s] Level 1:colcon.colcon_core.environment:checking '/home/amraj/Subbots/software-start-here/src/install/challenge/bin'
[0.477s] INFO:colcon.colcon_core.shell:Creating package script '/home/amraj/Subbots/software-start-here/src/install/challenge/share/challenge/package.ps1'
[0.477s] INFO:colcon.colcon_core.shell:Creating package descriptor '/home/amraj/Subbots/software-start-here/src/install/challenge/share/challenge/package.dsv'
[0.477s] INFO:colcon.colcon_core.shell:Creating package script '/home/amraj/Subbots/software-start-here/src/install/challenge/share/challenge/package.sh'
[0.478s] INFO:colcon.colcon_core.shell:Creating package script '/home/amraj/Subbots/software-start-here/src/install/challenge/share/challenge/package.bash'
[0.478s] INFO:colcon.colcon_core.shell:Creating package script '/home/amraj/Subbots/software-start-here/src/install/challenge/share/challenge/package.zsh'
[0.478s] Level 1:colcon.colcon_core.environment:create_file_with_runtime_dependencies(/home/amraj/Subbots/software-start-here/src/install/challenge/share/colcon-core/packages/challenge)
[0.674s] DEBUG:colcon.colcon_core.event_handler.log_command:Invoking command in '/home/amraj/Subbots/software-start-here/src/py_launch_example': PYTHONPATH=/home/amraj/Subbots/software-start-here/src/build/py_launch_example/prefix_override:/home/amraj/Subbots/software-start-here/src/install/py_launch_example/lib/python3.8/site-packages:${PYTHONPATH} /usr/bin/python3 setup.py egg_info --egg-base ../build/py_launch_example build --build-base /home/amraj/Subbots/software-start-here/src/build/py_launch_example/build install --record /home/amraj/Subbots/software-start-here/src/build/py_launch_example/install.log --install-scripts $base/lib/py_launch_example --single-version-externally-managed
[0.845s] Level 1:colcon.colcon_core.environment:checking '/home/amraj/Subbots/software-start-here/src/install/py_launch_example' for CMake module files
[0.845s] DEBUG:colcon.colcon_core.event_handler.log_command:Invoked command in '/home/amraj/Subbots/software-start-here/src/py_launch_example' returned '0': PYTHONPATH=/home/amraj/Subbots/software-start-here/src/build/py_launch_example/prefix_override:/home/amraj/Subbots/software-start-here/src/install/py_launch_example/lib/python3.8/site-packages:${PYTHONPATH} /usr/bin/python3 setup.py egg_info --egg-base ../build/py_launch_example build --build-base /home/amraj/Subbots/software-start-here/src/build/py_launch_example/build install --record /home/amraj/Subbots/software-start-here/src/build/py_launch_example/install.log --install-scripts $base/lib/py_launch_example --single-version-externally-managed
[0.846s] Level 1:colcon.colcon_core.environment:checking '/home/amraj/Subbots/software-start-here/src/install/py_launch_example' for CMake config files
[0.846s] Level 1:colcon.colcon_core.environment:checking '/home/amraj/Subbots/software-start-here/src/install/py_launch_example/lib'
[0.846s] Level 1:colcon.colcon_core.environment:checking '/home/amraj/Subbots/software-start-here/src/install/py_launch_example/bin'
[0.846s] Level 1:colcon.colcon_core.environment:checking '/home/amraj/Subbots/software-start-here/src/install/py_launch_example/lib/pkgconfig/py_launch_example.pc'
[0.846s] Level 1:colcon.colcon_core.environment:checking '/home/amraj/Subbots/software-start-here/src/install/py_launch_example/lib/python3.8/site-packages'
[0.846s] Level 1:colcon.colcon_core.shell:create_environment_hook('py_launch_example', 'pythonpath')
[0.847s] INFO:colcon.colcon_core.shell:Creating environment hook '/home/amraj/Subbots/software-start-here/src/install/py_launch_example/share/py_launch_example/hook/pythonpath.ps1'
[0.847s] INFO:colcon.colcon_core.shell:Creating environment descriptor '/home/amraj/Subbots/software-start-here/src/install/py_launch_example/share/py_launch_example/hook/pythonpath.dsv'
[0.848s] INFO:colcon.colcon_core.shell:Creating environment hook '/home/amraj/Subbots/software-start-here/src/install/py_launch_example/share/py_launch_example/hook/pythonpath.sh'
[0.848s] Level 1:colcon.colcon_core.environment:checking '/home/amraj/Subbots/software-start-here/src/install/py_launch_example/bin'
[0.848s] Level 1:colcon.colcon_core.environment:create_environment_scripts_only(py_launch_example)
[0.849s] INFO:colcon.colcon_core.shell:Creating package script '/home/amraj/Subbots/software-start-here/src/install/py_launch_example/share/py_launch_example/package.ps1'
[0.849s] INFO:colcon.colcon_core.shell:Creating package descriptor '/home/amraj/Subbots/software-start-here/src/install/py_launch_example/share/py_launch_example/package.dsv'
[0.849s] INFO:colcon.colcon_core.shell:Creating package script '/home/amraj/Subbots/software-start-here/src/install/py_launch_example/share/py_launch_example/package.sh'
[0.850s] INFO:colcon.colcon_core.shell:Creating package script '/home/amraj/Subbots/software-start-here/src/install/py_launch_example/share/py_launch_example/package.bash'
[0.850s] INFO:colcon.colcon_core.shell:Creating package script '/home/amraj/Subbots/software-start-here/src/install/py_launch_example/share/py_launch_example/package.zsh'
[0.850s] Level 1:colcon.colcon_core.environment:create_file_with_runtime_dependencies(/home/amraj/Subbots/software-start-here/src/install/py_launch_example/share/colcon-core/packages/py_launch_example)
[0.850s] DEBUG:colcon.colcon_parallel_executor.executor.parallel:closing loop
[0.850s] DEBUG:colcon.colcon_parallel_executor.executor.parallel:loop closed
[0.850s] DEBUG:colcon.colcon_parallel_executor.executor.parallel:run_until_complete finished with '0'
[0.850s] DEBUG:colcon.colcon_core.event_reactor:joining thread
[0.854s] INFO:colcon.colcon_core.plugin_system:Skipping extension 'colcon_notification.desktop_notification.terminal_notifier': Not used on non-Darwin systems
[0.854s] INFO:colcon.colcon_core.plugin_system:Skipping extension 'colcon_notification.desktop_notification.win32': Not used on non-Windows systems
[0.854s] INFO:colcon.colcon_notification.desktop_notification:Sending desktop notification using 'notify2'
[0.864s] DEBUG:colcon.colcon_core.event_reactor:joined thread
[0.865s] INFO:colcon.colcon_core.shell:Creating prefix script '/home/amraj/Subbots/software-start-here/src/install/local_setup.ps1'
[0.866s] INFO:colcon.colcon_core.shell:Creating prefix util module '/home/amraj/Subbots/software-start-here/src/install/_local_setup_util_ps1.py'
[0.867s] INFO:colcon.colcon_core.shell:Creating prefix chain script '/home/amraj/Subbots/software-start-here/src/install/setup.ps1'
[0.868s] INFO:colcon.colcon_core.shell:Creating prefix script '/home/amraj/Subbots/software-start-here/src/install/local_setup.sh'
[0.868s] INFO:colcon.colcon_core.shell:Creating prefix util module '/home/amraj/Subbots/software-start-here/src/install/_local_setup_util_sh.py'
[0.868s] INFO:colcon.colcon_core.shell:Creating prefix chain script '/home/amraj/Subbots/software-start-here/src/install/setup.sh'
[0.869s] INFO:colcon.colcon_core.shell:Creating prefix script '/home/amraj/Subbots/software-start-here/src/install/local_setup.bash'
[0.870s] INFO:colcon.colcon_core.shell:Creating prefix chain script '/home/amraj/Subbots/software-start-here/src/install/setup.bash'
[0.871s] INFO:colcon.colcon_core.shell:Creating prefix script '/home/amraj/Subbots/software-start-here/src/install/local_setup.zsh'
[0.871s] INFO:colcon.colcon_core.shell:Creating prefix chain script '/home/amraj/Subbots/software-start-here/src/install/setup.zsh'
