[1.109s] DEBUG:colcon:Command line arguments: ['/usr/bin/colcon', 'build']
[1.109s] DEBUG:colcon:Parsed command line arguments: Namespace(allow_overriding=[], ament_cmake_args=None, base_paths=['.'], build_base='build', catkin_cmake_args=None, catkin_skip_building_tests=False, cmake_args=None, cmake_clean_cache=False, cmake_clean_first=False, cmake_force_configure=False, cmake_target=None, cmake_target_skip_unavailable=False, continue_on_error=False, event_handlers=None, executor='parallel', ignore_user_meta=False, install_base='install', log_base=None, log_level=None, main=<bound method BuildVerb.main of <colcon_core.verb.build.BuildVerb object at 0x7bfb1e6ea6d0>>, merge_install=False, metas=['./colcon.meta'], mixin=None, mixin_files=None, mixin_verb=('build',), packages_above=None, packages_above_and_dependencies=None, packages_above_depth=None, packages_end=None, packages_ignore=None, packages_ignore_regex=None, packages_select=None, packages_select_build_failed=False, packages_select_by_dep=None, packages_select_regex=None, packages_select_test_failures=False, packages_skip=None, packages_skip_build_finished=False, packages_skip_by_dep=None, packages_skip_regex=None, packages_skip_test_passed=False, packages_skip_up_to=None, packages_start=None, packages_up_to=None, packages_up_to_regex=None, parallel_workers=16, paths=None, symlink_install=False, test_result_base=None, verb_extension=<colcon_core.verb.build.BuildVerb object at 0x7bfb1e6ea6d0>, verb_name='build', verb_parser=<colcon_mixin.mixin.mixin_argument.MixinArgumentDecorator object at 0x7bfb1e64c160>)
[1.690s] Level 1:colcon.colcon_core.package_discovery:discover_packages(colcon_meta) check parameters
[1.691s] Level 1:colcon.colcon_core.package_discovery:discover_packages(recursive) check parameters
[1.691s] Level 1:colcon.colcon_core.package_discovery:discover_packages(ignore) check parameters
[1.691s] Level 1:colcon.colcon_core.package_discovery:discover_packages(path) check parameters
[1.691s] Level 1:colcon.colcon_core.package_discovery:discover_packages(colcon_meta) discover
[1.691s] Level 1:colcon.colcon_core.package_discovery:discover_packages(recursive) discover
[1.691s] INFO:colcon.colcon_core.package_discovery:Crawling recursively for packages in '/home/joseph/software-start-here/src'
[1.692s] Level 1:colcon.colcon_core.package_identification:_identify(.) by extensions ['ignore', 'ignore_ament_install']
[1.692s] Level 1:colcon.colcon_core.package_identification:_identify(.) by extension 'ignore'
[1.692s] Level 1:colcon.colcon_core.package_identification:_identify(.) by extension 'ignore_ament_install'
[1.692s] Level 1:colcon.colcon_core.package_identification:_identify(.) by extensions ['colcon_pkg']
[1.692s] Level 1:colcon.colcon_core.package_identification:_identify(.) by extension 'colcon_pkg'
[1.692s] Level 1:colcon.colcon_core.package_identification:_identify(.) by extensions ['colcon_meta']
[1.692s] Level 1:colcon.colcon_core.package_identification:_identify(.) by extension 'colcon_meta'
[1.692s] Level 1:colcon.colcon_core.package_identification:_identify(.) by extensions ['ros']
[1.692s] Level 1:colcon.colcon_core.package_identification:_identify(.) by extension 'ros'
[1.722s] Level 1:colcon.colcon_core.package_identification:_identify(.) by extensions ['cmake', 'python']
[1.722s] Level 1:colcon.colcon_core.package_identification:_identify(.) by extension 'cmake'
[1.723s] Level 1:colcon.colcon_core.package_identification:_identify(.) by extension 'python'
[1.723s] Level 1:colcon.colcon_core.package_identification:_identify(.) by extensions ['python_setup_py']
[1.723s] Level 1:colcon.colcon_core.package_identification:_identify(.) by extension 'python_setup_py'
[1.723s] Level 1:colcon.colcon_core.package_identification:_identify(build) by extensions ['ignore', 'ignore_ament_install']
[1.724s] Level 1:colcon.colcon_core.package_identification:_identify(build) by extension 'ignore'
[1.724s] Level 1:colcon.colcon_core.package_identification:_identify(build) ignored
[1.724s] Level 1:colcon.colcon_core.package_identification:_identify(challenge) by extensions ['ignore', 'ignore_ament_install']
[1.724s] Level 1:colcon.colcon_core.package_identification:_identify(challenge) by extension 'ignore'
[1.724s] Level 1:colcon.colcon_core.package_identification:_identify(challenge) by extension 'ignore_ament_install'
[1.724s] Level 1:colcon.colcon_core.package_identification:_identify(challenge) by extensions ['colcon_pkg']
[1.724s] Level 1:colcon.colcon_core.package_identification:_identify(challenge) by extension 'colcon_pkg'
[1.725s] Level 1:colcon.colcon_core.package_identification:_identify(challenge) by extensions ['colcon_meta']
[1.725s] Level 1:colcon.colcon_core.package_identification:_identify(challenge) by extension 'colcon_meta'
[1.725s] Level 1:colcon.colcon_core.package_identification:_identify(challenge) by extensions ['ros']
[1.725s] Level 1:colcon.colcon_core.package_identification:_identify(challenge) by extension 'ros'
[1.732s] DEBUG:colcon.colcon_core.package_identification:Package 'challenge' with type 'ros.ament_cmake' and name 'challenge'
[1.733s] Level 1:colcon.colcon_core.package_identification:_identify(install) by extensions ['ignore', 'ignore_ament_install']
[1.733s] Level 1:colcon.colcon_core.package_identification:_identify(install) by extension 'ignore'
[1.733s] Level 1:colcon.colcon_core.package_identification:_identify(install) ignored
[1.733s] Level 1:colcon.colcon_core.package_identification:_identify(log) by extensions ['ignore', 'ignore_ament_install']
[1.734s] Level 1:colcon.colcon_core.package_identification:_identify(log) by extension 'ignore'
[1.734s] Level 1:colcon.colcon_core.package_identification:_identify(log) ignored
[1.734s] Level 1:colcon.colcon_core.package_discovery:discover_packages(recursive) using defaults
[1.734s] Level 1:colcon.colcon_core.package_discovery:discover_packages(ignore) discover
[1.734s] Level 1:colcon.colcon_core.package_discovery:discover_packages(ignore) using defaults
[1.734s] Level 1:colcon.colcon_core.package_discovery:discover_packages(path) discover
[1.734s] Level 1:colcon.colcon_core.package_discovery:discover_packages(path) using defaults
[1.803s] Level 1:colcon.colcon_core.package_discovery:discover_packages(prefix_path) check parameters
[1.803s] Level 1:colcon.colcon_core.package_discovery:discover_packages(prefix_path) discover
[1.820s] DEBUG:colcon.colcon_installed_package_information.package_discovery:Found 1 installed packages in /home/joseph/software-start-here/src/install
[1.822s] DEBUG:colcon.colcon_installed_package_information.package_discovery:Found 11 installed packages in /home/joseph/steelhead/install
[1.827s] DEBUG:colcon.colcon_installed_package_information.package_discovery:Found 275 installed packages in /opt/ros/foxy
[1.829s] Level 1:colcon.colcon_core.package_discovery:discover_packages(prefix_path) using defaults
[2.150s] Level 5:colcon.colcon_core.verb:set package 'challenge' build argument 'cmake_args' from command line to 'None'
[2.150s] Level 5:colcon.colcon_core.verb:set package 'challenge' build argument 'cmake_target' from command line to 'None'
[2.150s] Level 5:colcon.colcon_core.verb:set package 'challenge' build argument 'cmake_target_skip_unavailable' from command line to 'False'
[2.150s] Level 5:colcon.colcon_core.verb:set package 'challenge' build argument 'cmake_clean_cache' from command line to 'False'
[2.150s] Level 5:colcon.colcon_core.verb:set package 'challenge' build argument 'cmake_clean_first' from command line to 'False'
[2.150s] Level 5:colcon.colcon_core.verb:set package 'challenge' build argument 'cmake_force_configure' from command line to 'False'
[2.150s] Level 5:colcon.colcon_core.verb:set package 'challenge' build argument 'ament_cmake_args' from command line to 'None'
[2.150s] Level 5:colcon.colcon_core.verb:set package 'challenge' build argument 'catkin_cmake_args' from command line to 'None'
[2.150s] Level 5:colcon.colcon_core.verb:set package 'challenge' build argument 'catkin_skip_building_tests' from command line to 'False'
[2.150s] DEBUG:colcon.colcon_core.verb:Building package 'challenge' with the following arguments: {'ament_cmake_args': None, 'build_base': '/home/joseph/software-start-here/src/build/challenge', 'catkin_cmake_args': None, 'catkin_skip_building_tests': False, 'cmake_args': None, 'cmake_clean_cache': False, 'cmake_clean_first': False, 'cmake_force_configure': False, 'cmake_target': None, 'cmake_target_skip_unavailable': False, 'install_base': '/home/joseph/software-start-here/src/install/challenge', 'merge_install': False, 'path': '/home/joseph/software-start-here/src/challenge', 'symlink_install': False, 'test_result_base': None}
[2.150s] INFO:colcon.colcon_core.executor:Executing jobs using 'parallel' executor
[2.154s] DEBUG:colcon.colcon_parallel_executor.executor.parallel:run_until_complete
[2.155s] INFO:colcon.colcon_ros.task.ament_cmake.build:Building ROS package in '/home/joseph/software-start-here/src/challenge' with build type 'ament_cmake'
[2.155s] INFO:colcon.colcon_cmake.task.cmake.build:Building CMake package in '/home/joseph/software-start-here/src/challenge'
[2.170s] INFO:colcon.colcon_core.plugin_system:Skipping extension 'colcon_core.shell.bat': Not used on non-Windows systems
[2.171s] INFO:colcon.colcon_core.shell:Skip shell extension 'powershell' for command environment: Not usable outside of PowerShell
[2.171s] DEBUG:colcon.colcon_core.shell:Skip shell extension 'dsv' for command environment
[2.220s] DEBUG:colcon.colcon_core.event_handler.log_command:Invoking command in '/home/joseph/software-start-here/src/build/challenge': CMAKE_PREFIX_PATH=${CMAKE_PREFIX_PATH}:/home/joseph/steelhead/install/steelhead_teleop:/home/joseph/steelhead/install/steelhead_pipeline:/home/joseph/steelhead/install/steelhead_bringup:/opt/ros/foxy /usr/bin/cmake --build /home/joseph/software-start-here/src/build/challenge -- -j16 -l16
[12.839s] DEBUG:colcon.colcon_core.event_handler.log_command:Invoked command in '/home/joseph/software-start-here/src/build/challenge' returned '2': CMAKE_PREFIX_PATH=${CMAKE_PREFIX_PATH}:/home/joseph/steelhead/install/steelhead_teleop:/home/joseph/steelhead/install/steelhead_pipeline:/home/joseph/steelhead/install/steelhead_bringup:/opt/ros/foxy /usr/bin/cmake --build /home/joseph/software-start-here/src/build/challenge -- -j16 -l16
[12.841s] Level 1:colcon.colcon_core.environment:create_environment_scripts_only(challenge)
[12.857s] Level 1:colcon.colcon_core.environment:checking '/home/joseph/software-start-here/src/install/challenge' for CMake module files
[12.860s] Level 1:colcon.colcon_core.environment:checking '/home/joseph/software-start-here/src/install/challenge' for CMake config files
[12.862s] Level 1:colcon.colcon_core.shell:create_environment_hook('challenge', 'cmake_prefix_path')
[12.862s] INFO:colcon.colcon_core.shell:Creating environment hook '/home/joseph/software-start-here/src/install/challenge/share/challenge/hook/cmake_prefix_path.ps1'
[12.864s] INFO:colcon.colcon_core.shell:Creating environment descriptor '/home/joseph/software-start-here/src/install/challenge/share/challenge/hook/cmake_prefix_path.dsv'
[12.865s] INFO:colcon.colcon_core.shell:Creating environment hook '/home/joseph/software-start-here/src/install/challenge/share/challenge/hook/cmake_prefix_path.sh'
[12.867s] Level 1:colcon.colcon_core.environment:checking '/home/joseph/software-start-here/src/install/challenge/lib'
[12.868s] Level 1:colcon.colcon_core.environment:checking '/home/joseph/software-start-here/src/install/challenge/bin'
[12.868s] Level 1:colcon.colcon_core.environment:checking '/home/joseph/software-start-here/src/install/challenge/lib/pkgconfig/challenge.pc'
[12.868s] Level 1:colcon.colcon_core.environment:checking '/home/joseph/software-start-here/src/install/challenge/lib/python3.8/site-packages'
[12.868s] Level 1:colcon.colcon_core.environment:checking '/home/joseph/software-start-here/src/install/challenge/bin'
[12.869s] INFO:colcon.colcon_core.shell:Creating package script '/home/joseph/software-start-here/src/install/challenge/share/challenge/package.ps1'
[12.871s] INFO:colcon.colcon_core.shell:Creating package descriptor '/home/joseph/software-start-here/src/install/challenge/share/challenge/package.dsv'
[12.872s] INFO:colcon.colcon_core.shell:Creating package script '/home/joseph/software-start-here/src/install/challenge/share/challenge/package.sh'
[12.874s] INFO:colcon.colcon_core.shell:Creating package script '/home/joseph/software-start-here/src/install/challenge/share/challenge/package.bash'
[12.876s] INFO:colcon.colcon_core.shell:Creating package script '/home/joseph/software-start-here/src/install/challenge/share/challenge/package.zsh'
[12.878s] Level 1:colcon.colcon_core.environment:create_file_with_runtime_dependencies(/home/joseph/software-start-here/src/install/challenge/share/colcon-core/packages/challenge)
[12.889s] DEBUG:colcon.colcon_parallel_executor.executor.parallel:closing loop
[12.890s] DEBUG:colcon.colcon_parallel_executor.executor.parallel:loop closed
[12.890s] DEBUG:colcon.colcon_parallel_executor.executor.parallel:run_until_complete finished with '2'
[12.890s] DEBUG:colcon.colcon_core.event_reactor:joining thread
[13.028s] INFO:colcon.colcon_core.plugin_system:Skipping extension 'colcon_notification.desktop_notification.notify_send': Could not find 'notify-send'
[13.029s] INFO:colcon.colcon_core.plugin_system:Skipping extension 'colcon_notification.desktop_notification.terminal_notifier': Not used on non-Darwin systems
[13.029s] INFO:colcon.colcon_core.plugin_system:Skipping extension 'colcon_notification.desktop_notification.win32': Not used on non-Windows systems
[13.029s] INFO:colcon.colcon_notification.desktop_notification:Sending desktop notification using 'notify2'
[13.034s] DEBUG:colcon.colcon_notification.desktop_notification.notify2:Failed to initialize notify2: org.freedesktop.DBus.Error.ServiceUnknown: The name org.freedesktop.Notifications was not provided by any .service files
[13.034s] DEBUG:colcon.colcon_core.event_reactor:joined thread
[13.035s] INFO:colcon.colcon_core.shell:Creating prefix script '/home/joseph/software-start-here/src/install/local_setup.ps1'
[13.037s] INFO:colcon.colcon_core.shell:Creating prefix util module '/home/joseph/software-start-here/src/install/_local_setup_util_ps1.py'
[13.039s] INFO:colcon.colcon_core.shell:Creating prefix chain script '/home/joseph/software-start-here/src/install/setup.ps1'
[13.042s] INFO:colcon.colcon_core.shell:Creating prefix script '/home/joseph/software-start-here/src/install/local_setup.sh'
[13.044s] INFO:colcon.colcon_core.shell:Creating prefix util module '/home/joseph/software-start-here/src/install/_local_setup_util_sh.py'
[13.045s] INFO:colcon.colcon_core.shell:Creating prefix chain script '/home/joseph/software-start-here/src/install/setup.sh'
[13.050s] INFO:colcon.colcon_core.shell:Creating prefix script '/home/joseph/software-start-here/src/install/local_setup.bash'
[13.051s] INFO:colcon.colcon_core.shell:Creating prefix chain script '/home/joseph/software-start-here/src/install/setup.bash'
[13.055s] INFO:colcon.colcon_core.shell:Creating prefix script '/home/joseph/software-start-here/src/install/local_setup.zsh'
[13.057s] INFO:colcon.colcon_core.shell:Creating prefix chain script '/home/joseph/software-start-here/src/install/setup.zsh'
