[0.008s] Invoking command in '/home/popcorn/software-start-here/build/challenge': CMAKE_PREFIX_PATH=/opt/ros/foxy /usr/bin/cmake --build /home/popcorn/software-start-here/build/challenge -- -j16 -l16
[0.031s] -- Found ament_cmake: 0.9.12 (/opt/ros/foxy/share/ament_cmake/cmake)
[0.047s] -- Using PYTHON_EXECUTABLE: /usr/bin/python3
[0.159s] -- Found rclcpp: 2.4.3 (/opt/ros/foxy/share/rclcpp/cmake)
[0.181s] -- Using all available rosidl_typesupport_c: rosidl_typesupport_fastrtps_c;rosidl_typesupport_introspection_c
[0.183s] -- Found rosidl_adapter: 1.3.1 (/opt/ros/foxy/share/rosidl_adapter/cmake)
[0.263s] -- Using all available rosidl_typesupport_cpp: rosidl_typesupport_fastrtps_cpp;rosidl_typesupport_introspection_cpp
[0.295s] -- Found rmw_implementation_cmake: 1.0.4 (/opt/ros/foxy/share/rmw_implementation_cmake/cmake)
[0.296s] -- Using RMW implementation 'rmw_fastrtps_cpp' as default
[0.395s] -- Found ament_lint_auto: 0.9.8 (/opt/ros/foxy/share/ament_lint_auto/cmake)
[0.442s] -- Added test 'copyright' to check source files copyright and LICENSE
[0.443s] -- Added test 'cppcheck' to perform static code analysis on C / C++ code
[0.443s] -- Configured cppcheck include dirs: 
[0.443s] -- Configured cppcheck exclude dirs and/or files: 
[0.443s] -- Added test 'cpplint' to check C / C++ code against the Google style
[0.443s] -- Configured cpplint exclude dirs and/or files: 
[0.443s] -- Added test 'lint_cmake' to check CMake code style
[0.444s] -- Added test 'uncrustify' to check C / C++ code style
[0.444s] -- Configured uncrustify additional arguments: 
[0.444s] -- Added test 'xmllint' to check XML markup files
[0.446s] -- Configuring done
[0.446s] CMake Error at CMakeLists.txt:26 (add_executable):
[0.446s]   Cannot find source file:
[0.446s] 
[0.446s]     src/challenge/src/solution.cpp
[0.446s] 
[0.446s]   Tried extensions .c .C .c++ .cc .cpp .cxx .cu .m .M .mm .h .hh .h++ .hm
[0.446s]   .hpp .hxx .in .txx
[0.446s] 
[0.446s] 
[0.447s] CMake Error at CMakeLists.txt:26 (add_executable):
[0.447s]   No SOURCES given to target: talker
[0.447s] 
[0.447s] 
[0.447s] CMake Generate step failed.  Build files cannot be regenerated correctly.
[0.451s] make: *** [Makefile:266: cmake_check_build_system] Error 1
[0.452s] Invoked command in '/home/popcorn/software-start-here/build/challenge' returned '2': CMAKE_PREFIX_PATH=/opt/ros/foxy /usr/bin/cmake --build /home/popcorn/software-start-here/build/challenge -- -j16 -l16
