-- The C compiler identification is GNU 9.4.0
-- The CXX compiler identification is GNU 9.4.0
-- Check for working C compiler: /usr/bin/cc
-- Check for working C compiler: /usr/bin/cc -- works
-- Detecting C compiler ABI info
-- Detecting C compiler ABI info - done
-- Detecting C compile features
-- Detecting C compile features - done
-- Check for working CXX compiler: /usr/bin/c++
-- Check for working CXX compiler: /usr/bin/c++ -- works
-- Detecting CXX compiler ABI info
-- Detecting CXX compiler ABI info - done
-- Detecting CXX compile features
-- Detecting CXX compile features - done
-- Found ament_cmake: 1.2.1 (/opt/ros/rolling/share/ament_cmake/cmake)
-- Found Python3: /usr/bin/python3.8 (found version "3.8.10") found components: Interpreter 
-- Found rclcpp: 15.0.0 (/opt/ros/rolling/share/rclcpp/cmake)
-- Using all available rosidl_typesupport_c: rosidl_typesupport_introspection_c;rosidl_typesupport_fastrtps_c
-- Found rosidl_adapter: 3.0.1 (/opt/ros/rolling/share/rosidl_adapter/cmake)
-- Found OpenSSL: /usr/lib/x86_64-linux-gnu/libcrypto.so (found version "1.1.1f")  
-- Found FastRTPS: /opt/ros/foxy/include  
-- Using all available rosidl_typesupport_cpp: rosidl_typesupport_introspection_cpp;rosidl_typesupport_fastrtps_cpp
-- Found rmw_implementation_cmake: 5.1.0 (/opt/ros/rolling/share/rmw_implementation_cmake/cmake)
-- Found rmw_cyclonedds_cpp: 1.1.2 (/opt/ros/rolling/share/rmw_cyclonedds_cpp/cmake)
-- Using RMW implementation 'rmw_cyclonedds_cpp' as default
-- Found geometry_msgs: 4.0.0 (/opt/ros/rolling/share/geometry_msgs/cmake)
-- Found ament_lint_auto: 0.9.8 (/opt/ros/foxy/share/ament_lint_auto/cmake)
-- Added test 'copyright' to check source files copyright and LICENSE
-- Added test 'cppcheck' to perform static code analysis on C / C++ code
-- Configured cppcheck include dirs: $<BUILD_INTERFACE:/home/strawberryshadow/Desktop/software-start-here/src/challenge/include>
-- Configured cppcheck exclude dirs and/or files: 
-- Added test 'cpplint' to check C / C++ code against the Google style
-- Configured cpplint exclude dirs and/or files: 
-- Added test 'flake8' to check Python code syntax and style conventions
-- Added test 'lint_cmake' to check CMake code style
-- Added test 'pep257' to check Python code against some of the style conventions in PEP 257
-- Added test 'uncrustify' to check C / C++ code style
-- Configured uncrustify additional arguments: 
-- Added test 'xmllint' to check XML markup files
-- Configuring done
-- Generating done
-- Build files have been written to: /home/strawberryshadow/Desktop/software-start-here/src/build/challenge
[35m[1mScanning dependencies of target solution[0m
[ 50%] [32mBuilding CXX object CMakeFiles/solution.dir/src/solution.cpp.o[0m
[100%] [32m[1mLinking CXX executable solution[0m
[100%] Built target solution
-- Install configuration: ""
-- Installing: /home/strawberryshadow/Desktop/software-start-here/src/install/challenge/lib/challenge/solution
-- Set runtime path of "/home/strawberryshadow/Desktop/software-start-here/src/install/challenge/lib/challenge/solution" to ""
-- Installing: /home/strawberryshadow/Desktop/software-start-here/src/install/challenge/share/ament_index/resource_index/package_run_dependencies/challenge
-- Installing: /home/strawberryshadow/Desktop/software-start-here/src/install/challenge/share/ament_index/resource_index/parent_prefix_path/challenge
-- Installing: /home/strawberryshadow/Desktop/software-start-here/src/install/challenge/share/challenge/environment/ament_prefix_path.sh
-- Installing: /home/strawberryshadow/Desktop/software-start-here/src/install/challenge/share/challenge/environment/ament_prefix_path.dsv
-- Installing: /home/strawberryshadow/Desktop/software-start-here/src/install/challenge/share/challenge/environment/path.sh
-- Installing: /home/strawberryshadow/Desktop/software-start-here/src/install/challenge/share/challenge/environment/path.dsv
-- Installing: /home/strawberryshadow/Desktop/software-start-here/src/install/challenge/share/challenge/local_setup.bash
-- Installing: /home/strawberryshadow/Desktop/software-start-here/src/install/challenge/share/challenge/local_setup.sh
-- Installing: /home/strawberryshadow/Desktop/software-start-here/src/install/challenge/share/challenge/local_setup.zsh
-- Installing: /home/strawberryshadow/Desktop/software-start-here/src/install/challenge/share/challenge/local_setup.dsv
-- Installing: /home/strawberryshadow/Desktop/software-start-here/src/install/challenge/share/challenge/package.dsv
-- Installing: /home/strawberryshadow/Desktop/software-start-here/src/install/challenge/share/ament_index/resource_index/packages/challenge
-- Installing: /home/strawberryshadow/Desktop/software-start-here/src/install/challenge/share/challenge/cmake/challengeConfig.cmake
-- Installing: /home/strawberryshadow/Desktop/software-start-here/src/install/challenge/share/challenge/cmake/challengeConfig-version.cmake
-- Installing: /home/strawberryshadow/Desktop/software-start-here/src/install/challenge/share/challenge/package.xml
