[0.142s] Invoking command in '/home/strawberryshadow/Desktop/software-start-here/src/build/challenge': CMAKE_PREFIX_PATH=${CMAKE_PREFIX_PATH}:/home/strawberryshadow/Desktop/triton/install/triton_teleop:/home/strawberryshadow/Desktop/triton/install/triton_pipeline:/home/strawberryshadow/Desktop/triton/install/triton_bringup:/opt/ros/rolling:/opt/ros/foxy /usr/bin/cmake /home/strawberryshadow/Desktop/software-start-here/src/challenge -DCMAKE_INSTALL_PREFIX=/home/strawberryshadow/Desktop/software-start-here/src/install/challenge
[0.180s] -- The C compiler identification is GNU 9.4.0
[0.217s] -- The CXX compiler identification is GNU 9.4.0
[0.221s] -- Check for working C compiler: /usr/bin/cc
[0.271s] -- Check for working C compiler: /usr/bin/cc -- works
[0.272s] -- Detecting C compiler ABI info
[0.321s] -- Detecting C compiler ABI info - done
[0.335s] -- Detecting C compile features
[0.335s] -- Detecting C compile features - done
[0.337s] -- Check for working CXX compiler: /usr/bin/c++
[0.391s] -- Check for working CXX compiler: /usr/bin/c++ -- works
[0.392s] -- Detecting CXX compiler ABI info
[0.446s] -- Detecting CXX compiler ABI info - done
[0.454s] -- Detecting CXX compile features
[0.455s] -- Detecting CXX compile features - done
[0.456s] -- Found ament_cmake: 1.2.1 (/opt/ros/rolling/share/ament_cmake/cmake)
[0.554s] -- Found Python3: /usr/bin/python3.8 (found version "3.8.10") found components: Interpreter 
[0.611s] -- Found rclcpp: 15.0.0 (/opt/ros/rolling/share/rclcpp/cmake)
[0.644s] -- Using all available rosidl_typesupport_c: rosidl_typesupport_introspection_c;rosidl_typesupport_fastrtps_c
[0.649s] -- Found rosidl_adapter: 3.0.1 (/opt/ros/rolling/share/rosidl_adapter/cmake)
[0.727s] -- Found OpenSSL: /usr/lib/x86_64-linux-gnu/libcrypto.so (found version "1.1.1f")  
[0.758s] -- Found FastRTPS: /opt/ros/foxy/include  
[0.809s] -- Using all available rosidl_typesupport_cpp: rosidl_typesupport_introspection_cpp;rosidl_typesupport_fastrtps_cpp
[0.855s] -- Found rmw_implementation_cmake: 5.1.0 (/opt/ros/rolling/share/rmw_implementation_cmake/cmake)
[0.857s] -- Found rmw_cyclonedds_cpp: 1.1.2 (/opt/ros/rolling/share/rmw_cyclonedds_cpp/cmake)
[0.872s] -- Using RMW implementation 'rmw_cyclonedds_cpp' as default
[0.988s] -- Found geometry_msgs: 4.0.0 (/opt/ros/rolling/share/geometry_msgs/cmake)
[1.018s] -- Found ament_lint_auto: 0.9.8 (/opt/ros/foxy/share/ament_lint_auto/cmake)
[1.074s] -- Added test 'copyright' to check source files copyright and LICENSE
[1.075s] -- Added test 'cppcheck' to perform static code analysis on C / C++ code
[1.075s] -- Configured cppcheck include dirs: $<BUILD_INTERFACE:/home/strawberryshadow/Desktop/software-start-here/src/challenge/include>
[1.075s] -- Configured cppcheck exclude dirs and/or files: 
[1.076s] -- Added test 'cpplint' to check C / C++ code against the Google style
[1.076s] -- Configured cpplint exclude dirs and/or files: 
[1.077s] -- Added test 'flake8' to check Python code syntax and style conventions
[1.077s] -- Added test 'lint_cmake' to check CMake code style
[1.078s] -- Added test 'pep257' to check Python code against some of the style conventions in PEP 257
[1.079s] -- Added test 'uncrustify' to check C / C++ code style
[1.079s] -- Configured uncrustify additional arguments: 
[1.079s] -- Added test 'xmllint' to check XML markup files
[1.081s] -- Configuring done
[1.086s] -- Generating done
[1.087s] -- Build files have been written to: /home/strawberryshadow/Desktop/software-start-here/src/build/challenge
[1.093s] Invoked command in '/home/strawberryshadow/Desktop/software-start-here/src/build/challenge' returned '0': CMAKE_PREFIX_PATH=${CMAKE_PREFIX_PATH}:/home/strawberryshadow/Desktop/triton/install/triton_teleop:/home/strawberryshadow/Desktop/triton/install/triton_pipeline:/home/strawberryshadow/Desktop/triton/install/triton_bringup:/opt/ros/rolling:/opt/ros/foxy /usr/bin/cmake /home/strawberryshadow/Desktop/software-start-here/src/challenge -DCMAKE_INSTALL_PREFIX=/home/strawberryshadow/Desktop/software-start-here/src/install/challenge
[1.096s] Invoking command in '/home/strawberryshadow/Desktop/software-start-here/src/build/challenge': CMAKE_PREFIX_PATH=${CMAKE_PREFIX_PATH}:/home/strawberryshadow/Desktop/triton/install/triton_teleop:/home/strawberryshadow/Desktop/triton/install/triton_pipeline:/home/strawberryshadow/Desktop/triton/install/triton_bringup:/opt/ros/rolling:/opt/ros/foxy /usr/bin/cmake --build /home/strawberryshadow/Desktop/software-start-here/src/build/challenge -- -j12 -l12
[1.130s] [35m[1mScanning dependencies of target solution[0m
[1.157s] [ 50%] [32mBuilding CXX object CMakeFiles/solution.dir/src/solution.cpp.o[0m
[3.837s] [100%] [32m[1mLinking CXX executable solution[0m
[3.964s] [100%] Built target solution
[3.974s] Invoked command in '/home/strawberryshadow/Desktop/software-start-here/src/build/challenge' returned '0': CMAKE_PREFIX_PATH=${CMAKE_PREFIX_PATH}:/home/strawberryshadow/Desktop/triton/install/triton_teleop:/home/strawberryshadow/Desktop/triton/install/triton_pipeline:/home/strawberryshadow/Desktop/triton/install/triton_bringup:/opt/ros/rolling:/opt/ros/foxy /usr/bin/cmake --build /home/strawberryshadow/Desktop/software-start-here/src/build/challenge -- -j12 -l12
[4.014s] Invoking command in '/home/strawberryshadow/Desktop/software-start-here/src/build/challenge': CMAKE_PREFIX_PATH=${CMAKE_PREFIX_PATH}:/home/strawberryshadow/Desktop/triton/install/triton_teleop:/home/strawberryshadow/Desktop/triton/install/triton_pipeline:/home/strawberryshadow/Desktop/triton/install/triton_bringup:/opt/ros/rolling:/opt/ros/foxy /usr/bin/cmake --install /home/strawberryshadow/Desktop/software-start-here/src/build/challenge
[4.020s] -- Install configuration: ""
[4.021s] -- Installing: /home/strawberryshadow/Desktop/software-start-here/src/install/challenge/lib/challenge/solution
[4.021s] -- Set runtime path of "/home/strawberryshadow/Desktop/software-start-here/src/install/challenge/lib/challenge/solution" to ""
[4.021s] -- Installing: /home/strawberryshadow/Desktop/software-start-here/src/install/challenge/share/ament_index/resource_index/package_run_dependencies/challenge
[4.021s] -- Installing: /home/strawberryshadow/Desktop/software-start-here/src/install/challenge/share/ament_index/resource_index/parent_prefix_path/challenge
[4.021s] -- Installing: /home/strawberryshadow/Desktop/software-start-here/src/install/challenge/share/challenge/environment/ament_prefix_path.sh
[4.022s] -- Installing: /home/strawberryshadow/Desktop/software-start-here/src/install/challenge/share/challenge/environment/ament_prefix_path.dsv
[4.022s] -- Installing: /home/strawberryshadow/Desktop/software-start-here/src/install/challenge/share/challenge/environment/path.sh
[4.022s] -- Installing: /home/strawberryshadow/Desktop/software-start-here/src/install/challenge/share/challenge/environment/path.dsv
[4.022s] -- Installing: /home/strawberryshadow/Desktop/software-start-here/src/install/challenge/share/challenge/local_setup.bash
[4.022s] -- Installing: /home/strawberryshadow/Desktop/software-start-here/src/install/challenge/share/challenge/local_setup.sh
[4.022s] -- Installing: /home/strawberryshadow/Desktop/software-start-here/src/install/challenge/share/challenge/local_setup.zsh
[4.022s] -- Installing: /home/strawberryshadow/Desktop/software-start-here/src/install/challenge/share/challenge/local_setup.dsv
[4.022s] -- Installing: /home/strawberryshadow/Desktop/software-start-here/src/install/challenge/share/challenge/package.dsv
[4.022s] -- Installing: /home/strawberryshadow/Desktop/software-start-here/src/install/challenge/share/ament_index/resource_index/packages/challenge
[4.023s] -- Installing: /home/strawberryshadow/Desktop/software-start-here/src/install/challenge/share/challenge/cmake/challengeConfig.cmake
[4.023s] -- Installing: /home/strawberryshadow/Desktop/software-start-here/src/install/challenge/share/challenge/cmake/challengeConfig-version.cmake
[4.023s] -- Installing: /home/strawberryshadow/Desktop/software-start-here/src/install/challenge/share/challenge/package.xml
[4.024s] Invoked command in '/home/strawberryshadow/Desktop/software-start-here/src/build/challenge' returned '0': CMAKE_PREFIX_PATH=${CMAKE_PREFIX_PATH}:/home/strawberryshadow/Desktop/triton/install/triton_teleop:/home/strawberryshadow/Desktop/triton/install/triton_pipeline:/home/strawberryshadow/Desktop/triton/install/triton_bringup:/opt/ros/rolling:/opt/ros/foxy /usr/bin/cmake --install /home/strawberryshadow/Desktop/software-start-here/src/build/challenge
