[0.334s] DEBUG:colcon:Command line arguments: ['/usr/bin/colcon', 'build']
[0.334s] DEBUG:colcon:Parsed command line arguments: Namespace(allow_overriding=[], ament_cmake_args=None, base_paths=['.'], build_base='build', catkin_cmake_args=None, catkin_skip_building_tests=False, cmake_args=None, cmake_clean_cache=False, cmake_clean_first=False, cmake_force_configure=False, cmake_target=None, cmake_target_skip_unavailable=False, continue_on_error=False, event_handlers=None, executor='parallel', ignore_user_meta=False, install_base='install', log_base=None, log_level=None, main=<bound method BuildVerb.main of <colcon_core.verb.build.BuildVerb object at 0x781c8b22c250>>, merge_install=False, metas=['./colcon.meta'], mixin=None, mixin_files=None, mixin_verb=('build',), packages_above=None, packages_above_and_dependencies=None, packages_above_depth=None, packages_end=None, packages_ignore=None, packages_ignore_regex=None, packages_select=None, packages_select_build_failed=False, packages_select_by_dep=None, packages_select_regex=None, packages_select_test_failures=False, packages_skip=None, packages_skip_build_finished=False, packages_skip_by_dep=None, packages_skip_regex=None, packages_skip_test_passed=False, packages_skip_up_to=None, packages_start=None, packages_up_to=None, packages_up_to_regex=None, parallel_workers=8, paths=None, symlink_install=False, test_result_base=None, verb_extension=<colcon_core.verb.build.BuildVerb object at 0x781c8b22c250>, verb_name='build', verb_parser=<colcon_mixin.mixin.mixin_argument.MixinArgumentDecorator object at 0x781c8b182820>)
[0.521s] Level 1:colcon.colcon_core.package_discovery:discover_packages(colcon_meta) check parameters
[0.521s] Level 1:colcon.colcon_core.package_discovery:discover_packages(recursive) check parameters
[0.521s] Level 1:colcon.colcon_core.package_discovery:discover_packages(ignore) check parameters
[0.521s] Level 1:colcon.colcon_core.package_discovery:discover_packages(path) check parameters
[0.521s] Level 1:colcon.colcon_core.package_discovery:discover_packages(colcon_meta) discover
[0.521s] Level 1:colcon.colcon_core.package_discovery:discover_packages(recursive) discover
[0.521s] INFO:colcon.colcon_core.package_discovery:Crawling recursively for packages in '/home/krish/repos/software-start-here'
[0.522s] Level 1:colcon.colcon_core.package_identification:_identify(.) by extensions ['ignore', 'ignore_ament_install']
[0.522s] Level 1:colcon.colcon_core.package_identification:_identify(.) by extension 'ignore'
[0.522s] Level 1:colcon.colcon_core.package_identification:_identify(.) by extension 'ignore_ament_install'
[0.522s] Level 1:colcon.colcon_core.package_identification:_identify(.) by extensions ['colcon_pkg']
[0.522s] Level 1:colcon.colcon_core.package_identification:_identify(.) by extension 'colcon_pkg'
[0.522s] Level 1:colcon.colcon_core.package_identification:_identify(.) by extensions ['colcon_meta']
[0.522s] Level 1:colcon.colcon_core.package_identification:_identify(.) by extension 'colcon_meta'
[0.522s] Level 1:colcon.colcon_core.package_identification:_identify(.) by extensions ['ros']
[0.522s] Level 1:colcon.colcon_core.package_identification:_identify(.) by extension 'ros'
[0.534s] Level 1:colcon.colcon_core.package_identification:_identify(.) by extensions ['cmake', 'python']
[0.534s] Level 1:colcon.colcon_core.package_identification:_identify(.) by extension 'cmake'
[0.534s] Level 1:colcon.colcon_core.package_identification:_identify(.) by extension 'python'
[0.534s] Level 1:colcon.colcon_core.package_identification:_identify(.) by extensions ['python_setup_py']
[0.534s] Level 1:colcon.colcon_core.package_identification:_identify(.) by extension 'python_setup_py'
[0.534s] Level 1:colcon.colcon_core.package_identification:_identify(build) by extensions ['ignore', 'ignore_ament_install']
[0.534s] Level 1:colcon.colcon_core.package_identification:_identify(build) by extension 'ignore'
[0.534s] Level 1:colcon.colcon_core.package_identification:_identify(build) ignored
[0.535s] Level 1:colcon.colcon_core.package_identification:_identify(install) by extensions ['ignore', 'ignore_ament_install']
[0.535s] Level 1:colcon.colcon_core.package_identification:_identify(install) by extension 'ignore'
[0.535s] Level 1:colcon.colcon_core.package_identification:_identify(install) ignored
[0.535s] Level 1:colcon.colcon_core.package_identification:_identify(log) by extensions ['ignore', 'ignore_ament_install']
[0.535s] Level 1:colcon.colcon_core.package_identification:_identify(log) by extension 'ignore'
[0.535s] Level 1:colcon.colcon_core.package_identification:_identify(log) ignored
[0.535s] Level 1:colcon.colcon_core.package_identification:_identify(src) by extensions ['ignore', 'ignore_ament_install']
[0.535s] Level 1:colcon.colcon_core.package_identification:_identify(src) by extension 'ignore'
[0.535s] Level 1:colcon.colcon_core.package_identification:_identify(src) by extension 'ignore_ament_install'
[0.535s] Level 1:colcon.colcon_core.package_identification:_identify(src) by extensions ['colcon_pkg']
[0.535s] Level 1:colcon.colcon_core.package_identification:_identify(src) by extension 'colcon_pkg'
[0.535s] Level 1:colcon.colcon_core.package_identification:_identify(src) by extensions ['colcon_meta']
[0.535s] Level 1:colcon.colcon_core.package_identification:_identify(src) by extension 'colcon_meta'
[0.535s] Level 1:colcon.colcon_core.package_identification:_identify(src) by extensions ['ros']
[0.535s] Level 1:colcon.colcon_core.package_identification:_identify(src) by extension 'ros'
[0.535s] Level 1:colcon.colcon_core.package_identification:_identify(src) by extensions ['cmake', 'python']
[0.535s] Level 1:colcon.colcon_core.package_identification:_identify(src) by extension 'cmake'
[0.535s] Level 1:colcon.colcon_core.package_identification:_identify(src) by extension 'python'
[0.535s] Level 1:colcon.colcon_core.package_identification:_identify(src) by extensions ['python_setup_py']
[0.536s] Level 1:colcon.colcon_core.package_identification:_identify(src) by extension 'python_setup_py'
[0.536s] Level 1:colcon.colcon_core.package_identification:_identify(src/build) by extensions ['ignore', 'ignore_ament_install']
[0.536s] Level 1:colcon.colcon_core.package_identification:_identify(src/build) by extension 'ignore'
[0.536s] Level 1:colcon.colcon_core.package_identification:_identify(src/build) ignored
[0.536s] Level 1:colcon.colcon_core.package_identification:_identify(src/challenge) by extensions ['ignore', 'ignore_ament_install']
[0.536s] Level 1:colcon.colcon_core.package_identification:_identify(src/challenge) by extension 'ignore'
[0.536s] Level 1:colcon.colcon_core.package_identification:_identify(src/challenge) by extension 'ignore_ament_install'
[0.536s] Level 1:colcon.colcon_core.package_identification:_identify(src/challenge) by extensions ['colcon_pkg']
[0.536s] Level 1:colcon.colcon_core.package_identification:_identify(src/challenge) by extension 'colcon_pkg'
[0.536s] Level 1:colcon.colcon_core.package_identification:_identify(src/challenge) by extensions ['colcon_meta']
[0.536s] Level 1:colcon.colcon_core.package_identification:_identify(src/challenge) by extension 'colcon_meta'
[0.536s] Level 1:colcon.colcon_core.package_identification:_identify(src/challenge) by extensions ['ros']
[0.536s] Level 1:colcon.colcon_core.package_identification:_identify(src/challenge) by extension 'ros'
[0.539s] DEBUG:colcon.colcon_core.package_identification:Package 'src/challenge' with type 'ros.ament_cmake' and name 'challenge'
[0.540s] Level 1:colcon.colcon_core.package_identification:_identify(src/install) by extensions ['ignore', 'ignore_ament_install']
[0.540s] Level 1:colcon.colcon_core.package_identification:_identify(src/install) by extension 'ignore'
[0.540s] Level 1:colcon.colcon_core.package_identification:_identify(src/install) ignored
[0.540s] Level 1:colcon.colcon_core.package_identification:_identify(src/log) by extensions ['ignore', 'ignore_ament_install']
[0.540s] Level 1:colcon.colcon_core.package_identification:_identify(src/log) by extension 'ignore'
[0.540s] Level 1:colcon.colcon_core.package_identification:_identify(src/log) ignored
[0.540s] Level 1:colcon.colcon_core.package_discovery:discover_packages(recursive) using defaults
[0.540s] Level 1:colcon.colcon_core.package_discovery:discover_packages(ignore) discover
[0.540s] Level 1:colcon.colcon_core.package_discovery:discover_packages(ignore) using defaults
[0.540s] Level 1:colcon.colcon_core.package_discovery:discover_packages(path) discover
[0.540s] Level 1:colcon.colcon_core.package_discovery:discover_packages(path) using defaults
[0.564s] Level 1:colcon.colcon_core.package_discovery:discover_packages(prefix_path) check parameters
[0.564s] Level 1:colcon.colcon_core.package_discovery:discover_packages(prefix_path) discover
[0.576s] DEBUG:colcon.colcon_installed_package_information.package_discovery:Found 1 installed packages in /home/krish/repos/software-start-here/install
[0.576s] DEBUG:colcon.colcon_installed_package_information.package_discovery:Found 9 installed packages in /home/krish/ws/install
[0.577s] DEBUG:colcon.colcon_installed_package_information.package_discovery:Found 12 installed packages in /home/krish/repos/steelhead/install
[0.578s] DEBUG:colcon.colcon_installed_package_information.package_discovery:Found 16 installed packages in /home/krish/ros2_ws/src/install
[0.579s] DEBUG:colcon.colcon_installed_package_information.package_discovery:Found 263 installed packages in /opt/ros/foxy
[0.588s] Level 1:colcon.colcon_core.package_discovery:discover_packages(prefix_path) using defaults
[0.685s] Level 5:colcon.colcon_core.verb:set package 'challenge' build argument 'cmake_args' from command line to 'None'
[0.685s] Level 5:colcon.colcon_core.verb:set package 'challenge' build argument 'cmake_target' from command line to 'None'
[0.685s] Level 5:colcon.colcon_core.verb:set package 'challenge' build argument 'cmake_target_skip_unavailable' from command line to 'False'
[0.685s] Level 5:colcon.colcon_core.verb:set package 'challenge' build argument 'cmake_clean_cache' from command line to 'False'
[0.685s] Level 5:colcon.colcon_core.verb:set package 'challenge' build argument 'cmake_clean_first' from command line to 'False'
[0.685s] Level 5:colcon.colcon_core.verb:set package 'challenge' build argument 'cmake_force_configure' from command line to 'False'
[0.685s] Level 5:colcon.colcon_core.verb:set package 'challenge' build argument 'ament_cmake_args' from command line to 'None'
[0.685s] Level 5:colcon.colcon_core.verb:set package 'challenge' build argument 'catkin_cmake_args' from command line to 'None'
[0.685s] Level 5:colcon.colcon_core.verb:set package 'challenge' build argument 'catkin_skip_building_tests' from command line to 'False'
[0.685s] DEBUG:colcon.colcon_core.verb:Building package 'challenge' with the following arguments: {'ament_cmake_args': None, 'build_base': '/home/krish/repos/software-start-here/build/challenge', 'catkin_cmake_args': None, 'catkin_skip_building_tests': False, 'cmake_args': None, 'cmake_clean_cache': False, 'cmake_clean_first': False, 'cmake_force_configure': False, 'cmake_target': None, 'cmake_target_skip_unavailable': False, 'install_base': '/home/krish/repos/software-start-here/install/challenge', 'merge_install': False, 'path': '/home/krish/repos/software-start-here/src/challenge', 'symlink_install': False, 'test_result_base': None}
[0.685s] INFO:colcon.colcon_core.executor:Executing jobs using 'parallel' executor
[0.686s] DEBUG:colcon.colcon_parallel_executor.executor.parallel:run_until_complete
[0.687s] INFO:colcon.colcon_ros.task.ament_cmake.build:Building ROS package in '/home/krish/repos/software-start-here/src/challenge' with build type 'ament_cmake'
[0.687s] INFO:colcon.colcon_cmake.task.cmake.build:Building CMake package in '/home/krish/repos/software-start-here/src/challenge'
[0.693s] INFO:colcon.colcon_core.plugin_system:Skipping extension 'colcon_core.shell.bat': Not used on non-Windows systems
[0.693s] INFO:colcon.colcon_core.shell:Skip shell extension 'powershell' for command environment: Not usable outside of PowerShell
[0.693s] DEBUG:colcon.colcon_core.shell:Skip shell extension 'dsv' for command environment
[0.709s] DEBUG:colcon.colcon_core.event_handler.log_command:Invoking command in '/home/krish/repos/software-start-here/build/challenge': CMAKE_PREFIX_PATH=${CMAKE_PREFIX_PATH}:/home/krish/repos/steelhead/install/triton_teleop:/home/krish/repos/steelhead/install/triton_pipeline:/home/krish/repos/steelhead/install/triton_bringup:/home/krish/ws/install/opencv_tests:/home/krish/ros2_ws/src/install/examples_rclpy_minimal_subscriber:/home/krish/ros2_ws/src/install/examples_rclpy_minimal_service:/home/krish/ros2_ws/src/install/examples_rclpy_minimal_publisher:/home/krish/ros2_ws/src/install/examples_rclpy_minimal_client:/home/krish/ros2_ws/src/install/examples_rclpy_minimal_action_server:/home/krish/ros2_ws/src/install/examples_rclpy_minimal_action_client:/home/krish/ros2_ws/src/install/examples_rclpy_executors:/opt/ros/foxy /usr/bin/cmake --build /home/krish/repos/software-start-here/build/challenge -- -j8 -l8
[1.076s] DEBUG:colcon.colcon_core.event_handler.log_command:Invoked command in '/home/krish/repos/software-start-here/build/challenge' returned '2': CMAKE_PREFIX_PATH=${CMAKE_PREFIX_PATH}:/home/krish/repos/steelhead/install/triton_teleop:/home/krish/repos/steelhead/install/triton_pipeline:/home/krish/repos/steelhead/install/triton_bringup:/home/krish/ws/install/opencv_tests:/home/krish/ros2_ws/src/install/examples_rclpy_minimal_subscriber:/home/krish/ros2_ws/src/install/examples_rclpy_minimal_service:/home/krish/ros2_ws/src/install/examples_rclpy_minimal_publisher:/home/krish/ros2_ws/src/install/examples_rclpy_minimal_client:/home/krish/ros2_ws/src/install/examples_rclpy_minimal_action_server:/home/krish/ros2_ws/src/install/examples_rclpy_minimal_action_client:/home/krish/ros2_ws/src/install/examples_rclpy_executors:/opt/ros/foxy /usr/bin/cmake --build /home/krish/repos/software-start-here/build/challenge -- -j8 -l8
[1.077s] Level 1:colcon.colcon_core.environment:create_environment_scripts_only(challenge)
[1.084s] Level 1:colcon.colcon_core.environment:checking '/home/krish/repos/software-start-here/install/challenge' for CMake module files
[1.085s] Level 1:colcon.colcon_core.environment:checking '/home/krish/repos/software-start-here/install/challenge' for CMake config files
[1.086s] Level 1:colcon.colcon_core.shell:create_environment_hook('challenge', 'cmake_prefix_path')
[1.086s] INFO:colcon.colcon_core.shell:Creating environment hook '/home/krish/repos/software-start-here/install/challenge/share/challenge/hook/cmake_prefix_path.ps1'
[1.087s] INFO:colcon.colcon_core.shell:Creating environment descriptor '/home/krish/repos/software-start-here/install/challenge/share/challenge/hook/cmake_prefix_path.dsv'
[1.088s] INFO:colcon.colcon_core.shell:Creating environment hook '/home/krish/repos/software-start-here/install/challenge/share/challenge/hook/cmake_prefix_path.sh'
[1.089s] Level 1:colcon.colcon_core.environment:checking '/home/krish/repos/software-start-here/install/challenge/lib'
[1.090s] Level 1:colcon.colcon_core.environment:checking '/home/krish/repos/software-start-here/install/challenge/bin'
[1.090s] Level 1:colcon.colcon_core.environment:checking '/home/krish/repos/software-start-here/install/challenge/lib/pkgconfig/challenge.pc'
[1.090s] Level 1:colcon.colcon_core.environment:checking '/home/krish/repos/software-start-here/install/challenge/lib/python3.8/site-packages'
[1.090s] Level 1:colcon.colcon_core.environment:checking '/home/krish/repos/software-start-here/install/challenge/bin'
[1.090s] INFO:colcon.colcon_core.shell:Creating package script '/home/krish/repos/software-start-here/install/challenge/share/challenge/package.ps1'
[1.091s] INFO:colcon.colcon_core.shell:Creating package descriptor '/home/krish/repos/software-start-here/install/challenge/share/challenge/package.dsv'
[1.091s] INFO:colcon.colcon_core.shell:Creating package script '/home/krish/repos/software-start-here/install/challenge/share/challenge/package.sh'
[1.092s] INFO:colcon.colcon_core.shell:Creating package script '/home/krish/repos/software-start-here/install/challenge/share/challenge/package.bash'
[1.093s] INFO:colcon.colcon_core.shell:Creating package script '/home/krish/repos/software-start-here/install/challenge/share/challenge/package.zsh'
[1.094s] Level 1:colcon.colcon_core.environment:create_file_with_runtime_dependencies(/home/krish/repos/software-start-here/install/challenge/share/colcon-core/packages/challenge)
[1.104s] DEBUG:colcon.colcon_parallel_executor.executor.parallel:closing loop
[1.104s] DEBUG:colcon.colcon_parallel_executor.executor.parallel:loop closed
[1.104s] DEBUG:colcon.colcon_parallel_executor.executor.parallel:run_until_complete finished with '2'
[1.104s] DEBUG:colcon.colcon_core.event_reactor:joining thread
[1.129s] INFO:colcon.colcon_core.plugin_system:Skipping extension 'colcon_notification.desktop_notification.notify_send': Could not find 'notify-send'
[1.130s] INFO:colcon.colcon_core.plugin_system:Skipping extension 'colcon_notification.desktop_notification.terminal_notifier': Not used on non-Darwin systems
[1.130s] INFO:colcon.colcon_core.plugin_system:Skipping extension 'colcon_notification.desktop_notification.win32': Not used on non-Windows systems
[1.130s] INFO:colcon.colcon_notification.desktop_notification:Sending desktop notification using 'notify2'
[1.131s] DEBUG:colcon.colcon_notification.desktop_notification.notify2:Failed to initialize notify2: org.freedesktop.DBus.Error.ServiceUnknown: The name org.freedesktop.Notifications was not provided by any .service files
[1.131s] DEBUG:colcon.colcon_core.event_reactor:joined thread
[1.132s] INFO:colcon.colcon_core.shell:Creating prefix script '/home/krish/repos/software-start-here/install/local_setup.ps1'
[1.133s] INFO:colcon.colcon_core.shell:Creating prefix util module '/home/krish/repos/software-start-here/install/_local_setup_util_ps1.py'
[1.134s] INFO:colcon.colcon_core.shell:Creating prefix chain script '/home/krish/repos/software-start-here/install/setup.ps1'
[1.136s] INFO:colcon.colcon_core.shell:Creating prefix script '/home/krish/repos/software-start-here/install/local_setup.sh'
[1.136s] INFO:colcon.colcon_core.shell:Creating prefix util module '/home/krish/repos/software-start-here/install/_local_setup_util_sh.py'
[1.137s] INFO:colcon.colcon_core.shell:Creating prefix chain script '/home/krish/repos/software-start-here/install/setup.sh'
[1.138s] INFO:colcon.colcon_core.shell:Creating prefix script '/home/krish/repos/software-start-here/install/local_setup.bash'
[1.139s] INFO:colcon.colcon_core.shell:Creating prefix chain script '/home/krish/repos/software-start-here/install/setup.bash'
[1.141s] INFO:colcon.colcon_core.shell:Creating prefix script '/home/krish/repos/software-start-here/install/local_setup.zsh'
[1.141s] INFO:colcon.colcon_core.shell:Creating prefix chain script '/home/krish/repos/software-start-here/install/setup.zsh'
