[0.008s] Invoking command in '/home/amraj/Subbots/software-start-here/src/build/challenge': CMAKE_PREFIX_PATH=${CMAKE_PREFIX_PATH}:/path/to/your/ament/installation /usr/bin/cmake /home/amraj/Subbots/software-start-here/src/challenge -DCMAKE_INSTALL_PREFIX=/home/amraj/Subbots/software-start-here/src/install/challenge
[0.042s] -- The C compiler identification is GNU 9.4.0
[0.078s] -- The CXX compiler identification is GNU 9.4.0
[0.081s] -- Check for working C compiler: /usr/bin/cc
[0.150s] -- Check for working C compiler: /usr/bin/cc -- works
[0.151s] -- Detecting C compiler ABI info
[0.199s] -- Detecting C compiler ABI info - done
[0.212s] -- Detecting C compile features
[0.212s] -- Detecting C compile features - done
[0.213s] -- Check for working CXX compiler: /usr/bin/c++
[0.266s] -- Check for working CXX compiler: /usr/bin/c++ -- works
[0.267s] -- Detecting CXX compiler ABI info
[0.317s] -- Detecting CXX compiler ABI info - done
[0.324s] -- Detecting CXX compile features
[0.324s] -- Detecting CXX compile features - done
[0.325s] -- Found ament_cmake: 0.9.11 (/opt/ros/foxy/share/ament_cmake/cmake)
[0.344s] -- Found PythonInterp: /usr/bin/python3 (found suitable version "3.8.10", minimum required is "3") 
[0.344s] -- Using PYTHON_EXECUTABLE: /usr/bin/python3
[0.451s] -- Found ament_lint_auto: 0.9.7 (/opt/ros/foxy/share/ament_lint_auto/cmake)
[0.492s] -- Added test 'copyright' to check source files copyright and LICENSE
[0.492s] -- Added test 'cppcheck' to perform static code analysis on C / C++ code
[0.492s] -- Configured cppcheck include dirs: $<BUILD_INTERFACE:/home/amraj/Subbots/software-start-here/src/challenge/include>
[0.492s] -- Configured cppcheck exclude dirs and/or files: 
[0.493s] -- Added test 'cpplint' to check C / C++ code against the Google style
[0.493s] -- Configured cpplint exclude dirs and/or files: 
[0.493s] -- Added test 'lint_cmake' to check CMake code style
[0.494s] -- Added test 'uncrustify' to check C / C++ code style
[0.494s] -- Configured uncrustify additional arguments: 
[0.494s] -- Added test 'xmllint' to check XML markup files
[0.495s] -- Configuring done
[0.497s] -- Generating done
[0.497s] -- Build files have been written to: /home/amraj/Subbots/software-start-here/src/build/challenge
[0.501s] Invoked command in '/home/amraj/Subbots/software-start-here/src/build/challenge' returned '0': CMAKE_PREFIX_PATH=${CMAKE_PREFIX_PATH}:/path/to/your/ament/installation /usr/bin/cmake /home/amraj/Subbots/software-start-here/src/challenge -DCMAKE_INSTALL_PREFIX=/home/amraj/Subbots/software-start-here/src/install/challenge
[0.501s] Invoking command in '/home/amraj/Subbots/software-start-here/src/build/challenge': CMAKE_PREFIX_PATH=${CMAKE_PREFIX_PATH}:/path/to/your/ament/installation /usr/bin/cmake --build /home/amraj/Subbots/software-start-here/src/build/challenge -- -j8 -l8
[0.524s] [35m[1mScanning dependencies of target solution[0m
[0.534s] [ 50%] [32mBuilding CXX object CMakeFiles/solution.dir/src/solution.cpp.o[0m
[0.559s] [100%] [32m[1mLinking CXX executable solution[0m
[0.588s] [100%] Built target solution
[0.597s] Invoked command in '/home/amraj/Subbots/software-start-here/src/build/challenge' returned '0': CMAKE_PREFIX_PATH=${CMAKE_PREFIX_PATH}:/path/to/your/ament/installation /usr/bin/cmake --build /home/amraj/Subbots/software-start-here/src/build/challenge -- -j8 -l8
[0.637s] Invoking command in '/home/amraj/Subbots/software-start-here/src/build/challenge': CMAKE_PREFIX_PATH=${CMAKE_PREFIX_PATH}:/path/to/your/ament/installation /usr/bin/cmake --install /home/amraj/Subbots/software-start-here/src/build/challenge
[0.642s] -- Install configuration: ""
[0.642s] -- Installing: /home/amraj/Subbots/software-start-here/src/install/challenge/lib/challenge/solution
[0.642s] -- Installing: /home/amraj/Subbots/software-start-here/src/install/challenge/share/ament_index/resource_index/package_run_dependencies/challenge
[0.642s] -- Installing: /home/amraj/Subbots/software-start-here/src/install/challenge/share/ament_index/resource_index/parent_prefix_path/challenge
[0.642s] -- Installing: /home/amraj/Subbots/software-start-here/src/install/challenge/share/challenge/environment/ament_prefix_path.sh
[0.642s] -- Installing: /home/amraj/Subbots/software-start-here/src/install/challenge/share/challenge/environment/ament_prefix_path.dsv
[0.642s] -- Installing: /home/amraj/Subbots/software-start-here/src/install/challenge/share/challenge/environment/path.sh
[0.643s] -- Installing: /home/amraj/Subbots/software-start-here/src/install/challenge/share/challenge/environment/path.dsv
[0.643s] -- Installing: /home/amraj/Subbots/software-start-here/src/install/challenge/share/challenge/local_setup.bash
[0.643s] -- Installing: /home/amraj/Subbots/software-start-here/src/install/challenge/share/challenge/local_setup.sh
[0.643s] -- Installing: /home/amraj/Subbots/software-start-here/src/install/challenge/share/challenge/local_setup.zsh
[0.643s] -- Installing: /home/amraj/Subbots/software-start-here/src/install/challenge/share/challenge/local_setup.dsv
[0.643s] -- Installing: /home/amraj/Subbots/software-start-here/src/install/challenge/share/challenge/package.dsv
[0.643s] -- Installing: /home/amraj/Subbots/software-start-here/src/install/challenge/share/ament_index/resource_index/packages/challenge
[0.643s] -- Installing: /home/amraj/Subbots/software-start-here/src/install/challenge/share/challenge/cmake/challengeConfig.cmake
[0.643s] -- Installing: /home/amraj/Subbots/software-start-here/src/install/challenge/share/challenge/cmake/challengeConfig-version.cmake
[0.643s] -- Installing: /home/amraj/Subbots/software-start-here/src/install/challenge/share/challenge/package.xml
[0.645s] Invoked command in '/home/amraj/Subbots/software-start-here/src/build/challenge' returned '0': CMAKE_PREFIX_PATH=${CMAKE_PREFIX_PATH}:/path/to/your/ament/installation /usr/bin/cmake --install /home/amraj/Subbots/software-start-here/src/build/challenge
