[0.008s] Invoking command in '/home/popcorn/software-start-here/build/challenge': CMAKE_PREFIX_PATH=/opt/ros/foxy /usr/bin/cmake /home/popcorn/software-start-here/src/challenge -DCMAKE_INSTALL_PREFIX=/home/popcorn/software-start-here/install/challenge
[0.049s] -- The C compiler identification is GNU 9.4.0
[0.090s] -- The CXX compiler identification is GNU 9.4.0
[0.093s] -- Check for working C compiler: /usr/bin/cc
[0.151s] -- Check for working C compiler: /usr/bin/cc -- works
[0.151s] -- Detecting C compiler ABI info
[0.196s] -- Detecting C compiler ABI info - done
[0.204s] -- Detecting C compile features
[0.204s] -- Detecting C compile features - done
[0.206s] -- Check for working CXX compiler: /usr/bin/c++
[0.257s] -- Check for working CXX compiler: /usr/bin/c++ -- works
[0.258s] -- Detecting CXX compiler ABI info
[0.310s] -- Detecting CXX compiler ABI info - done
[0.321s] -- Detecting CXX compile features
[0.322s] -- Detecting CXX compile features - done
[0.325s] -- Found ament_cmake: 0.9.12 (/opt/ros/foxy/share/ament_cmake/cmake)
[0.349s] -- Found PythonInterp: /usr/bin/python3 (found suitable version "3.8.10", minimum required is "3") 
[0.349s] -- Using PYTHON_EXECUTABLE: /usr/bin/python3
[0.485s] -- Found ament_lint_auto: 0.9.8 (/opt/ros/foxy/share/ament_lint_auto/cmake)
[0.534s] -- Added test 'copyright' to check source files copyright and LICENSE
[0.535s] -- Added test 'cppcheck' to perform static code analysis on C / C++ code
[0.535s] -- Configured cppcheck include dirs: 
[0.535s] -- Configured cppcheck exclude dirs and/or files: 
[0.535s] -- Added test 'cpplint' to check C / C++ code against the Google style
[0.535s] -- Configured cpplint exclude dirs and/or files: 
[0.535s] -- Added test 'lint_cmake' to check CMake code style
[0.536s] -- Added test 'uncrustify' to check C / C++ code style
[0.536s] -- Configured uncrustify additional arguments: 
[0.536s] -- Added test 'xmllint' to check XML markup files
[0.538s] -- Configuring done
[0.539s] -- Generating done
[0.540s] -- Build files have been written to: /home/popcorn/software-start-here/build/challenge
[0.543s] Invoked command in '/home/popcorn/software-start-here/build/challenge' returned '0': CMAKE_PREFIX_PATH=/opt/ros/foxy /usr/bin/cmake /home/popcorn/software-start-here/src/challenge -DCMAKE_INSTALL_PREFIX=/home/popcorn/software-start-here/install/challenge
[0.546s] Invoking command in '/home/popcorn/software-start-here/build/challenge': CMAKE_PREFIX_PATH=/opt/ros/foxy /usr/bin/cmake --build /home/popcorn/software-start-here/build/challenge -- -j16 -l16
[0.575s] Invoked command in '/home/popcorn/software-start-here/build/challenge' returned '0': CMAKE_PREFIX_PATH=/opt/ros/foxy /usr/bin/cmake --build /home/popcorn/software-start-here/build/challenge -- -j16 -l16
[0.586s] Invoking command in '/home/popcorn/software-start-here/build/challenge': CMAKE_PREFIX_PATH=/opt/ros/foxy /usr/bin/cmake --install /home/popcorn/software-start-here/build/challenge
[0.594s] -- Install configuration: ""
[0.595s] -- Installing: /home/popcorn/software-start-here/install/challenge/share/ament_index/resource_index/package_run_dependencies/challenge
[0.595s] -- Installing: /home/popcorn/software-start-here/install/challenge/share/ament_index/resource_index/parent_prefix_path/challenge
[0.595s] -- Installing: /home/popcorn/software-start-here/install/challenge/share/challenge/environment/ament_prefix_path.sh
[0.595s] -- Installing: /home/popcorn/software-start-here/install/challenge/share/challenge/environment/ament_prefix_path.dsv
[0.596s] -- Installing: /home/popcorn/software-start-here/install/challenge/share/challenge/environment/path.sh
[0.596s] -- Installing: /home/popcorn/software-start-here/install/challenge/share/challenge/environment/path.dsv
[0.596s] -- Installing: /home/popcorn/software-start-here/install/challenge/share/challenge/local_setup.bash
[0.596s] -- Installing: /home/popcorn/software-start-here/install/challenge/share/challenge/local_setup.sh
[0.596s] -- Installing: /home/popcorn/software-start-here/install/challenge/share/challenge/local_setup.zsh
[0.596s] -- Installing: /home/popcorn/software-start-here/install/challenge/share/challenge/local_setup.dsv
[0.597s] -- Installing: /home/popcorn/software-start-here/install/challenge/share/challenge/package.dsv
[0.597s] -- Installing: /home/popcorn/software-start-here/install/challenge/share/ament_index/resource_index/packages/challenge
[0.597s] -- Installing: /home/popcorn/software-start-here/install/challenge/share/challenge/cmake/challengeConfig.cmake
[0.598s] -- Installing: /home/popcorn/software-start-here/install/challenge/share/challenge/cmake/challengeConfig-version.cmake
[0.598s] -- Installing: /home/popcorn/software-start-here/install/challenge/share/challenge/package.xml
[0.599s] Invoked command in '/home/popcorn/software-start-here/build/challenge' returned '0': CMAKE_PREFIX_PATH=/opt/ros/foxy /usr/bin/cmake --install /home/popcorn/software-start-here/build/challenge
