[1.406s] DEBUG:colcon:Command line arguments: ['/usr/bin/colcon', 'build']
[1.406s] DEBUG:colcon:Parsed command line arguments: Namespace(allow_overriding=[], ament_cmake_args=None, base_paths=['.'], build_base='build', catkin_cmake_args=None, catkin_skip_building_tests=False, cmake_args=None, cmake_clean_cache=False, cmake_clean_first=False, cmake_force_configure=False, cmake_target=None, cmake_target_skip_unavailable=False, continue_on_error=False, event_handlers=None, executor='parallel', ignore_user_meta=False, install_base='install', log_base=None, log_level=None, main=<bound method BuildVerb.main of <colcon_core.verb.build.BuildVerb object at 0x7f797c874280>>, merge_install=False, metas=['./colcon.meta'], packages_above=None, packages_above_and_dependencies=None, packages_above_depth=None, packages_end=None, packages_ignore=None, packages_ignore_regex=None, packages_select=None, packages_select_build_failed=False, packages_select_by_dep=None, packages_select_regex=None, packages_select_test_failures=False, packages_skip=None, packages_skip_build_finished=False, packages_skip_by_dep=None, packages_skip_regex=None, packages_skip_test_passed=False, packages_skip_up_to=None, packages_start=None, packages_up_to=None, packages_up_to_regex=None, parallel_workers=12, paths=None, symlink_install=False, test_result_base=None, verb_extension=<colcon_core.verb.build.BuildVerb object at 0x7f797c874280>, verb_name='build', verb_parser=<colcon_defaults.argument_parser.defaults.DefaultArgumentsDecorator object at 0x7f797c6e9190>)
[1.469s] Level 1:colcon.colcon_core.package_discovery:discover_packages(colcon_meta) check parameters
[1.469s] Level 1:colcon.colcon_core.package_discovery:discover_packages(recursive) check parameters
[1.469s] Level 1:colcon.colcon_core.package_discovery:discover_packages(ignore) check parameters
[1.469s] Level 1:colcon.colcon_core.package_discovery:discover_packages(path) check parameters
[1.469s] Level 1:colcon.colcon_core.package_discovery:discover_packages(colcon_meta) discover
[1.469s] Level 1:colcon.colcon_core.package_discovery:discover_packages(recursive) discover
[1.469s] INFO:colcon.colcon_core.package_discovery:Crawling recursively for packages in '/home/strawberryshadow/Desktop/software-start-here'
[1.469s] Level 1:colcon.colcon_core.package_identification:_identify(.) by extensions ['ignore', 'ignore_ament_install']
[1.469s] Level 1:colcon.colcon_core.package_identification:_identify(.) by extension 'ignore'
[1.469s] Level 1:colcon.colcon_core.package_identification:_identify(.) by extension 'ignore_ament_install'
[1.469s] Level 1:colcon.colcon_core.package_identification:_identify(.) by extensions ['colcon_pkg']
[1.469s] Level 1:colcon.colcon_core.package_identification:_identify(.) by extension 'colcon_pkg'
[1.469s] Level 1:colcon.colcon_core.package_identification:_identify(.) by extensions ['colcon_meta']
[1.469s] Level 1:colcon.colcon_core.package_identification:_identify(.) by extension 'colcon_meta'
[1.469s] Level 1:colcon.colcon_core.package_identification:_identify(.) by extensions ['ros']
[1.469s] Level 1:colcon.colcon_core.package_identification:_identify(.) by extension 'ros'
[1.477s] Level 1:colcon.colcon_core.package_identification:_identify(.) by extensions ['cmake', 'python']
[1.477s] Level 1:colcon.colcon_core.package_identification:_identify(.) by extension 'cmake'
[1.477s] Level 1:colcon.colcon_core.package_identification:_identify(.) by extension 'python'
[1.477s] Level 1:colcon.colcon_core.package_identification:_identify(.) by extensions ['python_setup_py']
[1.477s] Level 1:colcon.colcon_core.package_identification:_identify(.) by extension 'python_setup_py'
[1.477s] Level 1:colcon.colcon_core.package_identification:_identify(build) by extensions ['ignore', 'ignore_ament_install']
[1.477s] Level 1:colcon.colcon_core.package_identification:_identify(build) by extension 'ignore'
[1.477s] Level 1:colcon.colcon_core.package_identification:_identify(build) ignored
[1.477s] Level 1:colcon.colcon_core.package_identification:_identify(install) by extensions ['ignore', 'ignore_ament_install']
[1.477s] Level 1:colcon.colcon_core.package_identification:_identify(install) by extension 'ignore'
[1.477s] Level 1:colcon.colcon_core.package_identification:_identify(install) ignored
[1.477s] Level 1:colcon.colcon_core.package_identification:_identify(log) by extensions ['ignore', 'ignore_ament_install']
[1.477s] Level 1:colcon.colcon_core.package_identification:_identify(log) by extension 'ignore'
[1.477s] Level 1:colcon.colcon_core.package_identification:_identify(log) ignored
[1.477s] Level 1:colcon.colcon_core.package_identification:_identify(src) by extensions ['ignore', 'ignore_ament_install']
[1.477s] Level 1:colcon.colcon_core.package_identification:_identify(src) by extension 'ignore'
[1.477s] Level 1:colcon.colcon_core.package_identification:_identify(src) by extension 'ignore_ament_install'
[1.478s] Level 1:colcon.colcon_core.package_identification:_identify(src) by extensions ['colcon_pkg']
[1.478s] Level 1:colcon.colcon_core.package_identification:_identify(src) by extension 'colcon_pkg'
[1.478s] Level 1:colcon.colcon_core.package_identification:_identify(src) by extensions ['colcon_meta']
[1.478s] Level 1:colcon.colcon_core.package_identification:_identify(src) by extension 'colcon_meta'
[1.478s] Level 1:colcon.colcon_core.package_identification:_identify(src) by extensions ['ros']
[1.478s] Level 1:colcon.colcon_core.package_identification:_identify(src) by extension 'ros'
[1.478s] Level 1:colcon.colcon_core.package_identification:_identify(src) by extensions ['cmake', 'python']
[1.478s] Level 1:colcon.colcon_core.package_identification:_identify(src) by extension 'cmake'
[1.478s] Level 1:colcon.colcon_core.package_identification:_identify(src) by extension 'python'
[1.478s] Level 1:colcon.colcon_core.package_identification:_identify(src) by extensions ['python_setup_py']
[1.478s] Level 1:colcon.colcon_core.package_identification:_identify(src) by extension 'python_setup_py'
[1.478s] Level 1:colcon.colcon_core.package_identification:_identify(src/build) by extensions ['ignore', 'ignore_ament_install']
[1.478s] Level 1:colcon.colcon_core.package_identification:_identify(src/build) by extension 'ignore'
[1.478s] Level 1:colcon.colcon_core.package_identification:_identify(src/build) ignored
[1.478s] Level 1:colcon.colcon_core.package_identification:_identify(src/challenge) by extensions ['ignore', 'ignore_ament_install']
[1.478s] Level 1:colcon.colcon_core.package_identification:_identify(src/challenge) by extension 'ignore'
[1.478s] Level 1:colcon.colcon_core.package_identification:_identify(src/challenge) by extension 'ignore_ament_install'
[1.478s] Level 1:colcon.colcon_core.package_identification:_identify(src/challenge) by extensions ['colcon_pkg']
[1.478s] Level 1:colcon.colcon_core.package_identification:_identify(src/challenge) by extension 'colcon_pkg'
[1.478s] Level 1:colcon.colcon_core.package_identification:_identify(src/challenge) by extensions ['colcon_meta']
[1.478s] Level 1:colcon.colcon_core.package_identification:_identify(src/challenge) by extension 'colcon_meta'
[1.478s] Level 1:colcon.colcon_core.package_identification:_identify(src/challenge) by extensions ['ros']
[1.478s] Level 1:colcon.colcon_core.package_identification:_identify(src/challenge) by extension 'ros'
[1.480s] DEBUG:colcon.colcon_core.package_identification:Package 'src/challenge' with type 'ros.ament_cmake' and name 'challenge'
[1.480s] Level 1:colcon.colcon_core.package_identification:_identify(src/install) by extensions ['ignore', 'ignore_ament_install']
[1.480s] Level 1:colcon.colcon_core.package_identification:_identify(src/install) by extension 'ignore'
[1.480s] Level 1:colcon.colcon_core.package_identification:_identify(src/install) ignored
[1.480s] Level 1:colcon.colcon_core.package_identification:_identify(src/log) by extensions ['ignore', 'ignore_ament_install']
[1.480s] Level 1:colcon.colcon_core.package_identification:_identify(src/log) by extension 'ignore'
[1.480s] Level 1:colcon.colcon_core.package_identification:_identify(src/log) ignored
[1.480s] Level 1:colcon.colcon_core.package_discovery:discover_packages(recursive) using defaults
[1.480s] Level 1:colcon.colcon_core.package_discovery:discover_packages(ignore) discover
[1.480s] Level 1:colcon.colcon_core.package_discovery:discover_packages(ignore) using defaults
[1.480s] Level 1:colcon.colcon_core.package_discovery:discover_packages(path) discover
[1.480s] Level 1:colcon.colcon_core.package_discovery:discover_packages(path) using defaults
[1.604s] Level 1:colcon.colcon_core.package_discovery:discover_packages(prefix_path) check parameters
[1.604s] Level 1:colcon.colcon_core.package_discovery:discover_packages(prefix_path) discover
[1.651s] DEBUG:colcon.colcon_installed_package_information.package_discovery:Found 1 installed packages in /home/strawberryshadow/Desktop/software-start-here/install
[1.673s] DEBUG:colcon.colcon_installed_package_information.package_discovery:Found 11 installed packages in /home/strawberryshadow/Desktop/triton/install
[1.696s] DEBUG:colcon.colcon_installed_package_information.package_discovery:Found 129 installed packages in /opt/ros/rolling
[1.720s] DEBUG:colcon.colcon_installed_package_information.package_discovery:Found 263 installed packages in /opt/ros/foxy
[1.722s] Level 1:colcon.colcon_core.package_discovery:discover_packages(prefix_path) using defaults
[1.835s] Level 5:colcon.colcon_core.verb:set package 'challenge' build argument 'cmake_args' from command line to 'None'
[1.835s] Level 5:colcon.colcon_core.verb:set package 'challenge' build argument 'cmake_target' from command line to 'None'
[1.835s] Level 5:colcon.colcon_core.verb:set package 'challenge' build argument 'cmake_target_skip_unavailable' from command line to 'False'
[1.835s] Level 5:colcon.colcon_core.verb:set package 'challenge' build argument 'cmake_clean_cache' from command line to 'False'
[1.835s] Level 5:colcon.colcon_core.verb:set package 'challenge' build argument 'cmake_clean_first' from command line to 'False'
[1.835s] Level 5:colcon.colcon_core.verb:set package 'challenge' build argument 'cmake_force_configure' from command line to 'False'
[1.835s] Level 5:colcon.colcon_core.verb:set package 'challenge' build argument 'ament_cmake_args' from command line to 'None'
[1.835s] Level 5:colcon.colcon_core.verb:set package 'challenge' build argument 'catkin_cmake_args' from command line to 'None'
[1.835s] Level 5:colcon.colcon_core.verb:set package 'challenge' build argument 'catkin_skip_building_tests' from command line to 'False'
[1.835s] DEBUG:colcon.colcon_core.verb:Building package 'challenge' with the following arguments: {'ament_cmake_args': None, 'build_base': '/home/strawberryshadow/Desktop/software-start-here/build/challenge', 'catkin_cmake_args': None, 'catkin_skip_building_tests': False, 'cmake_args': None, 'cmake_clean_cache': False, 'cmake_clean_first': False, 'cmake_force_configure': False, 'cmake_target': None, 'cmake_target_skip_unavailable': False, 'install_base': '/home/strawberryshadow/Desktop/software-start-here/install/challenge', 'merge_install': False, 'path': '/home/strawberryshadow/Desktop/software-start-here/src/challenge', 'symlink_install': False, 'test_result_base': None}
[1.858s] INFO:colcon.colcon_core.executor:Executing jobs using 'parallel' executor
[1.881s] DEBUG:colcon.colcon_parallel_executor.executor.parallel:run_until_complete
[1.881s] INFO:colcon.colcon_ros.task.ament_cmake.build:Building ROS package in '/home/strawberryshadow/Desktop/software-start-here/src/challenge' with build type 'ament_cmake'
[1.881s] INFO:colcon.colcon_cmake.task.cmake.build:Building CMake package in '/home/strawberryshadow/Desktop/software-start-here/src/challenge'
[1.906s] INFO:colcon.colcon_core.plugin_system:Skipping extension 'colcon_core.shell.bat': Not used on non-Windows systems
[1.906s] INFO:colcon.colcon_core.shell:Skip shell extension 'powershell' for command environment: Not usable outside of PowerShell
[1.906s] DEBUG:colcon.colcon_core.shell:Skip shell extension 'dsv' for command environment
[2.043s] DEBUG:colcon.colcon_core.event_handler.log_command:Invoking command in '/home/strawberryshadow/Desktop/software-start-here/build/challenge': CMAKE_PREFIX_PATH=${CMAKE_PREFIX_PATH}:/home/strawberryshadow/Desktop/triton/install/triton_teleop:/home/strawberryshadow/Desktop/triton/install/triton_pipeline:/home/strawberryshadow/Desktop/triton/install/triton_bringup:/opt/ros/rolling:/opt/ros/foxy /usr/bin/cmake --build /home/strawberryshadow/Desktop/software-start-here/build/challenge -- -j12 -l12
[4.998s] DEBUG:colcon.colcon_core.event_handler.log_command:Invoked command in '/home/strawberryshadow/Desktop/software-start-here/build/challenge' returned '0': CMAKE_PREFIX_PATH=${CMAKE_PREFIX_PATH}:/home/strawberryshadow/Desktop/triton/install/triton_teleop:/home/strawberryshadow/Desktop/triton/install/triton_pipeline:/home/strawberryshadow/Desktop/triton/install/triton_bringup:/opt/ros/rolling:/opt/ros/foxy /usr/bin/cmake --build /home/strawberryshadow/Desktop/software-start-here/build/challenge -- -j12 -l12
[5.032s] DEBUG:colcon.colcon_core.event_handler.log_command:Invoking command in '/home/strawberryshadow/Desktop/software-start-here/build/challenge': CMAKE_PREFIX_PATH=${CMAKE_PREFIX_PATH}:/home/strawberryshadow/Desktop/triton/install/triton_teleop:/home/strawberryshadow/Desktop/triton/install/triton_pipeline:/home/strawberryshadow/Desktop/triton/install/triton_bringup:/opt/ros/rolling:/opt/ros/foxy /usr/bin/cmake --install /home/strawberryshadow/Desktop/software-start-here/build/challenge
[5.041s] Level 1:colcon.colcon_core.environment:create_environment_scripts_only(challenge)
[5.042s] DEBUG:colcon.colcon_core.event_handler.log_command:Invoked command in '/home/strawberryshadow/Desktop/software-start-here/build/challenge' returned '0': CMAKE_PREFIX_PATH=${CMAKE_PREFIX_PATH}:/home/strawberryshadow/Desktop/triton/install/triton_teleop:/home/strawberryshadow/Desktop/triton/install/triton_pipeline:/home/strawberryshadow/Desktop/triton/install/triton_bringup:/opt/ros/rolling:/opt/ros/foxy /usr/bin/cmake --install /home/strawberryshadow/Desktop/software-start-here/build/challenge
[5.068s] Level 1:colcon.colcon_core.environment:checking '/home/strawberryshadow/Desktop/software-start-here/install/challenge' for CMake module files
[5.069s] Level 1:colcon.colcon_core.environment:checking '/home/strawberryshadow/Desktop/software-start-here/install/challenge' for CMake config files
[5.069s] Level 1:colcon.colcon_core.shell:create_environment_hook('challenge', 'cmake_prefix_path')
[5.092s] INFO:colcon.colcon_core.shell:Creating environment hook '/home/strawberryshadow/Desktop/software-start-here/install/challenge/share/challenge/hook/cmake_prefix_path.ps1'
[5.093s] INFO:colcon.colcon_core.shell:Creating environment descriptor '/home/strawberryshadow/Desktop/software-start-here/install/challenge/share/challenge/hook/cmake_prefix_path.dsv'
[5.093s] INFO:colcon.colcon_core.shell:Creating environment hook '/home/strawberryshadow/Desktop/software-start-here/install/challenge/share/challenge/hook/cmake_prefix_path.sh'
[5.094s] Level 1:colcon.colcon_core.environment:checking '/home/strawberryshadow/Desktop/software-start-here/install/challenge/lib'
[5.094s] Level 1:colcon.colcon_core.environment:checking '/home/strawberryshadow/Desktop/software-start-here/install/challenge/bin'
[5.094s] Level 1:colcon.colcon_core.environment:checking '/home/strawberryshadow/Desktop/software-start-here/install/challenge/lib/pkgconfig/challenge.pc'
[5.094s] Level 1:colcon.colcon_core.environment:checking '/home/strawberryshadow/Desktop/software-start-here/install/challenge/lib/python3.8/site-packages'
[5.094s] Level 1:colcon.colcon_core.environment:checking '/home/strawberryshadow/Desktop/software-start-here/install/challenge/bin'
[5.118s] INFO:colcon.colcon_core.shell:Creating package script '/home/strawberryshadow/Desktop/software-start-here/install/challenge/share/challenge/package.ps1'
[5.119s] INFO:colcon.colcon_core.shell:Creating package descriptor '/home/strawberryshadow/Desktop/software-start-here/install/challenge/share/challenge/package.dsv'
[5.119s] INFO:colcon.colcon_core.shell:Creating package script '/home/strawberryshadow/Desktop/software-start-here/install/challenge/share/challenge/package.sh'
[5.119s] INFO:colcon.colcon_core.shell:Creating package script '/home/strawberryshadow/Desktop/software-start-here/install/challenge/share/challenge/package.bash'
[5.120s] INFO:colcon.colcon_core.shell:Creating package script '/home/strawberryshadow/Desktop/software-start-here/install/challenge/share/challenge/package.zsh'
[5.120s] Level 1:colcon.colcon_core.environment:create_file_with_runtime_dependencies(/home/strawberryshadow/Desktop/software-start-here/install/challenge/share/colcon-core/packages/challenge)
[5.161s] Level 1:colcon.colcon_core.environment:create_environment_scripts_only(challenge)
[5.184s] Level 1:colcon.colcon_core.environment:checking '/home/strawberryshadow/Desktop/software-start-here/install/challenge' for CMake module files
[5.184s] Level 1:colcon.colcon_core.environment:checking '/home/strawberryshadow/Desktop/software-start-here/install/challenge' for CMake config files
[5.184s] Level 1:colcon.colcon_core.shell:create_environment_hook('challenge', 'cmake_prefix_path')
[5.209s] INFO:colcon.colcon_core.shell:Creating environment hook '/home/strawberryshadow/Desktop/software-start-here/install/challenge/share/challenge/hook/cmake_prefix_path.ps1'
[5.209s] INFO:colcon.colcon_core.shell:Creating environment descriptor '/home/strawberryshadow/Desktop/software-start-here/install/challenge/share/challenge/hook/cmake_prefix_path.dsv'
[5.209s] INFO:colcon.colcon_core.shell:Creating environment hook '/home/strawberryshadow/Desktop/software-start-here/install/challenge/share/challenge/hook/cmake_prefix_path.sh'
[5.210s] Level 1:colcon.colcon_core.environment:checking '/home/strawberryshadow/Desktop/software-start-here/install/challenge/lib'
[5.210s] Level 1:colcon.colcon_core.environment:checking '/home/strawberryshadow/Desktop/software-start-here/install/challenge/bin'
[5.210s] Level 1:colcon.colcon_core.environment:checking '/home/strawberryshadow/Desktop/software-start-here/install/challenge/lib/pkgconfig/challenge.pc'
[5.210s] Level 1:colcon.colcon_core.environment:checking '/home/strawberryshadow/Desktop/software-start-here/install/challenge/lib/python3.8/site-packages'
[5.210s] Level 1:colcon.colcon_core.environment:checking '/home/strawberryshadow/Desktop/software-start-here/install/challenge/bin'
[5.233s] INFO:colcon.colcon_core.shell:Creating package script '/home/strawberryshadow/Desktop/software-start-here/install/challenge/share/challenge/package.ps1'
[5.233s] INFO:colcon.colcon_core.shell:Creating package descriptor '/home/strawberryshadow/Desktop/software-start-here/install/challenge/share/challenge/package.dsv'
[5.233s] INFO:colcon.colcon_core.shell:Creating package script '/home/strawberryshadow/Desktop/software-start-here/install/challenge/share/challenge/package.sh'
[5.233s] INFO:colcon.colcon_core.shell:Creating package script '/home/strawberryshadow/Desktop/software-start-here/install/challenge/share/challenge/package.bash'
[5.234s] INFO:colcon.colcon_core.shell:Creating package script '/home/strawberryshadow/Desktop/software-start-here/install/challenge/share/challenge/package.zsh'
[5.234s] Level 1:colcon.colcon_core.environment:create_file_with_runtime_dependencies(/home/strawberryshadow/Desktop/software-start-here/install/challenge/share/colcon-core/packages/challenge)
[5.234s] DEBUG:colcon.colcon_parallel_executor.executor.parallel:closing loop
[5.234s] DEBUG:colcon.colcon_parallel_executor.executor.parallel:loop closed
[5.234s] DEBUG:colcon.colcon_parallel_executor.executor.parallel:run_until_complete finished with '0'
[5.234s] DEBUG:colcon.colcon_core.event_reactor:joining thread
[5.263s] INFO:colcon.colcon_core.plugin_system:Skipping extension 'colcon_notification.desktop_notification.terminal_notifier': Not used on non-Darwin systems
[5.263s] INFO:colcon.colcon_core.plugin_system:Skipping extension 'colcon_notification.desktop_notification.win32': Not used on non-Windows systems
[5.263s] INFO:colcon.colcon_notification.desktop_notification:Sending desktop notification using 'notify2'
[5.299s] DEBUG:colcon.colcon_core.event_reactor:joined thread
[5.330s] INFO:colcon.colcon_core.shell:Creating prefix script '/home/strawberryshadow/Desktop/software-start-here/install/local_setup.ps1'
[5.331s] INFO:colcon.colcon_core.shell:Creating prefix util module '/home/strawberryshadow/Desktop/software-start-here/install/_local_setup_util_ps1.py'
[5.332s] INFO:colcon.colcon_core.shell:Creating prefix chain script '/home/strawberryshadow/Desktop/software-start-here/install/setup.ps1'
[5.361s] INFO:colcon.colcon_core.shell:Creating prefix script '/home/strawberryshadow/Desktop/software-start-here/install/local_setup.sh'
[5.361s] INFO:colcon.colcon_core.shell:Creating prefix util module '/home/strawberryshadow/Desktop/software-start-here/install/_local_setup_util_sh.py'
[5.361s] INFO:colcon.colcon_core.shell:Creating prefix chain script '/home/strawberryshadow/Desktop/software-start-here/install/setup.sh'
[5.387s] INFO:colcon.colcon_core.shell:Creating prefix script '/home/strawberryshadow/Desktop/software-start-here/install/local_setup.bash'
[5.387s] INFO:colcon.colcon_core.shell:Creating prefix chain script '/home/strawberryshadow/Desktop/software-start-here/install/setup.bash'
[5.414s] INFO:colcon.colcon_core.shell:Creating prefix script '/home/strawberryshadow/Desktop/software-start-here/install/local_setup.zsh'
[5.414s] INFO:colcon.colcon_core.shell:Creating prefix chain script '/home/strawberryshadow/Desktop/software-start-here/install/setup.zsh'
