[2.591s] DEBUG:colcon:Command line arguments: ['/usr/bin/colcon', 'build']
[2.592s] DEBUG:colcon:Parsed command line arguments: Namespace(allow_overriding=[], ament_cmake_args=None, base_paths=['.'], build_base='build', catkin_cmake_args=None, catkin_skip_building_tests=False, cmake_args=None, cmake_clean_cache=False, cmake_clean_first=False, cmake_force_configure=False, cmake_target=None, cmake_target_skip_unavailable=False, continue_on_error=False, event_handlers=None, executor='parallel', ignore_user_meta=False, install_base='install', log_base=None, log_level=None, main=<bound method BuildVerb.main of <colcon_core.verb.build.BuildVerb object at 0x73928bf626d0>>, merge_install=False, metas=['./colcon.meta'], mixin=None, mixin_files=None, mixin_verb=('build',), packages_above=None, packages_above_and_dependencies=None, packages_above_depth=None, packages_end=None, packages_ignore=None, packages_ignore_regex=None, packages_select=None, packages_select_build_failed=False, packages_select_by_dep=None, packages_select_regex=None, packages_select_test_failures=False, packages_skip=None, packages_skip_build_finished=False, packages_skip_by_dep=None, packages_skip_regex=None, packages_skip_test_passed=False, packages_skip_up_to=None, packages_start=None, packages_up_to=None, packages_up_to_regex=None, parallel_workers=16, paths=None, symlink_install=False, test_result_base=None, verb_extension=<colcon_core.verb.build.BuildVerb object at 0x73928bf626d0>, verb_name='build', verb_parser=<colcon_mixin.mixin.mixin_argument.MixinArgumentDecorator object at 0x73928bec4160>)
[3.892s] Level 1:colcon.colcon_core.package_discovery:discover_packages(colcon_meta) check parameters
[3.893s] Level 1:colcon.colcon_core.package_discovery:discover_packages(recursive) check parameters
[3.893s] Level 1:colcon.colcon_core.package_discovery:discover_packages(ignore) check parameters
[3.893s] Level 1:colcon.colcon_core.package_discovery:discover_packages(path) check parameters
[3.893s] Level 1:colcon.colcon_core.package_discovery:discover_packages(colcon_meta) discover
[3.893s] Level 1:colcon.colcon_core.package_discovery:discover_packages(recursive) discover
[3.893s] INFO:colcon.colcon_core.package_discovery:Crawling recursively for packages in '/home/joseph/software-start-here/src'
[3.895s] Level 1:colcon.colcon_core.package_identification:_identify(.) by extensions ['ignore', 'ignore_ament_install']
[3.901s] Level 1:colcon.colcon_core.package_identification:_identify(.) by extension 'ignore'
[3.902s] Level 1:colcon.colcon_core.package_identification:_identify(.) by extension 'ignore_ament_install'
[3.902s] Level 1:colcon.colcon_core.package_identification:_identify(.) by extensions ['colcon_pkg']
[3.902s] Level 1:colcon.colcon_core.package_identification:_identify(.) by extension 'colcon_pkg'
[3.903s] Level 1:colcon.colcon_core.package_identification:_identify(.) by extensions ['colcon_meta']
[3.903s] Level 1:colcon.colcon_core.package_identification:_identify(.) by extension 'colcon_meta'
[3.903s] Level 1:colcon.colcon_core.package_identification:_identify(.) by extensions ['ros']
[3.903s] Level 1:colcon.colcon_core.package_identification:_identify(.) by extension 'ros'
[3.965s] Level 1:colcon.colcon_core.package_identification:_identify(.) by extensions ['cmake', 'python']
[3.966s] Level 1:colcon.colcon_core.package_identification:_identify(.) by extension 'cmake'
[3.966s] Level 1:colcon.colcon_core.package_identification:_identify(.) by extension 'python'
[3.966s] Level 1:colcon.colcon_core.package_identification:_identify(.) by extensions ['python_setup_py']
[3.966s] Level 1:colcon.colcon_core.package_identification:_identify(.) by extension 'python_setup_py'
[3.968s] Level 1:colcon.colcon_core.package_identification:_identify(build) by extensions ['ignore', 'ignore_ament_install']
[3.968s] Level 1:colcon.colcon_core.package_identification:_identify(build) by extension 'ignore'
[3.968s] Level 1:colcon.colcon_core.package_identification:_identify(build) ignored
[3.969s] Level 1:colcon.colcon_core.package_identification:_identify(challenge) by extensions ['ignore', 'ignore_ament_install']
[3.970s] Level 1:colcon.colcon_core.package_identification:_identify(challenge) by extension 'ignore'
[3.971s] Level 1:colcon.colcon_core.package_identification:_identify(challenge) by extension 'ignore_ament_install'
[3.971s] Level 1:colcon.colcon_core.package_identification:_identify(challenge) by extensions ['colcon_pkg']
[3.971s] Level 1:colcon.colcon_core.package_identification:_identify(challenge) by extension 'colcon_pkg'
[3.971s] Level 1:colcon.colcon_core.package_identification:_identify(challenge) by extensions ['colcon_meta']
[3.972s] Level 1:colcon.colcon_core.package_identification:_identify(challenge) by extension 'colcon_meta'
[3.972s] Level 1:colcon.colcon_core.package_identification:_identify(challenge) by extensions ['ros']
[3.972s] Level 1:colcon.colcon_core.package_identification:_identify(challenge) by extension 'ros'
[3.988s] DEBUG:colcon.colcon_core.package_identification:Package 'challenge' with type 'ros.ament_cmake' and name 'challenge'
[3.990s] Level 1:colcon.colcon_core.package_identification:_identify(install) by extensions ['ignore', 'ignore_ament_install']
[3.990s] Level 1:colcon.colcon_core.package_identification:_identify(install) by extension 'ignore'
[3.991s] Level 1:colcon.colcon_core.package_identification:_identify(install) ignored
[3.991s] Level 1:colcon.colcon_core.package_identification:_identify(log) by extensions ['ignore', 'ignore_ament_install']
[3.992s] Level 1:colcon.colcon_core.package_identification:_identify(log) by extension 'ignore'
[3.992s] Level 1:colcon.colcon_core.package_identification:_identify(log) ignored
[3.992s] Level 1:colcon.colcon_core.package_discovery:discover_packages(recursive) using defaults
[3.993s] Level 1:colcon.colcon_core.package_discovery:discover_packages(ignore) discover
[3.993s] Level 1:colcon.colcon_core.package_discovery:discover_packages(ignore) using defaults
[3.993s] Level 1:colcon.colcon_core.package_discovery:discover_packages(path) discover
[3.993s] Level 1:colcon.colcon_core.package_discovery:discover_packages(path) using defaults
[4.138s] Level 1:colcon.colcon_core.package_discovery:discover_packages(prefix_path) check parameters
[4.138s] Level 1:colcon.colcon_core.package_discovery:discover_packages(prefix_path) discover
[4.177s] DEBUG:colcon.colcon_installed_package_information.package_discovery:Found 1 installed packages in /home/joseph/software-start-here/src/install
[4.181s] DEBUG:colcon.colcon_installed_package_information.package_discovery:Found 11 installed packages in /home/joseph/steelhead/install
[4.192s] DEBUG:colcon.colcon_installed_package_information.package_discovery:Found 275 installed packages in /opt/ros/foxy
[4.196s] Level 1:colcon.colcon_core.package_discovery:discover_packages(prefix_path) using defaults
[4.781s] Level 5:colcon.colcon_core.verb:set package 'challenge' build argument 'cmake_args' from command line to 'None'
[4.784s] Level 5:colcon.colcon_core.verb:set package 'challenge' build argument 'cmake_target' from command line to 'None'
[4.785s] Level 5:colcon.colcon_core.verb:set package 'challenge' build argument 'cmake_target_skip_unavailable' from command line to 'False'
[4.785s] Level 5:colcon.colcon_core.verb:set package 'challenge' build argument 'cmake_clean_cache' from command line to 'False'
[4.785s] Level 5:colcon.colcon_core.verb:set package 'challenge' build argument 'cmake_clean_first' from command line to 'False'
[4.785s] Level 5:colcon.colcon_core.verb:set package 'challenge' build argument 'cmake_force_configure' from command line to 'False'
[4.785s] Level 5:colcon.colcon_core.verb:set package 'challenge' build argument 'ament_cmake_args' from command line to 'None'
[4.785s] Level 5:colcon.colcon_core.verb:set package 'challenge' build argument 'catkin_cmake_args' from command line to 'None'
[4.785s] Level 5:colcon.colcon_core.verb:set package 'challenge' build argument 'catkin_skip_building_tests' from command line to 'False'
[4.785s] DEBUG:colcon.colcon_core.verb:Building package 'challenge' with the following arguments: {'ament_cmake_args': None, 'build_base': '/home/joseph/software-start-here/src/build/challenge', 'catkin_cmake_args': None, 'catkin_skip_building_tests': False, 'cmake_args': None, 'cmake_clean_cache': False, 'cmake_clean_first': False, 'cmake_force_configure': False, 'cmake_target': None, 'cmake_target_skip_unavailable': False, 'install_base': '/home/joseph/software-start-here/src/install/challenge', 'merge_install': False, 'path': '/home/joseph/software-start-here/src/challenge', 'symlink_install': False, 'test_result_base': None}
[4.786s] INFO:colcon.colcon_core.executor:Executing jobs using 'parallel' executor
[4.789s] DEBUG:colcon.colcon_parallel_executor.executor.parallel:run_until_complete
[4.791s] INFO:colcon.colcon_ros.task.ament_cmake.build:Building ROS package in '/home/joseph/software-start-here/src/challenge' with build type 'ament_cmake'
[4.792s] INFO:colcon.colcon_cmake.task.cmake.build:Building CMake package in '/home/joseph/software-start-here/src/challenge'
[4.811s] INFO:colcon.colcon_core.plugin_system:Skipping extension 'colcon_core.shell.bat': Not used on non-Windows systems
[4.811s] INFO:colcon.colcon_core.shell:Skip shell extension 'powershell' for command environment: Not usable outside of PowerShell
[4.811s] DEBUG:colcon.colcon_core.shell:Skip shell extension 'dsv' for command environment
[4.859s] DEBUG:colcon.colcon_core.event_handler.log_command:Invoking command in '/home/joseph/software-start-here/src/build/challenge': CMAKE_PREFIX_PATH=${CMAKE_PREFIX_PATH}:/home/joseph/steelhead/install/steelhead_teleop:/home/joseph/steelhead/install/steelhead_pipeline:/home/joseph/steelhead/install/steelhead_bringup:/opt/ros/foxy /usr/bin/cmake --build /home/joseph/software-start-here/src/build/challenge -- -j16 -l16
[13.687s] DEBUG:colcon.colcon_core.event_handler.log_command:Invoked command in '/home/joseph/software-start-here/src/build/challenge' returned '0': CMAKE_PREFIX_PATH=${CMAKE_PREFIX_PATH}:/home/joseph/steelhead/install/steelhead_teleop:/home/joseph/steelhead/install/steelhead_pipeline:/home/joseph/steelhead/install/steelhead_bringup:/opt/ros/foxy /usr/bin/cmake --build /home/joseph/software-start-here/src/build/challenge -- -j16 -l16
[13.721s] DEBUG:colcon.colcon_core.event_handler.log_command:Invoking command in '/home/joseph/software-start-here/src/build/challenge': CMAKE_PREFIX_PATH=${CMAKE_PREFIX_PATH}:/home/joseph/steelhead/install/steelhead_teleop:/home/joseph/steelhead/install/steelhead_pipeline:/home/joseph/steelhead/install/steelhead_bringup:/opt/ros/foxy /usr/bin/cmake --install /home/joseph/software-start-here/src/build/challenge
[13.760s] Level 1:colcon.colcon_core.environment:create_environment_scripts_only(challenge)
[13.763s] DEBUG:colcon.colcon_core.event_handler.log_command:Invoked command in '/home/joseph/software-start-here/src/build/challenge' returned '0': CMAKE_PREFIX_PATH=${CMAKE_PREFIX_PATH}:/home/joseph/steelhead/install/steelhead_teleop:/home/joseph/steelhead/install/steelhead_pipeline:/home/joseph/steelhead/install/steelhead_bringup:/opt/ros/foxy /usr/bin/cmake --install /home/joseph/software-start-here/src/build/challenge
[13.784s] Level 1:colcon.colcon_core.environment:checking '/home/joseph/software-start-here/src/install/challenge' for CMake module files
[13.785s] Level 1:colcon.colcon_core.environment:checking '/home/joseph/software-start-here/src/install/challenge' for CMake config files
[13.788s] Level 1:colcon.colcon_core.shell:create_environment_hook('challenge', 'cmake_prefix_path')
[13.788s] INFO:colcon.colcon_core.shell:Creating environment hook '/home/joseph/software-start-here/src/install/challenge/share/challenge/hook/cmake_prefix_path.ps1'
[13.791s] INFO:colcon.colcon_core.shell:Creating environment descriptor '/home/joseph/software-start-here/src/install/challenge/share/challenge/hook/cmake_prefix_path.dsv'
[13.793s] INFO:colcon.colcon_core.shell:Creating environment hook '/home/joseph/software-start-here/src/install/challenge/share/challenge/hook/cmake_prefix_path.sh'
[13.796s] Level 1:colcon.colcon_core.environment:checking '/home/joseph/software-start-here/src/install/challenge/lib'
[13.796s] Level 1:colcon.colcon_core.environment:checking '/home/joseph/software-start-here/src/install/challenge/bin'
[13.797s] Level 1:colcon.colcon_core.environment:checking '/home/joseph/software-start-here/src/install/challenge/lib/pkgconfig/challenge.pc'
[13.797s] Level 1:colcon.colcon_core.environment:checking '/home/joseph/software-start-here/src/install/challenge/lib/python3.8/site-packages'
[13.797s] Level 1:colcon.colcon_core.environment:checking '/home/joseph/software-start-here/src/install/challenge/bin'
[13.798s] INFO:colcon.colcon_core.shell:Creating package script '/home/joseph/software-start-here/src/install/challenge/share/challenge/package.ps1'
[13.800s] INFO:colcon.colcon_core.shell:Creating package descriptor '/home/joseph/software-start-here/src/install/challenge/share/challenge/package.dsv'
[13.802s] INFO:colcon.colcon_core.shell:Creating package script '/home/joseph/software-start-here/src/install/challenge/share/challenge/package.sh'
[13.804s] INFO:colcon.colcon_core.shell:Creating package script '/home/joseph/software-start-here/src/install/challenge/share/challenge/package.bash'
[13.807s] INFO:colcon.colcon_core.shell:Creating package script '/home/joseph/software-start-here/src/install/challenge/share/challenge/package.zsh'
[13.809s] Level 1:colcon.colcon_core.environment:create_file_with_runtime_dependencies(/home/joseph/software-start-here/src/install/challenge/share/colcon-core/packages/challenge)
[13.811s] Level 1:colcon.colcon_core.environment:create_environment_scripts_only(challenge)
[13.811s] Level 1:colcon.colcon_core.environment:checking '/home/joseph/software-start-here/src/install/challenge' for CMake module files
[13.812s] Level 1:colcon.colcon_core.environment:checking '/home/joseph/software-start-here/src/install/challenge' for CMake config files
[13.812s] Level 1:colcon.colcon_core.shell:create_environment_hook('challenge', 'cmake_prefix_path')
[13.812s] INFO:colcon.colcon_core.shell:Creating environment hook '/home/joseph/software-start-here/src/install/challenge/share/challenge/hook/cmake_prefix_path.ps1'
[13.813s] INFO:colcon.colcon_core.shell:Creating environment descriptor '/home/joseph/software-start-here/src/install/challenge/share/challenge/hook/cmake_prefix_path.dsv'
[13.814s] INFO:colcon.colcon_core.shell:Creating environment hook '/home/joseph/software-start-here/src/install/challenge/share/challenge/hook/cmake_prefix_path.sh'
[13.816s] Level 1:colcon.colcon_core.environment:checking '/home/joseph/software-start-here/src/install/challenge/lib'
[13.816s] Level 1:colcon.colcon_core.environment:checking '/home/joseph/software-start-here/src/install/challenge/bin'
[13.816s] Level 1:colcon.colcon_core.environment:checking '/home/joseph/software-start-here/src/install/challenge/lib/pkgconfig/challenge.pc'
[13.817s] Level 1:colcon.colcon_core.environment:checking '/home/joseph/software-start-here/src/install/challenge/lib/python3.8/site-packages'
[13.817s] Level 1:colcon.colcon_core.environment:checking '/home/joseph/software-start-here/src/install/challenge/bin'
[13.817s] INFO:colcon.colcon_core.shell:Creating package script '/home/joseph/software-start-here/src/install/challenge/share/challenge/package.ps1'
[13.819s] INFO:colcon.colcon_core.shell:Creating package descriptor '/home/joseph/software-start-here/src/install/challenge/share/challenge/package.dsv'
[13.820s] INFO:colcon.colcon_core.shell:Creating package script '/home/joseph/software-start-here/src/install/challenge/share/challenge/package.sh'
[13.820s] INFO:colcon.colcon_core.shell:Creating package script '/home/joseph/software-start-here/src/install/challenge/share/challenge/package.bash'
[13.821s] INFO:colcon.colcon_core.shell:Creating package script '/home/joseph/software-start-here/src/install/challenge/share/challenge/package.zsh'
[13.822s] Level 1:colcon.colcon_core.environment:create_file_with_runtime_dependencies(/home/joseph/software-start-here/src/install/challenge/share/colcon-core/packages/challenge)
[13.823s] DEBUG:colcon.colcon_parallel_executor.executor.parallel:closing loop
[13.824s] DEBUG:colcon.colcon_parallel_executor.executor.parallel:loop closed
[13.824s] DEBUG:colcon.colcon_parallel_executor.executor.parallel:run_until_complete finished with '0'
[13.825s] DEBUG:colcon.colcon_core.event_reactor:joining thread
[13.952s] INFO:colcon.colcon_core.plugin_system:Skipping extension 'colcon_notification.desktop_notification.notify_send': Could not find 'notify-send'
[13.952s] INFO:colcon.colcon_core.plugin_system:Skipping extension 'colcon_notification.desktop_notification.terminal_notifier': Not used on non-Darwin systems
[13.952s] INFO:colcon.colcon_core.plugin_system:Skipping extension 'colcon_notification.desktop_notification.win32': Not used on non-Windows systems
[13.952s] INFO:colcon.colcon_notification.desktop_notification:Sending desktop notification using 'notify2'
[13.955s] DEBUG:colcon.colcon_notification.desktop_notification.notify2:Failed to initialize notify2: org.freedesktop.DBus.Error.ServiceUnknown: The name org.freedesktop.Notifications was not provided by any .service files
[13.956s] DEBUG:colcon.colcon_core.event_reactor:joined thread
[13.956s] INFO:colcon.colcon_core.shell:Creating prefix script '/home/joseph/software-start-here/src/install/local_setup.ps1'
[13.958s] INFO:colcon.colcon_core.shell:Creating prefix util module '/home/joseph/software-start-here/src/install/_local_setup_util_ps1.py'
[13.960s] INFO:colcon.colcon_core.shell:Creating prefix chain script '/home/joseph/software-start-here/src/install/setup.ps1'
[13.962s] INFO:colcon.colcon_core.shell:Creating prefix script '/home/joseph/software-start-here/src/install/local_setup.sh'
[13.964s] INFO:colcon.colcon_core.shell:Creating prefix util module '/home/joseph/software-start-here/src/install/_local_setup_util_sh.py'
[13.964s] INFO:colcon.colcon_core.shell:Creating prefix chain script '/home/joseph/software-start-here/src/install/setup.sh'
[13.967s] INFO:colcon.colcon_core.shell:Creating prefix script '/home/joseph/software-start-here/src/install/local_setup.bash'
[13.968s] INFO:colcon.colcon_core.shell:Creating prefix chain script '/home/joseph/software-start-here/src/install/setup.bash'
[13.970s] INFO:colcon.colcon_core.shell:Creating prefix script '/home/joseph/software-start-here/src/install/local_setup.zsh'
[13.971s] INFO:colcon.colcon_core.shell:Creating prefix chain script '/home/joseph/software-start-here/src/install/setup.zsh'
