[0.060s] Invoking command in '/home/straydogs/ros2_test/build/challenge': CMAKE_PREFIX_PATH=/opt/ros/foxy /usr/bin/cmake --build /home/straydogs/ros2_test/build/challenge -- -j20 -l20
[0.085s] [35m[1mScanning dependencies of target solution[0m
[0.537s] [ 50%] [32mBuilding CXX object CMakeFiles/solution.dir/src/solution.cpp.o[0m
[1.147s] [01m[K/home/straydogs/ros2_test/challenge/src/solution.cpp:[m[K In member function ‘[01m[Kvoid GoToGoal::goto_goal()[m[K’:
[1.147s] [01m[K/home/straydogs/ros2_test/challenge/src/solution.cpp:47:11:[m[K [01;35m[Kwarning: [m[Kunused variable ‘[01m[Kdirection[m[K’ [[01;35m[K-Wunused-variable[m[K]
[1.147s]    47 |       int [01;35m[Kdirection[m[K;
[1.147s]       |           [01;35m[K^~~~~~~~~[m[K
[3.039s] [100%] [32m[1mLinking CXX executable solution[0m
[3.171s] [100%] Built target solution
[3.178s] Invoked command in '/home/straydogs/ros2_test/build/challenge' returned '0': CMAKE_PREFIX_PATH=/opt/ros/foxy /usr/bin/cmake --build /home/straydogs/ros2_test/build/challenge -- -j20 -l20
[3.196s] Invoking command in '/home/straydogs/ros2_test/build/challenge': CMAKE_PREFIX_PATH=/opt/ros/foxy /usr/bin/cmake --install /home/straydogs/ros2_test/build/challenge
[3.200s] -- Install configuration: ""
[3.200s] -- Installing: /home/straydogs/ros2_test/install/challenge/lib/challenge/solution
[3.202s] -- Set runtime path of "/home/straydogs/ros2_test/install/challenge/lib/challenge/solution" to ""
[3.202s] -- Up-to-date: /home/straydogs/ros2_test/install/challenge/share/ament_index/resource_index/package_run_dependencies/challenge
[3.202s] -- Up-to-date: /home/straydogs/ros2_test/install/challenge/share/ament_index/resource_index/parent_prefix_path/challenge
[3.202s] -- Up-to-date: /home/straydogs/ros2_test/install/challenge/share/challenge/environment/ament_prefix_path.sh
[3.202s] -- Up-to-date: /home/straydogs/ros2_test/install/challenge/share/challenge/environment/ament_prefix_path.dsv
[3.202s] -- Up-to-date: /home/straydogs/ros2_test/install/challenge/share/challenge/environment/path.sh
[3.202s] -- Up-to-date: /home/straydogs/ros2_test/install/challenge/share/challenge/environment/path.dsv
[3.202s] -- Up-to-date: /home/straydogs/ros2_test/install/challenge/share/challenge/local_setup.bash
[3.202s] -- Up-to-date: /home/straydogs/ros2_test/install/challenge/share/challenge/local_setup.sh
[3.202s] -- Up-to-date: /home/straydogs/ros2_test/install/challenge/share/challenge/local_setup.zsh
[3.202s] -- Up-to-date: /home/straydogs/ros2_test/install/challenge/share/challenge/local_setup.dsv
[3.202s] -- Installing: /home/straydogs/ros2_test/install/challenge/share/challenge/package.dsv
[3.202s] -- Up-to-date: /home/straydogs/ros2_test/install/challenge/share/ament_index/resource_index/packages/challenge
[3.202s] -- Up-to-date: /home/straydogs/ros2_test/install/challenge/share/challenge/cmake/challengeConfig.cmake
[3.202s] -- Up-to-date: /home/straydogs/ros2_test/install/challenge/share/challenge/cmake/challengeConfig-version.cmake
[3.202s] -- Up-to-date: /home/straydogs/ros2_test/install/challenge/share/challenge/package.xml
[3.203s] Invoked command in '/home/straydogs/ros2_test/build/challenge' returned '0': CMAKE_PREFIX_PATH=/opt/ros/foxy /usr/bin/cmake --install /home/straydogs/ros2_test/build/challenge
