[0.028s] Invoking command in '/home/itaiboss/ros2_ws/src/build/challenge': CMAKE_PREFIX_PATH=/opt/ros/foxy /usr/bin/cmake --build /home/itaiboss/ros2_ws/src/build/challenge -- -j2 -l2
[0.125s] [100%] Built target solution
[0.152s] Invoked command in '/home/itaiboss/ros2_ws/src/build/challenge' returned '0': CMAKE_PREFIX_PATH=/opt/ros/foxy /usr/bin/cmake --build /home/itaiboss/ros2_ws/src/build/challenge -- -j2 -l2
[0.221s] Invoking command in '/home/itaiboss/ros2_ws/src/build/challenge': CMAKE_PREFIX_PATH=/opt/ros/foxy /usr/bin/cmake --install /home/itaiboss/ros2_ws/src/build/challenge
[0.238s] -- Install configuration: ""
[0.240s] -- Up-to-date: /home/itaiboss/ros2_ws/src/install/challenge/lib/challenge/solution
[0.241s] -- Up-to-date: /home/itaiboss/ros2_ws/src/install/challenge/share/ament_index/resource_index/package_run_dependencies/challenge
[0.241s] -- Up-to-date: /home/itaiboss/ros2_ws/src/install/challenge/share/ament_index/resource_index/parent_prefix_path/challenge
[0.242s] -- Up-to-date: /home/itaiboss/ros2_ws/src/install/challenge/share/challenge/environment/ament_prefix_path.sh
[0.243s] -- Up-to-date: /home/itaiboss/ros2_ws/src/install/challenge/share/challenge/environment/ament_prefix_path.dsv
[0.244s] -- Up-to-date: /home/itaiboss/ros2_ws/src/install/challenge/share/challenge/environment/path.sh
[0.244s] -- Up-to-date: /home/itaiboss/ros2_ws/src/install/challenge/share/challenge/environment/path.dsv
[0.244s] -- Up-to-date: /home/itaiboss/ros2_ws/src/install/challenge/share/challenge/local_setup.bash
[0.245s] -- Up-to-date: /home/itaiboss/ros2_ws/src/install/challenge/share/challenge/local_setup.sh
[0.245s] -- Up-to-date: /home/itaiboss/ros2_ws/src/install/challenge/share/challenge/local_setup.zsh
[0.245s] -- Up-to-date: /home/itaiboss/ros2_ws/src/install/challenge/share/challenge/local_setup.dsv
[0.245s] -- Installing: /home/itaiboss/ros2_ws/src/install/challenge/share/challenge/package.dsv
[0.246s] -- Up-to-date: /home/itaiboss/ros2_ws/src/install/challenge/share/ament_index/resource_index/packages/challenge
[0.247s] -- Up-to-date: /home/itaiboss/ros2_ws/src/install/challenge/share/challenge/cmake/challengeConfig.cmake
[0.247s] -- Up-to-date: /home/itaiboss/ros2_ws/src/install/challenge/share/challenge/cmake/challengeConfig-version.cmake
[0.248s] -- Up-to-date: /home/itaiboss/ros2_ws/src/install/challenge/share/challenge/package.xml
[0.259s] Invoked command in '/home/itaiboss/ros2_ws/src/build/challenge' returned '0': CMAKE_PREFIX_PATH=/opt/ros/foxy /usr/bin/cmake --install /home/itaiboss/ros2_ws/src/build/challenge
