-- Found ament_cmake: 0.9.11 (/opt/ros/foxy/share/ament_cmake/cmake)
-- Using PYTHON_EXECUTABLE: /usr/bin/python3
-- Found turtlesim: 1.2.6 (/opt/ros/foxy/share/turtlesim/cmake)
-- Found geometry_msgs: 2.0.5 (/opt/ros/foxy/share/geometry_msgs/cmake)
-- Found rclcpp_action: 2.4.2 (/opt/ros/foxy/share/rclcpp_action/cmake)
-- Found rmw_implementation_cmake: 1.0.3 (/opt/ros/foxy/share/rmw_implementation_cmake/cmake)
CMake Error at /opt/ros/foxy/share/rmw_implementation/cmake/rmw_implementation-extras.cmake:54 (message):
  The RMW implementation has been specified as 'rmw_fastrtps_cpp' via the
  default when rmw_implementation was built, but it is not available at this
  time.

  

  Currently available middlewares:

  ''
Call Stack (most recent call first):
  /opt/ros/foxy/share/rmw_implementation/cmake/rmw_implementationConfig.cmake:41 (include)
  /opt/ros/foxy/share/rcl/cmake/ament_cmake_export_dependencies-extras.cmake:21 (find_package)
  /opt/ros/foxy/share/rcl/cmake/rclConfig.cmake:41 (include)
  /opt/ros/foxy/share/libstatistics_collector/cmake/ament_cmake_export_dependencies-extras.cmake:21 (find_package)
  /opt/ros/foxy/share/libstatistics_collector/cmake/libstatistics_collectorConfig.cmake:41 (include)
  /opt/ros/foxy/share/rclcpp/cmake/ament_cmake_export_dependencies-extras.cmake:21 (find_package)
  /opt/ros/foxy/share/rclcpp/cmake/rclcppConfig.cmake:41 (include)
  /opt/ros/foxy/share/rclcpp_action/cmake/ament_cmake_export_dependencies-extras.cmake:21 (find_package)
  /opt/ros/foxy/share/rclcpp_action/cmake/rclcpp_actionConfig.cmake:41 (include)
  CMakeLists.txt:22 (find_package)


-- Configuring incomplete, errors occurred!
See also "/home/amraj/Subbots/software-start-here/src/build/challenge/CMakeFiles/CMakeOutput.log".
make: *** [Makefile:266: cmake_check_build_system] Error 1
