[0.016s] Invoking command in '/home/navrajb/software/software-start-here/build/challenge': CMAKE_PREFIX_PATH=/opt/ros/foxy /usr/bin/cmake --build /home/navrajb/software/software-start-here/build/challenge -- -j8 -l8
[0.087s] [ 50%] [32mBuilding CXX object CMakeFiles/solution.dir/src/solution.cpp.o[0m
[1.417s] [01m[K/home/navrajb/software/software-start-here/src/challenge/src/solution.cpp:[m[K In member function ‘[01m[Kvoid MinimalPublisher::timer_callback()[m[K’:
[1.417s] [01m[K/home/navrajb/software/software-start-here/src/challenge/src/solution.cpp:32:96:[m[K [01;31m[Kerror: [m[Kno match for ‘[01m[Koperator=[m[K’ (operand types are ‘[01m[Krclcpp::Publisher<geometry_msgs::msg::Twist_<std::allocator<void> > >::SharedPtr[m[K’ {aka ‘[01m[Kstd::shared_ptr<rclcpp::Publisher<geometry_msgs::msg::Twist_<std::allocator<void> > > >[m[K’} and ‘[01m[Kstd::shared_ptr<rclcpp::Publisher<geometry_msgs::msg::Twist_<std::allocator<void> >(), std::allocator<void> > >[m[K’)
[1.417s]    32 | e_publisher<geometry_msgs::msg::Twist()>("/turtle1/cmd_vel",1[01;31m[K)[m[K;
[1.417s]       |                                                              [01;31m[K^[m[K
[1.417s] 
[1.417s] In file included from [01m[K/usr/include/c++/9/memory:81[m[K,
[1.417s]                  from [01m[K/home/navrajb/software/software-start-here/src/challenge/src/solution.cpp:4[m[K:
[1.417s] [01m[K/usr/include/c++/9/bits/shared_ptr.h:309:19:[m[K [01;36m[Knote: [m[Kcandidate: ‘[01m[Kstd::shared_ptr<_Tp>& std::shared_ptr<_Tp>::operator=(const std::shared_ptr<_Tp>&) [with _Tp = rclcpp::Publisher<geometry_msgs::msg::Twist_<std::allocator<void> > >][m[K’
[1.418s]   309 |       shared_ptr& [01;36m[Koperator[m[K=(const shared_ptr&) noexcept = default;
[1.418s]       |                   [01;36m[K^~~~~~~~[m[K
[1.418s] [01m[K/usr/include/c++/9/bits/shared_ptr.h:309:29:[m[K [01;36m[Knote: [m[K  no known conversion for argument 1 from ‘[01m[Kstd::shared_ptr<rclcpp::Publisher<geometry_msgs::msg::Twist_<std::allocator<void> >(), std::allocator<void> > >[m[K’ to ‘[01m[Kconst std::shared_ptr<rclcpp::Publisher<geometry_msgs::msg::Twist_<std::allocator<void> > > >&[m[K’
[1.418s]   309 |       shared_ptr& operator=([01;36m[Kconst shared_ptr&[m[K) noexcept = default;
[1.418s]       |                             [01;36m[K^~~~~~~~~~~~~~~~~[m[K
[1.418s] [01m[K/usr/include/c++/9/bits/shared_ptr.h:313:2:[m[K [01;36m[Knote: [m[Kcandidate: ‘[01m[Ktemplate<class _Yp> std::shared_ptr<_Tp>::_Assignable<const std::shared_ptr<_Yp>&> std::shared_ptr<_Tp>::operator=(const std::shared_ptr<_Yp>&) [with _Yp = _Yp; _Tp = rclcpp::Publisher<geometry_msgs::msg::Twist_<std::allocator<void> > >][m[K’
[1.418s]   313 |  [01;36m[Koperator[m[K=(const shared_ptr<_Yp>& __r) noexcept
[1.418s]       |  [01;36m[K^~~~~~~~[m[K
[1.418s] [01m[K/usr/include/c++/9/bits/shared_ptr.h:313:2:[m[K [01;36m[Knote: [m[K  template argument deduction/substitution failed:
[1.418s] /usr/include/c++/9/bits/shared_ptr.h: In substitution of ‘[01m[Ktemplate<class _Tp> template<class _Arg> using _Assignable = typename std::enable_if<std::is_assignable<std::__shared_ptr<_Tp>&, _Arg>::value, std::shared_ptr<_Tp>&>::type [with _Arg = const std::shared_ptr<rclcpp::Publisher<geometry_msgs::msg::Twist_<std::allocator<void> >(), std::allocator<void> > >&; _Tp = rclcpp::Publisher<geometry_msgs::msg::Twist_<std::allocator<void> > >][m[K’:
[1.418s] [01m[K/usr/include/c++/9/bits/shared_ptr.h:313:2:[m[K   required by substitution of ‘[01m[Ktemplate<class _Yp> std::shared_ptr<rclcpp::Publisher<geometry_msgs::msg::Twist_<std::allocator<void> > > >::_Assignable<const std::shared_ptr<_Tp>&> std::shared_ptr<rclcpp::Publisher<geometry_msgs::msg::Twist_<std::allocator<void> > > >::operator=<_Yp>(const std::shared_ptr<_Tp>&) [with _Yp = rclcpp::Publisher<geometry_msgs::msg::Twist_<std::allocator<void> >(), std::allocator<void> >][m[K’
[1.418s] [01m[K/home/navrajb/software/software-start-here/src/challenge/src/solution.cpp:32:96:[m[K   required from here
[1.418s] [01m[K/usr/include/c++/9/bits/shared_ptr.h:111:8:[m[K [01;31m[Kerror: [m[Kno type named ‘[01m[Ktype[m[K’ in ‘[01m[Kstruct std::enable_if<false, std::shared_ptr<rclcpp::Publisher<geometry_msgs::msg::Twist_<std::allocator<void> > > >&>[m[K’
[1.418s]   111 |  using [01;31m[K_Assignable[m[K = typename enable_if<
[1.418s]       |        [01;31m[K^~~~~~~~~~~[m[K
[1.419s] [01m[K/usr/include/c++/9/bits/shared_ptr.h:324:2:[m[K [01;36m[Knote: [m[Kcandidate: ‘[01m[Ktemplate<class _Yp> std::shared_ptr<_Tp>::_Assignable<std::auto_ptr<_Up> > std::shared_ptr<_Tp>::operator=(std::auto_ptr<_Up>&&) [with _Yp = _Yp; _Tp = rclcpp::Publisher<geometry_msgs::msg::Twist_<std::allocator<void> > >][m[K’
[1.419s]   324 |  [01;36m[Koperator[m[K=(auto_ptr<_Yp>&& __r)
[1.419s]       |  [01;36m[K^~~~~~~~[m[K
[1.419s] [01m[K/usr/include/c++/9/bits/shared_ptr.h:324:2:[m[K [01;36m[Knote: [m[K  template argument deduction/substitution failed:
[1.419s] [01m[K/home/navrajb/software/software-start-here/src/challenge/src/solution.cpp:32:96:[m[K [01;36m[Knote: [m[K  ‘[01m[Kstd::shared_ptr<rclcpp::Publisher<geometry_msgs::msg::Twist_<std::allocator<void> >(), std::allocator<void> > >[m[K’ is not derived from ‘[01m[Kstd::auto_ptr<_Up>[m[K’
[1.419s]    32 | e_publisher<geometry_msgs::msg::Twist()>("/turtle1/cmd_vel",1[01;36m[K)[m[K;
[1.419s]       |                                                              [01;36m[K^[m[K
[1.419s] 
[1.419s] In file included from [01m[K/usr/include/c++/9/memory:81[m[K,
[1.419s]                  from [01m[K/home/navrajb/software/software-start-here/src/challenge/src/solution.cpp:4[m[K:
[1.419s] [01m[K/usr/include/c++/9/bits/shared_ptr.h:333:7:[m[K [01;36m[Knote: [m[Kcandidate: ‘[01m[Kstd::shared_ptr<_Tp>& std::shared_ptr<_Tp>::operator=(std::shared_ptr<_Tp>&&) [with _Tp = rclcpp::Publisher<geometry_msgs::msg::Twist_<std::allocator<void> > >][m[K’
[1.419s]   333 |       [01;36m[Koperator[m[K=(shared_ptr&& __r) noexcept
[1.419s]       |       [01;36m[K^~~~~~~~[m[K
[1.419s] [01m[K/usr/include/c++/9/bits/shared_ptr.h:333:30:[m[K [01;36m[Knote: [m[K  no known conversion for argument 1 from ‘[01m[Kstd::shared_ptr<rclcpp::Publisher<geometry_msgs::msg::Twist_<std::allocator<void> >(), std::allocator<void> > >[m[K’ to ‘[01m[Kstd::shared_ptr<rclcpp::Publisher<geometry_msgs::msg::Twist_<std::allocator<void> > > >&&[m[K’
[1.419s]   333 |       operator=([01;36m[Kshared_ptr&& __r[m[K) noexcept
[1.420s]       |                 [01;36m[K~~~~~~~~~~~~~^~~[m[K
[1.420s] [01m[K/usr/include/c++/9/bits/shared_ptr.h:341:2:[m[K [01;36m[Knote: [m[Kcandidate: ‘[01m[Ktemplate<class _Yp> std::shared_ptr<_Tp>::_Assignable<std::shared_ptr<_Yp> > std::shared_ptr<_Tp>::operator=(std::shared_ptr<_Yp>&&) [with _Yp = _Yp; _Tp = rclcpp::Publisher<geometry_msgs::msg::Twist_<std::allocator<void> > >][m[K’
[1.420s]   341 |  [01;36m[Koperator[m[K=(shared_ptr<_Yp>&& __r) noexcept
[1.420s]       |  [01;36m[K^~~~~~~~[m[K
[1.420s] [01m[K/usr/include/c++/9/bits/shared_ptr.h:341:2:[m[K [01;36m[Knote: [m[K  template argument deduction/substitution failed:
[1.420s] /usr/include/c++/9/bits/shared_ptr.h: In substitution of ‘[01m[Ktemplate<class _Tp> template<class _Arg> using _Assignable = typename std::enable_if<std::is_assignable<std::__shared_ptr<_Tp>&, _Arg>::value, std::shared_ptr<_Tp>&>::type [with _Arg = std::shared_ptr<rclcpp::Publisher<geometry_msgs::msg::Twist_<std::allocator<void> >(), std::allocator<void> > >; _Tp = rclcpp::Publisher<geometry_msgs::msg::Twist_<std::allocator<void> > >][m[K’:
[1.420s] [01m[K/usr/include/c++/9/bits/shared_ptr.h:341:2:[m[K   required by substitution of ‘[01m[Ktemplate<class _Yp> std::shared_ptr<rclcpp::Publisher<geometry_msgs::msg::Twist_<std::allocator<void> > > >::_Assignable<std::shared_ptr<_Tp> > std::shared_ptr<rclcpp::Publisher<geometry_msgs::msg::Twist_<std::allocator<void> > > >::operator=<_Yp>(std::shared_ptr<_Tp>&&) [with _Yp = rclcpp::Publisher<geometry_msgs::msg::Twist_<std::allocator<void> >(), std::allocator<void> >][m[K’
[1.420s] [01m[K/home/navrajb/software/software-start-here/src/challenge/src/solution.cpp:32:96:[m[K   required from here
[1.420s] [01m[K/usr/include/c++/9/bits/shared_ptr.h:111:8:[m[K [01;31m[Kerror: [m[Kno type named ‘[01m[Ktype[m[K’ in ‘[01m[Kstruct std::enable_if<false, std::shared_ptr<rclcpp::Publisher<geometry_msgs::msg::Twist_<std::allocator<void> > > >&>[m[K’
[1.420s]   111 |  using [01;31m[K_Assignable[m[K = typename enable_if<
[1.420s]       |        [01;31m[K^~~~~~~~~~~[m[K
[1.420s] [01m[K/usr/include/c++/9/bits/shared_ptr.h:349:2:[m[K [01;36m[Knote: [m[Kcandidate: ‘[01m[Ktemplate<class _Yp, class _Del> std::shared_ptr<_Tp>::_Assignable<std::unique_ptr<_Up, _Ep> > std::shared_ptr<_Tp>::operator=(std::unique_ptr<_Up, _Ep>&&) [with _Yp = _Yp; _Del = _Del; _Tp = rclcpp::Publisher<geometry_msgs::msg::Twist_<std::allocator<void> > >][m[K’
[1.420s]   349 |  [01;36m[Koperator[m[K=(unique_ptr<_Yp, _Del>&& __r)
[1.420s]       |  [01;36m[K^~~~~~~~[m[K
[1.420s] [01m[K/usr/include/c++/9/bits/shared_ptr.h:349:2:[m[K [01;36m[Knote: [m[K  template argument deduction/substitution failed:
[1.420s] [01m[K/home/navrajb/software/software-start-here/src/challenge/src/solution.cpp:32:96:[m[K [01;36m[Knote: [m[K  ‘[01m[Kstd::shared_ptr<rclcpp::Publisher<geometry_msgs::msg::Twist_<std::allocator<void> >(), std::allocator<void> > >[m[K’ is not derived from ‘[01m[Kstd::unique_ptr<_Tp, _Dp>[m[K’
[1.421s]    32 | e_publisher<geometry_msgs::msg::Twist()>("/turtle1/cmd_vel",1[01;36m[K)[m[K;
[1.421s]       |                                                              [01;36m[K^[m[K
[1.421s] 
[1.421s] [01m[K/home/navrajb/software/software-start-here/src/challenge/src/solution.cpp:33:42:[m[K [01;31m[Kerror: [m[Kexpected primary-expression before ‘[01m[K;[m[K’ token
[1.421s]    33 |  auto message = geometry_msgs::msg::Twist[01;31m[K;[m[K
[1.421s]       |                                          [01;31m[K^[m[K
[1.827s] In file included from [01m[K/usr/include/x86_64-linux-gnu/c++/9/bits/c++allocator.h:33[m[K,
[1.827s]                  from [01m[K/usr/include/c++/9/bits/allocator.h:46[m[K,
[1.827s]                  from [01m[K/usr/include/c++/9/string:41[m[K,
[1.827s]                  from [01m[K/usr/include/c++/9/stdexcept:39[m[K,
[1.828s]                  from [01m[K/usr/include/c++/9/array:39[m[K,
[1.828s]                  from [01m[K/usr/include/c++/9/tuple:39[m[K,
[1.828s]                  from [01m[K/usr/include/c++/9/functional:54[m[K,
[1.828s]                  from [01m[K/home/navrajb/software/software-start-here/src/challenge/src/solution.cpp:3[m[K:
[1.828s] /usr/include/c++/9/ext/new_allocator.h: In instantiation of ‘[01m[Kclass __gnu_cxx::new_allocator<geometry_msgs::msg::Twist_<std::allocator<void> >()>[m[K’:
[1.828s] [01m[K/usr/include/c++/9/bits/allocator.h:111:11:[m[K   required from ‘[01m[Kclass std::allocator<geometry_msgs::msg::Twist_<std::allocator<void> >()>[m[K’
[1.828s] [01m[K/opt/ros/foxy/include/rclcpp/publisher.hpp:84:24:[m[K   required from ‘[01m[Krclcpp::Publisher<MessageT, AllocatorT>::Publisher(rclcpp::node_interfaces::NodeBaseInterface*, const string&, const rclcpp::QoS&, const rclcpp::PublisherOptionsWithAllocator<AllocatorT>&) [with MessageT = geometry_msgs::msg::Twist_<std::allocator<void> >(); AllocatorT = std::allocator<void>; std::string = std::__cxx11::basic_string<char>][m[K’
[1.828s] [01m[K/usr/include/c++/9/ext/new_allocator.h:146:4:[m[K   required from ‘[01m[Kvoid __gnu_cxx::new_allocator<_Tp>::construct(_Up*, _Args&& ...) [with _Up = rclcpp::Publisher<geometry_msgs::msg::Twist_<std::allocator<void> >(), std::allocator<void> >; _Args = {rclcpp::node_interfaces::NodeBaseInterface*&, const std::__cxx11::basic_string<char, std::char_traits<char>, std::allocator<char> >&, const rclcpp::QoS&, const rclcpp::PublisherOptionsWithAllocator<std::allocator<void> >&}; _Tp = rclcpp::Publisher<geometry_msgs::msg::Twist_<std::allocator<void> >(), std::allocator<void> >][m[K’
[1.828s] [01m[K/usr/include/c++/9/bits/alloc_traits.h:483:4:[m[K   required from ‘[01m[Kstatic void std::allocator_traits<std::allocator<_CharT> >::construct(std::allocator_traits<std::allocator<_CharT> >::allocator_type&, _Up*, _Args&& ...) [with _Up = rclcpp::Publisher<geometry_msgs::msg::Twist_<std::allocator<void> >(), std::allocator<void> >; _Args = {rclcpp::node_interfaces::NodeBaseInterface*&, const std::__cxx11::basic_string<char, std::char_traits<char>, std::allocator<char> >&, const rclcpp::QoS&, const rclcpp::PublisherOptionsWithAllocator<std::allocator<void> >&}; _Tp = rclcpp::Publisher<geometry_msgs::msg::Twist_<std::allocator<void> >(), std::allocator<void> >; std::allocator_traits<std::allocator<_CharT> >::allocator_type = std::allocator<rclcpp::Publisher<geometry_msgs::msg::Twist_<std::allocator<void> >(), std::allocator<void> > >][m[K’
[1.828s] [01m[K/usr/include/c++/9/bits/shared_ptr_base.h:548:39:[m[K   required from ‘[01m[Kstd::_Sp_counted_ptr_inplace<_Tp, _Alloc, _Lp>::_Sp_counted_ptr_inplace(_Alloc, _Args&& ...) [with _Args = {rclcpp::node_interfaces::NodeBaseInterface*&, const std::__cxx11::basic_string<char, std::char_traits<char>, std::allocator<char> >&, const rclcpp::QoS&, const rclcpp::PublisherOptionsWithAllocator<std::allocator<void> >&}; _Tp = rclcpp::Publisher<geometry_msgs::msg::Twist_<std::allocator<void> >(), std::allocator<void> >; _Alloc = std::allocator<rclcpp::Publisher<geometry_msgs::msg::Twist_<std::allocator<void> >(), std::allocator<void> > >; __gnu_cxx::_Lock_policy _Lp = __gnu_cxx::_S_atomic][m[K’
[1.828s] [01m[K/usr/include/c++/9/bits/shared_ptr_base.h:679:16:[m[K   [ skipping 3 instantiation contexts, use -ftemplate-backtrace-limit=0 to disable ]
[1.828s] [01m[K/usr/include/c++/9/bits/shared_ptr.h:701:14:[m[K   required from ‘[01m[Kstd::shared_ptr<_Tp> std::allocate_shared(const _Alloc&, _Args&& ...) [with _Tp = rclcpp::Publisher<geometry_msgs::msg::Twist_<std::allocator<void> >(), std::allocator<void> >; _Alloc = std::allocator<rclcpp::Publisher<geometry_msgs::msg::Twist_<std::allocator<void> >(), std::allocator<void> > >; _Args = {rclcpp::node_interfaces::NodeBaseInterface*&, const std::__cxx11::basic_string<char, std::char_traits<char>, std::allocator<char> >&, const rclcpp::QoS&, const rclcpp::PublisherOptionsWithAllocator<std::allocator<void> >&}][m[K’
[1.828s] [01m[K/usr/include/c++/9/bits/shared_ptr.h:717:39:[m[K   required from ‘[01m[Kstd::shared_ptr<_Tp> std::make_shared(_Args&& ...) [with _Tp = rclcpp::Publisher<geometry_msgs::msg::Twist_<std::allocator<void> >(), std::allocator<void> >; _Args = {rclcpp::node_interfaces::NodeBaseInterface*&, const std::__cxx11::basic_string<char, std::char_traits<char>, std::allocator<char> >&, const rclcpp::QoS&, const rclcpp::PublisherOptionsWithAllocator<std::allocator<void> >&}][m[K’
[1.828s] [01m[K/opt/ros/foxy/include/rclcpp/publisher_factory.hpp:76:52:[m[K   required from ‘[01m[Krclcpp::PublisherFactory rclcpp::create_publisher_factory(const rclcpp::PublisherOptionsWithAllocator<AllocatorT>&) [with MessageT = geometry_msgs::msg::Twist_<std::allocator<void> >(); AllocatorT = std::allocator<void>; PublisherT = rclcpp::Publisher<geometry_msgs::msg::Twist_<std::allocator<void> >(), std::allocator<void> >][m[K’
[1.829s] [01m[K/opt/ros/foxy/include/rclcpp/create_publisher.hpp:59:71:[m[K   required from ‘[01m[Kstd::shared_ptr<PublisherT> rclcpp::create_publisher(NodeT&, const string&, const rclcpp::QoS&, const rclcpp::PublisherOptionsWithAllocator<AllocatorT>&) [with MessageT = geometry_msgs::msg::Twist_<std::allocator<void> >(); AllocatorT = std::allocator<void>; PublisherT = rclcpp::Publisher<geometry_msgs::msg::Twist_<std::allocator<void> >(), std::allocator<void> >; NodeT = rclcpp::Node; std::string = std::__cxx11::basic_string<char>][m[K’
[1.829s] [01m[K/opt/ros/foxy/include/rclcpp/node_impl.hpp:76:68:[m[K   required from ‘[01m[Kstd::shared_ptr<PublisherT> rclcpp::Node::create_publisher(const string&, const rclcpp::QoS&, const rclcpp::PublisherOptionsWithAllocator<AllocatorT>&) [with MessageT = geometry_msgs::msg::Twist_<std::allocator<void> >(); AllocatorT = std::allocator<void>; PublisherT = rclcpp::Publisher<geometry_msgs::msg::Twist_<std::allocator<void> >(), std::allocator<void> >; std::string = std::__cxx11::basic_string<char>][m[K’
[1.829s] [01m[K/home/navrajb/software/software-start-here/src/challenge/src/solution.cpp:32:96:[m[K   required from here
[1.829s] [01m[K/usr/include/c++/9/ext/new_allocator.h:96:7:[m[K [01;31m[Kerror: [m[K‘[01m[Kconst _Tp* __gnu_cxx::new_allocator<_Tp>::address(__gnu_cxx::new_allocator<_Tp>::const_reference) const [with _Tp = geometry_msgs::msg::Twist_<std::allocator<void> >(); __gnu_cxx::new_allocator<_Tp>::const_pointer = geometry_msgs::msg::Twist_<std::allocator<void> > (*)(); __gnu_cxx::new_allocator<_Tp>::const_reference = geometry_msgs::msg::Twist_<std::allocator<void> > (&)()][m[K’ cannot be overloaded with ‘[01m[K_Tp* __gnu_cxx::new_allocator<_Tp>::address(__gnu_cxx::new_allocator<_Tp>::reference) const [with _Tp = geometry_msgs::msg::Twist_<std::allocator<void> >(); __gnu_cxx::new_allocator<_Tp>::pointer = geometry_msgs::msg::Twist_<std::allocator<void> > (*)(); __gnu_cxx::new_allocator<_Tp>::reference = geometry_msgs::msg::Twist_<std::allocator<void> > (&)()][m[K’
[1.829s]    96 |       [01;31m[Kaddress[m[K(const_reference __x) const _GLIBCXX_NOEXCEPT
[1.829s]       |       [01;31m[K^~~~~~~[m[K
[1.829s] [01m[K/usr/include/c++/9/ext/new_allocator.h:92:7:[m[K [01;36m[Knote: [m[Kprevious declaration ‘[01m[K_Tp* __gnu_cxx::new_allocator<_Tp>::address(__gnu_cxx::new_allocator<_Tp>::reference) const [with _Tp = geometry_msgs::msg::Twist_<std::allocator<void> >(); __gnu_cxx::new_allocator<_Tp>::pointer = geometry_msgs::msg::Twist_<std::allocator<void> > (*)(); __gnu_cxx::new_allocator<_Tp>::reference = geometry_msgs::msg::Twist_<std::allocator<void> > (&)()][m[K’
[1.829s]    92 |       [01;36m[Kaddress[m[K(reference __x) const _GLIBCXX_NOEXCEPT
[1.829s]       |       [01;36m[K^~~~~~~[m[K
[1.872s] In file included from [01m[K/opt/ros/foxy/include/rclcpp/any_subscription_callback.hpp:26[m[K,
[1.873s]                  from [01m[K/opt/ros/foxy/include/rclcpp/subscription_base.hpp:29[m[K,
[1.873s]                  from [01m[K/opt/ros/foxy/include/rclcpp/callback_group.hpp:26[m[K,
[1.873s]                  from [01m[K/opt/ros/foxy/include/rclcpp/any_executable.hpp:20[m[K,
[1.873s]                  from [01m[K/opt/ros/foxy/include/rclcpp/memory_strategy.hpp:24[m[K,
[1.873s]                  from [01m[K/opt/ros/foxy/include/rclcpp/memory_strategies.hpp:18[m[K,
[1.873s]                  from [01m[K/opt/ros/foxy/include/rclcpp/executor_options.hpp:20[m[K,
[1.873s]                  from [01m[K/opt/ros/foxy/include/rclcpp/executor.hpp:33[m[K,
[1.873s]                  from [01m[K/opt/ros/foxy/include/rclcpp/executors/multi_threaded_executor.hpp:26[m[K,
[1.873s]                  from [01m[K/opt/ros/foxy/include/rclcpp/executors.hpp:21[m[K,
[1.873s]                  from [01m[K/opt/ros/foxy/include/rclcpp/rclcpp.hpp:146[m[K,
[1.874s]                  from [01m[K/home/navrajb/software/software-start-here/src/challenge/src/solution.cpp:10[m[K:
[1.874s] /opt/ros/foxy/include/rclcpp/allocator/allocator_common.hpp: In instantiation of ‘[01m[Kvoid* rclcpp::allocator::retyped_allocate(size_t, void*) [with Alloc = std::allocator<geometry_msgs::msg::Twist_<std::allocator<void> >()>; size_t = long unsigned int][m[K’:
[1.874s] [01m[K/opt/ros/foxy/include/rclcpp/allocator/allocator_common.hpp:75:26:[m[K   required from ‘[01m[Krcl_allocator_t rclcpp::allocator::get_rcl_allocator(Alloc&) [with T = geometry_msgs::msg::Twist_<std::allocator<void> >(); Alloc = std::allocator<geometry_msgs::msg::Twist_<std::allocator<void> >()>; typename std::enable_if<(! std::is_same<Alloc, std::allocator<void> >::value)>::type* <anonymous> = 0; rcl_allocator_t = rcutils_allocator_t][m[K’
[1.874s] [01m[K/opt/ros/foxy/include/rclcpp/publisher_options.hpp:78:70:[m[K   required from ‘[01m[Krcl_publisher_options_t rclcpp::PublisherOptionsWithAllocator<Allocator>::to_rcl_publisher_options(const rclcpp::QoS&) const [with MessageT = geometry_msgs::msg::Twist_<std::allocator<void> >(); Allocator = std::allocator<void>; rcl_publisher_options_t = rcl_publisher_options_t][m[K’
[1.874s] [01m[K/opt/ros/foxy/include/rclcpp/publisher.hpp:84:76:[m[K   required from ‘[01m[Krclcpp::Publisher<MessageT, AllocatorT>::Publisher(rclcpp::node_interfaces::NodeBaseInterface*, const string&, const rclcpp::QoS&, const rclcpp::PublisherOptionsWithAllocator<AllocatorT>&) [with MessageT = geometry_msgs::msg::Twist_<std::allocator<void> >(); AllocatorT = std::allocator<void>; std::string = std::__cxx11::basic_string<char>][m[K’
[1.874s] [01m[K/usr/include/c++/9/ext/new_allocator.h:146:4:[m[K   required from ‘[01m[Kvoid __gnu_cxx::new_allocator<_Tp>::construct(_Up*, _Args&& ...) [with _Up = rclcpp::Publisher<geometry_msgs::msg::Twist_<std::allocator<void> >(), std::allocator<void> >; _Args = {rclcpp::node_interfaces::NodeBaseInterface*&, const std::__cxx11::basic_string<char, std::char_traits<char>, std::allocator<char> >&, const rclcpp::QoS&, const rclcpp::PublisherOptionsWithAllocator<std::allocator<void> >&}; _Tp = rclcpp::Publisher<geometry_msgs::msg::Twist_<std::allocator<void> >(), std::allocator<void> >][m[K’
[1.874s] [01m[K/usr/include/c++/9/bits/alloc_traits.h:483:4:[m[K   required from ‘[01m[Kstatic void std::allocator_traits<std::allocator<_CharT> >::construct(std::allocator_traits<std::allocator<_CharT> >::allocator_type&, _Up*, _Args&& ...) [with _Up = rclcpp::Publisher<geometry_msgs::msg::Twist_<std::allocator<void> >(), std::allocator<void> >; _Args = {rclcpp::node_interfaces::NodeBaseInterface*&, const std::__cxx11::basic_string<char, std::char_traits<char>, std::allocator<char> >&, const rclcpp::QoS&, const rclcpp::PublisherOptionsWithAllocator<std::allocator<void> >&}; _Tp = rclcpp::Publisher<geometry_msgs::msg::Twist_<std::allocator<void> >(), std::allocator<void> >; std::allocator_traits<std::allocator<_CharT> >::allocator_type = std::allocator<rclcpp::Publisher<geometry_msgs::msg::Twist_<std::allocator<void> >(), std::allocator<void> > >][m[K’
[1.874s] [01m[K/usr/include/c++/9/bits/shared_ptr_base.h:548:39:[m[K   [ skipping 4 instantiation contexts, use -ftemplate-backtrace-limit=0 to disable ]
[1.874s] [01m[K/usr/include/c++/9/bits/shared_ptr.h:701:14:[m[K   required from ‘[01m[Kstd::shared_ptr<_Tp> std::allocate_shared(const _Alloc&, _Args&& ...) [with _Tp = rclcpp::Publisher<geometry_msgs::msg::Twist_<std::allocator<void> >(), std::allocator<void> >; _Alloc = std::allocator<rclcpp::Publisher<geometry_msgs::msg::Twist_<std::allocator<void> >(), std::allocator<void> > >; _Args = {rclcpp::node_interfaces::NodeBaseInterface*&, const std::__cxx11::basic_string<char, std::char_traits<char>, std::allocator<char> >&, const rclcpp::QoS&, const rclcpp::PublisherOptionsWithAllocator<std::allocator<void> >&}][m[K’
[1.874s] [01m[K/usr/include/c++/9/bits/shared_ptr.h:717:39:[m[K   required from ‘[01m[Kstd::shared_ptr<_Tp> std::make_shared(_Args&& ...) [with _Tp = rclcpp::Publisher<geometry_msgs::msg::Twist_<std::allocator<void> >(), std::allocator<void> >; _Args = {rclcpp::node_interfaces::NodeBaseInterface*&, const std::__cxx11::basic_string<char, std::char_traits<char>, std::allocator<char> >&, const rclcpp::QoS&, const rclcpp::PublisherOptionsWithAllocator<std::allocator<void> >&}][m[K’
[1.874s] [01m[K/opt/ros/foxy/include/rclcpp/publisher_factory.hpp:76:52:[m[K   required from ‘[01m[Krclcpp::PublisherFactory rclcpp::create_publisher_factory(const rclcpp::PublisherOptionsWithAllocator<AllocatorT>&) [with MessageT = geometry_msgs::msg::Twist_<std::allocator<void> >(); AllocatorT = std::allocator<void>; PublisherT = rclcpp::Publisher<geometry_msgs::msg::Twist_<std::allocator<void> >(), std::allocator<void> >][m[K’
[1.874s] [01m[K/opt/ros/foxy/include/rclcpp/create_publisher.hpp:59:71:[m[K   required from ‘[01m[Kstd::shared_ptr<PublisherT> rclcpp::create_publisher(NodeT&, const string&, const rclcpp::QoS&, const rclcpp::PublisherOptionsWithAllocator<AllocatorT>&) [with MessageT = geometry_msgs::msg::Twist_<std::allocator<void> >(); AllocatorT = std::allocator<void>; PublisherT = rclcpp::Publisher<geometry_msgs::msg::Twist_<std::allocator<void> >(), std::allocator<void> >; NodeT = rclcpp::Node; std::string = std::__cxx11::basic_string<char>][m[K’
[1.874s] [01m[K/opt/ros/foxy/include/rclcpp/node_impl.hpp:76:68:[m[K   required from ‘[01m[Kstd::shared_ptr<PublisherT> rclcpp::Node::create_publisher(const string&, const rclcpp::QoS&, const rclcpp::PublisherOptionsWithAllocator<AllocatorT>&) [with MessageT = geometry_msgs::msg::Twist_<std::allocator<void> >(); AllocatorT = std::allocator<void>; PublisherT = rclcpp::Publisher<geometry_msgs::msg::Twist_<std::allocator<void> >(), std::allocator<void> >; std::string = std::__cxx11::basic_string<char>][m[K’
[1.874s] [01m[K/home/navrajb/software/software-start-here/src/challenge/src/solution.cpp:32:96:[m[K   required from here
[1.875s] [01m[K/opt/ros/foxy/include/rclcpp/allocator/allocator_common.hpp:39:48:[m[K [01;31m[Kerror: [m[Kinvalid conversion from ‘[01m[Kstd::allocator_traits<std::allocator<geometry_msgs::msg::Twist_<std::allocator<void> >()> >::pointer[m[K’ {aka ‘[01m[Kgeometry_msgs::msg::Twist_<std::allocator<void> > (*)()[m[K’} to ‘[01m[Kvoid*[m[K’ [[01;31m[K-fpermissive[m[K]
[1.875s]    39 |   return [01;31m[Kstd::allocator_traits<Alloc>::allocate(*typed_allocator, size)[m[K;
[1.875s]       |          [01;31m[K~~~~~~~~~~~~~~~~~~~~~~~~~~~~~~~~~~~~~~^~~~~~~~~~~~~~~~~~~~~~~~[m[K
[1.875s]       |                                                [01;31m[K|[m[K
[1.875s]       |                                                [01;31m[Kstd::allocator_traits<std::allocator<geometry_msgs::msg::Twist_<std::allocator<void> >()> >::pointer {aka geometry_msgs::msg::Twist_<std::allocator<void> > (*)()}[m[K
[1.875s] /opt/ros/foxy/include/rclcpp/allocator/allocator_common.hpp: In instantiation of ‘[01m[Kvoid rclcpp::allocator::retyped_deallocate(void*, void*) [with T = geometry_msgs::msg::Twist_<std::allocator<void> >(); Alloc = std::allocator<geometry_msgs::msg::Twist_<std::allocator<void> >()>][m[K’:
[1.875s] [01m[K/opt/ros/foxy/include/rclcpp/allocator/allocator_common.hpp:76:28:[m[K   required from ‘[01m[Krcl_allocator_t rclcpp::allocator::get_rcl_allocator(Alloc&) [with T = geometry_msgs::msg::Twist_<std::allocator<void> >(); Alloc = std::allocator<geometry_msgs::msg::Twist_<std::allocator<void> >()>; typename std::enable_if<(! std::is_same<Alloc, std::allocator<void> >::value)>::type* <anonymous> = 0; rcl_allocator_t = rcutils_allocator_t][m[K’
[1.875s] [01m[K/opt/ros/foxy/include/rclcpp/publisher_options.hpp:78:70:[m[K   required from ‘[01m[Krcl_publisher_options_t rclcpp::PublisherOptionsWithAllocator<Allocator>::to_rcl_publisher_options(const rclcpp::QoS&) const [with MessageT = geometry_msgs::msg::Twist_<std::allocator<void> >(); Allocator = std::allocator<void>; rcl_publisher_options_t = rcl_publisher_options_t][m[K’
[1.875s] [01m[K/opt/ros/foxy/include/rclcpp/publisher.hpp:84:76:[m[K   required from ‘[01m[Krclcpp::Publisher<MessageT, AllocatorT>::Publisher(rclcpp::node_interfaces::NodeBaseInterface*, const string&, const rclcpp::QoS&, const rclcpp::PublisherOptionsWithAllocator<AllocatorT>&) [with MessageT = geometry_msgs::msg::Twist_<std::allocator<void> >(); AllocatorT = std::allocator<void>; std::string = std::__cxx11::basic_string<char>][m[K’
[1.875s] [01m[K/usr/include/c++/9/ext/new_allocator.h:146:4:[m[K   required from ‘[01m[Kvoid __gnu_cxx::new_allocator<_Tp>::construct(_Up*, _Args&& ...) [with _Up = rclcpp::Publisher<geometry_msgs::msg::Twist_<std::allocator<void> >(), std::allocator<void> >; _Args = {rclcpp::node_interfaces::NodeBaseInterface*&, const std::__cxx11::basic_string<char, std::char_traits<char>, std::allocator<char> >&, const rclcpp::QoS&, const rclcpp::PublisherOptionsWithAllocator<std::allocator<void> >&}; _Tp = rclcpp::Publisher<geometry_msgs::msg::Twist_<std::allocator<void> >(), std::allocator<void> >][m[K’
[1.875s] [01m[K/usr/include/c++/9/bits/alloc_traits.h:483:4:[m[K   required from ‘[01m[Kstatic void std::allocator_traits<std::allocator<_CharT> >::construct(std::allocator_traits<std::allocator<_CharT> >::allocator_type&, _Up*, _Args&& ...) [with _Up = rclcpp::Publisher<geometry_msgs::msg::Twist_<std::allocator<void> >(), std::allocator<void> >; _Args = {rclcpp::node_interfaces::NodeBaseInterface*&, const std::__cxx11::basic_string<char, std::char_traits<char>, std::allocator<char> >&, const rclcpp::QoS&, const rclcpp::PublisherOptionsWithAllocator<std::allocator<void> >&}; _Tp = rclcpp::Publisher<geometry_msgs::msg::Twist_<std::allocator<void> >(), std::allocator<void> >; std::allocator_traits<std::allocator<_CharT> >::allocator_type = std::allocator<rclcpp::Publisher<geometry_msgs::msg::Twist_<std::allocator<void> >(), std::allocator<void> > >][m[K’
[1.875s] [01m[K/usr/include/c++/9/bits/shared_ptr_base.h:548:39:[m[K   [ skipping 4 instantiation contexts, use -ftemplate-backtrace-limit=0 to disable ]
[1.875s] [01m[K/usr/include/c++/9/bits/shared_ptr.h:701:14:[m[K   required from ‘[01m[Kstd::shared_ptr<_Tp> std::allocate_shared(const _Alloc&, _Args&& ...) [with _Tp = rclcpp::Publisher<geometry_msgs::msg::Twist_<std::allocator<void> >(), std::allocator<void> >; _Alloc = std::allocator<rclcpp::Publisher<geometry_msgs::msg::Twist_<std::allocator<void> >(), std::allocator<void> > >; _Args = {rclcpp::node_interfaces::NodeBaseInterface*&, const std::__cxx11::basic_string<char, std::char_traits<char>, std::allocator<char> >&, const rclcpp::QoS&, const rclcpp::PublisherOptionsWithAllocator<std::allocator<void> >&}][m[K’
[1.875s] [01m[K/usr/include/c++/9/bits/shared_ptr.h:717:39:[m[K   required from ‘[01m[Kstd::shared_ptr<_Tp> std::make_shared(_Args&& ...) [with _Tp = rclcpp::Publisher<geometry_msgs::msg::Twist_<std::allocator<void> >(), std::allocator<void> >; _Args = {rclcpp::node_interfaces::NodeBaseInterface*&, const std::__cxx11::basic_string<char, std::char_traits<char>, std::allocator<char> >&, const rclcpp::QoS&, const rclcpp::PublisherOptionsWithAllocator<std::allocator<void> >&}][m[K’
[1.876s] [01m[K/opt/ros/foxy/include/rclcpp/publisher_factory.hpp:76:52:[m[K   required from ‘[01m[Krclcpp::PublisherFactory rclcpp::create_publisher_factory(const rclcpp::PublisherOptionsWithAllocator<AllocatorT>&) [with MessageT = geometry_msgs::msg::Twist_<std::allocator<void> >(); AllocatorT = std::allocator<void>; PublisherT = rclcpp::Publisher<geometry_msgs::msg::Twist_<std::allocator<void> >(), std::allocator<void> >][m[K’
[1.876s] [01m[K/opt/ros/foxy/include/rclcpp/create_publisher.hpp:59:71:[m[K   required from ‘[01m[Kstd::shared_ptr<PublisherT> rclcpp::create_publisher(NodeT&, const string&, const rclcpp::QoS&, const rclcpp::PublisherOptionsWithAllocator<AllocatorT>&) [with MessageT = geometry_msgs::msg::Twist_<std::allocator<void> >(); AllocatorT = std::allocator<void>; PublisherT = rclcpp::Publisher<geometry_msgs::msg::Twist_<std::allocator<void> >(), std::allocator<void> >; NodeT = rclcpp::Node; std::string = std::__cxx11::basic_string<char>][m[K’
[1.876s] [01m[K/opt/ros/foxy/include/rclcpp/node_impl.hpp:76:68:[m[K   required from ‘[01m[Kstd::shared_ptr<PublisherT> rclcpp::Node::create_publisher(const string&, const rclcpp::QoS&, const rclcpp::PublisherOptionsWithAllocator<AllocatorT>&) [with MessageT = geometry_msgs::msg::Twist_<std::allocator<void> >(); AllocatorT = std::allocator<void>; PublisherT = rclcpp::Publisher<geometry_msgs::msg::Twist_<std::allocator<void> >(), std::allocator<void> >; std::string = std::__cxx11::basic_string<char>][m[K’
[1.876s] [01m[K/home/navrajb/software/software-start-here/src/challenge/src/solution.cpp:32:96:[m[K   required from here
[1.876s] [01m[K/opt/ros/foxy/include/rclcpp/allocator/allocator_common.hpp:49:20:[m[K [01;31m[Kerror: [m[Kinvalid static_cast from type ‘[01m[Kvoid*[m[K’ to type ‘[01m[Kgeometry_msgs::msg::Twist_<std::allocator<void> > (*)()[m[K’
[1.876s]    49 |   auto typed_ptr = [01;31m[Kstatic_cast<T *>(untyped_pointer)[m[K;
[1.876s]       |                    [01;31m[K^~~~~~~~~~~~~~~~~~~~~~~~~~~~~~~~~[m[K
[1.876s] /opt/ros/foxy/include/rclcpp/allocator/allocator_common.hpp: In instantiation of ‘[01m[Kvoid* rclcpp::allocator::retyped_reallocate(void*, size_t, void*) [with T = geometry_msgs::msg::Twist_<std::allocator<void> >(); Alloc = std::allocator<geometry_msgs::msg::Twist_<std::allocator<void> >()>; size_t = long unsigned int][m[K’:
[1.876s] [01m[K/opt/ros/foxy/include/rclcpp/allocator/allocator_common.hpp:77:28:[m[K   required from ‘[01m[Krcl_allocator_t rclcpp::allocator::get_rcl_allocator(Alloc&) [with T = geometry_msgs::msg::Twist_<std::allocator<void> >(); Alloc = std::allocator<geometry_msgs::msg::Twist_<std::allocator<void> >()>; typename std::enable_if<(! std::is_same<Alloc, std::allocator<void> >::value)>::type* <anonymous> = 0; rcl_allocator_t = rcutils_allocator_t][m[K’
[1.876s] [01m[K/opt/ros/foxy/include/rclcpp/publisher_options.hpp:78:70:[m[K   required from ‘[01m[Krcl_publisher_options_t rclcpp::PublisherOptionsWithAllocator<Allocator>::to_rcl_publisher_options(const rclcpp::QoS&) const [with MessageT = geometry_msgs::msg::Twist_<std::allocator<void> >(); Allocator = std::allocator<void>; rcl_publisher_options_t = rcl_publisher_options_t][m[K’
[1.876s] [01m[K/opt/ros/foxy/include/rclcpp/publisher.hpp:84:76:[m[K   required from ‘[01m[Krclcpp::Publisher<MessageT, AllocatorT>::Publisher(rclcpp::node_interfaces::NodeBaseInterface*, const string&, const rclcpp::QoS&, const rclcpp::PublisherOptionsWithAllocator<AllocatorT>&) [with MessageT = geometry_msgs::msg::Twist_<std::allocator<void> >(); AllocatorT = std::allocator<void>; std::string = std::__cxx11::basic_string<char>][m[K’
[1.876s] [01m[K/usr/include/c++/9/ext/new_allocator.h:146:4:[m[K   required from ‘[01m[Kvoid __gnu_cxx::new_allocator<_Tp>::construct(_Up*, _Args&& ...) [with _Up = rclcpp::Publisher<geometry_msgs::msg::Twist_<std::allocator<void> >(), std::allocator<void> >; _Args = {rclcpp::node_interfaces::NodeBaseInterface*&, const std::__cxx11::basic_string<char, std::char_traits<char>, std::allocator<char> >&, const rclcpp::QoS&, const rclcpp::PublisherOptionsWithAllocator<std::allocator<void> >&}; _Tp = rclcpp::Publisher<geometry_msgs::msg::Twist_<std::allocator<void> >(), std::allocator<void> >][m[K’
[1.876s] [01m[K/usr/include/c++/9/bits/alloc_traits.h:483:4:[m[K   required from ‘[01m[Kstatic void std::allocator_traits<std::allocator<_CharT> >::construct(std::allocator_traits<std::allocator<_CharT> >::allocator_type&, _Up*, _Args&& ...) [with _Up = rclcpp::Publisher<geometry_msgs::msg::Twist_<std::allocator<void> >(), std::allocator<void> >; _Args = {rclcpp::node_interfaces::NodeBaseInterface*&, const std::__cxx11::basic_string<char, std::char_traits<char>, std::allocator<char> >&, const rclcpp::QoS&, const rclcpp::PublisherOptionsWithAllocator<std::allocator<void> >&}; _Tp = rclcpp::Publisher<geometry_msgs::msg::Twist_<std::allocator<void> >(), std::allocator<void> >; std::allocator_traits<std::allocator<_CharT> >::allocator_type = std::allocator<rclcpp::Publisher<geometry_msgs::msg::Twist_<std::allocator<void> >(), std::allocator<void> > >][m[K’
[1.876s] [01m[K/usr/include/c++/9/bits/shared_ptr_base.h:548:39:[m[K   [ skipping 4 instantiation contexts, use -ftemplate-backtrace-limit=0 to disable ]
[1.876s] [01m[K/usr/include/c++/9/bits/shared_ptr.h:701:14:[m[K   required from ‘[01m[Kstd::shared_ptr<_Tp> std::allocate_shared(const _Alloc&, _Args&& ...) [with _Tp = rclcpp::Publisher<geometry_msgs::msg::Twist_<std::allocator<void> >(), std::allocator<void> >; _Alloc = std::allocator<rclcpp::Publisher<geometry_msgs::msg::Twist_<std::allocator<void> >(), std::allocator<void> > >; _Args = {rclcpp::node_interfaces::NodeBaseInterface*&, const std::__cxx11::basic_string<char, std::char_traits<char>, std::allocator<char> >&, const rclcpp::QoS&, const rclcpp::PublisherOptionsWithAllocator<std::allocator<void> >&}][m[K’
[1.876s] [01m[K/usr/include/c++/9/bits/shared_ptr.h:717:39:[m[K   required from ‘[01m[Kstd::shared_ptr<_Tp> std::make_shared(_Args&& ...) [with _Tp = rclcpp::Publisher<geometry_msgs::msg::Twist_<std::allocator<void> >(), std::allocator<void> >; _Args = {rclcpp::node_interfaces::NodeBaseInterface*&, const std::__cxx11::basic_string<char, std::char_traits<char>, std::allocator<char> >&, const rclcpp::QoS&, const rclcpp::PublisherOptionsWithAllocator<std::allocator<void> >&}][m[K’
[1.877s] [01m[K/opt/ros/foxy/include/rclcpp/publisher_factory.hpp:76:52:[m[K   required from ‘[01m[Krclcpp::PublisherFactory rclcpp::create_publisher_factory(const rclcpp::PublisherOptionsWithAllocator<AllocatorT>&) [with MessageT = geometry_msgs::msg::Twist_<std::allocator<void> >(); AllocatorT = std::allocator<void>; PublisherT = rclcpp::Publisher<geometry_msgs::msg::Twist_<std::allocator<void> >(), std::allocator<void> >][m[K’
[1.877s] [01m[K/opt/ros/foxy/include/rclcpp/create_publisher.hpp:59:71:[m[K   required from ‘[01m[Kstd::shared_ptr<PublisherT> rclcpp::create_publisher(NodeT&, const string&, const rclcpp::QoS&, const rclcpp::PublisherOptionsWithAllocator<AllocatorT>&) [with MessageT = geometry_msgs::msg::Twist_<std::allocator<void> >(); AllocatorT = std::allocator<void>; PublisherT = rclcpp::Publisher<geometry_msgs::msg::Twist_<std::allocator<void> >(), std::allocator<void> >; NodeT = rclcpp::Node; std::string = std::__cxx11::basic_string<char>][m[K’
[1.877s] [01m[K/opt/ros/foxy/include/rclcpp/node_impl.hpp:76:68:[m[K   required from ‘[01m[Kstd::shared_ptr<PublisherT> rclcpp::Node::create_publisher(const string&, const rclcpp::QoS&, const rclcpp::PublisherOptionsWithAllocator<AllocatorT>&) [with MessageT = geometry_msgs::msg::Twist_<std::allocator<void> >(); AllocatorT = std::allocator<void>; PublisherT = rclcpp::Publisher<geometry_msgs::msg::Twist_<std::allocator<void> >(), std::allocator<void> >; std::string = std::__cxx11::basic_string<char>][m[K’
[1.877s] [01m[K/home/navrajb/software/software-start-here/src/challenge/src/solution.cpp:32:96:[m[K   required from here
[1.877s] [01m[K/opt/ros/foxy/include/rclcpp/allocator/allocator_common.hpp:60:20:[m[K [01;31m[Kerror: [m[Kinvalid static_cast from type ‘[01m[Kvoid*[m[K’ to type ‘[01m[Kgeometry_msgs::msg::Twist_<std::allocator<void> > (*)()[m[K’
[1.877s]    60 |   auto typed_ptr = [01;31m[Kstatic_cast<T *>(untyped_pointer)[m[K;
[1.877s]       |                    [01;31m[K^~~~~~~~~~~~~~~~~~~~~~~~~~~~~~~~~[m[K
[1.877s] [01m[K/opt/ros/foxy/include/rclcpp/allocator/allocator_common.hpp:62:48:[m[K [01;31m[Kerror: [m[Kinvalid conversion from ‘[01m[Kstd::allocator_traits<std::allocator<geometry_msgs::msg::Twist_<std::allocator<void> >()> >::pointer[m[K’ {aka ‘[01m[Kgeometry_msgs::msg::Twist_<std::allocator<void> > (*)()[m[K’} to ‘[01m[Kvoid*[m[K’ [[01;31m[K-fpermissive[m[K]
[1.877s]    62 |   return [01;31m[Kstd::allocator_traits<Alloc>::allocate(*typed_allocator, size)[m[K;
[1.877s]       |          [01;31m[K~~~~~~~~~~~~~~~~~~~~~~~~~~~~~~~~~~~~~~^~~~~~~~~~~~~~~~~~~~~~~~[m[K
[1.877s]       |                                                [01;31m[K|[m[K
[1.877s]       |                                                [01;31m[Kstd::allocator_traits<std::allocator<geometry_msgs::msg::Twist_<std::allocator<void> >()> >::pointer {aka geometry_msgs::msg::Twist_<std::allocator<void> > (*)()}[m[K
[1.884s] In file included from [01m[K/usr/include/x86_64-linux-gnu/c++/9/bits/c++allocator.h:33[m[K,
[1.884s]                  from [01m[K/usr/include/c++/9/bits/allocator.h:46[m[K,
[1.884s]                  from [01m[K/usr/include/c++/9/string:41[m[K,
[1.884s]                  from [01m[K/usr/include/c++/9/stdexcept:39[m[K,
[1.884s]                  from [01m[K/usr/include/c++/9/array:39[m[K,
[1.884s]                  from [01m[K/usr/include/c++/9/tuple:39[m[K,
[1.884s]                  from [01m[K/usr/include/c++/9/functional:54[m[K,
[1.884s]                  from [01m[K/home/navrajb/software/software-start-here/src/challenge/src/solution.cpp:3[m[K:
[1.884s] /usr/include/c++/9/ext/new_allocator.h: In instantiation of ‘[01m[K_Tp* __gnu_cxx::new_allocator<_Tp>::allocate(__gnu_cxx::new_allocator<_Tp>::size_type, const void*) [with _Tp = geometry_msgs::msg::Twist_<std::allocator<void> >(); __gnu_cxx::new_allocator<_Tp>::pointer = geometry_msgs::msg::Twist_<std::allocator<void> > (*)(); __gnu_cxx::new_allocator<_Tp>::size_type = long unsigned int][m[K’:
[1.884s] [01m[K/usr/include/c++/9/bits/alloc_traits.h:443:32:[m[K   required from ‘[01m[Kstatic _Tp* std::allocator_traits<std::allocator<_CharT> >::allocate(std::allocator_traits<std::allocator<_CharT> >::allocator_type&, std::allocator_traits<std::allocator<_CharT> >::size_type) [with _Tp = geometry_msgs::msg::Twist_<std::allocator<void> >(); std::allocator_traits<std::allocator<_CharT> >::pointer = geometry_msgs::msg::Twist_<std::allocator<void> > (*)(); std::allocator_traits<std::allocator<_CharT> >::allocator_type = std::allocator<geometry_msgs::msg::Twist_<std::allocator<void> >()>; std::allocator_traits<std::allocator<_CharT> >::size_type = long unsigned int][m[K’
[1.884s] [01m[K/opt/ros/foxy/include/rclcpp/allocator/allocator_common.hpp:39:48:[m[K   required from ‘[01m[Kvoid* rclcpp::allocator::retyped_allocate(size_t, void*) [with Alloc = std::allocator<geometry_msgs::msg::Twist_<std::allocator<void> >()>; size_t = long unsigned int][m[K’
[1.884s] [01m[K/opt/ros/foxy/include/rclcpp/allocator/allocator_common.hpp:75:26:[m[K   required from ‘[01m[Krcl_allocator_t rclcpp::allocator::get_rcl_allocator(Alloc&) [with T = geometry_msgs::msg::Twist_<std::allocator<void> >(); Alloc = std::allocator<geometry_msgs::msg::Twist_<std::allocator<void> >()>; typename std::enable_if<(! std::is_same<Alloc, std::allocator<void> >::value)>::type* <anonymous> = 0; rcl_allocator_t = rcutils_allocator_t][m[K’
[1.885s] [01m[K/opt/ros/foxy/include/rclcpp/publisher_options.hpp:78:70:[m[K   required from ‘[01m[Krcl_publisher_options_t rclcpp::PublisherOptionsWithAllocator<Allocator>::to_rcl_publisher_options(const rclcpp::QoS&) const [with MessageT = geometry_msgs::msg::Twist_<std::allocator<void> >(); Allocator = std::allocator<void>; rcl_publisher_options_t = rcl_publisher_options_t][m[K’
[1.885s] [01m[K/opt/ros/foxy/include/rclcpp/publisher.hpp:84:76:[m[K   required from ‘[01m[Krclcpp::Publisher<MessageT, AllocatorT>::Publisher(rclcpp::node_interfaces::NodeBaseInterface*, const string&, const rclcpp::QoS&, const rclcpp::PublisherOptionsWithAllocator<AllocatorT>&) [with MessageT = geometry_msgs::msg::Twist_<std::allocator<void> >(); AllocatorT = std::allocator<void>; std::string = std::__cxx11::basic_string<char>][m[K’
[1.885s] [01m[K/usr/include/c++/9/ext/new_allocator.h:146:4:[m[K   [ skipping 6 instantiation contexts, use -ftemplate-backtrace-limit=0 to disable ]
[1.885s] [01m[K/usr/include/c++/9/bits/shared_ptr.h:701:14:[m[K   required from ‘[01m[Kstd::shared_ptr<_Tp> std::allocate_shared(const _Alloc&, _Args&& ...) [with _Tp = rclcpp::Publisher<geometry_msgs::msg::Twist_<std::allocator<void> >(), std::allocator<void> >; _Alloc = std::allocator<rclcpp::Publisher<geometry_msgs::msg::Twist_<std::allocator<void> >(), std::allocator<void> > >; _Args = {rclcpp::node_interfaces::NodeBaseInterface*&, const std::__cxx11::basic_string<char, std::char_traits<char>, std::allocator<char> >&, const rclcpp::QoS&, const rclcpp::PublisherOptionsWithAllocator<std::allocator<void> >&}][m[K’
[1.885s] [01m[K/usr/include/c++/9/bits/shared_ptr.h:717:39:[m[K   required from ‘[01m[Kstd::shared_ptr<_Tp> std::make_shared(_Args&& ...) [with _Tp = rclcpp::Publisher<geometry_msgs::msg::Twist_<std::allocator<void> >(), std::allocator<void> >; _Args = {rclcpp::node_interfaces::NodeBaseInterface*&, const std::__cxx11::basic_string<char, std::char_traits<char>, std::allocator<char> >&, const rclcpp::QoS&, const rclcpp::PublisherOptionsWithAllocator<std::allocator<void> >&}][m[K’
[1.885s] [01m[K/opt/ros/foxy/include/rclcpp/publisher_factory.hpp:76:52:[m[K   required from ‘[01m[Krclcpp::PublisherFactory rclcpp::create_publisher_factory(const rclcpp::PublisherOptionsWithAllocator<AllocatorT>&) [with MessageT = geometry_msgs::msg::Twist_<std::allocator<void> >(); AllocatorT = std::allocator<void>; PublisherT = rclcpp::Publisher<geometry_msgs::msg::Twist_<std::allocator<void> >(), std::allocator<void> >][m[K’
[1.885s] [01m[K/opt/ros/foxy/include/rclcpp/create_publisher.hpp:59:71:[m[K   required from ‘[01m[Kstd::shared_ptr<PublisherT> rclcpp::create_publisher(NodeT&, const string&, const rclcpp::QoS&, const rclcpp::PublisherOptionsWithAllocator<AllocatorT>&) [with MessageT = geometry_msgs::msg::Twist_<std::allocator<void> >(); AllocatorT = std::allocator<void>; PublisherT = rclcpp::Publisher<geometry_msgs::msg::Twist_<std::allocator<void> >(), std::allocator<void> >; NodeT = rclcpp::Node; std::string = std::__cxx11::basic_string<char>][m[K’
[1.885s] [01m[K/opt/ros/foxy/include/rclcpp/node_impl.hpp:76:68:[m[K   required from ‘[01m[Kstd::shared_ptr<PublisherT> rclcpp::Node::create_publisher(const string&, const rclcpp::QoS&, const rclcpp::PublisherOptionsWithAllocator<AllocatorT>&) [with MessageT = geometry_msgs::msg::Twist_<std::allocator<void> >(); AllocatorT = std::allocator<void>; PublisherT = rclcpp::Publisher<geometry_msgs::msg::Twist_<std::allocator<void> >(), std::allocator<void> >; std::string = std::__cxx11::basic_string<char>][m[K’
[1.885s] [01m[K/home/navrajb/software/software-start-here/src/challenge/src/solution.cpp:32:96:[m[K   required from here
[1.885s] [01m[K/usr/include/c++/9/ext/new_allocator.h:114:9:[m[K [01;31m[Kerror: [m[Kinvalid static_cast from type ‘[01m[Kvoid*[m[K’ to type ‘[01m[Kgeometry_msgs::msg::Twist_<std::allocator<void> > (*)()[m[K’
[1.885s]   114 |  return [01;31m[Kstatic_cast<_Tp*>(::operator new(__n * sizeof(_Tp)))[m[K;
[1.885s]       |         [01;31m[K^~~~~~~~~~~~~~~~~~~~~~~~~~~~~~~~~~~~~~~~~~~~~~~~~~~~[m[K
[1.988s] In file included from [01m[K/opt/ros/foxy/include/rclcpp/topic_statistics/subscription_topic_statistics.hpp:31[m[K,
[1.988s]                  from [01m[K/opt/ros/foxy/include/rclcpp/subscription.hpp:50[m[K,
[1.988s]                  from [01m[K/opt/ros/foxy/include/rclcpp/any_executable.hpp:25[m[K,
[1.988s]                  from [01m[K/opt/ros/foxy/include/rclcpp/memory_strategy.hpp:24[m[K,
[1.988s]                  from [01m[K/opt/ros/foxy/include/rclcpp/memory_strategies.hpp:18[m[K,
[1.988s]                  from [01m[K/opt/ros/foxy/include/rclcpp/executor_options.hpp:20[m[K,
[1.988s]                  from [01m[K/opt/ros/foxy/include/rclcpp/executor.hpp:33[m[K,
[1.988s]                  from [01m[K/opt/ros/foxy/include/rclcpp/executors/multi_threaded_executor.hpp:26[m[K,
[1.989s]                  from [01m[K/opt/ros/foxy/include/rclcpp/executors.hpp:21[m[K,
[1.989s]                  from [01m[K/opt/ros/foxy/include/rclcpp/rclcpp.hpp:146[m[K,
[1.989s]                  from [01m[K/home/navrajb/software/software-start-here/src/challenge/src/solution.cpp:10[m[K:
[1.989s] /opt/ros/foxy/include/rclcpp/publisher.hpp: In instantiation of ‘[01m[Kvoid rclcpp::Publisher<MessageT, AllocatorT>::do_inter_process_publish(const MessageT&) [with MessageT = geometry_msgs::msg::Twist_<std::allocator<void> >(); AllocatorT = std::allocator<void>][m[K’:
[1.989s] [01m[K/opt/ros/foxy/include/rclcpp/publisher.hpp:188:13:[m[K   required from ‘[01m[Kvoid rclcpp::Publisher<MessageT, AllocatorT>::publish(std::unique_ptr<MessageT, typename std::conditional<std::is_same<typename std::allocator_traits<typename std::allocator_traits<_Alloc>::rebind_traits<MessageT>::allocator_type>::rebind_alloc<MessageT>, typename std::allocator<void>::rebind<_Tp1>::other>::value, std::default_delete<_Tp>, rclcpp::allocator::AllocatorDeleter<typename std::allocator_traits<_Alloc>::rebind_traits<MessageT>::allocator_type> >::type>) [with MessageT = geometry_msgs::msg::Twist_<std::allocator<void> >(); AllocatorT = std::allocator<void>; typename std::conditional<std::is_same<typename std::allocator_traits<typename std::allocator_traits<_Alloc>::rebind_traits<MessageT>::allocator_type>::rebind_alloc<MessageT>, typename std::allocator<void>::rebind<_Tp1>::other>::value, std::default_delete<_Tp>, rclcpp::allocator::AllocatorDeleter<typename std::allocator_traits<_Alloc>::rebind_traits<MessageT>::allocator_type> >::type = std::default_delete<geometry_msgs::msg::Twist_<std::allocator<void> >()>][m[K’
[1.989s] [01m[K/opt/ros/foxy/include/rclcpp/publisher.hpp:185:3:[m[K   required from here
[1.989s] [01m[K/opt/ros/foxy/include/rclcpp/publisher.hpp:282:30:[m[K [01;31m[Kerror: [m[Kinvalid conversion from ‘[01m[Kgeometry_msgs::msg::Twist_<std::allocator<void> > (*)()[m[K’ to ‘[01m[Kconst void*[m[K’ [[01;31m[K-fpermissive[m[K]
[1.989s]   282 |     auto status = [01;31m[Krcl_publish(publisher_handle_.get(), &msg, nullptr)[m[K;
[1.989s]       |                   [01;31m[K~~~~~~~~~~~^~~~~~~~~~~~~~~~~~~~~~~~~~~~~~~~~~~~~~~~[m[K
[1.989s]       |                              [01;31m[K|[m[K
[1.989s]       |                              [01;31m[Kgeometry_msgs::msg::Twist_<std::allocator<void> > (*)()[m[K
[1.989s] In file included from [01m[K/opt/ros/foxy/include/rcl/event.h:25[m[K,
[1.989s]                  from [01m[K/opt/ros/foxy/include/rcl/wait.h:32[m[K,
[1.990s]                  from [01m[K/opt/ros/foxy/include/rclcpp/executor.hpp:30[m[K,
[1.990s]                  from [01m[K/opt/ros/foxy/include/rclcpp/executors/multi_threaded_executor.hpp:26[m[K,
[1.990s]                  from [01m[K/opt/ros/foxy/include/rclcpp/executors.hpp:21[m[K,
[1.990s]                  from [01m[K/opt/ros/foxy/include/rclcpp/rclcpp.hpp:146[m[K,
[1.990s]                  from [01m[K/home/navrajb/software/software-start-here/src/challenge/src/solution.cpp:10[m[K:
[1.990s] [01m[K/opt/ros/foxy/include/rcl/publisher.h:323:16:[m[K [01;36m[Knote: [m[K  initializing argument 2 of ‘[01m[Krcl_ret_t rcl_publish(const rcl_publisher_t*, const void*, rmw_publisher_allocation_t*)[m[K’
[1.990s]   323 |   [01;36m[Kconst void * ros_message[m[K,
[1.990s]       |   [01;36m[K~~~~~~~~~~~~~^~~~~~~~~~~[m[K
[2.006s] In file included from [01m[K/usr/include/c++/9/memory:80[m[K,
[2.006s]                  from [01m[K/home/navrajb/software/software-start-here/src/challenge/src/solution.cpp:4[m[K:
[2.006s] /usr/include/c++/9/bits/unique_ptr.h: In instantiation of ‘[01m[Kvoid std::default_delete<_Tp>::operator()(_Tp*) const [with _Tp = geometry_msgs::msg::Twist_<std::allocator<void> >()][m[K’:
[2.006s] [01m[K/usr/include/c++/9/bits/unique_ptr.h:292:17:[m[K   required from ‘[01m[Kstd::unique_ptr<_Tp, _Dp>::~unique_ptr() [with _Tp = geometry_msgs::msg::Twist_<std::allocator<void> >(); _Dp = std::default_delete<geometry_msgs::msg::Twist_<std::allocator<void> >()>][m[K’
[2.006s] [01m[K/opt/ros/foxy/include/rclcpp/publisher.hpp:201:12:[m[K   required from ‘[01m[Kvoid rclcpp::Publisher<MessageT, AllocatorT>::publish(std::unique_ptr<MessageT, typename std::conditional<std::is_same<typename std::allocator_traits<typename std::allocator_traits<_Alloc>::rebind_traits<MessageT>::allocator_type>::rebind_alloc<MessageT>, typename std::allocator<void>::rebind<_Tp1>::other>::value, std::default_delete<_Tp>, rclcpp::allocator::AllocatorDeleter<typename std::allocator_traits<_Alloc>::rebind_traits<MessageT>::allocator_type> >::type>) [with MessageT = geometry_msgs::msg::Twist_<std::allocator<void> >(); AllocatorT = std::allocator<void>; typename std::conditional<std::is_same<typename std::allocator_traits<typename std::allocator_traits<_Alloc>::rebind_traits<MessageT>::allocator_type>::rebind_alloc<MessageT>, typename std::allocator<void>::rebind<_Tp1>::other>::value, std::default_delete<_Tp>, rclcpp::allocator::AllocatorDeleter<typename std::allocator_traits<_Alloc>::rebind_traits<MessageT>::allocator_type> >::type = std::default_delete<geometry_msgs::msg::Twist_<std::allocator<void> >()>][m[K’
[2.006s] [01m[K/opt/ros/foxy/include/rclcpp/publisher.hpp:185:3:[m[K   required from here
[2.006s] [01m[K/usr/include/c++/9/bits/unique_ptr.h:81:2:[m[K [01;31m[Kerror: [m[Kcannot delete a function.  Only pointer-to-objects are valid arguments to ‘[01m[Kdelete[m[K’
[2.006s]    81 |  [01;31m[Kdelete[m[K __ptr;
[2.006s]       |  [01;31m[K^~~~~~[m[K
[2.008s] In file included from [01m[K/usr/include/x86_64-linux-gnu/c++/9/bits/c++allocator.h:33[m[K,
[2.008s]                  from [01m[K/usr/include/c++/9/bits/allocator.h:46[m[K,
[2.008s]                  from [01m[K/usr/include/c++/9/string:41[m[K,
[2.008s]                  from [01m[K/usr/include/c++/9/stdexcept:39[m[K,
[2.008s]                  from [01m[K/usr/include/c++/9/array:39[m[K,
[2.008s]                  from [01m[K/usr/include/c++/9/tuple:39[m[K,
[2.008s]                  from [01m[K/usr/include/c++/9/functional:54[m[K,
[2.008s]                  from [01m[K/home/navrajb/software/software-start-here/src/challenge/src/solution.cpp:3[m[K:
[2.008s] /usr/include/c++/9/ext/new_allocator.h: In instantiation of ‘[01m[Kvoid __gnu_cxx::new_allocator<_Tp>::construct(_Up*, _Args&& ...) [with _Up = geometry_msgs::msg::Twist_<std::allocator<void> >(); _Args = {geometry_msgs::msg::Twist_<std::allocator<void> > (&)()}; _Tp = geometry_msgs::msg::Twist_<std::allocator<void> >()][m[K’:
[2.008s] [01m[K/usr/include/c++/9/bits/alloc_traits.h:483:4:[m[K   required from ‘[01m[Kstatic void std::allocator_traits<std::allocator<_CharT> >::construct(std::allocator_traits<std::allocator<_CharT> >::allocator_type&, _Up*, _Args&& ...) [with _Up = geometry_msgs::msg::Twist_<std::allocator<void> >(); _Args = {geometry_msgs::msg::Twist_<std::allocator<void> > (&)()}; _Tp = geometry_msgs::msg::Twist_<std::allocator<void> >(); std::allocator_traits<std::allocator<_CharT> >::allocator_type = std::allocator<geometry_msgs::msg::Twist_<std::allocator<void> >()>][m[K’
[2.008s] [01m[K/opt/ros/foxy/include/rclcpp/publisher.hpp:220:38:[m[K   required from ‘[01m[Kvoid rclcpp::Publisher<MessageT, AllocatorT>::publish(const MessageT&) [with MessageT = geometry_msgs::msg::Twist_<std::allocator<void> >(); AllocatorT = std::allocator<void>][m[K’
[2.008s] [01m[K/opt/ros/foxy/include/rclcpp/publisher.hpp:209:3:[m[K   required from here
[2.008s] [01m[K/usr/include/c++/9/ext/new_allocator.h:146:4:[m[K [01;31m[Kerror: [m[Knew cannot be applied to a function type
[2.009s]   146 |  { [01;31m[K::new((void *)__p) _Up(std::forward<_Args>(__args)...)[m[K; }
[2.009s]       |    [01;31m[K^~~~~~~~~~~~~~~~~~~~~~~~~~~~~~~~~~~~~~~~~~~~~~~~~~~~~~[m[K
[2.053s] In file included from [01m[K/opt/ros/foxy/include/rclcpp/subscription_base.hpp:29[m[K,
[2.053s]                  from [01m[K/opt/ros/foxy/include/rclcpp/callback_group.hpp:26[m[K,
[2.053s]                  from [01m[K/opt/ros/foxy/include/rclcpp/any_executable.hpp:20[m[K,
[2.053s]                  from [01m[K/opt/ros/foxy/include/rclcpp/memory_strategy.hpp:24[m[K,
[2.054s]                  from [01m[K/opt/ros/foxy/include/rclcpp/memory_strategies.hpp:18[m[K,
[2.054s]                  from [01m[K/opt/ros/foxy/include/rclcpp/executor_options.hpp:20[m[K,
[2.054s]                  from [01m[K/opt/ros/foxy/include/rclcpp/executor.hpp:33[m[K,
[2.054s]                  from [01m[K/opt/ros/foxy/include/rclcpp/executors/multi_threaded_executor.hpp:26[m[K,
[2.054s]                  from [01m[K/opt/ros/foxy/include/rclcpp/executors.hpp:21[m[K,
[2.054s]                  from [01m[K/opt/ros/foxy/include/rclcpp/rclcpp.hpp:146[m[K,
[2.054s]                  from [01m[K/home/navrajb/software/software-start-here/src/challenge/src/solution.cpp:10[m[K:
[2.054s] /opt/ros/foxy/include/rclcpp/any_subscription_callback.hpp: In instantiation of ‘[01m[Kclass rclcpp::AnySubscriptionCallback<geometry_msgs::msg::Twist_<std::allocator<void> >(), std::allocator<void> >[m[K’:
[2.054s] [01m[K/opt/ros/foxy/include/rclcpp/experimental/subscription_intra_process.hpp:169:52:[m[K   required from ‘[01m[Kclass rclcpp::experimental::SubscriptionIntraProcess<geometry_msgs::msg::Twist_<std::allocator<void> >(), std::allocator<void>, std::default_delete<geometry_msgs::msg::Twist_<std::allocator<void> >()>, geometry_msgs::msg::Twist_<std::allocator<void> >()>[m[K’
[2.054s] [01m[K/opt/ros/foxy/include/rclcpp/experimental/intra_process_manager.hpp:373:19:[m[K   required from ‘[01m[Kvoid rclcpp::experimental::IntraProcessManager::add_shared_msg_to_buffers(std::shared_ptr<const _Tp>, std::vector<long unsigned int>) [with MessageT = geometry_msgs::msg::Twist_<std::allocator<void> >(); Alloc = std::allocator<void>; Deleter = std::default_delete<geometry_msgs::msg::Twist_<std::allocator<void> >()>][m[K’
[2.054s] [01m[K/opt/ros/foxy/include/rclcpp/experimental/intra_process_manager.hpp:267:9:[m[K   required from ‘[01m[Kstd::shared_ptr<const _Tp> rclcpp::experimental::IntraProcessManager::do_intra_process_publish_and_return_shared(uint64_t, std::unique_ptr<MessageT, MessageDeleter>, std::shared_ptr<typename std::allocator_traits<_Alloc>::rebind_traits<MessageT>::allocator_type>) [with MessageT = geometry_msgs::msg::Twist_<std::allocator<void> >(); Alloc = std::allocator<void>; Deleter = std::default_delete<geometry_msgs::msg::Twist_<std::allocator<void> >()>; uint64_t = long unsigned int; typename std::allocator_traits<_Alloc>::rebind_traits<MessageT>::allocator_type = std::allocator<geometry_msgs::msg::Twist_<std::allocator<void> >()>][m[K’
[2.055s] [01m[K/opt/ros/foxy/include/rclcpp/publisher.hpp:365:25:[m[K   required from ‘[01m[Kstd::shared_ptr<const _Tp> rclcpp::Publisher<MessageT, AllocatorT>::do_intra_process_publish_and_return_shared(std::unique_ptr<MessageT, typename std::conditional<std::is_same<typename std::allocator_traits<typename std::allocator_traits<_Alloc>::rebind_traits<MessageT>::allocator_type>::rebind_alloc<MessageT>, typename std::allocator<void>::rebind<_Tp1>::other>::value, std::default_delete<_Tp>, rclcpp::allocator::AllocatorDeleter<typename std::allocator_traits<_Alloc>::rebind_traits<MessageT>::allocator_type> >::type>) [with MessageT = geometry_msgs::msg::Twist_<std::allocator<void> >(); AllocatorT = std::allocator<void>; typename std::conditional<std::is_same<typename std::allocator_traits<typename std::allocator_traits<_Alloc>::rebind_traits<MessageT>::allocator_type>::rebind_alloc<MessageT>, typename std::allocator<void>::rebind<_Tp1>::other>::value, std::default_delete<_Tp>, rclcpp::allocator::AllocatorDeleter<typename std::allocator_traits<_Alloc>::rebind_traits<MessageT>::allocator_type> >::type = std::default_delete<geometry_msgs::msg::Twist_<std::allocator<void> >()>][m[K’
[2.055s] [01m[K/opt/ros/foxy/include/rclcpp/publisher.hpp:201:31:[m[K   required from ‘[01m[Kvoid rclcpp::Publisher<MessageT, AllocatorT>::publish(std::unique_ptr<MessageT, typename std::conditional<std::is_same<typename std::allocator_traits<typename std::allocator_traits<_Alloc>::rebind_traits<MessageT>::allocator_type>::rebind_alloc<MessageT>, typename std::allocator<void>::rebind<_Tp1>::other>::value, std::default_delete<_Tp>, rclcpp::allocator::AllocatorDeleter<typename std::allocator_traits<_Alloc>::rebind_traits<MessageT>::allocator_type> >::type>) [with MessageT = geometry_msgs::msg::Twist_<std::allocator<void> >(); AllocatorT = std::allocator<void>; typename std::conditional<std::is_same<typename std::allocator_traits<typename std::allocator_traits<_Alloc>::rebind_traits<MessageT>::allocator_type>::rebind_alloc<MessageT>, typename std::allocator<void>::rebind<_Tp1>::other>::value, std::default_delete<_Tp>, rclcpp::allocator::AllocatorDeleter<typename std::allocator_traits<_Alloc>::rebind_traits<MessageT>::allocator_type> >::type = std::default_delete<geometry_msgs::msg::Twist_<std::allocator<void> >()>][m[K’
[2.055s] [01m[K/opt/ros/foxy/include/rclcpp/publisher.hpp:185:3:[m[K   required from here
[2.055s] [01m[K/opt/ros/foxy/include/rclcpp/any_subscription_callback.hpp:111:8:[m[K [01;31m[Kerror: [m[K‘[01m[Ktemplate<class CallbackT, typename std::enable_if<rclcpp::function_traits::same_arguments<CallbackT, std::function<void(std::shared_ptr<geometry_msgs::msg::Twist_<std::allocator<void> >()>)> >::value, void>::type* <anonymous> > void rclcpp::AnySubscriptionCallback<MessageT, Alloc>::set(CallbackT) [with CallbackT = CallbackT; typename std::enable_if<rclcpp::function_traits::same_arguments<CallbackT, std::function<void(std::shared_ptr<const _Tp>)> >::value>::type* <anonymous> = <enumerator>; MessageT = geometry_msgs::msg::Twist_<std::allocator<void> >(); Alloc = std::allocator<void>][m[K’ cannot be overloaded with ‘[01m[Ktemplate<class CallbackT, typename std::enable_if<rclcpp::function_traits::same_arguments<CallbackT, std::function<void(std::shared_ptr<geometry_msgs::msg::Twist_<std::allocator<void> >()>)> >::value, void>::type* <anonymous> > void rclcpp::AnySubscriptionCallback<MessageT, Alloc>::set(CallbackT) [with CallbackT = CallbackT; typename std::enable_if<rclcpp::function_traits::same_arguments<CallbackT, std::function<void(std::shared_ptr<_Tp>)> >::value>::type* <anonymous> = <enumerator>; MessageT = geometry_msgs::msg::Twist_<std::allocator<void> >(); Alloc = std::allocator<void>][m[K’
[2.055s]   111 |   void [01;31m[Kset[m[K(CallbackT callback)
[2.055s]       |        [01;31m[K^~~[m[K
[2.055s] [01m[K/opt/ros/foxy/include/rclcpp/any_subscription_callback.hpp:83:8:[m[K [01;36m[Knote: [m[Kprevious declaration ‘[01m[Ktemplate<class CallbackT, typename std::enable_if<rclcpp::function_traits::same_arguments<CallbackT, std::function<void(std::shared_ptr<geometry_msgs::msg::Twist_<std::allocator<void> >()>)> >::value, void>::type* <anonymous> > void rclcpp::AnySubscriptionCallback<MessageT, Alloc>::set(CallbackT) [with CallbackT = CallbackT; typename std::enable_if<rclcpp::function_traits::same_arguments<CallbackT, std::function<void(std::shared_ptr<_Tp>)> >::value>::type* <anonymous> = <enumerator>; MessageT = geometry_msgs::msg::Twist_<std::allocator<void> >(); Alloc = std::allocator<void>][m[K’
[2.055s]    83 |   void [01;36m[Kset[m[K(CallbackT callback)
[2.055s]       |        [01;36m[K^~~[m[K
[2.055s] [01m[K/opt/ros/foxy/include/rclcpp/any_subscription_callback.hpp:125:8:[m[K [01;31m[Kerror: [m[K‘[01m[Ktemplate<class CallbackT, typename std::enable_if<rclcpp::function_traits::same_arguments<CallbackT, std::function<void(std::shared_ptr<geometry_msgs::msg::Twist_<std::allocator<void> >()>, const rclcpp::MessageInfo&)> >::value, void>::type* <anonymous> > void rclcpp::AnySubscriptionCallback<MessageT, Alloc>::set(CallbackT) [with CallbackT = CallbackT; typename std::enable_if<rclcpp::function_traits::same_arguments<CallbackT, std::function<void(std::shared_ptr<const _Tp>, const rclcpp::MessageInfo&)> >::value>::type* <anonymous> = <enumerator>; MessageT = geometry_msgs::msg::Twist_<std::allocator<void> >(); Alloc = std::allocator<void>][m[K’ cannot be overloaded with ‘[01m[Ktemplate<class CallbackT, typename std::enable_if<rclcpp::function_traits::same_arguments<CallbackT, std::function<void(std::shared_ptr<geometry_msgs::msg::Twist_<std::allocator<void> >()>, const rclcpp::MessageInfo&)> >::value, void>::type* <anonymous> > void rclcpp::AnySubscriptionCallback<MessageT, Alloc>::set(CallbackT) [with CallbackT = CallbackT; typename std::enable_if<rclcpp::function_traits::same_arguments<CallbackT, std::function<void(std::shared_ptr<_Tp>, const rclcpp::MessageInfo&)> >::value>::type* <anonymous> = <enumerator>; MessageT = geometry_msgs::msg::Twist_<std::allocator<void> >(); Alloc = std::allocator<void>][m[K’
[2.055s]   125 |   void [01;31m[Kset[m[K(CallbackT callback)
[2.055s]       |        [01;31m[K^~~[m[K
[2.056s] [01m[K/opt/ros/foxy/include/rclcpp/any_subscription_callback.hpp:97:8:[m[K [01;36m[Knote: [m[Kprevious declaration ‘[01m[Ktemplate<class CallbackT, typename std::enable_if<rclcpp::function_traits::same_arguments<CallbackT, std::function<void(std::shared_ptr<geometry_msgs::msg::Twist_<std::allocator<void> >()>, const rclcpp::MessageInfo&)> >::value, void>::type* <anonymous> > void rclcpp::AnySubscriptionCallback<MessageT, Alloc>::set(CallbackT) [with CallbackT = CallbackT; typename std::enable_if<rclcpp::function_traits::same_arguments<CallbackT, std::function<void(std::shared_ptr<_Tp>, const rclcpp::MessageInfo&)> >::value>::type* <anonymous> = <enumerator>; MessageT = geometry_msgs::msg::Twist_<std::allocator<void> >(); Alloc = std::allocator<void>][m[K’
[2.056s]    97 |   void [01;36m[Kset[m[K(CallbackT callback)
[2.056s]       |        [01;36m[K^~~[m[K
[2.324s] In file included from [01m[K/usr/include/c++/9/bits/stl_iterator.h:66[m[K,
[2.324s]                  from [01m[K/usr/include/c++/9/bits/stl_algobase.h:67[m[K,
[2.324s]                  from [01m[K/usr/include/c++/9/bits/char_traits.h:39[m[K,
[2.324s]                  from [01m[K/usr/include/c++/9/string:40[m[K,
[2.324s]                  from [01m[K/usr/include/c++/9/stdexcept:39[m[K,
[2.324s]                  from [01m[K/usr/include/c++/9/array:39[m[K,
[2.324s]                  from [01m[K/usr/include/c++/9/tuple:39[m[K,
[2.324s]                  from [01m[K/usr/include/c++/9/functional:54[m[K,
[2.324s]                  from [01m[K/home/navrajb/software/software-start-here/src/challenge/src/solution.cpp:3[m[K:
[2.324s] /usr/include/c++/9/bits/ptr_traits.h: In instantiation of ‘[01m[Kconstexpr _Tp* std::__to_address(_Tp*) [with _Tp = geometry_msgs::msg::Twist_<std::allocator<void> >()][m[K’:
[2.325s] [01m[K/usr/include/c++/9/bits/shared_ptr_base.h:1206:29:[m[K   required from ‘[01m[Kstd::__shared_ptr<_Tp, _Lp>::__shared_ptr(std::unique_ptr<_Up, _Ep>&&) [with _Yp = geometry_msgs::msg::Twist_<std::allocator<void> >(); _Del = std::default_delete<geometry_msgs::msg::Twist_<std::allocator<void> >()>; <template-parameter-2-3> = void; _Tp = geometry_msgs::msg::Twist_<std::allocator<void> >(); __gnu_cxx::_Lock_policy _Lp = __gnu_cxx::_S_atomic][m[K’
[2.325s] [01m[K/usr/include/c++/9/bits/shared_ptr.h:291:36:[m[K   required from ‘[01m[Kstd::shared_ptr<_Tp>::shared_ptr(std::unique_ptr<_Up, _Ep>&&) [with _Yp = geometry_msgs::msg::Twist_<std::allocator<void> >(); _Del = std::default_delete<geometry_msgs::msg::Twist_<std::allocator<void> >()>; <template-parameter-2-3> = void; _Tp = geometry_msgs::msg::Twist_<std::allocator<void> >()][m[K’
[2.325s] [01m[K/opt/ros/foxy/include/rclcpp/experimental/intra_process_manager.hpp:265:33:[m[K   required from ‘[01m[Kstd::shared_ptr<const _Tp> rclcpp::experimental::IntraProcessManager::do_intra_process_publish_and_return_shared(uint64_t, std::unique_ptr<MessageT, MessageDeleter>, std::shared_ptr<typename std::allocator_traits<_Alloc>::rebind_traits<MessageT>::allocator_type>) [with MessageT = geometry_msgs::msg::Twist_<std::allocator<void> >(); Alloc = std::allocator<void>; Deleter = std::default_delete<geometry_msgs::msg::Twist_<std::allocator<void> >()>; uint64_t = long unsigned int; typename std::allocator_traits<_Alloc>::rebind_traits<MessageT>::allocator_type = std::allocator<geometry_msgs::msg::Twist_<std::allocator<void> >()>][m[K’
[2.325s] [01m[K/opt/ros/foxy/include/rclcpp/publisher.hpp:365:25:[m[K   required from ‘[01m[Kstd::shared_ptr<const _Tp> rclcpp::Publisher<MessageT, AllocatorT>::do_intra_process_publish_and_return_shared(std::unique_ptr<MessageT, typename std::conditional<std::is_same<typename std::allocator_traits<typename std::allocator_traits<_Alloc>::rebind_traits<MessageT>::allocator_type>::rebind_alloc<MessageT>, typename std::allocator<void>::rebind<_Tp1>::other>::value, std::default_delete<_Tp>, rclcpp::allocator::AllocatorDeleter<typename std::allocator_traits<_Alloc>::rebind_traits<MessageT>::allocator_type> >::type>) [with MessageT = geometry_msgs::msg::Twist_<std::allocator<void> >(); AllocatorT = std::allocator<void>; typename std::conditional<std::is_same<typename std::allocator_traits<typename std::allocator_traits<_Alloc>::rebind_traits<MessageT>::allocator_type>::rebind_alloc<MessageT>, typename std::allocator<void>::rebind<_Tp1>::other>::value, std::default_delete<_Tp>, rclcpp::allocator::AllocatorDeleter<typename std::allocator_traits<_Alloc>::rebind_traits<MessageT>::allocator_type> >::type = std::default_delete<geometry_msgs::msg::Twist_<std::allocator<void> >()>][m[K’
[2.325s] [01m[K/opt/ros/foxy/include/rclcpp/publisher.hpp:201:31:[m[K   required from ‘[01m[Kvoid rclcpp::Publisher<MessageT, AllocatorT>::publish(std::unique_ptr<MessageT, typename std::conditional<std::is_same<typename std::allocator_traits<typename std::allocator_traits<_Alloc>::rebind_traits<MessageT>::allocator_type>::rebind_alloc<MessageT>, typename std::allocator<void>::rebind<_Tp1>::other>::value, std::default_delete<_Tp>, rclcpp::allocator::AllocatorDeleter<typename std::allocator_traits<_Alloc>::rebind_traits<MessageT>::allocator_type> >::type>) [with MessageT = geometry_msgs::msg::Twist_<std::allocator<void> >(); AllocatorT = std::allocator<void>; typename std::conditional<std::is_same<typename std::allocator_traits<typename std::allocator_traits<_Alloc>::rebind_traits<MessageT>::allocator_type>::rebind_alloc<MessageT>, typename std::allocator<void>::rebind<_Tp1>::other>::value, std::default_delete<_Tp>, rclcpp::allocator::AllocatorDeleter<typename std::allocator_traits<_Alloc>::rebind_traits<MessageT>::allocator_type> >::type = std::default_delete<geometry_msgs::msg::Twist_<std::allocator<void> >()>][m[K’
[2.325s] [01m[K/opt/ros/foxy/include/rclcpp/publisher.hpp:185:3:[m[K   required from here
[2.325s] [01m[K/usr/include/c++/9/bits/ptr_traits.h:158:21:[m[K [01;31m[Kerror: [m[Kstatic assertion failed: not a function pointer
[2.325s]   158 |       static_assert([01;31m[K!std::is_function<_Tp>::value[m[K, "not a function pointer");
[2.325s]       |                     [01;31m[K^~~~~~~~~~~~~~~~~~~~~~~~~~~~~[m[K
[2.339s] In file included from [01m[K/usr/include/c++/9/bits/shared_ptr_base.h:56[m[K,
[2.339s]                  from [01m[K/usr/include/c++/9/bits/shared_ptr.h:52[m[K,
[2.339s]                  from [01m[K/usr/include/c++/9/memory:81[m[K,
[2.339s]                  from [01m[K/home/navrajb/software/software-start-here/src/challenge/src/solution.cpp:4[m[K:
[2.339s] /usr/include/c++/9/ext/aligned_buffer.h: In instantiation of ‘[01m[Kstruct __gnu_cxx::__aligned_buffer<geometry_msgs::msg::Twist_<std::allocator<void> >()>[m[K’:
[2.339s] [01m[K/usr/include/c++/9/bits/shared_ptr_base.h:535:35:[m[K   required from ‘[01m[Kclass std::_Sp_counted_ptr_inplace<geometry_msgs::msg::Twist_<std::allocator<void> >(), std::allocator<geometry_msgs::msg::Twist_<std::allocator<void> >()>, __gnu_cxx::_S_atomic>::_Impl[m[K’
[2.339s] [01m[K/usr/include/c++/9/bits/shared_ptr_base.h:596:13:[m[K   required from ‘[01m[Kclass std::_Sp_counted_ptr_inplace<geometry_msgs::msg::Twist_<std::allocator<void> >(), std::allocator<geometry_msgs::msg::Twist_<std::allocator<void> >()>, __gnu_cxx::_S_atomic>[m[K’
[2.339s] [01m[K/usr/include/c++/9/bits/shared_ptr_base.h:676:43:[m[K   required from ‘[01m[Kstd::__shared_count<_Lp>::__shared_count(_Tp*&, std::_Sp_alloc_shared_tag<_Alloc>, _Args&& ...) [with _Tp = geometry_msgs::msg::Twist_<std::allocator<void> >(); _Alloc = std::allocator<geometry_msgs::msg::Twist_<std::allocator<void> >()>; _Args = {geometry_msgs::msg::Twist_<std::allocator<void> > (&)()}; __gnu_cxx::_Lock_policy _Lp = __gnu_cxx::_S_atomic][m[K’
[2.339s] [01m[K/usr/include/c++/9/bits/shared_ptr_base.h:1344:71:[m[K   required from ‘[01m[Kstd::__shared_ptr<_Tp, _Lp>::__shared_ptr(std::_Sp_alloc_shared_tag<_Tp>, _Args&& ...) [with _Alloc = std::allocator<geometry_msgs::msg::Twist_<std::allocator<void> >()>; _Args = {geometry_msgs::msg::Twist_<std::allocator<void> > (&)()}; _Tp = geometry_msgs::msg::Twist_<std::allocator<void> >(); __gnu_cxx::_Lock_policy _Lp = __gnu_cxx::_S_atomic][m[K’
[2.340s] [01m[K/usr/include/c++/9/bits/shared_ptr.h:359:59:[m[K   required from ‘[01m[Kstd::shared_ptr<_Tp>::shared_ptr(std::_Sp_alloc_shared_tag<_Tp>, _Args&& ...) [with _Alloc = std::allocator<geometry_msgs::msg::Twist_<std::allocator<void> >()>; _Args = {geometry_msgs::msg::Twist_<std::allocator<void> > (&)()}; _Tp = geometry_msgs::msg::Twist_<std::allocator<void> >()][m[K’
[2.340s] [01m[K/usr/include/c++/9/bits/shared_ptr.h:701:14:[m[K   required from ‘[01m[Kstd::shared_ptr<_Tp> std::allocate_shared(const _Alloc&, _Args&& ...) [with _Tp = geometry_msgs::msg::Twist_<std::allocator<void> >(); _Alloc = std::allocator<geometry_msgs::msg::Twist_<std::allocator<void> >()>; _Args = {geometry_msgs::msg::Twist_<std::allocator<void> > (&)()}][m[K’
[2.340s] [01m[K/opt/ros/foxy/include/rclcpp/experimental/intra_process_manager.hpp:274:74:[m[K   required from ‘[01m[Kstd::shared_ptr<const _Tp> rclcpp::experimental::IntraProcessManager::do_intra_process_publish_and_return_shared(uint64_t, std::unique_ptr<MessageT, MessageDeleter>, std::shared_ptr<typename std::allocator_traits<_Alloc>::rebind_traits<MessageT>::allocator_type>) [with MessageT = geometry_msgs::msg::Twist_<std::allocator<void> >(); Alloc = std::allocator<void>; Deleter = std::default_delete<geometry_msgs::msg::Twist_<std::allocator<void> >()>; uint64_t = long unsigned int; typename std::allocator_traits<_Alloc>::rebind_traits<MessageT>::allocator_type = std::allocator<geometry_msgs::msg::Twist_<std::allocator<void> >()>][m[K’
[2.340s] [01m[K/opt/ros/foxy/include/rclcpp/publisher.hpp:365:25:[m[K   required from ‘[01m[Kstd::shared_ptr<const _Tp> rclcpp::Publisher<MessageT, AllocatorT>::do_intra_process_publish_and_return_shared(std::unique_ptr<MessageT, typename std::conditional<std::is_same<typename std::allocator_traits<typename std::allocator_traits<_Alloc>::rebind_traits<MessageT>::allocator_type>::rebind_alloc<MessageT>, typename std::allocator<void>::rebind<_Tp1>::other>::value, std::default_delete<_Tp>, rclcpp::allocator::AllocatorDeleter<typename std::allocator_traits<_Alloc>::rebind_traits<MessageT>::allocator_type> >::type>) [with MessageT = geometry_msgs::msg::Twist_<std::allocator<void> >(); AllocatorT = std::allocator<void>; typename std::conditional<std::is_same<typename std::allocator_traits<typename std::allocator_traits<_Alloc>::rebind_traits<MessageT>::allocator_type>::rebind_alloc<MessageT>, typename std::allocator<void>::rebind<_Tp1>::other>::value, std::default_delete<_Tp>, rclcpp::allocator::AllocatorDeleter<typename std::allocator_traits<_Alloc>::rebind_traits<MessageT>::allocator_type> >::type = std::default_delete<geometry_msgs::msg::Twist_<std::allocator<void> >()>][m[K’
[2.340s] [01m[K/opt/ros/foxy/include/rclcpp/publisher.hpp:201:31:[m[K   required from ‘[01m[Kvoid rclcpp::Publisher<MessageT, AllocatorT>::publish(std::unique_ptr<MessageT, typename std::conditional<std::is_same<typename std::allocator_traits<typename std::allocator_traits<_Alloc>::rebind_traits<MessageT>::allocator_type>::rebind_alloc<MessageT>, typename std::allocator<void>::rebind<_Tp1>::other>::value, std::default_delete<_Tp>, rclcpp::allocator::AllocatorDeleter<typename std::allocator_traits<_Alloc>::rebind_traits<MessageT>::allocator_type> >::type>) [with MessageT = geometry_msgs::msg::Twist_<std::allocator<void> >(); AllocatorT = std::allocator<void>; typename std::conditional<std::is_same<typename std::allocator_traits<typename std::allocator_traits<_Alloc>::rebind_traits<MessageT>::allocator_type>::rebind_alloc<MessageT>, typename std::allocator<void>::rebind<_Tp1>::other>::value, std::default_delete<_Tp>, rclcpp::allocator::AllocatorDeleter<typename std::allocator_traits<_Alloc>::rebind_traits<MessageT>::allocator_type> >::type = std::default_delete<geometry_msgs::msg::Twist_<std::allocator<void> >()>][m[K’
[2.340s] [01m[K/opt/ros/foxy/include/rclcpp/publisher.hpp:185:3:[m[K   required from here
[2.340s] [01m[K/usr/include/c++/9/ext/aligned_buffer.h:90:12:[m[K [01;31m[Kerror: [m[Kcould not convert template argument ‘[01m[Ksizeof (geometry_msgs::msg::Twist_<std::allocator<void> >())[m[K’ from ‘[01m[Klong unsigned int[m[K’ to ‘[01m[Klong unsigned int[m[K’
[2.340s]    90 |     struct [01;31m[K__aligned_buffer[m[K
[2.340s]       |            [01;31m[K^~~~~~~~~~~~~~~~[m[K
[2.340s] [01m[K/usr/include/c++/9/ext/aligned_buffer.h:94:60:[m[K [01;31m[Kerror: [m[Kcould not convert template argument ‘[01m[Ksizeof (geometry_msgs::msg::Twist_<std::allocator<void> >())[m[K’ from ‘[01m[Klong unsigned int[m[K’ to ‘[01m[Klong unsigned int[m[K’
[2.340s]    94 |  std::aligned_storage<sizeof(_Tp), __alignof__(_Tp)>::type [01;31m[K_M_storage[m[K;
[2.340s]       |                                                            [01;31m[K^~~~~~~~~~[m[K
[2.365s] In file included from [01m[K/opt/ros/foxy/include/rclcpp/callback_group.hpp:24[m[K,
[2.365s]                  from [01m[K/opt/ros/foxy/include/rclcpp/any_executable.hpp:20[m[K,
[2.366s]                  from [01m[K/opt/ros/foxy/include/rclcpp/memory_strategy.hpp:24[m[K,
[2.366s]                  from [01m[K/opt/ros/foxy/include/rclcpp/memory_strategies.hpp:18[m[K,
[2.366s]                  from [01m[K/opt/ros/foxy/include/rclcpp/executor_options.hpp:20[m[K,
[2.366s]                  from [01m[K/opt/ros/foxy/include/rclcpp/executor.hpp:33[m[K,
[2.366s]                  from [01m[K/opt/ros/foxy/include/rclcpp/executors/multi_threaded_executor.hpp:26[m[K,
[2.366s]                  from [01m[K/opt/ros/foxy/include/rclcpp/executors.hpp:21[m[K,
[2.366s]                  from [01m[K/opt/ros/foxy/include/rclcpp/rclcpp.hpp:146[m[K,
[2.366s]                  from [01m[K/home/navrajb/software/software-start-here/src/challenge/src/solution.cpp:10[m[K:
[2.366s] [01m[K/opt/ros/foxy/include/rclcpp/publisher_base.hpp:[m[K At global scope:
[2.366s] [01m[K/opt/ros/foxy/include/rclcpp/publisher_base.hpp:199:3:[m[K [01;31m[Kerror: [m[K‘[01m[Kvoid rclcpp::PublisherBase::add_event_handler(const EventCallbackT&, rcl_publisher_event_type_t) [with EventCallbackT = rclcpp::Publisher<MessageT, AllocatorT>::Publisher(rclcpp::node_interfaces::NodeBaseInterface*, const string&, const rclcpp::QoS&, const rclcpp::PublisherOptionsWithAllocator<AllocatorT>&) [with MessageT = geometry_msgs::msg::Twist_<std::allocator<void> >(); AllocatorT = std::allocator<void>; std::string = std::__cxx11::basic_string<char>]::<lambda(rclcpp::QOSOfferedIncompatibleQoSInfo&)>; rcl_publisher_event_type_t = rcl_publisher_event_type_t][m[K’, declared using local type ‘[01m[Kconst rclcpp::Publisher<MessageT, AllocatorT>::Publisher(rclcpp::node_interfaces::NodeBaseInterface*, const string&, const rclcpp::QoS&, const rclcpp::PublisherOptionsWithAllocator<AllocatorT>&) [with MessageT = geometry_msgs::msg::Twist_<std::allocator<void> >(); AllocatorT = std::allocator<void>; std::string = std::__cxx11::basic_string<char>]::<lambda(rclcpp::QOSOfferedIncompatibleQoSInfo&)>[m[K’, is used but never defined [[01;31m[K-fpermissive[m[K]
[2.366s]   199 |   [01;31m[Kadd_event_handler[m[K(
[2.367s]       |   [01;31m[K^~~~~~~~~~~~~~~~~[m[K
[2.492s] make[2]: *** [CMakeFiles/solution.dir/build.make:63: CMakeFiles/solution.dir/src/solution.cpp.o] Error 1
[2.493s] make[1]: *** [CMakeFiles/Makefile2:78: CMakeFiles/solution.dir/all] Error 2
[2.493s] make: *** [Makefile:141: all] Error 2
[2.496s] Invoked command in '/home/navrajb/software/software-start-here/build/challenge' returned '2': CMAKE_PREFIX_PATH=/opt/ros/foxy /usr/bin/cmake --build /home/navrajb/software/software-start-here/build/challenge -- -j8 -l8
