[35m[1mScanning dependencies of target solution[0m
[ 50%] [32mBuilding CXX object CMakeFiles/solution.dir/src/solution.cpp.o[0m
[01m[K/home/krithik/software-start-here/src/challenge/src/solution.cpp:[m[K In member function ‘[01m[Kvoid Solution::turtle_callback(turtlesim::msg::Pose_<std::allocator<void> >::SharedPtr) const[m[K’:
[01m[K/home/krithik/software-start-here/src/challenge/src/solution.cpp:27:64:[m[K [01;35m[Kwarning: [m[Kunused parameter ‘[01m[Kmsg[m[K’ [[01;35m[K-Wunused-parameter[m[K]
   27 |     void turtle_callback([01;35m[Kconst turtlesim::msg::Pose::SharedPtr msg[m[K) const
      |                          [01;35m[K~~~~~~~~~~~~~~~~~~~~~~~~~~~~~~~~~~~~~~^~~[m[K
[100%] [32m[1mLinking CXX executable solution[0m
[100%] Built target solution
-- Install configuration: ""
-- Installing: /home/krithik/software-start-here/src/install/challenge/lib/challenge/solution
-- Set runtime path of "/home/krithik/software-start-here/src/install/challenge/lib/challenge/solution" to ""
-- Up-to-date: /home/krithik/software-start-here/src/install/challenge/share/ament_index/resource_index/package_run_dependencies/challenge
-- Up-to-date: /home/krithik/software-start-here/src/install/challenge/share/ament_index/resource_index/parent_prefix_path/challenge
-- Up-to-date: /home/krithik/software-start-here/src/install/challenge/share/challenge/environment/ament_prefix_path.sh
-- Up-to-date: /home/krithik/software-start-here/src/install/challenge/share/challenge/environment/ament_prefix_path.dsv
-- Up-to-date: /home/krithik/software-start-here/src/install/challenge/share/challenge/environment/path.sh
-- Up-to-date: /home/krithik/software-start-here/src/install/challenge/share/challenge/environment/path.dsv
-- Up-to-date: /home/krithik/software-start-here/src/install/challenge/share/challenge/local_setup.bash
-- Up-to-date: /home/krithik/software-start-here/src/install/challenge/share/challenge/local_setup.sh
-- Up-to-date: /home/krithik/software-start-here/src/install/challenge/share/challenge/local_setup.zsh
-- Up-to-date: /home/krithik/software-start-here/src/install/challenge/share/challenge/local_setup.dsv
-- Installing: /home/krithik/software-start-here/src/install/challenge/share/challenge/package.dsv
-- Up-to-date: /home/krithik/software-start-here/src/install/challenge/share/ament_index/resource_index/packages/challenge
-- Up-to-date: /home/krithik/software-start-here/src/install/challenge/share/challenge/cmake/challengeConfig.cmake
-- Up-to-date: /home/krithik/software-start-here/src/install/challenge/share/challenge/cmake/challengeConfig-version.cmake
-- Up-to-date: /home/krithik/software-start-here/src/install/challenge/share/challenge/package.xml
