[0.009s] Invoking command in '/home/krithik/software-start-here/src/build/challenge': CMAKE_PREFIX_PATH=${CMAKE_PREFIX_PATH}:/opt/ros/rolling:/opt/ros/foxy /usr/bin/cmake --build /home/krithik/software-start-here/src/build/challenge -- -j8 -l8
[0.038s] [35m[1mScanning dependencies of target solution[0m
[0.078s] [ 50%] [32mBuilding CXX object CMakeFiles/solution.dir/src/solution.cpp.o[0m
[1.526s] [01m[K/home/krithik/software-start-here/src/challenge/src/solution.cpp:[m[K In member function ‘[01m[Kvoid Solution::turtle_callback(turtlesim::msg::Pose_<std::allocator<void> >::SharedPtr) const[m[K’:
[1.526s] [01m[K/home/krithik/software-start-here/src/challenge/src/solution.cpp:27:64:[m[K [01;35m[Kwarning: [m[Kunused parameter ‘[01m[Kmsg[m[K’ [[01;35m[K-Wunused-parameter[m[K]
[1.527s]    27 |     void turtle_callback([01;35m[Kconst turtlesim::msg::Pose::SharedPtr msg[m[K) const
[1.527s]       |                          [01;35m[K~~~~~~~~~~~~~~~~~~~~~~~~~~~~~~~~~~~~~~^~~[m[K
[5.466s] [100%] [32m[1mLinking CXX executable solution[0m
[5.710s] [100%] Built target solution
[5.717s] Invoked command in '/home/krithik/software-start-here/src/build/challenge' returned '0': CMAKE_PREFIX_PATH=${CMAKE_PREFIX_PATH}:/opt/ros/rolling:/opt/ros/foxy /usr/bin/cmake --build /home/krithik/software-start-here/src/build/challenge -- -j8 -l8
[5.739s] Invoking command in '/home/krithik/software-start-here/src/build/challenge': CMAKE_PREFIX_PATH=${CMAKE_PREFIX_PATH}:/opt/ros/rolling:/opt/ros/foxy /usr/bin/cmake --install /home/krithik/software-start-here/src/build/challenge
[5.745s] -- Install configuration: ""
[5.745s] -- Installing: /home/krithik/software-start-here/src/install/challenge/lib/challenge/solution
[5.747s] -- Set runtime path of "/home/krithik/software-start-here/src/install/challenge/lib/challenge/solution" to ""
[5.748s] -- Up-to-date: /home/krithik/software-start-here/src/install/challenge/share/ament_index/resource_index/package_run_dependencies/challenge
[5.748s] -- Up-to-date: /home/krithik/software-start-here/src/install/challenge/share/ament_index/resource_index/parent_prefix_path/challenge
[5.748s] -- Up-to-date: /home/krithik/software-start-here/src/install/challenge/share/challenge/environment/ament_prefix_path.sh
[5.748s] -- Up-to-date: /home/krithik/software-start-here/src/install/challenge/share/challenge/environment/ament_prefix_path.dsv
[5.748s] -- Up-to-date: /home/krithik/software-start-here/src/install/challenge/share/challenge/environment/path.sh
[5.748s] -- Up-to-date: /home/krithik/software-start-here/src/install/challenge/share/challenge/environment/path.dsv
[5.748s] -- Up-to-date: /home/krithik/software-start-here/src/install/challenge/share/challenge/local_setup.bash
[5.748s] -- Up-to-date: /home/krithik/software-start-here/src/install/challenge/share/challenge/local_setup.sh
[5.748s] -- Up-to-date: /home/krithik/software-start-here/src/install/challenge/share/challenge/local_setup.zsh
[5.748s] -- Up-to-date: /home/krithik/software-start-here/src/install/challenge/share/challenge/local_setup.dsv
[5.748s] -- Installing: /home/krithik/software-start-here/src/install/challenge/share/challenge/package.dsv
[5.748s] -- Up-to-date: /home/krithik/software-start-here/src/install/challenge/share/ament_index/resource_index/packages/challenge
[5.748s] -- Up-to-date: /home/krithik/software-start-here/src/install/challenge/share/challenge/cmake/challengeConfig.cmake
[5.748s] -- Up-to-date: /home/krithik/software-start-here/src/install/challenge/share/challenge/cmake/challengeConfig-version.cmake
[5.748s] -- Up-to-date: /home/krithik/software-start-here/src/install/challenge/share/challenge/package.xml
[5.750s] Invoked command in '/home/krithik/software-start-here/src/build/challenge' returned '0': CMAKE_PREFIX_PATH=${CMAKE_PREFIX_PATH}:/opt/ros/rolling:/opt/ros/foxy /usr/bin/cmake --install /home/krithik/software-start-here/src/build/challenge
