[0.212s] Invoking command in '/home/software/Challenge/software-start-here/build/challenge': CMAKE_PREFIX_PATH=${CMAKE_PREFIX_PATH}:/opt/ros/foxy /usr/bin/cmake --build /home/software/Challenge/software-start-here/build/challenge -- -j16 -l16
[0.261s] [35m[1mScanning dependencies of target solution[0m
[0.291s] [ 50%] [32mBuilding CXX object CMakeFiles/solution.dir/src/solution.cpp.o[0m
[4.009s] [100%] [32m[1mLinking CXX executable solution[0m
[4.173s] [100%] Built target solution
[4.185s] Invoked command in '/home/software/Challenge/software-start-here/build/challenge' returned '0': CMAKE_PREFIX_PATH=${CMAKE_PREFIX_PATH}:/opt/ros/foxy /usr/bin/cmake --build /home/software/Challenge/software-start-here/build/challenge -- -j16 -l16
[4.225s] Invoking command in '/home/software/Challenge/software-start-here/build/challenge': CMAKE_PREFIX_PATH=${CMAKE_PREFIX_PATH}:/opt/ros/foxy /usr/bin/cmake --install /home/software/Challenge/software-start-here/build/challenge
[4.234s] -- Install configuration: ""
[4.234s] -- Installing: /home/software/Challenge/software-start-here/install/challenge/lib/challenge/solution
[4.236s] -- Set runtime path of "/home/software/Challenge/software-start-here/install/challenge/lib/challenge/solution" to ""
[4.236s] -- Up-to-date: /home/software/Challenge/software-start-here/install/challenge/share/ament_index/resource_index/package_run_dependencies/challenge
[4.237s] -- Up-to-date: /home/software/Challenge/software-start-here/install/challenge/share/ament_index/resource_index/parent_prefix_path/challenge
[4.237s] -- Up-to-date: /home/software/Challenge/software-start-here/install/challenge/share/challenge/environment/ament_prefix_path.sh
[4.237s] -- Up-to-date: /home/software/Challenge/software-start-here/install/challenge/share/challenge/environment/ament_prefix_path.dsv
[4.237s] -- Up-to-date: /home/software/Challenge/software-start-here/install/challenge/share/challenge/environment/path.sh
[4.237s] -- Up-to-date: /home/software/Challenge/software-start-here/install/challenge/share/challenge/environment/path.dsv
[4.238s] -- Up-to-date: /home/software/Challenge/software-start-here/install/challenge/share/challenge/local_setup.bash
[4.238s] -- Up-to-date: /home/software/Challenge/software-start-here/install/challenge/share/challenge/local_setup.sh
[4.238s] -- Up-to-date: /home/software/Challenge/software-start-here/install/challenge/share/challenge/local_setup.zsh
[4.238s] -- Up-to-date: /home/software/Challenge/software-start-here/install/challenge/share/challenge/local_setup.dsv
[4.239s] -- Installing: /home/software/Challenge/software-start-here/install/challenge/share/challenge/package.dsv
[4.239s] -- Up-to-date: /home/software/Challenge/software-start-here/install/challenge/share/ament_index/resource_index/packages/challenge
[4.240s] -- Up-to-date: /home/software/Challenge/software-start-here/install/challenge/share/challenge/cmake/challengeConfig.cmake
[4.240s] -- Up-to-date: /home/software/Challenge/software-start-here/install/challenge/share/challenge/cmake/challengeConfig-version.cmake
[4.241s] -- Up-to-date: /home/software/Challenge/software-start-here/install/challenge/share/challenge/package.xml
[4.242s] Invoked command in '/home/software/Challenge/software-start-here/build/challenge' returned '0': CMAKE_PREFIX_PATH=${CMAKE_PREFIX_PATH}:/opt/ros/foxy /usr/bin/cmake --install /home/software/Challenge/software-start-here/build/challenge
