[0.058s] Invoking command in '/home/straydogs/ros2_test/build/challenge': CMAKE_PREFIX_PATH=/opt/ros/foxy /usr/bin/cmake --build /home/straydogs/ros2_test/build/challenge -- -j20 -l20
[0.082s] [35m[1mScanning dependencies of target solution[0m
[0.097s] [ 50%] [32mBuilding CXX object CMakeFiles/solution.dir/src/solution.cpp.o[0m
[2.797s] [100%] [32m[1mLinking CXX executable solution[0m
[2.937s] [100%] Built target solution
[2.944s] Invoked command in '/home/straydogs/ros2_test/build/challenge' returned '0': CMAKE_PREFIX_PATH=/opt/ros/foxy /usr/bin/cmake --build /home/straydogs/ros2_test/build/challenge -- -j20 -l20
[2.964s] Invoking command in '/home/straydogs/ros2_test/build/challenge': CMAKE_PREFIX_PATH=/opt/ros/foxy /usr/bin/cmake --install /home/straydogs/ros2_test/build/challenge
[2.968s] -- Install configuration: ""
[2.968s] -- Installing: /home/straydogs/ros2_test/install/challenge/lib/challenge/solution
[2.969s] -- Set runtime path of "/home/straydogs/ros2_test/install/challenge/lib/challenge/solution" to ""
[2.969s] -- Up-to-date: /home/straydogs/ros2_test/install/challenge/share/ament_index/resource_index/package_run_dependencies/challenge
[2.969s] -- Up-to-date: /home/straydogs/ros2_test/install/challenge/share/ament_index/resource_index/parent_prefix_path/challenge
[2.969s] -- Up-to-date: /home/straydogs/ros2_test/install/challenge/share/challenge/environment/ament_prefix_path.sh
[2.969s] -- Up-to-date: /home/straydogs/ros2_test/install/challenge/share/challenge/environment/ament_prefix_path.dsv
[2.969s] -- Up-to-date: /home/straydogs/ros2_test/install/challenge/share/challenge/environment/path.sh
[2.969s] -- Up-to-date: /home/straydogs/ros2_test/install/challenge/share/challenge/environment/path.dsv
[2.969s] -- Up-to-date: /home/straydogs/ros2_test/install/challenge/share/challenge/local_setup.bash
[2.969s] -- Up-to-date: /home/straydogs/ros2_test/install/challenge/share/challenge/local_setup.sh
[2.969s] -- Up-to-date: /home/straydogs/ros2_test/install/challenge/share/challenge/local_setup.zsh
[2.969s] -- Up-to-date: /home/straydogs/ros2_test/install/challenge/share/challenge/local_setup.dsv
[2.969s] -- Installing: /home/straydogs/ros2_test/install/challenge/share/challenge/package.dsv
[2.969s] -- Up-to-date: /home/straydogs/ros2_test/install/challenge/share/ament_index/resource_index/packages/challenge
[2.969s] -- Up-to-date: /home/straydogs/ros2_test/install/challenge/share/challenge/cmake/challengeConfig.cmake
[2.969s] -- Up-to-date: /home/straydogs/ros2_test/install/challenge/share/challenge/cmake/challengeConfig-version.cmake
[2.969s] -- Up-to-date: /home/straydogs/ros2_test/install/challenge/share/challenge/package.xml
[2.970s] Invoked command in '/home/straydogs/ros2_test/build/challenge' returned '0': CMAKE_PREFIX_PATH=/opt/ros/foxy /usr/bin/cmake --install /home/straydogs/ros2_test/build/challenge
