[0.186s] DEBUG:colcon:Command line arguments: ['/usr/bin/colcon', 'build', '--packages-select', 'challenge']
[0.186s] DEBUG:colcon:Parsed command line arguments: Namespace(ament_cmake_args=None, base_paths=['.'], build_base='build', catkin_cmake_args=None, catkin_skip_building_tests=False, cmake_args=None, cmake_clean_cache=False, cmake_clean_first=False, cmake_force_configure=False, cmake_target=None, cmake_target_skip_unavailable=False, continue_on_error=False, event_handlers=None, executor='parallel', ignore_user_meta=False, install_base='install', log_base=None, log_level=None, main=<bound method BuildVerb.main of <colcon_core.verb.build.BuildVerb object at 0x7f1c36ec1580>>, merge_install=False, metas=['./colcon.meta'], packages_above=None, packages_above_and_dependencies=None, packages_above_depth=None, packages_end=None, packages_ignore=None, packages_ignore_regex=None, packages_select=['challenge'], packages_select_build_failed=False, packages_select_by_dep=None, packages_select_regex=None, packages_select_test_failures=False, packages_skip=None, packages_skip_build_finished=False, packages_skip_by_dep=None, packages_skip_regex=None, packages_skip_test_passed=False, packages_skip_up_to=None, packages_start=None, packages_up_to=None, packages_up_to_regex=None, parallel_workers=8, paths=None, symlink_install=False, test_result_base=None, verb_extension=<colcon_core.verb.build.BuildVerb object at 0x7f1c36ec1580>, verb_name='build', verb_parser=<colcon_defaults.argument_parser.defaults.DefaultArgumentsDecorator object at 0x7f1c36ec1ac0>)
[0.189s] Level 1:colcon.colcon_core.package_discovery:discover_packages(colcon_meta) check parameters
[0.189s] Level 1:colcon.colcon_core.package_discovery:discover_packages(recursive) check parameters
[0.189s] Level 1:colcon.colcon_core.package_discovery:discover_packages(ignore) check parameters
[0.189s] Level 1:colcon.colcon_core.package_discovery:discover_packages(path) check parameters
[0.189s] Level 1:colcon.colcon_core.package_discovery:discover_packages(colcon_meta) discover
[0.189s] Level 1:colcon.colcon_core.package_discovery:discover_packages(recursive) discover
[0.189s] INFO:colcon.colcon_core.package_discovery:Crawling recursively for packages in '/home/krithik/software-start-here/src'
[0.189s] Level 1:colcon.colcon_core.package_identification:_identify(.) by extensions ['ignore', 'ignore_ament_install']
[0.189s] Level 1:colcon.colcon_core.package_identification:_identify(.) by extension 'ignore'
[0.189s] Level 1:colcon.colcon_core.package_identification:_identify(.) by extension 'ignore_ament_install'
[0.189s] Level 1:colcon.colcon_core.package_identification:_identify(.) by extensions ['colcon_pkg']
[0.189s] Level 1:colcon.colcon_core.package_identification:_identify(.) by extension 'colcon_pkg'
[0.189s] Level 1:colcon.colcon_core.package_identification:_identify(.) by extensions ['colcon_meta']
[0.189s] Level 1:colcon.colcon_core.package_identification:_identify(.) by extension 'colcon_meta'
[0.189s] Level 1:colcon.colcon_core.package_identification:_identify(.) by extensions ['ros']
[0.189s] Level 1:colcon.colcon_core.package_identification:_identify(.) by extension 'ros'
[0.196s] Level 1:colcon.colcon_core.package_identification:_identify(.) by extensions ['cmake', 'python']
[0.196s] Level 1:colcon.colcon_core.package_identification:_identify(.) by extension 'cmake'
[0.196s] Level 1:colcon.colcon_core.package_identification:_identify(.) by extension 'python'
[0.196s] Level 1:colcon.colcon_core.package_identification:_identify(.) by extensions ['python_setup_py']
[0.196s] Level 1:colcon.colcon_core.package_identification:_identify(.) by extension 'python_setup_py'
[0.196s] Level 1:colcon.colcon_core.package_identification:_identify(build) by extensions ['ignore', 'ignore_ament_install']
[0.196s] Level 1:colcon.colcon_core.package_identification:_identify(build) by extension 'ignore'
[0.196s] Level 1:colcon.colcon_core.package_identification:_identify(build) ignored
[0.197s] Level 1:colcon.colcon_core.package_identification:_identify(challenge) by extensions ['ignore', 'ignore_ament_install']
[0.197s] Level 1:colcon.colcon_core.package_identification:_identify(challenge) by extension 'ignore'
[0.197s] Level 1:colcon.colcon_core.package_identification:_identify(challenge) by extension 'ignore_ament_install'
[0.197s] Level 1:colcon.colcon_core.package_identification:_identify(challenge) by extensions ['colcon_pkg']
[0.197s] Level 1:colcon.colcon_core.package_identification:_identify(challenge) by extension 'colcon_pkg'
[0.197s] Level 1:colcon.colcon_core.package_identification:_identify(challenge) by extensions ['colcon_meta']
[0.197s] Level 1:colcon.colcon_core.package_identification:_identify(challenge) by extension 'colcon_meta'
[0.197s] Level 1:colcon.colcon_core.package_identification:_identify(challenge) by extensions ['ros']
[0.197s] Level 1:colcon.colcon_core.package_identification:_identify(challenge) by extension 'ros'
[0.198s] DEBUG:colcon.colcon_core.package_identification:Package 'challenge' with type 'ros.ament_cmake' and name 'challenge'
[0.198s] Level 1:colcon.colcon_core.package_identification:_identify(install) by extensions ['ignore', 'ignore_ament_install']
[0.198s] Level 1:colcon.colcon_core.package_identification:_identify(install) by extension 'ignore'
[0.198s] Level 1:colcon.colcon_core.package_identification:_identify(install) ignored
[0.198s] Level 1:colcon.colcon_core.package_identification:_identify(log) by extensions ['ignore', 'ignore_ament_install']
[0.198s] Level 1:colcon.colcon_core.package_identification:_identify(log) by extension 'ignore'
[0.198s] Level 1:colcon.colcon_core.package_identification:_identify(log) ignored
[0.198s] Level 1:colcon.colcon_core.package_discovery:discover_packages(recursive) using defaults
[0.198s] Level 1:colcon.colcon_core.package_discovery:discover_packages(ignore) discover
[0.198s] Level 1:colcon.colcon_core.package_discovery:discover_packages(ignore) using defaults
[0.198s] Level 1:colcon.colcon_core.package_discovery:discover_packages(path) discover
[0.198s] Level 1:colcon.colcon_core.package_discovery:discover_packages(path) using defaults
[0.212s] Level 5:colcon.colcon_core.verb:set package 'challenge' build argument 'cmake_args' from command line to 'None'
[0.212s] Level 5:colcon.colcon_core.verb:set package 'challenge' build argument 'cmake_target' from command line to 'None'
[0.212s] Level 5:colcon.colcon_core.verb:set package 'challenge' build argument 'cmake_target_skip_unavailable' from command line to 'False'
[0.212s] Level 5:colcon.colcon_core.verb:set package 'challenge' build argument 'cmake_clean_cache' from command line to 'False'
[0.212s] Level 5:colcon.colcon_core.verb:set package 'challenge' build argument 'cmake_clean_first' from command line to 'False'
[0.212s] Level 5:colcon.colcon_core.verb:set package 'challenge' build argument 'cmake_force_configure' from command line to 'False'
[0.212s] Level 5:colcon.colcon_core.verb:set package 'challenge' build argument 'ament_cmake_args' from command line to 'None'
[0.212s] Level 5:colcon.colcon_core.verb:set package 'challenge' build argument 'catkin_cmake_args' from command line to 'None'
[0.212s] Level 5:colcon.colcon_core.verb:set package 'challenge' build argument 'catkin_skip_building_tests' from command line to 'False'
[0.212s] DEBUG:colcon.colcon_core.verb:Building package 'challenge' with the following arguments: {'ament_cmake_args': None, 'build_base': '/home/krithik/software-start-here/src/build/challenge', 'catkin_cmake_args': None, 'catkin_skip_building_tests': False, 'cmake_args': None, 'cmake_clean_cache': False, 'cmake_clean_first': False, 'cmake_force_configure': False, 'cmake_target': None, 'cmake_target_skip_unavailable': False, 'install_base': '/home/krithik/software-start-here/src/install/challenge', 'merge_install': False, 'path': '/home/krithik/software-start-here/src/challenge', 'symlink_install': False, 'test_result_base': None}
[0.213s] INFO:colcon.colcon_core.executor:Executing jobs using 'parallel' executor
[0.214s] DEBUG:colcon.colcon_parallel_executor.executor.parallel:run_until_complete
[0.214s] INFO:colcon.colcon_ros.task.ament_cmake.build:Building ROS package in '/home/krithik/software-start-here/src/challenge' with build type 'ament_cmake'
[0.214s] INFO:colcon.colcon_cmake.task.cmake.build:Building CMake package in '/home/krithik/software-start-here/src/challenge'
[0.216s] INFO:colcon.colcon_core.plugin_system:Skipping extension 'colcon_core.shell.bat': Not used on non-Windows systems
[0.216s] INFO:colcon.colcon_core.shell:Skip shell extension 'powershell' for command environment: Not usable outside of PowerShell
[0.216s] DEBUG:colcon.colcon_core.shell:Skip shell extension 'dsv' for command environment
[0.218s] DEBUG:colcon.colcon_core.shell:Ignoring prefix path '/opt/ros/rolling'
[0.218s] DEBUG:colcon.colcon_core.shell:Ignoring prefix path '/opt/ros/foxy'
[0.224s] DEBUG:colcon.colcon_core.event_handler.log_command:Invoking command in '/home/krithik/software-start-here/src/build/challenge': CMAKE_PREFIX_PATH=/opt/ros/rolling:/opt/ros/foxy /usr/bin/cmake --build /home/krithik/software-start-here/src/build/challenge -- -j8 -l8
[0.787s] DEBUG:colcon.colcon_core.event_handler.log_command:Invoked command in '/home/krithik/software-start-here/src/build/challenge' returned '0': CMAKE_PREFIX_PATH=/opt/ros/rolling:/opt/ros/foxy /usr/bin/cmake --build /home/krithik/software-start-here/src/build/challenge -- -j8 -l8
[0.825s] DEBUG:colcon.colcon_core.event_handler.log_command:Invoking command in '/home/krithik/software-start-here/src/build/challenge': CMAKE_PREFIX_PATH=/opt/ros/rolling:/opt/ros/foxy /usr/bin/cmake --install /home/krithik/software-start-here/src/build/challenge
[0.832s] Level 1:colcon.colcon_core.environment:create_environment_scripts_only(challenge)
[0.833s] DEBUG:colcon.colcon_core.event_handler.log_command:Invoked command in '/home/krithik/software-start-here/src/build/challenge' returned '0': CMAKE_PREFIX_PATH=/opt/ros/rolling:/opt/ros/foxy /usr/bin/cmake --install /home/krithik/software-start-here/src/build/challenge
[0.834s] Level 1:colcon.colcon_core.environment:checking '/home/krithik/software-start-here/src/install/challenge' for CMake module files
[0.835s] Level 1:colcon.colcon_core.environment:checking '/home/krithik/software-start-here/src/install/challenge' for CMake config files
[0.835s] Level 1:colcon.colcon_core.shell:create_environment_hook('challenge', 'cmake_prefix_path')
[0.835s] INFO:colcon.colcon_core.shell:Creating environment hook '/home/krithik/software-start-here/src/install/challenge/share/challenge/hook/cmake_prefix_path.ps1'
[0.836s] INFO:colcon.colcon_core.shell:Creating environment descriptor '/home/krithik/software-start-here/src/install/challenge/share/challenge/hook/cmake_prefix_path.dsv'
[0.836s] INFO:colcon.colcon_core.shell:Creating environment hook '/home/krithik/software-start-here/src/install/challenge/share/challenge/hook/cmake_prefix_path.sh'
[0.837s] Level 1:colcon.colcon_core.environment:checking '/home/krithik/software-start-here/src/install/challenge/lib'
[0.837s] Level 1:colcon.colcon_core.environment:checking '/home/krithik/software-start-here/src/install/challenge/bin'
[0.837s] Level 1:colcon.colcon_core.environment:checking '/home/krithik/software-start-here/src/install/challenge/lib/pkgconfig/challenge.pc'
[0.837s] Level 1:colcon.colcon_core.environment:checking '/home/krithik/software-start-here/src/install/challenge/lib/python3.8/site-packages'
[0.837s] INFO:colcon.colcon_core.shell:Creating package script '/home/krithik/software-start-here/src/install/challenge/share/challenge/package.ps1'
[0.838s] INFO:colcon.colcon_core.shell:Creating package descriptor '/home/krithik/software-start-here/src/install/challenge/share/challenge/package.dsv'
[0.839s] INFO:colcon.colcon_core.shell:Creating package script '/home/krithik/software-start-here/src/install/challenge/share/challenge/package.sh'
[0.839s] INFO:colcon.colcon_core.shell:Creating package script '/home/krithik/software-start-here/src/install/challenge/share/challenge/package.bash'
[0.840s] INFO:colcon.colcon_core.shell:Creating package script '/home/krithik/software-start-here/src/install/challenge/share/challenge/package.zsh'
[0.840s] Level 1:colcon.colcon_core.environment:create_file_with_runtime_dependencies(/home/krithik/software-start-here/src/install/challenge/share/colcon-core/packages/challenge)
[0.856s] Level 1:colcon.colcon_core.environment:create_environment_scripts_only(challenge)
[0.856s] Level 1:colcon.colcon_core.environment:checking '/home/krithik/software-start-here/src/install/challenge' for CMake module files
[0.857s] Level 1:colcon.colcon_core.environment:checking '/home/krithik/software-start-here/src/install/challenge' for CMake config files
[0.857s] Level 1:colcon.colcon_core.shell:create_environment_hook('challenge', 'cmake_prefix_path')
[0.857s] INFO:colcon.colcon_core.shell:Creating environment hook '/home/krithik/software-start-here/src/install/challenge/share/challenge/hook/cmake_prefix_path.ps1'
[0.858s] INFO:colcon.colcon_core.shell:Creating environment descriptor '/home/krithik/software-start-here/src/install/challenge/share/challenge/hook/cmake_prefix_path.dsv'
[0.858s] INFO:colcon.colcon_core.shell:Creating environment hook '/home/krithik/software-start-here/src/install/challenge/share/challenge/hook/cmake_prefix_path.sh'
[0.858s] Level 1:colcon.colcon_core.environment:checking '/home/krithik/software-start-here/src/install/challenge/lib'
[0.858s] Level 1:colcon.colcon_core.environment:checking '/home/krithik/software-start-here/src/install/challenge/bin'
[0.858s] Level 1:colcon.colcon_core.environment:checking '/home/krithik/software-start-here/src/install/challenge/lib/pkgconfig/challenge.pc'
[0.858s] Level 1:colcon.colcon_core.environment:checking '/home/krithik/software-start-here/src/install/challenge/lib/python3.8/site-packages'
[0.859s] INFO:colcon.colcon_core.shell:Creating package script '/home/krithik/software-start-here/src/install/challenge/share/challenge/package.ps1'
[0.859s] INFO:colcon.colcon_core.shell:Creating package descriptor '/home/krithik/software-start-here/src/install/challenge/share/challenge/package.dsv'
[0.859s] INFO:colcon.colcon_core.shell:Creating package script '/home/krithik/software-start-here/src/install/challenge/share/challenge/package.sh'
[0.860s] INFO:colcon.colcon_core.shell:Creating package script '/home/krithik/software-start-here/src/install/challenge/share/challenge/package.bash'
[0.860s] INFO:colcon.colcon_core.shell:Creating package script '/home/krithik/software-start-here/src/install/challenge/share/challenge/package.zsh'
[0.860s] Level 1:colcon.colcon_core.environment:create_file_with_runtime_dependencies(/home/krithik/software-start-here/src/install/challenge/share/colcon-core/packages/challenge)
[0.860s] DEBUG:colcon.colcon_parallel_executor.executor.parallel:closing loop
[0.861s] DEBUG:colcon.colcon_parallel_executor.executor.parallel:loop closed
[0.861s] DEBUG:colcon.colcon_parallel_executor.executor.parallel:run_until_complete finished with '0'
[0.861s] DEBUG:colcon.colcon_core.event_reactor:joining thread
[0.864s] INFO:colcon.colcon_core.plugin_system:Skipping extension 'colcon_notification.desktop_notification.terminal_notifier': Not used on non-Darwin systems
[0.864s] INFO:colcon.colcon_core.plugin_system:Skipping extension 'colcon_notification.desktop_notification.win32': Not used on non-Windows systems
[0.864s] INFO:colcon.colcon_notification.desktop_notification:Sending desktop notification using 'notify2'
[0.876s] DEBUG:colcon.colcon_core.event_reactor:joined thread
[0.876s] INFO:colcon.colcon_core.shell:Creating prefix script '/home/krithik/software-start-here/src/install/local_setup.ps1'
[0.877s] INFO:colcon.colcon_core.shell:Creating prefix util module '/home/krithik/software-start-here/src/install/_local_setup_util_ps1.py'
[0.878s] INFO:colcon.colcon_core.shell:Creating prefix chain script '/home/krithik/software-start-here/src/install/setup.ps1'
[0.880s] INFO:colcon.colcon_core.shell:Creating prefix script '/home/krithik/software-start-here/src/install/local_setup.sh'
[0.880s] INFO:colcon.colcon_core.shell:Creating prefix util module '/home/krithik/software-start-here/src/install/_local_setup_util_sh.py'
[0.880s] INFO:colcon.colcon_core.shell:Creating prefix chain script '/home/krithik/software-start-here/src/install/setup.sh'
[0.882s] INFO:colcon.colcon_core.shell:Creating prefix script '/home/krithik/software-start-here/src/install/local_setup.bash'
[0.882s] INFO:colcon.colcon_core.shell:Creating prefix chain script '/home/krithik/software-start-here/src/install/setup.bash'
[0.883s] INFO:colcon.colcon_core.shell:Creating prefix script '/home/krithik/software-start-here/src/install/local_setup.zsh'
[0.883s] INFO:colcon.colcon_core.shell:Creating prefix chain script '/home/krithik/software-start-here/src/install/setup.zsh'
