[0.007s] Invoking command in '/home/dorson/Documents/github/software-start-here/challenge/build/challenge': CMAKE_PREFIX_PATH=${CMAKE_PREFIX_PATH}:/opt/ros/foxy /usr/bin/cmake --build /home/dorson/Documents/github/software-start-here/challenge/build/challenge -- -j20 -l20
[0.029s] [35m[1mScanning dependencies of target solution[0m
[0.047s] [ 50%] [32mBuilding CXX object CMakeFiles/solution.dir/src/solution.cpp.o[0m
[1.566s] [100%] [32m[1mLinking CXX executable solution[0m
[1.652s] [100%] Built target solution
[1.660s] Invoked command in '/home/dorson/Documents/github/software-start-here/challenge/build/challenge' returned '0': CMAKE_PREFIX_PATH=${CMAKE_PREFIX_PATH}:/opt/ros/foxy /usr/bin/cmake --build /home/dorson/Documents/github/software-start-here/challenge/build/challenge -- -j20 -l20
[1.680s] Invoking command in '/home/dorson/Documents/github/software-start-here/challenge/build/challenge': CMAKE_PREFIX_PATH=${CMAKE_PREFIX_PATH}:/opt/ros/foxy /usr/bin/cmake --install /home/dorson/Documents/github/software-start-here/challenge/build/challenge
[1.684s] -- Install configuration: ""
[1.684s] -- Installing: /home/dorson/Documents/github/software-start-here/challenge/install/challenge/lib/challenge/solution
[1.684s] -- Set runtime path of "/home/dorson/Documents/github/software-start-here/challenge/install/challenge/lib/challenge/solution" to ""
[1.685s] -- Up-to-date: /home/dorson/Documents/github/software-start-here/challenge/install/challenge/share/ament_index/resource_index/package_run_dependencies/challenge
[1.685s] -- Installing: /home/dorson/Documents/github/software-start-here/challenge/install/challenge/share/ament_index/resource_index/parent_prefix_path/challenge
[1.685s] -- Up-to-date: /home/dorson/Documents/github/software-start-here/challenge/install/challenge/share/challenge/environment/ament_prefix_path.sh
[1.685s] -- Installing: /home/dorson/Documents/github/software-start-here/challenge/install/challenge/share/challenge/environment/ament_prefix_path.dsv
[1.685s] -- Up-to-date: /home/dorson/Documents/github/software-start-here/challenge/install/challenge/share/challenge/environment/path.sh
[1.685s] -- Installing: /home/dorson/Documents/github/software-start-here/challenge/install/challenge/share/challenge/environment/path.dsv
[1.686s] -- Up-to-date: /home/dorson/Documents/github/software-start-here/challenge/install/challenge/share/challenge/local_setup.bash
[1.686s] -- Up-to-date: /home/dorson/Documents/github/software-start-here/challenge/install/challenge/share/challenge/local_setup.sh
[1.686s] -- Up-to-date: /home/dorson/Documents/github/software-start-here/challenge/install/challenge/share/challenge/local_setup.zsh
[1.686s] -- Installing: /home/dorson/Documents/github/software-start-here/challenge/install/challenge/share/challenge/local_setup.dsv
[1.687s] -- Up-to-date: /home/dorson/Documents/github/software-start-here/challenge/install/challenge/share/challenge/package.dsv
[1.687s] -- Up-to-date: /home/dorson/Documents/github/software-start-here/challenge/install/challenge/share/ament_index/resource_index/packages/challenge
[1.687s] -- Up-to-date: /home/dorson/Documents/github/software-start-here/challenge/install/challenge/share/challenge/cmake/challengeConfig.cmake
[1.687s] -- Up-to-date: /home/dorson/Documents/github/software-start-here/challenge/install/challenge/share/challenge/cmake/challengeConfig-version.cmake
[1.687s] -- Installing: /home/dorson/Documents/github/software-start-here/challenge/install/challenge/share/challenge/package.xml
[1.687s] Invoked command in '/home/dorson/Documents/github/software-start-here/challenge/build/challenge' returned '0': CMAKE_PREFIX_PATH=${CMAKE_PREFIX_PATH}:/opt/ros/foxy /usr/bin/cmake --install /home/dorson/Documents/github/software-start-here/challenge/build/challenge
