-- Found ament_cmake: 0.9.12 (/opt/ros/foxy/share/ament_cmake/cmake)
-- Using PYTHON_EXECUTABLE: /usr/bin/python3
-- Found ament_lint_auto: 0.9.8 (/opt/ros/foxy/share/ament_lint_auto/cmake)
-- Added test 'copyright' to check source files copyright and LICENSE
-- Added test 'cppcheck' to perform static code analysis on C / C++ code
-- Configured cppcheck include dirs: 
-- Configured cppcheck exclude dirs and/or files: 
-- Added test 'cpplint' to check C / C++ code against the Google style
-- Configured cpplint exclude dirs and/or files: 
-- Added test 'lint_cmake' to check CMake code style
-- Added test 'uncrustify' to check C / C++ code style
-- Configured uncrustify additional arguments: 
-- Added test 'xmllint' to check XML markup files
-- Configuring done
-- Generating done
-- Build files have been written to: /home/popcorn/software-start-here/build/challenge
-- Install configuration: ""
-- Installing: /home/popcorn/software-start-here/install/challenge/share/ament_index/resource_index/package_run_dependencies/challenge
-- Up-to-date: /home/popcorn/software-start-here/install/challenge/share/ament_index/resource_index/parent_prefix_path/challenge
-- Up-to-date: /home/popcorn/software-start-here/install/challenge/share/challenge/environment/ament_prefix_path.sh
-- Installing: /home/popcorn/software-start-here/install/challenge/share/challenge/environment/ament_prefix_path.dsv
-- Up-to-date: /home/popcorn/software-start-here/install/challenge/share/challenge/environment/path.sh
-- Installing: /home/popcorn/software-start-here/install/challenge/share/challenge/environment/path.dsv
-- Up-to-date: /home/popcorn/software-start-here/install/challenge/share/challenge/local_setup.bash
-- Up-to-date: /home/popcorn/software-start-here/install/challenge/share/challenge/local_setup.sh
-- Up-to-date: /home/popcorn/software-start-here/install/challenge/share/challenge/local_setup.zsh
-- Installing: /home/popcorn/software-start-here/install/challenge/share/challenge/local_setup.dsv
-- Installing: /home/popcorn/software-start-here/install/challenge/share/challenge/package.dsv
-- Up-to-date: /home/popcorn/software-start-here/install/challenge/share/ament_index/resource_index/packages/challenge
-- Up-to-date: /home/popcorn/software-start-here/install/challenge/share/challenge/cmake/challengeConfig.cmake
-- Up-to-date: /home/popcorn/software-start-here/install/challenge/share/challenge/cmake/challengeConfig-version.cmake
-- Installing: /home/popcorn/software-start-here/install/challenge/share/challenge/package.xml
