[0.008s] Invoking command in '/home/popcorn/software-start-here/build/challenge': CMAKE_PREFIX_PATH=/opt/ros/foxy /usr/bin/cmake --build /home/popcorn/software-start-here/build/challenge -- -j16 -l16
[0.024s] -- Found ament_cmake: 0.9.12 (/opt/ros/foxy/share/ament_cmake/cmake)
[0.040s] -- Using PYTHON_EXECUTABLE: /usr/bin/python3
[0.156s] -- Found ament_lint_auto: 0.9.8 (/opt/ros/foxy/share/ament_lint_auto/cmake)
[0.197s] -- Added test 'copyright' to check source files copyright and LICENSE
[0.197s] -- Added test 'cppcheck' to perform static code analysis on C / C++ code
[0.197s] -- Configured cppcheck include dirs: 
[0.198s] -- Configured cppcheck exclude dirs and/or files: 
[0.198s] -- Added test 'cpplint' to check C / C++ code against the Google style
[0.198s] -- Configured cpplint exclude dirs and/or files: 
[0.198s] -- Added test 'lint_cmake' to check CMake code style
[0.199s] -- Added test 'uncrustify' to check C / C++ code style
[0.199s] -- Configured uncrustify additional arguments: 
[0.199s] -- Added test 'xmllint' to check XML markup files
[0.200s] -- Configuring done
[0.201s] -- Generating done
[0.202s] -- Build files have been written to: /home/popcorn/software-start-here/build/challenge
[0.217s] Invoked command in '/home/popcorn/software-start-here/build/challenge' returned '0': CMAKE_PREFIX_PATH=/opt/ros/foxy /usr/bin/cmake --build /home/popcorn/software-start-here/build/challenge -- -j16 -l16
[0.231s] Invoking command in '/home/popcorn/software-start-here/build/challenge': CMAKE_PREFIX_PATH=/opt/ros/foxy /usr/bin/cmake --install /home/popcorn/software-start-here/build/challenge
[0.238s] -- Install configuration: ""
[0.238s] -- Installing: /home/popcorn/software-start-here/install/challenge/share/ament_index/resource_index/package_run_dependencies/challenge
[0.238s] -- Up-to-date: /home/popcorn/software-start-here/install/challenge/share/ament_index/resource_index/parent_prefix_path/challenge
[0.238s] -- Up-to-date: /home/popcorn/software-start-here/install/challenge/share/challenge/environment/ament_prefix_path.sh
[0.238s] -- Installing: /home/popcorn/software-start-here/install/challenge/share/challenge/environment/ament_prefix_path.dsv
[0.238s] -- Up-to-date: /home/popcorn/software-start-here/install/challenge/share/challenge/environment/path.sh
[0.238s] -- Installing: /home/popcorn/software-start-here/install/challenge/share/challenge/environment/path.dsv
[0.238s] -- Up-to-date: /home/popcorn/software-start-here/install/challenge/share/challenge/local_setup.bash
[0.238s] -- Up-to-date: /home/popcorn/software-start-here/install/challenge/share/challenge/local_setup.sh
[0.238s] -- Up-to-date: /home/popcorn/software-start-here/install/challenge/share/challenge/local_setup.zsh
[0.238s] -- Installing: /home/popcorn/software-start-here/install/challenge/share/challenge/local_setup.dsv
[0.238s] -- Installing: /home/popcorn/software-start-here/install/challenge/share/challenge/package.dsv
[0.238s] -- Up-to-date: /home/popcorn/software-start-here/install/challenge/share/ament_index/resource_index/packages/challenge
[0.238s] -- Up-to-date: /home/popcorn/software-start-here/install/challenge/share/challenge/cmake/challengeConfig.cmake
[0.239s] -- Up-to-date: /home/popcorn/software-start-here/install/challenge/share/challenge/cmake/challengeConfig-version.cmake
[0.239s] -- Installing: /home/popcorn/software-start-here/install/challenge/share/challenge/package.xml
[0.240s] Invoked command in '/home/popcorn/software-start-here/build/challenge' returned '0': CMAKE_PREFIX_PATH=/opt/ros/foxy /usr/bin/cmake --install /home/popcorn/software-start-here/build/challenge
