[0.020s] Invoking command in '/home/itaiboss/ros2_ws/src/build/challenge': /usr/bin/cmake /home/itaiboss/ros2_ws/src/challenge -DCMAKE_INSTALL_PREFIX=/home/itaiboss/ros2_ws/src/install/challenge
[0.178s] -- The C compiler identification is GNU 9.3.0
[0.278s] -- The CXX compiler identification is GNU 9.3.0
[0.283s] -- Check for working C compiler: /usr/bin/cc
[0.387s] -- Check for working C compiler: /usr/bin/cc -- works
[0.388s] -- Detecting C compiler ABI info
[0.500s] -- Detecting C compiler ABI info - done
[0.512s] -- Detecting C compile features
[0.513s] -- Detecting C compile features - done
[0.516s] -- Check for working CXX compiler: /usr/bin/c++
[0.630s] -- Check for working CXX compiler: /usr/bin/c++ -- works
[0.630s] -- Detecting CXX compiler ABI info
[0.751s] -- Detecting CXX compiler ABI info - done
[0.775s] -- Detecting CXX compile features
[0.776s] -- Detecting CXX compile features - done
[0.818s] CMake Error at CMakeLists.txt:19 (find_package):
[0.819s]   By not providing "Findament_cmake.cmake" in CMAKE_MODULE_PATH this project
[0.820s]   has asked CMake to find a package configuration file provided by
[0.820s]   "ament_cmake", but CMake did not find one.
[0.820s] 
[0.820s]   Could not find a package configuration file provided by "ament_cmake" with
[0.820s]   any of the following names:
[0.821s] 
[0.821s]     ament_cmakeConfig.cmake
[0.821s]     ament_cmake-config.cmake
[0.821s] 
[0.821s]   Add the installation prefix of "ament_cmake" to CMAKE_PREFIX_PATH or set
[0.822s]   "ament_cmake_DIR" to a directory containing one of the above files.  If
[0.822s]   "ament_cmake" provides a separate development package or SDK, be sure it
[0.822s]   has been installed.
[0.822s] 
[0.823s] 
[0.823s] -- Configuring incomplete, errors occurred!
[0.825s] See also "/home/itaiboss/ros2_ws/src/build/challenge/CMakeFiles/CMakeOutput.log".
[0.835s] Invoked command in '/home/itaiboss/ros2_ws/src/build/challenge' returned '1': /usr/bin/cmake /home/itaiboss/ros2_ws/src/challenge -DCMAKE_INSTALL_PREFIX=/home/itaiboss/ros2_ws/src/install/challenge
