[0.013s] Invoking command in '/home/sav/Desktop/software-start-here/build/challenge': CMAKE_PREFIX_PATH=${CMAKE_PREFIX_PATH}:/opt/ros/foxy /usr/bin/cmake --build /home/sav/Desktop/software-start-here/build/challenge -- -j8 -l8
[0.050s] [35m[1mScanning dependencies of target solution[0m
[0.071s] [ 50%] [32mBuilding CXX object CMakeFiles/solution.dir/src/solution.cpp.o[0m
[2.653s] [100%] [32m[1mLinking CXX executable solution[0m
[2.804s] [100%] Built target solution
[2.815s] Invoked command in '/home/sav/Desktop/software-start-here/build/challenge' returned '0': CMAKE_PREFIX_PATH=${CMAKE_PREFIX_PATH}:/opt/ros/foxy /usr/bin/cmake --build /home/sav/Desktop/software-start-here/build/challenge -- -j8 -l8
[2.849s] Invoking command in '/home/sav/Desktop/software-start-here/build/challenge': CMAKE_PREFIX_PATH=${CMAKE_PREFIX_PATH}:/opt/ros/foxy /usr/bin/cmake --install /home/sav/Desktop/software-start-here/build/challenge
[2.856s] -- Install configuration: ""
[2.856s] -- Installing: /home/sav/Desktop/software-start-here/install/challenge/lib/challenge/solution
[2.857s] -- Set runtime path of "/home/sav/Desktop/software-start-here/install/challenge/lib/challenge/solution" to ""
[2.858s] -- Up-to-date: /home/sav/Desktop/software-start-here/install/challenge/share/ament_index/resource_index/package_run_dependencies/challenge
[2.858s] -- Up-to-date: /home/sav/Desktop/software-start-here/install/challenge/share/ament_index/resource_index/parent_prefix_path/challenge
[2.858s] -- Up-to-date: /home/sav/Desktop/software-start-here/install/challenge/share/challenge/environment/ament_prefix_path.sh
[2.858s] -- Up-to-date: /home/sav/Desktop/software-start-here/install/challenge/share/challenge/environment/ament_prefix_path.dsv
[2.858s] -- Up-to-date: /home/sav/Desktop/software-start-here/install/challenge/share/challenge/environment/path.sh
[2.858s] -- Up-to-date: /home/sav/Desktop/software-start-here/install/challenge/share/challenge/environment/path.dsv
[2.858s] -- Up-to-date: /home/sav/Desktop/software-start-here/install/challenge/share/challenge/local_setup.bash
[2.858s] -- Up-to-date: /home/sav/Desktop/software-start-here/install/challenge/share/challenge/local_setup.sh
[2.858s] -- Up-to-date: /home/sav/Desktop/software-start-here/install/challenge/share/challenge/local_setup.zsh
[2.858s] -- Up-to-date: /home/sav/Desktop/software-start-here/install/challenge/share/challenge/local_setup.dsv
[2.858s] -- Installing: /home/sav/Desktop/software-start-here/install/challenge/share/challenge/package.dsv
[2.859s] -- Up-to-date: /home/sav/Desktop/software-start-here/install/challenge/share/ament_index/resource_index/packages/challenge
[2.859s] -- Up-to-date: /home/sav/Desktop/software-start-here/install/challenge/share/challenge/cmake/challengeConfig.cmake
[2.859s] -- Up-to-date: /home/sav/Desktop/software-start-here/install/challenge/share/challenge/cmake/challengeConfig-version.cmake
[2.859s] -- Up-to-date: /home/sav/Desktop/software-start-here/install/challenge/share/challenge/package.xml
[2.860s] Invoked command in '/home/sav/Desktop/software-start-here/build/challenge' returned '0': CMAKE_PREFIX_PATH=${CMAKE_PREFIX_PATH}:/opt/ros/foxy /usr/bin/cmake --install /home/sav/Desktop/software-start-here/build/challenge
