[0.095s] Invoking command in '/home/straydogs/ros2_test/build/challenge': CMAKE_PREFIX_PATH=/opt/ros/foxy /usr/bin/cmake --build /home/straydogs/ros2_test/build/challenge -- -j20 -l20
[0.138s] [35m[1mScanning dependencies of target solution[0m
[0.162s] [ 50%] [32mBuilding CXX object CMakeFiles/solution.dir/src/solution.cpp.o[0m
[1.174s] [01m[K/home/straydogs/ros2_test/challenge/src/solution.cpp:[m[K In member function ‘[01m[Kvoid GoToGoal::goto_goal()[m[K’:
[1.174s] [01m[K/home/straydogs/ros2_test/challenge/src/solution.cpp:50:39:[m[K [01;35m[Kwarning: [m[Ksuggest explicit braces to avoid ambiguous ‘[01m[Kelse[m[K’ [[01;35m[K-Wdangling-else[m[K]
[1.174s]    50 |       speed.linear.y = 2 * cos(x1);if [01;35m[K([m[Keuclidean_distance > distance_tolerance)
[1.174s]       |                                       [01;35m[K^[m[K
[4.545s] [100%] [32m[1mLinking CXX executable solution[0m
[4.760s] [100%] Built target solution
[4.770s] Invoked command in '/home/straydogs/ros2_test/build/challenge' returned '0': CMAKE_PREFIX_PATH=/opt/ros/foxy /usr/bin/cmake --build /home/straydogs/ros2_test/build/challenge -- -j20 -l20
[4.796s] Invoking command in '/home/straydogs/ros2_test/build/challenge': CMAKE_PREFIX_PATH=/opt/ros/foxy /usr/bin/cmake --install /home/straydogs/ros2_test/build/challenge
[4.802s] -- Install configuration: ""
[4.802s] -- Installing: /home/straydogs/ros2_test/install/challenge/lib/challenge/solution
[4.803s] -- Set runtime path of "/home/straydogs/ros2_test/install/challenge/lib/challenge/solution" to ""
[4.803s] -- Up-to-date: /home/straydogs/ros2_test/install/challenge/share/ament_index/resource_index/package_run_dependencies/challenge
[4.804s] -- Up-to-date: /home/straydogs/ros2_test/install/challenge/share/ament_index/resource_index/parent_prefix_path/challenge
[4.804s] -- Up-to-date: /home/straydogs/ros2_test/install/challenge/share/challenge/environment/ament_prefix_path.sh
[4.804s] -- Up-to-date: /home/straydogs/ros2_test/install/challenge/share/challenge/environment/ament_prefix_path.dsv
[4.804s] -- Up-to-date: /home/straydogs/ros2_test/install/challenge/share/challenge/environment/path.sh
[4.804s] -- Up-to-date: /home/straydogs/ros2_test/install/challenge/share/challenge/environment/path.dsv
[4.804s] -- Up-to-date: /home/straydogs/ros2_test/install/challenge/share/challenge/local_setup.bash
[4.804s] -- Up-to-date: /home/straydogs/ros2_test/install/challenge/share/challenge/local_setup.sh
[4.805s] -- Up-to-date: /home/straydogs/ros2_test/install/challenge/share/challenge/local_setup.zsh
[4.805s] -- Up-to-date: /home/straydogs/ros2_test/install/challenge/share/challenge/local_setup.dsv
[4.805s] -- Installing: /home/straydogs/ros2_test/install/challenge/share/challenge/package.dsv
[4.805s] -- Up-to-date: /home/straydogs/ros2_test/install/challenge/share/ament_index/resource_index/packages/challenge
[4.805s] -- Up-to-date: /home/straydogs/ros2_test/install/challenge/share/challenge/cmake/challengeConfig.cmake
[4.805s] -- Up-to-date: /home/straydogs/ros2_test/install/challenge/share/challenge/cmake/challengeConfig-version.cmake
[4.805s] -- Up-to-date: /home/straydogs/ros2_test/install/challenge/share/challenge/package.xml
[4.806s] Invoked command in '/home/straydogs/ros2_test/build/challenge' returned '0': CMAKE_PREFIX_PATH=/opt/ros/foxy /usr/bin/cmake --install /home/straydogs/ros2_test/build/challenge
