[0.015s] Invoking command in '/home/krish/repos/software-start-here/build/challenge': CMAKE_PREFIX_PATH=${CMAKE_PREFIX_PATH}:/home/krish/repos/steelhead/install/triton_teleop:/home/krish/repos/steelhead/install/triton_pipeline:/home/krish/repos/steelhead/install/triton_bringup:/home/krish/ws/install/opencv_tests:/home/krish/ros2_ws/src/install/examples_rclpy_minimal_subscriber:/home/krish/ros2_ws/src/install/examples_rclpy_minimal_service:/home/krish/ros2_ws/src/install/examples_rclpy_minimal_publisher:/home/krish/ros2_ws/src/install/examples_rclpy_minimal_client:/home/krish/ros2_ws/src/install/examples_rclpy_minimal_action_server:/home/krish/ros2_ws/src/install/examples_rclpy_minimal_action_client:/home/krish/ros2_ws/src/install/examples_rclpy_executors:/opt/ros/foxy /usr/bin/cmake --build /home/krish/repos/software-start-here/build/challenge -- -j8 -l8
[0.081s] [100%] Built target solution
[0.095s] Invoked command in '/home/krish/repos/software-start-here/build/challenge' returned '0': CMAKE_PREFIX_PATH=${CMAKE_PREFIX_PATH}:/home/krish/repos/steelhead/install/triton_teleop:/home/krish/repos/steelhead/install/triton_pipeline:/home/krish/repos/steelhead/install/triton_bringup:/home/krish/ws/install/opencv_tests:/home/krish/ros2_ws/src/install/examples_rclpy_minimal_subscriber:/home/krish/ros2_ws/src/install/examples_rclpy_minimal_service:/home/krish/ros2_ws/src/install/examples_rclpy_minimal_publisher:/home/krish/ros2_ws/src/install/examples_rclpy_minimal_client:/home/krish/ros2_ws/src/install/examples_rclpy_minimal_action_server:/home/krish/ros2_ws/src/install/examples_rclpy_minimal_action_client:/home/krish/ros2_ws/src/install/examples_rclpy_executors:/opt/ros/foxy /usr/bin/cmake --build /home/krish/repos/software-start-here/build/challenge -- -j8 -l8
[0.107s] Invoking command in '/home/krish/repos/software-start-here/build/challenge': CMAKE_PREFIX_PATH=${CMAKE_PREFIX_PATH}:/home/krish/repos/steelhead/install/triton_teleop:/home/krish/repos/steelhead/install/triton_pipeline:/home/krish/repos/steelhead/install/triton_bringup:/home/krish/ws/install/opencv_tests:/home/krish/ros2_ws/src/install/examples_rclpy_minimal_subscriber:/home/krish/ros2_ws/src/install/examples_rclpy_minimal_service:/home/krish/ros2_ws/src/install/examples_rclpy_minimal_publisher:/home/krish/ros2_ws/src/install/examples_rclpy_minimal_client:/home/krish/ros2_ws/src/install/examples_rclpy_minimal_action_server:/home/krish/ros2_ws/src/install/examples_rclpy_minimal_action_client:/home/krish/ros2_ws/src/install/examples_rclpy_executors:/opt/ros/foxy /usr/bin/cmake --install /home/krish/repos/software-start-here/build/challenge
[0.116s] -- Install configuration: ""
[0.116s] -- Up-to-date: /home/krish/repos/software-start-here/install/challenge/lib/challenge/solution
[0.116s] -- Up-to-date: /home/krish/repos/software-start-here/install/challenge/share/ament_index/resource_index/package_run_dependencies/challenge
[0.116s] -- Up-to-date: /home/krish/repos/software-start-here/install/challenge/share/ament_index/resource_index/parent_prefix_path/challenge
[0.117s] -- Up-to-date: /home/krish/repos/software-start-here/install/challenge/share/challenge/environment/ament_prefix_path.sh
[0.117s] -- Up-to-date: /home/krish/repos/software-start-here/install/challenge/share/challenge/environment/ament_prefix_path.dsv
[0.117s] -- Up-to-date: /home/krish/repos/software-start-here/install/challenge/share/challenge/environment/path.sh
[0.117s] -- Up-to-date: /home/krish/repos/software-start-here/install/challenge/share/challenge/environment/path.dsv
[0.117s] -- Up-to-date: /home/krish/repos/software-start-here/install/challenge/share/challenge/local_setup.bash
[0.117s] -- Up-to-date: /home/krish/repos/software-start-here/install/challenge/share/challenge/local_setup.sh
[0.117s] -- Up-to-date: /home/krish/repos/software-start-here/install/challenge/share/challenge/local_setup.zsh
[0.117s] -- Up-to-date: /home/krish/repos/software-start-here/install/challenge/share/challenge/local_setup.dsv
[0.117s] -- Up-to-date: /home/krish/repos/software-start-here/install/challenge/share/challenge/package.dsv
[0.117s] -- Up-to-date: /home/krish/repos/software-start-here/install/challenge/share/ament_index/resource_index/packages/challenge
[0.117s] -- Up-to-date: /home/krish/repos/software-start-here/install/challenge/share/challenge/cmake/challengeConfig.cmake
[0.117s] -- Up-to-date: /home/krish/repos/software-start-here/install/challenge/share/challenge/cmake/challengeConfig-version.cmake
[0.117s] -- Up-to-date: /home/krish/repos/software-start-here/install/challenge/share/challenge/package.xml
[0.119s] Invoked command in '/home/krish/repos/software-start-here/build/challenge' returned '0': CMAKE_PREFIX_PATH=${CMAKE_PREFIX_PATH}:/home/krish/repos/steelhead/install/triton_teleop:/home/krish/repos/steelhead/install/triton_pipeline:/home/krish/repos/steelhead/install/triton_bringup:/home/krish/ws/install/opencv_tests:/home/krish/ros2_ws/src/install/examples_rclpy_minimal_subscriber:/home/krish/ros2_ws/src/install/examples_rclpy_minimal_service:/home/krish/ros2_ws/src/install/examples_rclpy_minimal_publisher:/home/krish/ros2_ws/src/install/examples_rclpy_minimal_client:/home/krish/ros2_ws/src/install/examples_rclpy_minimal_action_server:/home/krish/ros2_ws/src/install/examples_rclpy_minimal_action_client:/home/krish/ros2_ws/src/install/examples_rclpy_executors:/opt/ros/foxy /usr/bin/cmake --install /home/krish/repos/software-start-here/build/challenge
