[0.020s] Invoking command in '/home/krish/projects/software-start-here/build/challenge': CMAKE_PREFIX_PATH=${CMAKE_PREFIX_PATH}:/opt/ros/foxy /usr/bin/cmake --build /home/krish/projects/software-start-here/build/challenge -- -j8 -l8
[0.041s] [ 50%] [32mBuilding CXX object CMakeFiles/solution.dir/src/solution.cpp.o[0m
[2.164s] [100%] [32m[1mLinking CXX executable solution[0m
[2.351s] [100%] Built target solution
[2.356s] Invoked command in '/home/krish/projects/software-start-here/build/challenge' returned '0': CMAKE_PREFIX_PATH=${CMAKE_PREFIX_PATH}:/opt/ros/foxy /usr/bin/cmake --build /home/krish/projects/software-start-here/build/challenge -- -j8 -l8
[2.375s] Invoking command in '/home/krish/projects/software-start-here/build/challenge': CMAKE_PREFIX_PATH=${CMAKE_PREFIX_PATH}:/opt/ros/foxy /usr/bin/cmake --install /home/krish/projects/software-start-here/build/challenge
[2.377s] -- Install configuration: ""
[2.378s] -- Installing: /home/krish/projects/software-start-here/install/challenge/lib/challenge/solution
[2.380s] -- Set non-toolchain portion of runtime path of "/home/krish/projects/software-start-here/install/challenge/lib/challenge/solution" to ""
[2.380s] -- Up-to-date: /home/krish/projects/software-start-here/install/challenge/share/ament_index/resource_index/package_run_dependencies/challenge
[2.380s] -- Up-to-date: /home/krish/projects/software-start-here/install/challenge/share/ament_index/resource_index/parent_prefix_path/challenge
[2.380s] -- Up-to-date: /home/krish/projects/software-start-here/install/challenge/share/challenge/environment/ament_prefix_path.sh
[2.380s] -- Up-to-date: /home/krish/projects/software-start-here/install/challenge/share/challenge/environment/ament_prefix_path.dsv
[2.380s] -- Up-to-date: /home/krish/projects/software-start-here/install/challenge/share/challenge/environment/path.sh
[2.380s] -- Up-to-date: /home/krish/projects/software-start-here/install/challenge/share/challenge/environment/path.dsv
[2.380s] -- Up-to-date: /home/krish/projects/software-start-here/install/challenge/share/challenge/local_setup.bash
[2.380s] -- Up-to-date: /home/krish/projects/software-start-here/install/challenge/share/challenge/local_setup.sh
[2.380s] -- Up-to-date: /home/krish/projects/software-start-here/install/challenge/share/challenge/local_setup.zsh
[2.380s] -- Up-to-date: /home/krish/projects/software-start-here/install/challenge/share/challenge/local_setup.dsv
[2.380s] -- Installing: /home/krish/projects/software-start-here/install/challenge/share/challenge/package.dsv
[2.380s] -- Up-to-date: /home/krish/projects/software-start-here/install/challenge/share/ament_index/resource_index/packages/challenge
[2.381s] -- Up-to-date: /home/krish/projects/software-start-here/install/challenge/share/challenge/cmake/challengeConfig.cmake
[2.381s] -- Up-to-date: /home/krish/projects/software-start-here/install/challenge/share/challenge/cmake/challengeConfig-version.cmake
[2.381s] -- Up-to-date: /home/krish/projects/software-start-here/install/challenge/share/challenge/package.xml
[2.382s] Invoked command in '/home/krish/projects/software-start-here/build/challenge' returned '0': CMAKE_PREFIX_PATH=${CMAKE_PREFIX_PATH}:/opt/ros/foxy /usr/bin/cmake --install /home/krish/projects/software-start-here/build/challenge
