[2.810s] DEBUG:colcon:Command line arguments: ['/usr/bin/colcon', 'build']
[2.810s] DEBUG:colcon:Parsed command line arguments: Namespace(allow_overriding=[], ament_cmake_args=None, base_paths=['.'], build_base='build', catkin_cmake_args=None, catkin_skip_building_tests=False, cmake_args=None, cmake_clean_cache=False, cmake_clean_first=False, cmake_force_configure=False, cmake_target=None, cmake_target_skip_unavailable=False, continue_on_error=False, event_handlers=None, executor='parallel', ignore_user_meta=False, install_base='install', log_base=None, log_level=None, main=<bound method BuildVerb.main of <colcon_core.verb.build.BuildVerb object at 0x7f579f4dad90>>, merge_install=False, metas=['./colcon.meta'], packages_above=None, packages_above_and_dependencies=None, packages_above_depth=None, packages_end=None, packages_ignore=None, packages_ignore_regex=None, packages_select=None, packages_select_build_failed=False, packages_select_by_dep=None, packages_select_regex=None, packages_select_test_failures=False, packages_skip=None, packages_skip_build_finished=False, packages_skip_by_dep=None, packages_skip_regex=None, packages_skip_test_passed=False, packages_skip_up_to=None, packages_start=None, packages_up_to=None, packages_up_to_regex=None, parallel_workers=16, paths=None, symlink_install=False, test_result_base=None, verb_extension=<colcon_core.verb.build.BuildVerb object at 0x7f579f4dad90>, verb_name='build', verb_parser=<colcon_defaults.argument_parser.defaults.DefaultArgumentsDecorator object at 0x7f579f477310>)
[2.931s] Level 1:colcon.colcon_core.package_discovery:discover_packages(colcon_meta) check parameters
[2.931s] Level 1:colcon.colcon_core.package_discovery:discover_packages(recursive) check parameters
[2.931s] Level 1:colcon.colcon_core.package_discovery:discover_packages(ignore) check parameters
[2.931s] Level 1:colcon.colcon_core.package_discovery:discover_packages(path) check parameters
[2.931s] Level 1:colcon.colcon_core.package_discovery:discover_packages(colcon_meta) discover
[2.931s] Level 1:colcon.colcon_core.package_discovery:discover_packages(recursive) discover
[2.931s] INFO:colcon.colcon_core.package_discovery:Crawling recursively for packages in '/home/software/Challenge/software-start-here'
[2.932s] Level 1:colcon.colcon_core.package_identification:_identify(.) by extensions ['ignore', 'ignore_ament_install']
[2.932s] Level 1:colcon.colcon_core.package_identification:_identify(.) by extension 'ignore'
[2.932s] Level 1:colcon.colcon_core.package_identification:_identify(.) by extension 'ignore_ament_install'
[2.932s] Level 1:colcon.colcon_core.package_identification:_identify(.) by extensions ['colcon_pkg']
[2.932s] Level 1:colcon.colcon_core.package_identification:_identify(.) by extension 'colcon_pkg'
[2.932s] Level 1:colcon.colcon_core.package_identification:_identify(.) by extensions ['colcon_meta']
[2.932s] Level 1:colcon.colcon_core.package_identification:_identify(.) by extension 'colcon_meta'
[2.932s] Level 1:colcon.colcon_core.package_identification:_identify(.) by extensions ['ros']
[2.932s] Level 1:colcon.colcon_core.package_identification:_identify(.) by extension 'ros'
[2.947s] Level 1:colcon.colcon_core.package_identification:_identify(.) by extensions ['cmake', 'python']
[2.947s] Level 1:colcon.colcon_core.package_identification:_identify(.) by extension 'cmake'
[2.947s] Level 1:colcon.colcon_core.package_identification:_identify(.) by extension 'python'
[2.947s] Level 1:colcon.colcon_core.package_identification:_identify(.) by extensions ['python_setup_py']
[2.947s] Level 1:colcon.colcon_core.package_identification:_identify(.) by extension 'python_setup_py'
[2.947s] Level 1:colcon.colcon_core.package_identification:_identify(build) by extensions ['ignore', 'ignore_ament_install']
[2.947s] Level 1:colcon.colcon_core.package_identification:_identify(build) by extension 'ignore'
[2.947s] Level 1:colcon.colcon_core.package_identification:_identify(build) ignored
[2.947s] Level 1:colcon.colcon_core.package_identification:_identify(install) by extensions ['ignore', 'ignore_ament_install']
[2.948s] Level 1:colcon.colcon_core.package_identification:_identify(install) by extension 'ignore'
[2.948s] Level 1:colcon.colcon_core.package_identification:_identify(install) ignored
[2.948s] Level 1:colcon.colcon_core.package_identification:_identify(log) by extensions ['ignore', 'ignore_ament_install']
[2.948s] Level 1:colcon.colcon_core.package_identification:_identify(log) by extension 'ignore'
[2.948s] Level 1:colcon.colcon_core.package_identification:_identify(log) ignored
[2.948s] Level 1:colcon.colcon_core.package_identification:_identify(src) by extensions ['ignore', 'ignore_ament_install']
[2.948s] Level 1:colcon.colcon_core.package_identification:_identify(src) by extension 'ignore'
[2.948s] Level 1:colcon.colcon_core.package_identification:_identify(src) by extension 'ignore_ament_install'
[2.948s] Level 1:colcon.colcon_core.package_identification:_identify(src) by extensions ['colcon_pkg']
[2.948s] Level 1:colcon.colcon_core.package_identification:_identify(src) by extension 'colcon_pkg'
[2.948s] Level 1:colcon.colcon_core.package_identification:_identify(src) by extensions ['colcon_meta']
[2.948s] Level 1:colcon.colcon_core.package_identification:_identify(src) by extension 'colcon_meta'
[2.948s] Level 1:colcon.colcon_core.package_identification:_identify(src) by extensions ['ros']
[2.948s] Level 1:colcon.colcon_core.package_identification:_identify(src) by extension 'ros'
[2.949s] Level 1:colcon.colcon_core.package_identification:_identify(src) by extensions ['cmake', 'python']
[2.949s] Level 1:colcon.colcon_core.package_identification:_identify(src) by extension 'cmake'
[2.949s] Level 1:colcon.colcon_core.package_identification:_identify(src) by extension 'python'
[2.949s] Level 1:colcon.colcon_core.package_identification:_identify(src) by extensions ['python_setup_py']
[2.949s] Level 1:colcon.colcon_core.package_identification:_identify(src) by extension 'python_setup_py'
[2.949s] Level 1:colcon.colcon_core.package_identification:_identify(src/challenge) by extensions ['ignore', 'ignore_ament_install']
[2.949s] Level 1:colcon.colcon_core.package_identification:_identify(src/challenge) by extension 'ignore'
[2.949s] Level 1:colcon.colcon_core.package_identification:_identify(src/challenge) by extension 'ignore_ament_install'
[2.949s] Level 1:colcon.colcon_core.package_identification:_identify(src/challenge) by extensions ['colcon_pkg']
[2.949s] Level 1:colcon.colcon_core.package_identification:_identify(src/challenge) by extension 'colcon_pkg'
[2.949s] Level 1:colcon.colcon_core.package_identification:_identify(src/challenge) by extensions ['colcon_meta']
[2.949s] Level 1:colcon.colcon_core.package_identification:_identify(src/challenge) by extension 'colcon_meta'
[2.949s] Level 1:colcon.colcon_core.package_identification:_identify(src/challenge) by extensions ['ros']
[2.949s] Level 1:colcon.colcon_core.package_identification:_identify(src/challenge) by extension 'ros'
[2.953s] DEBUG:colcon.colcon_core.package_identification:Package 'src/challenge' with type 'ros.ament_cmake' and name 'challenge'
[2.953s] Level 1:colcon.colcon_core.package_discovery:discover_packages(recursive) using defaults
[2.953s] Level 1:colcon.colcon_core.package_discovery:discover_packages(ignore) discover
[2.953s] Level 1:colcon.colcon_core.package_discovery:discover_packages(ignore) using defaults
[2.953s] Level 1:colcon.colcon_core.package_discovery:discover_packages(path) discover
[2.953s] Level 1:colcon.colcon_core.package_discovery:discover_packages(path) using defaults
[3.216s] Level 1:colcon.colcon_core.package_discovery:discover_packages(prefix_path) check parameters
[3.216s] Level 1:colcon.colcon_core.package_discovery:discover_packages(prefix_path) discover
[3.323s] DEBUG:colcon.colcon_installed_package_information.package_discovery:Found 2 installed packages in /home/software/Challenge/software-start-here/install
[3.372s] DEBUG:colcon.colcon_installed_package_information.package_discovery:Found 263 installed packages in /opt/ros/foxy
[3.374s] Level 1:colcon.colcon_core.package_discovery:discover_packages(prefix_path) using defaults
[3.569s] Level 5:colcon.colcon_core.verb:set package 'challenge' build argument 'cmake_args' from command line to 'None'
[3.570s] Level 5:colcon.colcon_core.verb:set package 'challenge' build argument 'cmake_target' from command line to 'None'
[3.570s] Level 5:colcon.colcon_core.verb:set package 'challenge' build argument 'cmake_target_skip_unavailable' from command line to 'False'
[3.570s] Level 5:colcon.colcon_core.verb:set package 'challenge' build argument 'cmake_clean_cache' from command line to 'False'
[3.570s] Level 5:colcon.colcon_core.verb:set package 'challenge' build argument 'cmake_clean_first' from command line to 'False'
[3.570s] Level 5:colcon.colcon_core.verb:set package 'challenge' build argument 'cmake_force_configure' from command line to 'False'
[3.570s] Level 5:colcon.colcon_core.verb:set package 'challenge' build argument 'ament_cmake_args' from command line to 'None'
[3.570s] Level 5:colcon.colcon_core.verb:set package 'challenge' build argument 'catkin_cmake_args' from command line to 'None'
[3.570s] Level 5:colcon.colcon_core.verb:set package 'challenge' build argument 'catkin_skip_building_tests' from command line to 'False'
[3.570s] DEBUG:colcon.colcon_core.verb:Building package 'challenge' with the following arguments: {'ament_cmake_args': None, 'build_base': '/home/software/Challenge/software-start-here/build/challenge', 'catkin_cmake_args': None, 'catkin_skip_building_tests': False, 'cmake_args': None, 'cmake_clean_cache': False, 'cmake_clean_first': False, 'cmake_force_configure': False, 'cmake_target': None, 'cmake_target_skip_unavailable': False, 'install_base': '/home/software/Challenge/software-start-here/install/challenge', 'merge_install': False, 'path': '/home/software/Challenge/software-start-here/src/challenge', 'symlink_install': False, 'test_result_base': None}
[3.616s] INFO:colcon.colcon_core.executor:Executing jobs using 'parallel' executor
[3.664s] DEBUG:colcon.colcon_parallel_executor.executor.parallel:run_until_complete
[3.664s] INFO:colcon.colcon_ros.task.ament_cmake.build:Building ROS package in '/home/software/Challenge/software-start-here/src/challenge' with build type 'ament_cmake'
[3.664s] INFO:colcon.colcon_cmake.task.cmake.build:Building CMake package in '/home/software/Challenge/software-start-here/src/challenge'
[3.717s] INFO:colcon.colcon_core.plugin_system:Skipping extension 'colcon_core.shell.bat': Not used on non-Windows systems
[3.717s] INFO:colcon.colcon_core.shell:Skip shell extension 'powershell' for command environment: Not usable outside of PowerShell
[3.717s] DEBUG:colcon.colcon_core.shell:Skip shell extension 'dsv' for command environment
[3.884s] DEBUG:colcon.colcon_core.event_handler.log_command:Invoking command in '/home/software/Challenge/software-start-here/build/challenge': CMAKE_PREFIX_PATH=${CMAKE_PREFIX_PATH}:/opt/ros/foxy /usr/bin/cmake --build /home/software/Challenge/software-start-here/build/challenge -- -j16 -l16
[7.920s] DEBUG:colcon.colcon_core.event_handler.log_command:Invoked command in '/home/software/Challenge/software-start-here/build/challenge' returned '0': CMAKE_PREFIX_PATH=${CMAKE_PREFIX_PATH}:/opt/ros/foxy /usr/bin/cmake --build /home/software/Challenge/software-start-here/build/challenge -- -j16 -l16
[7.961s] DEBUG:colcon.colcon_core.event_handler.log_command:Invoking command in '/home/software/Challenge/software-start-here/build/challenge': CMAKE_PREFIX_PATH=${CMAKE_PREFIX_PATH}:/opt/ros/foxy /usr/bin/cmake --install /home/software/Challenge/software-start-here/build/challenge
[7.976s] Level 1:colcon.colcon_core.environment:create_environment_scripts_only(challenge)
[7.976s] DEBUG:colcon.colcon_core.event_handler.log_command:Invoked command in '/home/software/Challenge/software-start-here/build/challenge' returned '0': CMAKE_PREFIX_PATH=${CMAKE_PREFIX_PATH}:/opt/ros/foxy /usr/bin/cmake --install /home/software/Challenge/software-start-here/build/challenge
[8.031s] Level 1:colcon.colcon_core.environment:checking '/home/software/Challenge/software-start-here/install/challenge' for CMake module files
[8.031s] Level 1:colcon.colcon_core.environment:checking '/home/software/Challenge/software-start-here/install/challenge' for CMake config files
[8.031s] Level 1:colcon.colcon_core.shell:create_environment_hook('challenge', 'cmake_prefix_path')
[8.079s] INFO:colcon.colcon_core.shell:Creating environment hook '/home/software/Challenge/software-start-here/install/challenge/share/challenge/hook/cmake_prefix_path.ps1'
[8.080s] INFO:colcon.colcon_core.shell:Creating environment descriptor '/home/software/Challenge/software-start-here/install/challenge/share/challenge/hook/cmake_prefix_path.dsv'
[8.081s] INFO:colcon.colcon_core.shell:Creating environment hook '/home/software/Challenge/software-start-here/install/challenge/share/challenge/hook/cmake_prefix_path.sh'
[8.082s] Level 1:colcon.colcon_core.environment:checking '/home/software/Challenge/software-start-here/install/challenge/lib'
[8.082s] Level 1:colcon.colcon_core.environment:checking '/home/software/Challenge/software-start-here/install/challenge/bin'
[8.082s] Level 1:colcon.colcon_core.environment:checking '/home/software/Challenge/software-start-here/install/challenge/lib/pkgconfig/challenge.pc'
[8.083s] Level 1:colcon.colcon_core.environment:checking '/home/software/Challenge/software-start-here/install/challenge/lib/python3.8/site-packages'
[8.083s] Level 1:colcon.colcon_core.environment:checking '/home/software/Challenge/software-start-here/install/challenge/bin'
[8.148s] INFO:colcon.colcon_core.shell:Creating package script '/home/software/Challenge/software-start-here/install/challenge/share/challenge/package.ps1'
[8.149s] INFO:colcon.colcon_core.shell:Creating package descriptor '/home/software/Challenge/software-start-here/install/challenge/share/challenge/package.dsv'
[8.150s] INFO:colcon.colcon_core.shell:Creating package script '/home/software/Challenge/software-start-here/install/challenge/share/challenge/package.sh'
[8.151s] INFO:colcon.colcon_core.shell:Creating package script '/home/software/Challenge/software-start-here/install/challenge/share/challenge/package.bash'
[8.152s] INFO:colcon.colcon_core.shell:Creating package script '/home/software/Challenge/software-start-here/install/challenge/share/challenge/package.zsh'
[8.153s] Level 1:colcon.colcon_core.environment:create_file_with_runtime_dependencies(/home/software/Challenge/software-start-here/install/challenge/share/colcon-core/packages/challenge)
[8.233s] Level 1:colcon.colcon_core.environment:create_environment_scripts_only(challenge)
[8.281s] Level 1:colcon.colcon_core.environment:checking '/home/software/Challenge/software-start-here/install/challenge' for CMake module files
[8.282s] Level 1:colcon.colcon_core.environment:checking '/home/software/Challenge/software-start-here/install/challenge' for CMake config files
[8.282s] Level 1:colcon.colcon_core.shell:create_environment_hook('challenge', 'cmake_prefix_path')
[8.331s] INFO:colcon.colcon_core.shell:Creating environment hook '/home/software/Challenge/software-start-here/install/challenge/share/challenge/hook/cmake_prefix_path.ps1'
[8.331s] INFO:colcon.colcon_core.shell:Creating environment descriptor '/home/software/Challenge/software-start-here/install/challenge/share/challenge/hook/cmake_prefix_path.dsv'
[8.332s] INFO:colcon.colcon_core.shell:Creating environment hook '/home/software/Challenge/software-start-here/install/challenge/share/challenge/hook/cmake_prefix_path.sh'
[8.332s] Level 1:colcon.colcon_core.environment:checking '/home/software/Challenge/software-start-here/install/challenge/lib'
[8.332s] Level 1:colcon.colcon_core.environment:checking '/home/software/Challenge/software-start-here/install/challenge/bin'
[8.333s] Level 1:colcon.colcon_core.environment:checking '/home/software/Challenge/software-start-here/install/challenge/lib/pkgconfig/challenge.pc'
[8.333s] Level 1:colcon.colcon_core.environment:checking '/home/software/Challenge/software-start-here/install/challenge/lib/python3.8/site-packages'
[8.333s] Level 1:colcon.colcon_core.environment:checking '/home/software/Challenge/software-start-here/install/challenge/bin'
[8.380s] INFO:colcon.colcon_core.shell:Creating package script '/home/software/Challenge/software-start-here/install/challenge/share/challenge/package.ps1'
[8.381s] INFO:colcon.colcon_core.shell:Creating package descriptor '/home/software/Challenge/software-start-here/install/challenge/share/challenge/package.dsv'
[8.381s] INFO:colcon.colcon_core.shell:Creating package script '/home/software/Challenge/software-start-here/install/challenge/share/challenge/package.sh'
[8.382s] INFO:colcon.colcon_core.shell:Creating package script '/home/software/Challenge/software-start-here/install/challenge/share/challenge/package.bash'
[8.382s] INFO:colcon.colcon_core.shell:Creating package script '/home/software/Challenge/software-start-here/install/challenge/share/challenge/package.zsh'
[8.383s] Level 1:colcon.colcon_core.environment:create_file_with_runtime_dependencies(/home/software/Challenge/software-start-here/install/challenge/share/colcon-core/packages/challenge)
[8.383s] DEBUG:colcon.colcon_parallel_executor.executor.parallel:closing loop
[8.384s] DEBUG:colcon.colcon_parallel_executor.executor.parallel:loop closed
[8.384s] DEBUG:colcon.colcon_parallel_executor.executor.parallel:run_until_complete finished with '0'
[8.384s] DEBUG:colcon.colcon_core.event_reactor:joining thread
[8.442s] INFO:colcon.colcon_core.plugin_system:Skipping extension 'colcon_notification.desktop_notification.notify_send': Could not find 'notify-send'
[8.442s] INFO:colcon.colcon_core.plugin_system:Skipping extension 'colcon_notification.desktop_notification.terminal_notifier': Not used on non-Darwin systems
[8.442s] INFO:colcon.colcon_core.plugin_system:Skipping extension 'colcon_notification.desktop_notification.win32': Not used on non-Windows systems
[8.442s] INFO:colcon.colcon_notification.desktop_notification:Sending desktop notification using 'notify2'
[8.477s] DEBUG:colcon.colcon_notification.desktop_notification.notify2:Failed to initialize notify2: org.freedesktop.DBus.Error.ServiceUnknown: The name org.freedesktop.Notifications was not provided by any .service files
[8.478s] DEBUG:colcon.colcon_core.event_reactor:joined thread
[8.531s] INFO:colcon.colcon_core.shell:Creating prefix script '/home/software/Challenge/software-start-here/install/local_setup.ps1'
[8.532s] INFO:colcon.colcon_core.shell:Creating prefix util module '/home/software/Challenge/software-start-here/install/_local_setup_util_ps1.py'
[8.534s] INFO:colcon.colcon_core.shell:Creating prefix chain script '/home/software/Challenge/software-start-here/install/setup.ps1'
[8.584s] INFO:colcon.colcon_core.shell:Creating prefix script '/home/software/Challenge/software-start-here/install/local_setup.sh'
[8.585s] INFO:colcon.colcon_core.shell:Creating prefix util module '/home/software/Challenge/software-start-here/install/_local_setup_util_sh.py'
[8.585s] INFO:colcon.colcon_core.shell:Creating prefix chain script '/home/software/Challenge/software-start-here/install/setup.sh'
[8.635s] INFO:colcon.colcon_core.shell:Creating prefix script '/home/software/Challenge/software-start-here/install/local_setup.bash'
[8.636s] INFO:colcon.colcon_core.shell:Creating prefix chain script '/home/software/Challenge/software-start-here/install/setup.bash'
[8.687s] INFO:colcon.colcon_core.shell:Creating prefix script '/home/software/Challenge/software-start-here/install/local_setup.zsh'
[8.687s] INFO:colcon.colcon_core.shell:Creating prefix chain script '/home/software/Challenge/software-start-here/install/setup.zsh'
